2024-12-11 10:32:15.5913|DEBUG|Microsoft.EntityFrameworkCore.Database.Command|Creating DbCommand for 'ExecuteReader'.
2024-12-11 10:32:15.6110|DEBUG|Microsoft.EntityFrameworkCore.Database.Command|Created DbCommand for 'ExecuteReader' (9ms).
2024-12-11 10:32:15.6246|DEBUG|Microsoft.EntityFrameworkCore.Database.Command|Initialized DbCommand for 'ExecuteReader' (28ms).
2024-12-11 10:32:15.6392|DEBUG|Microsoft.EntityFrameworkCore.Database.Command|Executing DbCommand [Parameters=[@__normalizedName_0='?' (Size = 256)], CommandType='Text', CommandTimeout='30']
SELECT TOP(1) [a].[Id], [a].[ConcurrencyStamp], [a].[Name], [a].[NormalizedName]
FROM [AspNetRoles] AS [a]
WHERE [a].[NormalizedName] = @__normalizedName_0
2024-12-11 10:32:15.8471|INFO|Microsoft.EntityFrameworkCore.Database.Command|Executed DbCommand (208ms) [Parameters=[@__normalizedName_0='?' (Size = 256)], CommandType='Text', CommandTimeout='30']
SELECT TOP(1) [a].[Id], [a].[ConcurrencyStamp], [a].[Name], [a].[NormalizedName]
FROM [AspNetRoles] AS [a]
WHERE [a].[NormalizedName] = @__normalizedName_0
2024-12-11 10:32:15.9940|DEBUG|Microsoft.EntityFrameworkCore.Database.Command|Closing data reader to 'StylistDB' on server '.\SQLEXPRESS'.
2024-12-11 10:32:16.0102|DEBUG|Microsoft.EntityFrameworkCore.Database.Command|A data reader for 'StylistDB' on server '.\SQLEXPRESS' is being disposed after spending 152ms reading results.
2024-12-11 10:32:16.0371|DEBUG|Microsoft.EntityFrameworkCore.Database.Command|Creating DbCommand for 'ExecuteReader'.
2024-12-11 10:32:16.0371|DEBUG|Microsoft.EntityFrameworkCore.Database.Command|Created DbCommand for 'ExecuteReader' (0ms).
2024-12-11 10:32:16.0371|DEBUG|Microsoft.EntityFrameworkCore.Database.Command|Initialized DbCommand for 'ExecuteReader' (0ms).
2024-12-11 10:32:16.0371|DEBUG|Microsoft.EntityFrameworkCore.Database.Command|Executing DbCommand [Parameters=[@__normalizedName_0='?' (Size = 256)], CommandType='Text', CommandTimeout='30']
SELECT TOP(1) [a].[Id], [a].[ConcurrencyStamp], [a].[Name], [a].[NormalizedName]
FROM [AspNetRoles] AS [a]
WHERE [a].[NormalizedName] = @__normalizedName_0
2024-12-11 10:32:16.0451|INFO|Microsoft.EntityFrameworkCore.Database.Command|Executed DbCommand (5ms) [Parameters=[@__normalizedName_0='?' (Size = 256)], CommandType='Text', CommandTimeout='30']
SELECT TOP(1) [a].[Id], [a].[ConcurrencyStamp], [a].[Name], [a].[NormalizedName]
FROM [AspNetRoles] AS [a]
WHERE [a].[NormalizedName] = @__normalizedName_0
2024-12-11 10:32:16.0451|DEBUG|Microsoft.EntityFrameworkCore.Database.Command|Closing data reader to 'StylistDB' on server '.\SQLEXPRESS'.
2024-12-11 10:32:16.0451|DEBUG|Microsoft.EntityFrameworkCore.Database.Command|A data reader for 'StylistDB' on server '.\SQLEXPRESS' is being disposed after spending 1ms reading results.
2024-12-11 10:32:16.0844|DEBUG|Microsoft.EntityFrameworkCore.Database.Command|Creating DbCommand for 'ExecuteReader'.
2024-12-11 10:32:16.0844|DEBUG|Microsoft.EntityFrameworkCore.Database.Command|Created DbCommand for 'ExecuteReader' (0ms).
2024-12-11 10:32:16.0844|DEBUG|Microsoft.EntityFrameworkCore.Database.Command|Initialized DbCommand for 'ExecuteReader' (0ms).
2024-12-11 10:32:16.0844|DEBUG|Microsoft.EntityFrameworkCore.Database.Command|Executing DbCommand [Parameters=[@__normalizedUserName_0='?' (Size = 256)], CommandType='Text', CommandTimeout='30']
SELECT TOP(1) [a].[Id], [a].[AccessFailedCount], [a].[Address], [a].[BookingID], [a].[CompanyName], [a].[ConcurrencyStamp], [a].[CreatedAt], [a].[DistanceInKM], [a].[Email], [a].[EmailConfirmed], [a].[FirstName], [a].[HomeService], [a].[ImageUrl], [a].[IsDeleted], [a].[LastLogin], [a].[LockoutEnabled], [a].[LockoutEnd], [a].[LoyaltyPoints], [a].[NormalizedEmail], [a].[NormalizedUserName], [a].[Password], [a].[PasswordHash], [a].[PasswordResetToken], [a].[PhoneNumber], [a].[PhoneNumberConfirmed], [a].[PromotionalOfferID], [a].[ResetTokenExpires], [a].[SecurityStamp], [a].[Street], [a].[StylePortfolioID], [a].[Town], [a].[TwoFactorEnabled], [a].[UserName]
FROM [AspNetUsers] AS [a]
WHERE [a].[NormalizedUserName] = @__normalizedUserName_0
2024-12-11 10:32:16.0974|INFO|Microsoft.EntityFrameworkCore.Database.Command|Executed DbCommand (11ms) [Parameters=[@__normalizedUserName_0='?' (Size = 256)], CommandType='Text', CommandTimeout='30']
SELECT TOP(1) [a].[Id], [a].[AccessFailedCount], [a].[Address], [a].[BookingID], [a].[CompanyName], [a].[ConcurrencyStamp], [a].[CreatedAt], [a].[DistanceInKM], [a].[Email], [a].[EmailConfirmed], [a].[FirstName], [a].[HomeService], [a].[ImageUrl], [a].[IsDeleted], [a].[LastLogin], [a].[LockoutEnabled], [a].[LockoutEnd], [a].[LoyaltyPoints], [a].[NormalizedEmail], [a].[NormalizedUserName], [a].[Password], [a].[PasswordHash], [a].[PasswordResetToken], [a].[PhoneNumber], [a].[PhoneNumberConfirmed], [a].[PromotionalOfferID], [a].[ResetTokenExpires], [a].[SecurityStamp], [a].[Street], [a].[StylePortfolioID], [a].[Town], [a].[TwoFactorEnabled], [a].[UserName]
FROM [AspNetUsers] AS [a]
WHERE [a].[NormalizedUserName] = @__normalizedUserName_0
2024-12-11 10:32:16.2925|DEBUG|Microsoft.EntityFrameworkCore.Database.Command|Closing data reader to 'StylistDB' on server '.\SQLEXPRESS'.
2024-12-11 10:32:16.2925|DEBUG|Microsoft.EntityFrameworkCore.Database.Command|A data reader for 'StylistDB' on server '.\SQLEXPRESS' is being disposed after spending 194ms reading results.
