2024-05-24 19:39:53.6202|DEBUG|Microsoft.EntityFrameworkCore.Query|Compiling query expression: 
'DbSet<IdentityRole>()
    .FirstOrDefault(r => r.NormalizedName == __normalizedName_0)'
2024-05-24 19:39:54.7797|DEBUG|Microsoft.EntityFrameworkCore.Query|Generated query execution expression: 
'queryContext => ShapedQueryCompilingExpressionVisitor.SingleOrDefaultAsync<IdentityRole>(
    asyncEnumerable: new SingleQueryingEnumerable<IdentityRole>(
        (RelationalQueryContext)queryContext, 
        RelationalCommandCache.SelectExpression(
            Projection Mapping:
                EmptyProjectionMember -> Dictionary<IProperty, int> { [Property: IdentityRole.Id (string) Required PK AfterSave:Throw, 0], [Property: IdentityRole.ConcurrencyStamp (string) Concurrency, 1], [Property: IdentityRole.Name (string) MaxLength(256), 2], [Property: IdentityRole.NormalizedName (string) Index MaxLength(256), 3] }
            SELECT TOP(1) a.Id, a.ConcurrencyStamp, a.Name, a.NormalizedName
            FROM AspNetRoles AS a
            WHERE a.NormalizedName == @__normalizedName_0), 
        Func<QueryContext, DbDataReader, ResultContext, SingleQueryResultCoordinator, IdentityRole>, 
        MiHairCareApp.Persistence.Context.StylistsDBContext, 
        False, 
        False, 
        True
    ), 
    cancellationToken: queryContext.CancellationToken)'
2024-05-24 19:39:57.5957|DEBUG|Microsoft.EntityFrameworkCore.Query|Compiling query expression: 
'DbSet<AppUser>()
    .FirstOrDefault(u => u.NormalizedUserName == __normalizedUserName_0)'
2024-05-24 19:39:57.6251|DEBUG|Microsoft.EntityFrameworkCore.Query|Generated query execution expression: 
'queryContext => ShapedQueryCompilingExpressionVisitor.SingleOrDefaultAsync<AppUser>(
    asyncEnumerable: new SingleQueryingEnumerable<AppUser>(
        (RelationalQueryContext)queryContext, 
        RelationalCommandCache.SelectExpression(
            Projection Mapping:
                EmptyProjectionMember -> Dictionary<IProperty, int> { [Property: AppUser.Id (string) Required PK AfterSave:Throw, 0], [Property: AppUser.AccessFailedCount (int) Required, 1], [Property: AppUser.Address (string) Required, 2], [Property: AppUser.BookingID (int) Required, 3], [Property: AppUser.BookingLink (string) Required, 4], [Property: AppUser.CompanyName (string) Required, 5], [Property: AppUser.ConcurrencyStamp (string) Concurrency, 6], [Property: AppUser.CreatedAt (DateTime) Required, 7], [Property: AppUser.DistanceInKM (double) Required, 8], [Property: AppUser.Email (string) MaxLength(256), 9], [Property: AppUser.EmailConfirmed (bool) Required, 10], [Property: AppUser.FirstName (string) Required, 11], [Property: AppUser.HomeService (bool) Required, 12], [Property: AppUser.ImageUrl (string) Required, 13], [Property: AppUser.LastLogin (DateTime) Required, 14], [Property: AppUser.LockoutEnabled (bool) Required, 15], [Property: AppUser.LockoutEnd (DateTimeOffset?), 16], [Property: AppUser.LoyaltyPoints (int) Required, 17], [Property: AppUser.NormalizedEmail (string) Index MaxLength(256), 18], [Property: AppUser.NormalizedUserName (string) Index MaxLength(256), 19], [Property: AppUser.Password (string) Required, 20], [Property: AppUser.PasswordHash (string), 21], [Property: AppUser.PasswordResetToken (string) Required, 22], [Property: AppUser.PhoneNumber (string), 23], [Property: AppUser.PhoneNumberConfirmed (bool) Required, 24], [Property: AppUser.PromotionalOfferID (int) Required, 25], [Property: AppUser.ResetTokenExpires (DateTime?), 26], [Property: AppUser.SecurityStamp (string), 27], [Property: AppUser.Street (string) Required, 28], [Property: AppUser.StylePortfolioID (string) Required FK Index, 29], [Property: AppUser.Town (string) Required, 30], [Property: AppUser.TwoFactorEnabled (bool) Required, 31], [Property: AppUser.UserName (string) MaxLength(256), 32] }
            SELECT TOP(1) a.Id, a.AccessFailedCount, a.Address, a.BookingID, a.BookingLink, a.CompanyName, a.ConcurrencyStamp, a.CreatedAt, a.DistanceInKM, a.Email, a.EmailConfirmed, a.FirstName, a.HomeService, a.ImageUrl, a.LastLogin, a.LockoutEnabled, a.LockoutEnd, a.LoyaltyPoints, a.NormalizedEmail, a.NormalizedUserName, a.Password, a.PasswordHash, a.PasswordResetToken, a.PhoneNumber, a.PhoneNumberConfirmed, a.PromotionalOfferID, a.ResetTokenExpires, a.SecurityStamp, a.Street, a.StylePortfolioID, a.Town, a.TwoFactorEnabled, a.UserName
            FROM AspNetUsers AS a
            WHERE a.NormalizedUserName == @__normalizedUserName_0), 
        Func<QueryContext, DbDataReader, ResultContext, SingleQueryResultCoordinator, AppUser>, 
        MiHairCareApp.Persistence.Context.StylistsDBContext, 
        False, 
        False, 
        True
    ), 
    cancellationToken: queryContext.CancellationToken)'
2024-05-24 19:39:57.7499|DEBUG|Microsoft.EntityFrameworkCore.Query|Compiling query expression: 
'DbSet<AppUser>()
    .SingleOrDefault(u => u.NormalizedEmail == __normalizedEmail_0)'
2024-05-24 19:39:57.7645|DEBUG|Microsoft.EntityFrameworkCore.Query|Generated query execution expression: 
'queryContext => ShapedQueryCompilingExpressionVisitor.SingleOrDefaultAsync<AppUser>(
    asyncEnumerable: new SingleQueryingEnumerable<AppUser>(
        (RelationalQueryContext)queryContext, 
        RelationalCommandCache.SelectExpression(
            Projection Mapping:
                EmptyProjectionMember -> Dictionary<IProperty, int> { [Property: AppUser.Id (string) Required PK AfterSave:Throw, 0], [Property: AppUser.AccessFailedCount (int) Required, 1], [Property: AppUser.Address (string) Required, 2], [Property: AppUser.BookingID (int) Required, 3], [Property: AppUser.BookingLink (string) Required, 4], [Property: AppUser.CompanyName (string) Required, 5], [Property: AppUser.ConcurrencyStamp (string) Concurrency, 6], [Property: AppUser.CreatedAt (DateTime) Required, 7], [Property: AppUser.DistanceInKM (double) Required, 8], [Property: AppUser.Email (string) MaxLength(256), 9], [Property: AppUser.EmailConfirmed (bool) Required, 10], [Property: AppUser.FirstName (string) Required, 11], [Property: AppUser.HomeService (bool) Required, 12], [Property: AppUser.ImageUrl (string) Required, 13], [Property: AppUser.LastLogin (DateTime) Required, 14], [Property: AppUser.LockoutEnabled (bool) Required, 15], [Property: AppUser.LockoutEnd (DateTimeOffset?), 16], [Property: AppUser.LoyaltyPoints (int) Required, 17], [Property: AppUser.NormalizedEmail (string) Index MaxLength(256), 18], [Property: AppUser.NormalizedUserName (string) Index MaxLength(256), 19], [Property: AppUser.Password (string) Required, 20], [Property: AppUser.PasswordHash (string), 21], [Property: AppUser.PasswordResetToken (string) Required, 22], [Property: AppUser.PhoneNumber (string), 23], [Property: AppUser.PhoneNumberConfirmed (bool) Required, 24], [Property: AppUser.PromotionalOfferID (int) Required, 25], [Property: AppUser.ResetTokenExpires (DateTime?), 26], [Property: AppUser.SecurityStamp (string), 27], [Property: AppUser.Street (string) Required, 28], [Property: AppUser.StylePortfolioID (string) Required FK Index, 29], [Property: AppUser.Town (string) Required, 30], [Property: AppUser.TwoFactorEnabled (bool) Required, 31], [Property: AppUser.UserName (string) MaxLength(256), 32] }
            SELECT TOP(2) a.Id, a.AccessFailedCount, a.Address, a.BookingID, a.BookingLink, a.CompanyName, a.ConcurrencyStamp, a.CreatedAt, a.DistanceInKM, a.Email, a.EmailConfirmed, a.FirstName, a.HomeService, a.ImageUrl, a.LastLogin, a.LockoutEnabled, a.LockoutEnd, a.LoyaltyPoints, a.NormalizedEmail, a.NormalizedUserName, a.Password, a.PasswordHash, a.PasswordResetToken, a.PhoneNumber, a.PhoneNumberConfirmed, a.PromotionalOfferID, a.ResetTokenExpires, a.SecurityStamp, a.Street, a.StylePortfolioID, a.Town, a.TwoFactorEnabled, a.UserName
            FROM AspNetUsers AS a
            WHERE a.NormalizedEmail == @__normalizedEmail_0), 
        Func<QueryContext, DbDataReader, ResultContext, SingleQueryResultCoordinator, AppUser>, 
        MiHairCareApp.Persistence.Context.StylistsDBContext, 
        False, 
        False, 
        True
    ), 
    cancellationToken: queryContext.CancellationToken)'
2024-05-24 19:44:45.4437|DEBUG|Microsoft.EntityFrameworkCore.Query|Compiling query expression: 
'DbSet<IdentityRole>()
    .FirstOrDefault(r => r.NormalizedName == __normalizedName_0)'
2024-05-24 19:44:46.3959|DEBUG|Microsoft.EntityFrameworkCore.Query|Generated query execution expression: 
'queryContext => ShapedQueryCompilingExpressionVisitor.SingleOrDefaultAsync<IdentityRole>(
    asyncEnumerable: new SingleQueryingEnumerable<IdentityRole>(
        (RelationalQueryContext)queryContext, 
        RelationalCommandCache.SelectExpression(
            Projection Mapping:
                EmptyProjectionMember -> Dictionary<IProperty, int> { [Property: IdentityRole.Id (string) Required PK AfterSave:Throw, 0], [Property: IdentityRole.ConcurrencyStamp (string) Concurrency, 1], [Property: IdentityRole.Name (string) MaxLength(256), 2], [Property: IdentityRole.NormalizedName (string) Index MaxLength(256), 3] }
            SELECT TOP(1) a.Id, a.ConcurrencyStamp, a.Name, a.NormalizedName
            FROM AspNetRoles AS a
            WHERE a.NormalizedName == @__normalizedName_0), 
        Func<QueryContext, DbDataReader, ResultContext, SingleQueryResultCoordinator, IdentityRole>, 
        MiHairCareApp.Persistence.Context.StylistsDBContext, 
        False, 
        False, 
        True
    ), 
    cancellationToken: queryContext.CancellationToken)'
2024-05-24 19:44:48.1956|DEBUG|Microsoft.EntityFrameworkCore.Query|Compiling query expression: 
'DbSet<AppUser>()
    .FirstOrDefault(u => u.NormalizedUserName == __normalizedUserName_0)'
2024-05-24 19:44:48.2141|DEBUG|Microsoft.EntityFrameworkCore.Query|Generated query execution expression: 
'queryContext => ShapedQueryCompilingExpressionVisitor.SingleOrDefaultAsync<AppUser>(
    asyncEnumerable: new SingleQueryingEnumerable<AppUser>(
        (RelationalQueryContext)queryContext, 
        RelationalCommandCache.SelectExpression(
            Projection Mapping:
                EmptyProjectionMember -> Dictionary<IProperty, int> { [Property: AppUser.Id (string) Required PK AfterSave:Throw, 0], [Property: AppUser.AccessFailedCount (int) Required, 1], [Property: AppUser.Address (string) Required, 2], [Property: AppUser.BookingID (int) Required, 3], [Property: AppUser.BookingLink (string), 4], [Property: AppUser.CompanyName (string) Required, 5], [Property: AppUser.ConcurrencyStamp (string) Concurrency, 6], [Property: AppUser.CreatedAt (DateTime) Required, 7], [Property: AppUser.DistanceInKM (double) Required, 8], [Property: AppUser.Email (string) MaxLength(256), 9], [Property: AppUser.EmailConfirmed (bool) Required, 10], [Property: AppUser.FirstName (string) Required, 11], [Property: AppUser.HomeService (bool) Required, 12], [Property: AppUser.ImageUrl (string) Required, 13], [Property: AppUser.LastLogin (DateTime) Required, 14], [Property: AppUser.LockoutEnabled (bool) Required, 15], [Property: AppUser.LockoutEnd (DateTimeOffset?), 16], [Property: AppUser.LoyaltyPoints (int) Required, 17], [Property: AppUser.NormalizedEmail (string) Index MaxLength(256), 18], [Property: AppUser.NormalizedUserName (string) Index MaxLength(256), 19], [Property: AppUser.Password (string) Required, 20], [Property: AppUser.PasswordHash (string), 21], [Property: AppUser.PasswordResetToken (string) Required, 22], [Property: AppUser.PhoneNumber (string), 23], [Property: AppUser.PhoneNumberConfirmed (bool) Required, 24], [Property: AppUser.PromotionalOfferID (int) Required, 25], [Property: AppUser.ResetTokenExpires (DateTime?), 26], [Property: AppUser.SecurityStamp (string), 27], [Property: AppUser.Street (string) Required, 28], [Property: AppUser.StylePortfolioID (string) Required FK Index, 29], [Property: AppUser.Town (string) Required, 30], [Property: AppUser.TwoFactorEnabled (bool) Required, 31], [Property: AppUser.UserName (string) MaxLength(256), 32] }
            SELECT TOP(1) a.Id, a.AccessFailedCount, a.Address, a.BookingID, a.BookingLink, a.CompanyName, a.ConcurrencyStamp, a.CreatedAt, a.DistanceInKM, a.Email, a.EmailConfirmed, a.FirstName, a.HomeService, a.ImageUrl, a.LastLogin, a.LockoutEnabled, a.LockoutEnd, a.LoyaltyPoints, a.NormalizedEmail, a.NormalizedUserName, a.Password, a.PasswordHash, a.PasswordResetToken, a.PhoneNumber, a.PhoneNumberConfirmed, a.PromotionalOfferID, a.ResetTokenExpires, a.SecurityStamp, a.Street, a.StylePortfolioID, a.Town, a.TwoFactorEnabled, a.UserName
            FROM AspNetUsers AS a
            WHERE a.NormalizedUserName == @__normalizedUserName_0), 
        Func<QueryContext, DbDataReader, ResultContext, SingleQueryResultCoordinator, AppUser>, 
        MiHairCareApp.Persistence.Context.StylistsDBContext, 
        False, 
        False, 
        True
    ), 
    cancellationToken: queryContext.CancellationToken)'
2024-05-24 19:44:48.3288|DEBUG|Microsoft.EntityFrameworkCore.Query|Compiling query expression: 
'DbSet<AppUser>()
    .SingleOrDefault(u => u.NormalizedEmail == __normalizedEmail_0)'
2024-05-24 19:44:48.3395|DEBUG|Microsoft.EntityFrameworkCore.Query|Generated query execution expression: 
'queryContext => ShapedQueryCompilingExpressionVisitor.SingleOrDefaultAsync<AppUser>(
    asyncEnumerable: new SingleQueryingEnumerable<AppUser>(
        (RelationalQueryContext)queryContext, 
        RelationalCommandCache.SelectExpression(
            Projection Mapping:
                EmptyProjectionMember -> Dictionary<IProperty, int> { [Property: AppUser.Id (string) Required PK AfterSave:Throw, 0], [Property: AppUser.AccessFailedCount (int) Required, 1], [Property: AppUser.Address (string) Required, 2], [Property: AppUser.BookingID (int) Required, 3], [Property: AppUser.BookingLink (string), 4], [Property: AppUser.CompanyName (string) Required, 5], [Property: AppUser.ConcurrencyStamp (string) Concurrency, 6], [Property: AppUser.CreatedAt (DateTime) Required, 7], [Property: AppUser.DistanceInKM (double) Required, 8], [Property: AppUser.Email (string) MaxLength(256), 9], [Property: AppUser.EmailConfirmed (bool) Required, 10], [Property: AppUser.FirstName (string) Required, 11], [Property: AppUser.HomeService (bool) Required, 12], [Property: AppUser.ImageUrl (string) Required, 13], [Property: AppUser.LastLogin (DateTime) Required, 14], [Property: AppUser.LockoutEnabled (bool) Required, 15], [Property: AppUser.LockoutEnd (DateTimeOffset?), 16], [Property: AppUser.LoyaltyPoints (int) Required, 17], [Property: AppUser.NormalizedEmail (string) Index MaxLength(256), 18], [Property: AppUser.NormalizedUserName (string) Index MaxLength(256), 19], [Property: AppUser.Password (string) Required, 20], [Property: AppUser.PasswordHash (string), 21], [Property: AppUser.PasswordResetToken (string) Required, 22], [Property: AppUser.PhoneNumber (string), 23], [Property: AppUser.PhoneNumberConfirmed (bool) Required, 24], [Property: AppUser.PromotionalOfferID (int) Required, 25], [Property: AppUser.ResetTokenExpires (DateTime?), 26], [Property: AppUser.SecurityStamp (string), 27], [Property: AppUser.Street (string) Required, 28], [Property: AppUser.StylePortfolioID (string) Required FK Index, 29], [Property: AppUser.Town (string) Required, 30], [Property: AppUser.TwoFactorEnabled (bool) Required, 31], [Property: AppUser.UserName (string) MaxLength(256), 32] }
            SELECT TOP(2) a.Id, a.AccessFailedCount, a.Address, a.BookingID, a.BookingLink, a.CompanyName, a.ConcurrencyStamp, a.CreatedAt, a.DistanceInKM, a.Email, a.EmailConfirmed, a.FirstName, a.HomeService, a.ImageUrl, a.LastLogin, a.LockoutEnabled, a.LockoutEnd, a.LoyaltyPoints, a.NormalizedEmail, a.NormalizedUserName, a.Password, a.PasswordHash, a.PasswordResetToken, a.PhoneNumber, a.PhoneNumberConfirmed, a.PromotionalOfferID, a.ResetTokenExpires, a.SecurityStamp, a.Street, a.StylePortfolioID, a.Town, a.TwoFactorEnabled, a.UserName
            FROM AspNetUsers AS a
            WHERE a.NormalizedEmail == @__normalizedEmail_0), 
        Func<QueryContext, DbDataReader, ResultContext, SingleQueryResultCoordinator, AppUser>, 
        MiHairCareApp.Persistence.Context.StylistsDBContext, 
        False, 
        False, 
        True
    ), 
    cancellationToken: queryContext.CancellationToken)'
2024-05-24 19:49:21.5359|DEBUG|Microsoft.EntityFrameworkCore.Query|Compiling query expression: 
'DbSet<IdentityRole>()
    .FirstOrDefault(r => r.NormalizedName == __normalizedName_0)'
2024-05-24 19:49:22.1455|DEBUG|Microsoft.EntityFrameworkCore.Query|Generated query execution expression: 
'queryContext => ShapedQueryCompilingExpressionVisitor.SingleOrDefaultAsync<IdentityRole>(
    asyncEnumerable: new SingleQueryingEnumerable<IdentityRole>(
        (RelationalQueryContext)queryContext, 
        RelationalCommandCache.SelectExpression(
            Projection Mapping:
                EmptyProjectionMember -> Dictionary<IProperty, int> { [Property: IdentityRole.Id (string) Required PK AfterSave:Throw, 0], [Property: IdentityRole.ConcurrencyStamp (string) Concurrency, 1], [Property: IdentityRole.Name (string) MaxLength(256), 2], [Property: IdentityRole.NormalizedName (string) Index MaxLength(256), 3] }
            SELECT TOP(1) a.Id, a.ConcurrencyStamp, a.Name, a.NormalizedName
            FROM AspNetRoles AS a
            WHERE a.NormalizedName == @__normalizedName_0), 
        Func<QueryContext, DbDataReader, ResultContext, SingleQueryResultCoordinator, IdentityRole>, 
        MiHairCareApp.Persistence.Context.StylistsDBContext, 
        False, 
        False, 
        True
    ), 
    cancellationToken: queryContext.CancellationToken)'
2024-05-24 19:49:24.2252|DEBUG|Microsoft.EntityFrameworkCore.Query|Compiling query expression: 
'DbSet<AppUser>()
    .FirstOrDefault(u => u.NormalizedUserName == __normalizedUserName_0)'
2024-05-24 19:49:24.2406|DEBUG|Microsoft.EntityFrameworkCore.Query|Generated query execution expression: 
'queryContext => ShapedQueryCompilingExpressionVisitor.SingleOrDefaultAsync<AppUser>(
    asyncEnumerable: new SingleQueryingEnumerable<AppUser>(
        (RelationalQueryContext)queryContext, 
        RelationalCommandCache.SelectExpression(
            Projection Mapping:
                EmptyProjectionMember -> Dictionary<IProperty, int> { [Property: AppUser.Id (string) Required PK AfterSave:Throw, 0], [Property: AppUser.AccessFailedCount (int) Required, 1], [Property: AppUser.Address (string) Required, 2], [Property: AppUser.BookingID (int) Required, 3], [Property: AppUser.BookingLink (string), 4], [Property: AppUser.CompanyName (string) Required, 5], [Property: AppUser.ConcurrencyStamp (string) Concurrency, 6], [Property: AppUser.CreatedAt (DateTime) Required, 7], [Property: AppUser.DistanceInKM (double) Required, 8], [Property: AppUser.Email (string) MaxLength(256), 9], [Property: AppUser.EmailConfirmed (bool) Required, 10], [Property: AppUser.FirstName (string) Required, 11], [Property: AppUser.HomeService (bool) Required, 12], [Property: AppUser.ImageUrl (string) Required, 13], [Property: AppUser.LastLogin (DateTime) Required, 14], [Property: AppUser.LockoutEnabled (bool) Required, 15], [Property: AppUser.LockoutEnd (DateTimeOffset?), 16], [Property: AppUser.LoyaltyPoints (int) Required, 17], [Property: AppUser.NormalizedEmail (string) Index MaxLength(256), 18], [Property: AppUser.NormalizedUserName (string) Index MaxLength(256), 19], [Property: AppUser.Password (string) Required, 20], [Property: AppUser.PasswordHash (string), 21], [Property: AppUser.PasswordResetToken (string) Required, 22], [Property: AppUser.PhoneNumber (string), 23], [Property: AppUser.PhoneNumberConfirmed (bool) Required, 24], [Property: AppUser.PromotionalOfferID (int) Required, 25], [Property: AppUser.ResetTokenExpires (DateTime?), 26], [Property: AppUser.SecurityStamp (string), 27], [Property: AppUser.Street (string) Required, 28], [Property: AppUser.StylePortfolioID (string) Required FK Index, 29], [Property: AppUser.Town (string) Required, 30], [Property: AppUser.TwoFactorEnabled (bool) Required, 31], [Property: AppUser.UserName (string) MaxLength(256), 32] }
            SELECT TOP(1) a.Id, a.AccessFailedCount, a.Address, a.BookingID, a.BookingLink, a.CompanyName, a.ConcurrencyStamp, a.CreatedAt, a.DistanceInKM, a.Email, a.EmailConfirmed, a.FirstName, a.HomeService, a.ImageUrl, a.LastLogin, a.LockoutEnabled, a.LockoutEnd, a.LoyaltyPoints, a.NormalizedEmail, a.NormalizedUserName, a.Password, a.PasswordHash, a.PasswordResetToken, a.PhoneNumber, a.PhoneNumberConfirmed, a.PromotionalOfferID, a.ResetTokenExpires, a.SecurityStamp, a.Street, a.StylePortfolioID, a.Town, a.TwoFactorEnabled, a.UserName
            FROM AspNetUsers AS a
            WHERE a.NormalizedUserName == @__normalizedUserName_0), 
        Func<QueryContext, DbDataReader, ResultContext, SingleQueryResultCoordinator, AppUser>, 
        MiHairCareApp.Persistence.Context.StylistsDBContext, 
        False, 
        False, 
        True
    ), 
    cancellationToken: queryContext.CancellationToken)'
2024-05-24 19:49:24.3398|DEBUG|Microsoft.EntityFrameworkCore.Query|Compiling query expression: 
'DbSet<AppUser>()
    .SingleOrDefault(u => u.NormalizedEmail == __normalizedEmail_0)'
2024-05-24 19:49:24.3398|DEBUG|Microsoft.EntityFrameworkCore.Query|Generated query execution expression: 
'queryContext => ShapedQueryCompilingExpressionVisitor.SingleOrDefaultAsync<AppUser>(
    asyncEnumerable: new SingleQueryingEnumerable<AppUser>(
        (RelationalQueryContext)queryContext, 
        RelationalCommandCache.SelectExpression(
            Projection Mapping:
                EmptyProjectionMember -> Dictionary<IProperty, int> { [Property: AppUser.Id (string) Required PK AfterSave:Throw, 0], [Property: AppUser.AccessFailedCount (int) Required, 1], [Property: AppUser.Address (string) Required, 2], [Property: AppUser.BookingID (int) Required, 3], [Property: AppUser.BookingLink (string), 4], [Property: AppUser.CompanyName (string) Required, 5], [Property: AppUser.ConcurrencyStamp (string) Concurrency, 6], [Property: AppUser.CreatedAt (DateTime) Required, 7], [Property: AppUser.DistanceInKM (double) Required, 8], [Property: AppUser.Email (string) MaxLength(256), 9], [Property: AppUser.EmailConfirmed (bool) Required, 10], [Property: AppUser.FirstName (string) Required, 11], [Property: AppUser.HomeService (bool) Required, 12], [Property: AppUser.ImageUrl (string) Required, 13], [Property: AppUser.LastLogin (DateTime) Required, 14], [Property: AppUser.LockoutEnabled (bool) Required, 15], [Property: AppUser.LockoutEnd (DateTimeOffset?), 16], [Property: AppUser.LoyaltyPoints (int) Required, 17], [Property: AppUser.NormalizedEmail (string) Index MaxLength(256), 18], [Property: AppUser.NormalizedUserName (string) Index MaxLength(256), 19], [Property: AppUser.Password (string) Required, 20], [Property: AppUser.PasswordHash (string), 21], [Property: AppUser.PasswordResetToken (string) Required, 22], [Property: AppUser.PhoneNumber (string), 23], [Property: AppUser.PhoneNumberConfirmed (bool) Required, 24], [Property: AppUser.PromotionalOfferID (int) Required, 25], [Property: AppUser.ResetTokenExpires (DateTime?), 26], [Property: AppUser.SecurityStamp (string), 27], [Property: AppUser.Street (string) Required, 28], [Property: AppUser.StylePortfolioID (string) Required FK Index, 29], [Property: AppUser.Town (string) Required, 30], [Property: AppUser.TwoFactorEnabled (bool) Required, 31], [Property: AppUser.UserName (string) MaxLength(256), 32] }
            SELECT TOP(2) a.Id, a.AccessFailedCount, a.Address, a.BookingID, a.BookingLink, a.CompanyName, a.ConcurrencyStamp, a.CreatedAt, a.DistanceInKM, a.Email, a.EmailConfirmed, a.FirstName, a.HomeService, a.ImageUrl, a.LastLogin, a.LockoutEnabled, a.LockoutEnd, a.LoyaltyPoints, a.NormalizedEmail, a.NormalizedUserName, a.Password, a.PasswordHash, a.PasswordResetToken, a.PhoneNumber, a.PhoneNumberConfirmed, a.PromotionalOfferID, a.ResetTokenExpires, a.SecurityStamp, a.Street, a.StylePortfolioID, a.Town, a.TwoFactorEnabled, a.UserName
            FROM AspNetUsers AS a
            WHERE a.NormalizedEmail == @__normalizedEmail_0), 
        Func<QueryContext, DbDataReader, ResultContext, SingleQueryResultCoordinator, AppUser>, 
        MiHairCareApp.Persistence.Context.StylistsDBContext, 
        False, 
        False, 
        True
    ), 
    cancellationToken: queryContext.CancellationToken)'
2024-05-24 20:26:52.4577|DEBUG|Microsoft.EntityFrameworkCore.Query|Compiling query expression: 
'DbSet<IdentityRole>()
    .FirstOrDefault(r => r.NormalizedName == __normalizedName_0)'
2024-05-24 20:26:53.3364|DEBUG|Microsoft.EntityFrameworkCore.Query|Generated query execution expression: 
'queryContext => ShapedQueryCompilingExpressionVisitor.SingleOrDefaultAsync<IdentityRole>(
    asyncEnumerable: new SingleQueryingEnumerable<IdentityRole>(
        (RelationalQueryContext)queryContext, 
        RelationalCommandCache.SelectExpression(
            Projection Mapping:
                EmptyProjectionMember -> Dictionary<IProperty, int> { [Property: IdentityRole.Id (string) Required PK AfterSave:Throw, 0], [Property: IdentityRole.ConcurrencyStamp (string) Concurrency, 1], [Property: IdentityRole.Name (string) MaxLength(256), 2], [Property: IdentityRole.NormalizedName (string) Index MaxLength(256), 3] }
            SELECT TOP(1) a.Id, a.ConcurrencyStamp, a.Name, a.NormalizedName
            FROM AspNetRoles AS a
            WHERE a.NormalizedName == @__normalizedName_0), 
        Func<QueryContext, DbDataReader, ResultContext, SingleQueryResultCoordinator, IdentityRole>, 
        MiHairCareApp.Persistence.Context.StylistsDBContext, 
        False, 
        False, 
        True
    ), 
    cancellationToken: queryContext.CancellationToken)'
2024-05-24 20:26:55.0648|DEBUG|Microsoft.EntityFrameworkCore.Query|Compiling query expression: 
'DbSet<AppUser>()
    .FirstOrDefault(u => u.NormalizedUserName == __normalizedUserName_0)'
2024-05-24 20:26:55.0971|DEBUG|Microsoft.EntityFrameworkCore.Query|Generated query execution expression: 
'queryContext => ShapedQueryCompilingExpressionVisitor.SingleOrDefaultAsync<AppUser>(
    asyncEnumerable: new SingleQueryingEnumerable<AppUser>(
        (RelationalQueryContext)queryContext, 
        RelationalCommandCache.SelectExpression(
            Projection Mapping:
                EmptyProjectionMember -> Dictionary<IProperty, int> { [Property: AppUser.Id (string) Required PK AfterSave:Throw, 0], [Property: AppUser.AccessFailedCount (int) Required, 1], [Property: AppUser.Address (string) Required, 2], [Property: AppUser.BookingID (int) Required, 3], [Property: AppUser.BookingLink (string), 4], [Property: AppUser.CompanyName (string) Required, 5], [Property: AppUser.ConcurrencyStamp (string) Concurrency, 6], [Property: AppUser.CreatedAt (DateTime) Required, 7], [Property: AppUser.DistanceInKM (double) Required, 8], [Property: AppUser.Email (string) MaxLength(256), 9], [Property: AppUser.EmailConfirmed (bool) Required, 10], [Property: AppUser.FirstName (string) Required, 11], [Property: AppUser.HomeService (bool) Required, 12], [Property: AppUser.ImageUrl (string) Required, 13], [Property: AppUser.LastLogin (DateTime) Required, 14], [Property: AppUser.LockoutEnabled (bool) Required, 15], [Property: AppUser.LockoutEnd (DateTimeOffset?), 16], [Property: AppUser.LoyaltyPoints (int) Required, 17], [Property: AppUser.NormalizedEmail (string) Index MaxLength(256), 18], [Property: AppUser.NormalizedUserName (string) Index MaxLength(256), 19], [Property: AppUser.Password (string) Required, 20], [Property: AppUser.PasswordHash (string), 21], [Property: AppUser.PasswordResetToken (string) Required, 22], [Property: AppUser.PhoneNumber (string), 23], [Property: AppUser.PhoneNumberConfirmed (bool) Required, 24], [Property: AppUser.PromotionalOfferID (int) Required, 25], [Property: AppUser.ResetTokenExpires (DateTime?), 26], [Property: AppUser.SecurityStamp (string), 27], [Property: AppUser.Street (string) Required, 28], [Property: AppUser.StylePortfolioID (string) Required FK Index, 29], [Property: AppUser.Town (string) Required, 30], [Property: AppUser.TwoFactorEnabled (bool) Required, 31], [Property: AppUser.UserName (string) MaxLength(256), 32] }
            SELECT TOP(1) a.Id, a.AccessFailedCount, a.Address, a.BookingID, a.BookingLink, a.CompanyName, a.ConcurrencyStamp, a.CreatedAt, a.DistanceInKM, a.Email, a.EmailConfirmed, a.FirstName, a.HomeService, a.ImageUrl, a.LastLogin, a.LockoutEnabled, a.LockoutEnd, a.LoyaltyPoints, a.NormalizedEmail, a.NormalizedUserName, a.Password, a.PasswordHash, a.PasswordResetToken, a.PhoneNumber, a.PhoneNumberConfirmed, a.PromotionalOfferID, a.ResetTokenExpires, a.SecurityStamp, a.Street, a.StylePortfolioID, a.Town, a.TwoFactorEnabled, a.UserName
            FROM AspNetUsers AS a
            WHERE a.NormalizedUserName == @__normalizedUserName_0), 
        Func<QueryContext, DbDataReader, ResultContext, SingleQueryResultCoordinator, AppUser>, 
        MiHairCareApp.Persistence.Context.StylistsDBContext, 
        False, 
        False, 
        True
    ), 
    cancellationToken: queryContext.CancellationToken)'
2024-05-24 20:26:55.2011|DEBUG|Microsoft.EntityFrameworkCore.Query|Compiling query expression: 
'DbSet<AppUser>()
    .SingleOrDefault(u => u.NormalizedEmail == __normalizedEmail_0)'
2024-05-24 20:26:55.2159|DEBUG|Microsoft.EntityFrameworkCore.Query|Generated query execution expression: 
'queryContext => ShapedQueryCompilingExpressionVisitor.SingleOrDefaultAsync<AppUser>(
    asyncEnumerable: new SingleQueryingEnumerable<AppUser>(
        (RelationalQueryContext)queryContext, 
        RelationalCommandCache.SelectExpression(
            Projection Mapping:
                EmptyProjectionMember -> Dictionary<IProperty, int> { [Property: AppUser.Id (string) Required PK AfterSave:Throw, 0], [Property: AppUser.AccessFailedCount (int) Required, 1], [Property: AppUser.Address (string) Required, 2], [Property: AppUser.BookingID (int) Required, 3], [Property: AppUser.BookingLink (string), 4], [Property: AppUser.CompanyName (string) Required, 5], [Property: AppUser.ConcurrencyStamp (string) Concurrency, 6], [Property: AppUser.CreatedAt (DateTime) Required, 7], [Property: AppUser.DistanceInKM (double) Required, 8], [Property: AppUser.Email (string) MaxLength(256), 9], [Property: AppUser.EmailConfirmed (bool) Required, 10], [Property: AppUser.FirstName (string) Required, 11], [Property: AppUser.HomeService (bool) Required, 12], [Property: AppUser.ImageUrl (string) Required, 13], [Property: AppUser.LastLogin (DateTime) Required, 14], [Property: AppUser.LockoutEnabled (bool) Required, 15], [Property: AppUser.LockoutEnd (DateTimeOffset?), 16], [Property: AppUser.LoyaltyPoints (int) Required, 17], [Property: AppUser.NormalizedEmail (string) Index MaxLength(256), 18], [Property: AppUser.NormalizedUserName (string) Index MaxLength(256), 19], [Property: AppUser.Password (string) Required, 20], [Property: AppUser.PasswordHash (string), 21], [Property: AppUser.PasswordResetToken (string) Required, 22], [Property: AppUser.PhoneNumber (string), 23], [Property: AppUser.PhoneNumberConfirmed (bool) Required, 24], [Property: AppUser.PromotionalOfferID (int) Required, 25], [Property: AppUser.ResetTokenExpires (DateTime?), 26], [Property: AppUser.SecurityStamp (string), 27], [Property: AppUser.Street (string) Required, 28], [Property: AppUser.StylePortfolioID (string) Required FK Index, 29], [Property: AppUser.Town (string) Required, 30], [Property: AppUser.TwoFactorEnabled (bool) Required, 31], [Property: AppUser.UserName (string) MaxLength(256), 32] }
            SELECT TOP(2) a.Id, a.AccessFailedCount, a.Address, a.BookingID, a.BookingLink, a.CompanyName, a.ConcurrencyStamp, a.CreatedAt, a.DistanceInKM, a.Email, a.EmailConfirmed, a.FirstName, a.HomeService, a.ImageUrl, a.LastLogin, a.LockoutEnabled, a.LockoutEnd, a.LoyaltyPoints, a.NormalizedEmail, a.NormalizedUserName, a.Password, a.PasswordHash, a.PasswordResetToken, a.PhoneNumber, a.PhoneNumberConfirmed, a.PromotionalOfferID, a.ResetTokenExpires, a.SecurityStamp, a.Street, a.StylePortfolioID, a.Town, a.TwoFactorEnabled, a.UserName
            FROM AspNetUsers AS a
            WHERE a.NormalizedEmail == @__normalizedEmail_0), 
        Func<QueryContext, DbDataReader, ResultContext, SingleQueryResultCoordinator, AppUser>, 
        MiHairCareApp.Persistence.Context.StylistsDBContext, 
        False, 
        False, 
        True
    ), 
    cancellationToken: queryContext.CancellationToken)'
2024-05-24 20:28:12.2040|DEBUG|Microsoft.EntityFrameworkCore.Query|Compiling query expression: 
'DbSet<IdentityRole>()
    .FirstOrDefault(r => r.NormalizedName == __normalizedName_0)'
2024-05-24 20:28:13.0296|DEBUG|Microsoft.EntityFrameworkCore.Query|Generated query execution expression: 
'queryContext => ShapedQueryCompilingExpressionVisitor.SingleOrDefaultAsync<IdentityRole>(
    asyncEnumerable: new SingleQueryingEnumerable<IdentityRole>(
        (RelationalQueryContext)queryContext, 
        RelationalCommandCache.SelectExpression(
            Projection Mapping:
                EmptyProjectionMember -> Dictionary<IProperty, int> { [Property: IdentityRole.Id (string) Required PK AfterSave:Throw, 0], [Property: IdentityRole.ConcurrencyStamp (string) Concurrency, 1], [Property: IdentityRole.Name (string) MaxLength(256), 2], [Property: IdentityRole.NormalizedName (string) Index MaxLength(256), 3] }
            SELECT TOP(1) a.Id, a.ConcurrencyStamp, a.Name, a.NormalizedName
            FROM AspNetRoles AS a
            WHERE a.NormalizedName == @__normalizedName_0), 
        Func<QueryContext, DbDataReader, ResultContext, SingleQueryResultCoordinator, IdentityRole>, 
        MiHairCareApp.Persistence.Context.StylistsDBContext, 
        False, 
        False, 
        True
    ), 
    cancellationToken: queryContext.CancellationToken)'
2024-05-24 20:28:14.5588|DEBUG|Microsoft.EntityFrameworkCore.Query|Compiling query expression: 
'DbSet<AppUser>()
    .FirstOrDefault(u => u.NormalizedUserName == __normalizedUserName_0)'
2024-05-24 20:28:14.5748|DEBUG|Microsoft.EntityFrameworkCore.Query|Generated query execution expression: 
'queryContext => ShapedQueryCompilingExpressionVisitor.SingleOrDefaultAsync<AppUser>(
    asyncEnumerable: new SingleQueryingEnumerable<AppUser>(
        (RelationalQueryContext)queryContext, 
        RelationalCommandCache.SelectExpression(
            Projection Mapping:
                EmptyProjectionMember -> Dictionary<IProperty, int> { [Property: AppUser.Id (string) Required PK AfterSave:Throw, 0], [Property: AppUser.AccessFailedCount (int) Required, 1], [Property: AppUser.Address (string) Required, 2], [Property: AppUser.BookingID (int) Required, 3], [Property: AppUser.CompanyName (string) Required, 4], [Property: AppUser.ConcurrencyStamp (string) Concurrency, 5], [Property: AppUser.CreatedAt (DateTime) Required, 6], [Property: AppUser.DistanceInKM (double) Required, 7], [Property: AppUser.Email (string) MaxLength(256), 8], [Property: AppUser.EmailConfirmed (bool) Required, 9], [Property: AppUser.FirstName (string) Required, 10], [Property: AppUser.HomeService (bool) Required, 11], [Property: AppUser.ImageUrl (string) Required, 12], [Property: AppUser.LastLogin (DateTime) Required, 13], [Property: AppUser.LockoutEnabled (bool) Required, 14], [Property: AppUser.LockoutEnd (DateTimeOffset?), 15], [Property: AppUser.LoyaltyPoints (int) Required, 16], [Property: AppUser.NormalizedEmail (string) Index MaxLength(256), 17], [Property: AppUser.NormalizedUserName (string) Index MaxLength(256), 18], [Property: AppUser.Password (string) Required, 19], [Property: AppUser.PasswordHash (string), 20], [Property: AppUser.PasswordResetToken (string) Required, 21], [Property: AppUser.PhoneNumber (string), 22], [Property: AppUser.PhoneNumberConfirmed (bool) Required, 23], [Property: AppUser.PromotionalOfferID (int) Required, 24], [Property: AppUser.ResetTokenExpires (DateTime?), 25], [Property: AppUser.SecurityStamp (string), 26], [Property: AppUser.Street (string) Required, 27], [Property: AppUser.StylePortfolioID (string) Required FK Index, 28], [Property: AppUser.Town (string) Required, 29], [Property: AppUser.TwoFactorEnabled (bool) Required, 30], [Property: AppUser.UserName (string) MaxLength(256), 31] }
            SELECT TOP(1) a.Id, a.AccessFailedCount, a.Address, a.BookingID, a.CompanyName, a.ConcurrencyStamp, a.CreatedAt, a.DistanceInKM, a.Email, a.EmailConfirmed, a.FirstName, a.HomeService, a.ImageUrl, a.LastLogin, a.LockoutEnabled, a.LockoutEnd, a.LoyaltyPoints, a.NormalizedEmail, a.NormalizedUserName, a.Password, a.PasswordHash, a.PasswordResetToken, a.PhoneNumber, a.PhoneNumberConfirmed, a.PromotionalOfferID, a.ResetTokenExpires, a.SecurityStamp, a.Street, a.StylePortfolioID, a.Town, a.TwoFactorEnabled, a.UserName
            FROM AspNetUsers AS a
            WHERE a.NormalizedUserName == @__normalizedUserName_0), 
        Func<QueryContext, DbDataReader, ResultContext, SingleQueryResultCoordinator, AppUser>, 
        MiHairCareApp.Persistence.Context.StylistsDBContext, 
        False, 
        False, 
        True
    ), 
    cancellationToken: queryContext.CancellationToken)'
2024-05-24 20:28:14.6783|DEBUG|Microsoft.EntityFrameworkCore.Query|Compiling query expression: 
'DbSet<AppUser>()
    .SingleOrDefault(u => u.NormalizedEmail == __normalizedEmail_0)'
2024-05-24 20:28:14.6783|DEBUG|Microsoft.EntityFrameworkCore.Query|Generated query execution expression: 
'queryContext => ShapedQueryCompilingExpressionVisitor.SingleOrDefaultAsync<AppUser>(
    asyncEnumerable: new SingleQueryingEnumerable<AppUser>(
        (RelationalQueryContext)queryContext, 
        RelationalCommandCache.SelectExpression(
            Projection Mapping:
                EmptyProjectionMember -> Dictionary<IProperty, int> { [Property: AppUser.Id (string) Required PK AfterSave:Throw, 0], [Property: AppUser.AccessFailedCount (int) Required, 1], [Property: AppUser.Address (string) Required, 2], [Property: AppUser.BookingID (int) Required, 3], [Property: AppUser.CompanyName (string) Required, 4], [Property: AppUser.ConcurrencyStamp (string) Concurrency, 5], [Property: AppUser.CreatedAt (DateTime) Required, 6], [Property: AppUser.DistanceInKM (double) Required, 7], [Property: AppUser.Email (string) MaxLength(256), 8], [Property: AppUser.EmailConfirmed (bool) Required, 9], [Property: AppUser.FirstName (string) Required, 10], [Property: AppUser.HomeService (bool) Required, 11], [Property: AppUser.ImageUrl (string) Required, 12], [Property: AppUser.LastLogin (DateTime) Required, 13], [Property: AppUser.LockoutEnabled (bool) Required, 14], [Property: AppUser.LockoutEnd (DateTimeOffset?), 15], [Property: AppUser.LoyaltyPoints (int) Required, 16], [Property: AppUser.NormalizedEmail (string) Index MaxLength(256), 17], [Property: AppUser.NormalizedUserName (string) Index MaxLength(256), 18], [Property: AppUser.Password (string) Required, 19], [Property: AppUser.PasswordHash (string), 20], [Property: AppUser.PasswordResetToken (string) Required, 21], [Property: AppUser.PhoneNumber (string), 22], [Property: AppUser.PhoneNumberConfirmed (bool) Required, 23], [Property: AppUser.PromotionalOfferID (int) Required, 24], [Property: AppUser.ResetTokenExpires (DateTime?), 25], [Property: AppUser.SecurityStamp (string), 26], [Property: AppUser.Street (string) Required, 27], [Property: AppUser.StylePortfolioID (string) Required FK Index, 28], [Property: AppUser.Town (string) Required, 29], [Property: AppUser.TwoFactorEnabled (bool) Required, 30], [Property: AppUser.UserName (string) MaxLength(256), 31] }
            SELECT TOP(2) a.Id, a.AccessFailedCount, a.Address, a.BookingID, a.CompanyName, a.ConcurrencyStamp, a.CreatedAt, a.DistanceInKM, a.Email, a.EmailConfirmed, a.FirstName, a.HomeService, a.ImageUrl, a.LastLogin, a.LockoutEnabled, a.LockoutEnd, a.LoyaltyPoints, a.NormalizedEmail, a.NormalizedUserName, a.Password, a.PasswordHash, a.PasswordResetToken, a.PhoneNumber, a.PhoneNumberConfirmed, a.PromotionalOfferID, a.ResetTokenExpires, a.SecurityStamp, a.Street, a.StylePortfolioID, a.Town, a.TwoFactorEnabled, a.UserName
            FROM AspNetUsers AS a
            WHERE a.NormalizedEmail == @__normalizedEmail_0), 
        Func<QueryContext, DbDataReader, ResultContext, SingleQueryResultCoordinator, AppUser>, 
        MiHairCareApp.Persistence.Context.StylistsDBContext, 
        False, 
        False, 
        True
    ), 
    cancellationToken: queryContext.CancellationToken)'
2024-05-24 21:20:17.6693|DEBUG|Microsoft.EntityFrameworkCore.Query|Compiling query expression: 
'DbSet<IdentityRole>()
    .FirstOrDefault(r => r.NormalizedName == __normalizedName_0)'
2024-05-24 21:20:18.2421|DEBUG|Microsoft.EntityFrameworkCore.Query|Generated query execution expression: 
'queryContext => ShapedQueryCompilingExpressionVisitor.SingleOrDefaultAsync<IdentityRole>(
    asyncEnumerable: new SingleQueryingEnumerable<IdentityRole>(
        (RelationalQueryContext)queryContext, 
        RelationalCommandCache.SelectExpression(
            Projection Mapping:
                EmptyProjectionMember -> Dictionary<IProperty, int> { [Property: IdentityRole.Id (string) Required PK AfterSave:Throw, 0], [Property: IdentityRole.ConcurrencyStamp (string) Concurrency, 1], [Property: IdentityRole.Name (string) MaxLength(256), 2], [Property: IdentityRole.NormalizedName (string) Index MaxLength(256), 3] }
            SELECT TOP(1) a.Id, a.ConcurrencyStamp, a.Name, a.NormalizedName
            FROM AspNetRoles AS a
            WHERE a.NormalizedName == @__normalizedName_0), 
        Func<QueryContext, DbDataReader, ResultContext, SingleQueryResultCoordinator, IdentityRole>, 
        MiHairCareApp.Persistence.Context.StylistsDBContext, 
        False, 
        False, 
        True
    ), 
    cancellationToken: queryContext.CancellationToken)'
2024-05-24 21:20:19.5487|DEBUG|Microsoft.EntityFrameworkCore.Query|Compiling query expression: 
'DbSet<AppUser>()
    .FirstOrDefault(u => u.NormalizedUserName == __normalizedUserName_0)'
2024-05-24 21:20:19.5735|DEBUG|Microsoft.EntityFrameworkCore.Query|Generated query execution expression: 
'queryContext => ShapedQueryCompilingExpressionVisitor.SingleOrDefaultAsync<AppUser>(
    asyncEnumerable: new SingleQueryingEnumerable<AppUser>(
        (RelationalQueryContext)queryContext, 
        RelationalCommandCache.SelectExpression(
            Projection Mapping:
                EmptyProjectionMember -> Dictionary<IProperty, int> { [Property: AppUser.Id (string) Required PK AfterSave:Throw, 0], [Property: AppUser.AccessFailedCount (int) Required, 1], [Property: AppUser.Address (string) Required, 2], [Property: AppUser.BookingID (int) Required, 3], [Property: AppUser.CompanyName (string) Required, 4], [Property: AppUser.ConcurrencyStamp (string) Concurrency, 5], [Property: AppUser.CreatedAt (DateTime) Required, 6], [Property: AppUser.DistanceInKM (double) Required, 7], [Property: AppUser.Email (string) MaxLength(256), 8], [Property: AppUser.EmailConfirmed (bool) Required, 9], [Property: AppUser.FirstName (string) Required, 10], [Property: AppUser.HomeService (bool) Required, 11], [Property: AppUser.ImageUrl (string) Required, 12], [Property: AppUser.LastLogin (DateTime) Required, 13], [Property: AppUser.LockoutEnabled (bool) Required, 14], [Property: AppUser.LockoutEnd (DateTimeOffset?), 15], [Property: AppUser.LoyaltyPoints (int) Required, 16], [Property: AppUser.NormalizedEmail (string) Index MaxLength(256), 17], [Property: AppUser.NormalizedUserName (string) Index MaxLength(256), 18], [Property: AppUser.Password (string) Required, 19], [Property: AppUser.PasswordHash (string), 20], [Property: AppUser.PasswordResetToken (string) Required, 21], [Property: AppUser.PhoneNumber (string), 22], [Property: AppUser.PhoneNumberConfirmed (bool) Required, 23], [Property: AppUser.PromotionalOfferID (int) Required, 24], [Property: AppUser.ResetTokenExpires (DateTime?), 25], [Property: AppUser.SecurityStamp (string), 26], [Property: AppUser.Street (string) Required, 27], [Property: AppUser.StylePortfolioID (string) Required FK Index, 28], [Property: AppUser.Town (string) Required, 29], [Property: AppUser.TwoFactorEnabled (bool) Required, 30], [Property: AppUser.UserName (string) MaxLength(256), 31] }
            SELECT TOP(1) a.Id, a.AccessFailedCount, a.Address, a.BookingID, a.CompanyName, a.ConcurrencyStamp, a.CreatedAt, a.DistanceInKM, a.Email, a.EmailConfirmed, a.FirstName, a.HomeService, a.ImageUrl, a.LastLogin, a.LockoutEnabled, a.LockoutEnd, a.LoyaltyPoints, a.NormalizedEmail, a.NormalizedUserName, a.Password, a.PasswordHash, a.PasswordResetToken, a.PhoneNumber, a.PhoneNumberConfirmed, a.PromotionalOfferID, a.ResetTokenExpires, a.SecurityStamp, a.Street, a.StylePortfolioID, a.Town, a.TwoFactorEnabled, a.UserName
            FROM AspNetUsers AS a
            WHERE a.NormalizedUserName == @__normalizedUserName_0), 
        Func<QueryContext, DbDataReader, ResultContext, SingleQueryResultCoordinator, AppUser>, 
        MiHairCareApp.Persistence.Context.StylistsDBContext, 
        False, 
        False, 
        True
    ), 
    cancellationToken: queryContext.CancellationToken)'
2024-05-24 21:20:19.6768|DEBUG|Microsoft.EntityFrameworkCore.Query|Compiling query expression: 
'DbSet<AppUser>()
    .SingleOrDefault(u => u.NormalizedEmail == __normalizedEmail_0)'
2024-05-24 21:20:19.6768|DEBUG|Microsoft.EntityFrameworkCore.Query|Generated query execution expression: 
'queryContext => ShapedQueryCompilingExpressionVisitor.SingleOrDefaultAsync<AppUser>(
    asyncEnumerable: new SingleQueryingEnumerable<AppUser>(
        (RelationalQueryContext)queryContext, 
        RelationalCommandCache.SelectExpression(
            Projection Mapping:
                EmptyProjectionMember -> Dictionary<IProperty, int> { [Property: AppUser.Id (string) Required PK AfterSave:Throw, 0], [Property: AppUser.AccessFailedCount (int) Required, 1], [Property: AppUser.Address (string) Required, 2], [Property: AppUser.BookingID (int) Required, 3], [Property: AppUser.CompanyName (string) Required, 4], [Property: AppUser.ConcurrencyStamp (string) Concurrency, 5], [Property: AppUser.CreatedAt (DateTime) Required, 6], [Property: AppUser.DistanceInKM (double) Required, 7], [Property: AppUser.Email (string) MaxLength(256), 8], [Property: AppUser.EmailConfirmed (bool) Required, 9], [Property: AppUser.FirstName (string) Required, 10], [Property: AppUser.HomeService (bool) Required, 11], [Property: AppUser.ImageUrl (string) Required, 12], [Property: AppUser.LastLogin (DateTime) Required, 13], [Property: AppUser.LockoutEnabled (bool) Required, 14], [Property: AppUser.LockoutEnd (DateTimeOffset?), 15], [Property: AppUser.LoyaltyPoints (int) Required, 16], [Property: AppUser.NormalizedEmail (string) Index MaxLength(256), 17], [Property: AppUser.NormalizedUserName (string) Index MaxLength(256), 18], [Property: AppUser.Password (string) Required, 19], [Property: AppUser.PasswordHash (string), 20], [Property: AppUser.PasswordResetToken (string) Required, 21], [Property: AppUser.PhoneNumber (string), 22], [Property: AppUser.PhoneNumberConfirmed (bool) Required, 23], [Property: AppUser.PromotionalOfferID (int) Required, 24], [Property: AppUser.ResetTokenExpires (DateTime?), 25], [Property: AppUser.SecurityStamp (string), 26], [Property: AppUser.Street (string) Required, 27], [Property: AppUser.StylePortfolioID (string) Required FK Index, 28], [Property: AppUser.Town (string) Required, 29], [Property: AppUser.TwoFactorEnabled (bool) Required, 30], [Property: AppUser.UserName (string) MaxLength(256), 31] }
            SELECT TOP(2) a.Id, a.AccessFailedCount, a.Address, a.BookingID, a.CompanyName, a.ConcurrencyStamp, a.CreatedAt, a.DistanceInKM, a.Email, a.EmailConfirmed, a.FirstName, a.HomeService, a.ImageUrl, a.LastLogin, a.LockoutEnabled, a.LockoutEnd, a.LoyaltyPoints, a.NormalizedEmail, a.NormalizedUserName, a.Password, a.PasswordHash, a.PasswordResetToken, a.PhoneNumber, a.PhoneNumberConfirmed, a.PromotionalOfferID, a.ResetTokenExpires, a.SecurityStamp, a.Street, a.StylePortfolioID, a.Town, a.TwoFactorEnabled, a.UserName
            FROM AspNetUsers AS a
            WHERE a.NormalizedEmail == @__normalizedEmail_0), 
        Func<QueryContext, DbDataReader, ResultContext, SingleQueryResultCoordinator, AppUser>, 
        MiHairCareApp.Persistence.Context.StylistsDBContext, 
        False, 
        False, 
        True
    ), 
    cancellationToken: queryContext.CancellationToken)'
2024-05-24 21:33:50.4904|DEBUG|Microsoft.EntityFrameworkCore.Query|Compiling query expression: 
'DbSet<IdentityRole>()
    .FirstOrDefault(r => r.NormalizedName == __normalizedName_0)'
2024-05-24 21:33:51.1754|DEBUG|Microsoft.EntityFrameworkCore.Query|Generated query execution expression: 
'queryContext => ShapedQueryCompilingExpressionVisitor.SingleOrDefaultAsync<IdentityRole>(
    asyncEnumerable: new SingleQueryingEnumerable<IdentityRole>(
        (RelationalQueryContext)queryContext, 
        RelationalCommandCache.SelectExpression(
            Projection Mapping:
                EmptyProjectionMember -> Dictionary<IProperty, int> { [Property: IdentityRole.Id (string) Required PK AfterSave:Throw, 0], [Property: IdentityRole.ConcurrencyStamp (string) Concurrency, 1], [Property: IdentityRole.Name (string) MaxLength(256), 2], [Property: IdentityRole.NormalizedName (string) Index MaxLength(256), 3] }
            SELECT TOP(1) a.Id, a.ConcurrencyStamp, a.Name, a.NormalizedName
            FROM AspNetRoles AS a
            WHERE a.NormalizedName == @__normalizedName_0), 
        Func<QueryContext, DbDataReader, ResultContext, SingleQueryResultCoordinator, IdentityRole>, 
        MiHairCareApp.Persistence.Context.StylistsDBContext, 
        False, 
        False, 
        True
    ), 
    cancellationToken: queryContext.CancellationToken)'
2024-05-24 21:33:53.4048|DEBUG|Microsoft.EntityFrameworkCore.Query|Compiling query expression: 
'DbSet<AppUser>()
    .FirstOrDefault(u => u.NormalizedUserName == __normalizedUserName_0)'
2024-05-24 21:33:53.4196|DEBUG|Microsoft.EntityFrameworkCore.Query|Generated query execution expression: 
'queryContext => ShapedQueryCompilingExpressionVisitor.SingleOrDefaultAsync<AppUser>(
    asyncEnumerable: new SingleQueryingEnumerable<AppUser>(
        (RelationalQueryContext)queryContext, 
        RelationalCommandCache.SelectExpression(
            Projection Mapping:
                EmptyProjectionMember -> Dictionary<IProperty, int> { [Property: AppUser.Id (string) Required PK AfterSave:Throw, 0], [Property: AppUser.AccessFailedCount (int) Required, 1], [Property: AppUser.Address (string) Required, 2], [Property: AppUser.BookingID (int) Required, 3], [Property: AppUser.CompanyName (string), 4], [Property: AppUser.ConcurrencyStamp (string) Concurrency, 5], [Property: AppUser.CreatedAt (DateTime) Required, 6], [Property: AppUser.DistanceInKM (double) Required, 7], [Property: AppUser.Email (string) MaxLength(256), 8], [Property: AppUser.EmailConfirmed (bool) Required, 9], [Property: AppUser.FirstName (string) Required, 10], [Property: AppUser.HomeService (bool) Required, 11], [Property: AppUser.ImageUrl (string) Required, 12], [Property: AppUser.LastLogin (DateTime) Required, 13], [Property: AppUser.LockoutEnabled (bool) Required, 14], [Property: AppUser.LockoutEnd (DateTimeOffset?), 15], [Property: AppUser.LoyaltyPoints (int) Required, 16], [Property: AppUser.NormalizedEmail (string) Index MaxLength(256), 17], [Property: AppUser.NormalizedUserName (string) Index MaxLength(256), 18], [Property: AppUser.Password (string) Required, 19], [Property: AppUser.PasswordHash (string), 20], [Property: AppUser.PasswordResetToken (string) Required, 21], [Property: AppUser.PhoneNumber (string), 22], [Property: AppUser.PhoneNumberConfirmed (bool) Required, 23], [Property: AppUser.PromotionalOfferID (int) Required, 24], [Property: AppUser.ResetTokenExpires (DateTime?), 25], [Property: AppUser.SecurityStamp (string), 26], [Property: AppUser.Street (string), 27], [Property: AppUser.StylePortfolioID (string) FK Index, 28], [Property: AppUser.Town (string), 29], [Property: AppUser.TwoFactorEnabled (bool) Required, 30], [Property: AppUser.UserName (string) MaxLength(256), 31] }
            SELECT TOP(1) a.Id, a.AccessFailedCount, a.Address, a.BookingID, a.CompanyName, a.ConcurrencyStamp, a.CreatedAt, a.DistanceInKM, a.Email, a.EmailConfirmed, a.FirstName, a.HomeService, a.ImageUrl, a.LastLogin, a.LockoutEnabled, a.LockoutEnd, a.LoyaltyPoints, a.NormalizedEmail, a.NormalizedUserName, a.Password, a.PasswordHash, a.PasswordResetToken, a.PhoneNumber, a.PhoneNumberConfirmed, a.PromotionalOfferID, a.ResetTokenExpires, a.SecurityStamp, a.Street, a.StylePortfolioID, a.Town, a.TwoFactorEnabled, a.UserName
            FROM AspNetUsers AS a
            WHERE a.NormalizedUserName == @__normalizedUserName_0), 
        Func<QueryContext, DbDataReader, ResultContext, SingleQueryResultCoordinator, AppUser>, 
        MiHairCareApp.Persistence.Context.StylistsDBContext, 
        False, 
        False, 
        True
    ), 
    cancellationToken: queryContext.CancellationToken)'
2024-05-24 21:33:53.5222|DEBUG|Microsoft.EntityFrameworkCore.Query|Compiling query expression: 
'DbSet<AppUser>()
    .SingleOrDefault(u => u.NormalizedEmail == __normalizedEmail_0)'
2024-05-24 21:33:53.5222|DEBUG|Microsoft.EntityFrameworkCore.Query|Generated query execution expression: 
'queryContext => ShapedQueryCompilingExpressionVisitor.SingleOrDefaultAsync<AppUser>(
    asyncEnumerable: new SingleQueryingEnumerable<AppUser>(
        (RelationalQueryContext)queryContext, 
        RelationalCommandCache.SelectExpression(
            Projection Mapping:
                EmptyProjectionMember -> Dictionary<IProperty, int> { [Property: AppUser.Id (string) Required PK AfterSave:Throw, 0], [Property: AppUser.AccessFailedCount (int) Required, 1], [Property: AppUser.Address (string) Required, 2], [Property: AppUser.BookingID (int) Required, 3], [Property: AppUser.CompanyName (string), 4], [Property: AppUser.ConcurrencyStamp (string) Concurrency, 5], [Property: AppUser.CreatedAt (DateTime) Required, 6], [Property: AppUser.DistanceInKM (double) Required, 7], [Property: AppUser.Email (string) MaxLength(256), 8], [Property: AppUser.EmailConfirmed (bool) Required, 9], [Property: AppUser.FirstName (string) Required, 10], [Property: AppUser.HomeService (bool) Required, 11], [Property: AppUser.ImageUrl (string) Required, 12], [Property: AppUser.LastLogin (DateTime) Required, 13], [Property: AppUser.LockoutEnabled (bool) Required, 14], [Property: AppUser.LockoutEnd (DateTimeOffset?), 15], [Property: AppUser.LoyaltyPoints (int) Required, 16], [Property: AppUser.NormalizedEmail (string) Index MaxLength(256), 17], [Property: AppUser.NormalizedUserName (string) Index MaxLength(256), 18], [Property: AppUser.Password (string) Required, 19], [Property: AppUser.PasswordHash (string), 20], [Property: AppUser.PasswordResetToken (string) Required, 21], [Property: AppUser.PhoneNumber (string), 22], [Property: AppUser.PhoneNumberConfirmed (bool) Required, 23], [Property: AppUser.PromotionalOfferID (int) Required, 24], [Property: AppUser.ResetTokenExpires (DateTime?), 25], [Property: AppUser.SecurityStamp (string), 26], [Property: AppUser.Street (string), 27], [Property: AppUser.StylePortfolioID (string) FK Index, 28], [Property: AppUser.Town (string), 29], [Property: AppUser.TwoFactorEnabled (bool) Required, 30], [Property: AppUser.UserName (string) MaxLength(256), 31] }
            SELECT TOP(2) a.Id, a.AccessFailedCount, a.Address, a.BookingID, a.CompanyName, a.ConcurrencyStamp, a.CreatedAt, a.DistanceInKM, a.Email, a.EmailConfirmed, a.FirstName, a.HomeService, a.ImageUrl, a.LastLogin, a.LockoutEnabled, a.LockoutEnd, a.LoyaltyPoints, a.NormalizedEmail, a.NormalizedUserName, a.Password, a.PasswordHash, a.PasswordResetToken, a.PhoneNumber, a.PhoneNumberConfirmed, a.PromotionalOfferID, a.ResetTokenExpires, a.SecurityStamp, a.Street, a.StylePortfolioID, a.Town, a.TwoFactorEnabled, a.UserName
            FROM AspNetUsers AS a
            WHERE a.NormalizedEmail == @__normalizedEmail_0), 
        Func<QueryContext, DbDataReader, ResultContext, SingleQueryResultCoordinator, AppUser>, 
        MiHairCareApp.Persistence.Context.StylistsDBContext, 
        False, 
        False, 
        True
    ), 
    cancellationToken: queryContext.CancellationToken)'
2024-05-24 21:33:53.9538|DEBUG|Microsoft.EntityFrameworkCore.Query|Compiling query expression: 
'DbSet<IdentityRole>()
    .SingleOrDefault(r => r.NormalizedName == __normalizedRoleName_0)'
2024-05-24 21:33:53.9538|DEBUG|Microsoft.EntityFrameworkCore.Query|Generated query execution expression: 
'queryContext => ShapedQueryCompilingExpressionVisitor.SingleOrDefaultAsync<IdentityRole>(
    asyncEnumerable: new SingleQueryingEnumerable<IdentityRole>(
        (RelationalQueryContext)queryContext, 
        RelationalCommandCache.SelectExpression(
            Projection Mapping:
                EmptyProjectionMember -> Dictionary<IProperty, int> { [Property: IdentityRole.Id (string) Required PK AfterSave:Throw, 0], [Property: IdentityRole.ConcurrencyStamp (string) Concurrency, 1], [Property: IdentityRole.Name (string) MaxLength(256), 2], [Property: IdentityRole.NormalizedName (string) Index MaxLength(256), 3] }
            SELECT TOP(2) a.Id, a.ConcurrencyStamp, a.Name, a.NormalizedName
            FROM AspNetRoles AS a
            WHERE a.NormalizedName == @__normalizedRoleName_0), 
        Func<QueryContext, DbDataReader, ResultContext, SingleQueryResultCoordinator, IdentityRole>, 
        MiHairCareApp.Persistence.Context.StylistsDBContext, 
        False, 
        False, 
        True
    ), 
    cancellationToken: queryContext.CancellationToken)'
2024-05-24 21:33:54.0235|DEBUG|Microsoft.EntityFrameworkCore.Query|Compiling query expression: 
'DbSet<IdentityUserRole<string>>()
    .FirstOrDefault(e => EF.Property<string>(e, "UserId") == __p_0 && EF.Property<string>(e, "RoleId") == __p_1)'
2024-05-24 21:33:54.0565|DEBUG|Microsoft.EntityFrameworkCore.Query|Generated query execution expression: 
'queryContext => ShapedQueryCompilingExpressionVisitor.SingleOrDefaultAsync<IdentityUserRole<string>>(
    asyncEnumerable: new SingleQueryingEnumerable<IdentityUserRole<string>>(
        (RelationalQueryContext)queryContext, 
        RelationalCommandCache.SelectExpression(
            Projection Mapping:
                EmptyProjectionMember -> Dictionary<IProperty, int> { [Property: IdentityUserRole<string>.UserId (string) Required PK FK AfterSave:Throw, 0], [Property: IdentityUserRole<string>.RoleId (string) Required PK FK Index AfterSave:Throw, 1] }
            SELECT TOP(1) a.UserId, a.RoleId
            FROM AspNetUserRoles AS a
            WHERE (a.UserId == @__p_0) && (a.RoleId == @__p_1)), 
        Func<QueryContext, DbDataReader, ResultContext, SingleQueryResultCoordinator, IdentityUserRole<string>>, 
        MiHairCareApp.Persistence.Context.StylistsDBContext, 
        False, 
        False, 
        True
    ), 
    cancellationToken: queryContext.CancellationToken)'
2024-05-24 21:35:40.3196|DEBUG|Microsoft.EntityFrameworkCore.Query|Compiling query expression: 
'DbSet<IdentityRole>()
    .FirstOrDefault(r => r.NormalizedName == __normalizedName_0)'
2024-05-24 21:35:41.2043|DEBUG|Microsoft.EntityFrameworkCore.Query|Generated query execution expression: 
'queryContext => ShapedQueryCompilingExpressionVisitor.SingleOrDefaultAsync<IdentityRole>(
    asyncEnumerable: new SingleQueryingEnumerable<IdentityRole>(
        (RelationalQueryContext)queryContext, 
        RelationalCommandCache.SelectExpression(
            Projection Mapping:
                EmptyProjectionMember -> Dictionary<IProperty, int> { [Property: IdentityRole.Id (string) Required PK AfterSave:Throw, 0], [Property: IdentityRole.ConcurrencyStamp (string) Concurrency, 1], [Property: IdentityRole.Name (string) MaxLength(256), 2], [Property: IdentityRole.NormalizedName (string) Index MaxLength(256), 3] }
            SELECT TOP(1) a.Id, a.ConcurrencyStamp, a.Name, a.NormalizedName
            FROM AspNetRoles AS a
            WHERE a.NormalizedName == @__normalizedName_0), 
        Func<QueryContext, DbDataReader, ResultContext, SingleQueryResultCoordinator, IdentityRole>, 
        MiHairCareApp.Persistence.Context.StylistsDBContext, 
        False, 
        False, 
        True
    ), 
    cancellationToken: queryContext.CancellationToken)'
2024-05-24 21:35:42.9381|DEBUG|Microsoft.EntityFrameworkCore.Query|Compiling query expression: 
'DbSet<AppUser>()
    .FirstOrDefault(u => u.NormalizedUserName == __normalizedUserName_0)'
2024-05-24 21:35:42.9381|DEBUG|Microsoft.EntityFrameworkCore.Query|Generated query execution expression: 
'queryContext => ShapedQueryCompilingExpressionVisitor.SingleOrDefaultAsync<AppUser>(
    asyncEnumerable: new SingleQueryingEnumerable<AppUser>(
        (RelationalQueryContext)queryContext, 
        RelationalCommandCache.SelectExpression(
            Projection Mapping:
                EmptyProjectionMember -> Dictionary<IProperty, int> { [Property: AppUser.Id (string) Required PK AfterSave:Throw, 0], [Property: AppUser.AccessFailedCount (int) Required, 1], [Property: AppUser.Address (string) Required, 2], [Property: AppUser.BookingID (int) Required, 3], [Property: AppUser.CompanyName (string), 4], [Property: AppUser.ConcurrencyStamp (string) Concurrency, 5], [Property: AppUser.CreatedAt (DateTime) Required, 6], [Property: AppUser.DistanceInKM (double) Required, 7], [Property: AppUser.Email (string) MaxLength(256), 8], [Property: AppUser.EmailConfirmed (bool) Required, 9], [Property: AppUser.FirstName (string) Required, 10], [Property: AppUser.HomeService (bool) Required, 11], [Property: AppUser.ImageUrl (string) Required, 12], [Property: AppUser.LastLogin (DateTime) Required, 13], [Property: AppUser.LockoutEnabled (bool) Required, 14], [Property: AppUser.LockoutEnd (DateTimeOffset?), 15], [Property: AppUser.LoyaltyPoints (int) Required, 16], [Property: AppUser.NormalizedEmail (string) Index MaxLength(256), 17], [Property: AppUser.NormalizedUserName (string) Index MaxLength(256), 18], [Property: AppUser.Password (string) Required, 19], [Property: AppUser.PasswordHash (string), 20], [Property: AppUser.PasswordResetToken (string) Required, 21], [Property: AppUser.PhoneNumber (string), 22], [Property: AppUser.PhoneNumberConfirmed (bool) Required, 23], [Property: AppUser.PromotionalOfferID (int) Required, 24], [Property: AppUser.ResetTokenExpires (DateTime?), 25], [Property: AppUser.SecurityStamp (string), 26], [Property: AppUser.Street (string), 27], [Property: AppUser.StylePortfolioID (string) FK Index, 28], [Property: AppUser.Town (string), 29], [Property: AppUser.TwoFactorEnabled (bool) Required, 30], [Property: AppUser.UserName (string) MaxLength(256), 31] }
            SELECT TOP(1) a.Id, a.AccessFailedCount, a.Address, a.BookingID, a.CompanyName, a.ConcurrencyStamp, a.CreatedAt, a.DistanceInKM, a.Email, a.EmailConfirmed, a.FirstName, a.HomeService, a.ImageUrl, a.LastLogin, a.LockoutEnabled, a.LockoutEnd, a.LoyaltyPoints, a.NormalizedEmail, a.NormalizedUserName, a.Password, a.PasswordHash, a.PasswordResetToken, a.PhoneNumber, a.PhoneNumberConfirmed, a.PromotionalOfferID, a.ResetTokenExpires, a.SecurityStamp, a.Street, a.StylePortfolioID, a.Town, a.TwoFactorEnabled, a.UserName
            FROM AspNetUsers AS a
            WHERE a.NormalizedUserName == @__normalizedUserName_0), 
        Func<QueryContext, DbDataReader, ResultContext, SingleQueryResultCoordinator, AppUser>, 
        MiHairCareApp.Persistence.Context.StylistsDBContext, 
        False, 
        False, 
        True
    ), 
    cancellationToken: queryContext.CancellationToken)'
2024-05-24 22:04:46.4555|DEBUG|Microsoft.EntityFrameworkCore.Query|Compiling query expression: 
'DbSet<IdentityRole>()
    .FirstOrDefault(r => r.NormalizedName == __normalizedName_0)'
2024-05-24 22:04:46.8341|DEBUG|Microsoft.EntityFrameworkCore.Query|Generated query execution expression: 
'queryContext => ShapedQueryCompilingExpressionVisitor.SingleOrDefaultAsync<IdentityRole>(
    asyncEnumerable: new SingleQueryingEnumerable<IdentityRole>(
        (RelationalQueryContext)queryContext, 
        RelationalCommandCache.SelectExpression(
            Projection Mapping:
                EmptyProjectionMember -> Dictionary<IProperty, int> { [Property: IdentityRole.Id (string) Required PK AfterSave:Throw, 0], [Property: IdentityRole.ConcurrencyStamp (string) Concurrency, 1], [Property: IdentityRole.Name (string) MaxLength(256), 2], [Property: IdentityRole.NormalizedName (string) Index MaxLength(256), 3] }
            SELECT TOP(1) a.Id, a.ConcurrencyStamp, a.Name, a.NormalizedName
            FROM AspNetRoles AS a
            WHERE a.NormalizedName == @__normalizedName_0), 
        Func<QueryContext, DbDataReader, ResultContext, SingleQueryResultCoordinator, IdentityRole>, 
        MiHairCareApp.Persistence.Context.StylistsDBContext, 
        False, 
        False, 
        True
    ), 
    cancellationToken: queryContext.CancellationToken)'
2024-05-24 22:04:47.6612|DEBUG|Microsoft.EntityFrameworkCore.Query|Compiling query expression: 
'DbSet<AppUser>()
    .FirstOrDefault(u => u.NormalizedUserName == __normalizedUserName_0)'
2024-05-24 22:04:47.6742|DEBUG|Microsoft.EntityFrameworkCore.Query|Generated query execution expression: 
'queryContext => ShapedQueryCompilingExpressionVisitor.SingleOrDefaultAsync<AppUser>(
    asyncEnumerable: new SingleQueryingEnumerable<AppUser>(
        (RelationalQueryContext)queryContext, 
        RelationalCommandCache.SelectExpression(
            Projection Mapping:
                EmptyProjectionMember -> Dictionary<IProperty, int> { [Property: AppUser.Id (string) Required PK AfterSave:Throw, 0], [Property: AppUser.AccessFailedCount (int) Required, 1], [Property: AppUser.Address (string) Required, 2], [Property: AppUser.BookingID (int) Required, 3], [Property: AppUser.CompanyName (string), 4], [Property: AppUser.ConcurrencyStamp (string) Concurrency, 5], [Property: AppUser.CreatedAt (DateTime) Required, 6], [Property: AppUser.DistanceInKM (double) Required, 7], [Property: AppUser.Email (string) MaxLength(256), 8], [Property: AppUser.EmailConfirmed (bool) Required, 9], [Property: AppUser.FirstName (string) Required, 10], [Property: AppUser.HomeService (bool) Required, 11], [Property: AppUser.ImageUrl (string) Required, 12], [Property: AppUser.LastLogin (DateTime) Required, 13], [Property: AppUser.LockoutEnabled (bool) Required, 14], [Property: AppUser.LockoutEnd (DateTimeOffset?), 15], [Property: AppUser.LoyaltyPoints (int) Required, 16], [Property: AppUser.NormalizedEmail (string) Index MaxLength(256), 17], [Property: AppUser.NormalizedUserName (string) Index MaxLength(256), 18], [Property: AppUser.Password (string) Required, 19], [Property: AppUser.PasswordHash (string), 20], [Property: AppUser.PasswordResetToken (string) Required, 21], [Property: AppUser.PhoneNumber (string), 22], [Property: AppUser.PhoneNumberConfirmed (bool) Required, 23], [Property: AppUser.PromotionalOfferID (int) Required, 24], [Property: AppUser.ResetTokenExpires (DateTime?), 25], [Property: AppUser.SecurityStamp (string), 26], [Property: AppUser.Street (string), 27], [Property: AppUser.StylePortfolioID (string) FK Index, 28], [Property: AppUser.Town (string), 29], [Property: AppUser.TwoFactorEnabled (bool) Required, 30], [Property: AppUser.UserName (string) MaxLength(256), 31] }
            SELECT TOP(1) a.Id, a.AccessFailedCount, a.Address, a.BookingID, a.CompanyName, a.ConcurrencyStamp, a.CreatedAt, a.DistanceInKM, a.Email, a.EmailConfirmed, a.FirstName, a.HomeService, a.ImageUrl, a.LastLogin, a.LockoutEnabled, a.LockoutEnd, a.LoyaltyPoints, a.NormalizedEmail, a.NormalizedUserName, a.Password, a.PasswordHash, a.PasswordResetToken, a.PhoneNumber, a.PhoneNumberConfirmed, a.PromotionalOfferID, a.ResetTokenExpires, a.SecurityStamp, a.Street, a.StylePortfolioID, a.Town, a.TwoFactorEnabled, a.UserName
            FROM AspNetUsers AS a
            WHERE a.NormalizedUserName == @__normalizedUserName_0), 
        Func<QueryContext, DbDataReader, ResultContext, SingleQueryResultCoordinator, AppUser>, 
        MiHairCareApp.Persistence.Context.StylistsDBContext, 
        False, 
        False, 
        True
    ), 
    cancellationToken: queryContext.CancellationToken)'
2024-05-24 22:07:18.9545|DEBUG|Microsoft.EntityFrameworkCore.Query|Compiling query expression: 
'DbSet<AppUser>()
    .SingleOrDefault(u => u.NormalizedEmail == __normalizedEmail_0)'
2024-05-24 22:07:18.9636|DEBUG|Microsoft.EntityFrameworkCore.Query|Generated query execution expression: 
'queryContext => ShapedQueryCompilingExpressionVisitor.SingleOrDefaultAsync<AppUser>(
    asyncEnumerable: new SingleQueryingEnumerable<AppUser>(
        (RelationalQueryContext)queryContext, 
        RelationalCommandCache.SelectExpression(
            Projection Mapping:
                EmptyProjectionMember -> Dictionary<IProperty, int> { [Property: AppUser.Id (string) Required PK AfterSave:Throw, 0], [Property: AppUser.AccessFailedCount (int) Required, 1], [Property: AppUser.Address (string) Required, 2], [Property: AppUser.BookingID (int) Required, 3], [Property: AppUser.CompanyName (string), 4], [Property: AppUser.ConcurrencyStamp (string) Concurrency, 5], [Property: AppUser.CreatedAt (DateTime) Required, 6], [Property: AppUser.DistanceInKM (double) Required, 7], [Property: AppUser.Email (string) MaxLength(256), 8], [Property: AppUser.EmailConfirmed (bool) Required, 9], [Property: AppUser.FirstName (string) Required, 10], [Property: AppUser.HomeService (bool) Required, 11], [Property: AppUser.ImageUrl (string) Required, 12], [Property: AppUser.LastLogin (DateTime) Required, 13], [Property: AppUser.LockoutEnabled (bool) Required, 14], [Property: AppUser.LockoutEnd (DateTimeOffset?), 15], [Property: AppUser.LoyaltyPoints (int) Required, 16], [Property: AppUser.NormalizedEmail (string) Index MaxLength(256), 17], [Property: AppUser.NormalizedUserName (string) Index MaxLength(256), 18], [Property: AppUser.Password (string) Required, 19], [Property: AppUser.PasswordHash (string), 20], [Property: AppUser.PasswordResetToken (string) Required, 21], [Property: AppUser.PhoneNumber (string), 22], [Property: AppUser.PhoneNumberConfirmed (bool) Required, 23], [Property: AppUser.PromotionalOfferID (int) Required, 24], [Property: AppUser.ResetTokenExpires (DateTime?), 25], [Property: AppUser.SecurityStamp (string), 26], [Property: AppUser.Street (string), 27], [Property: AppUser.StylePortfolioID (string) FK Index, 28], [Property: AppUser.Town (string), 29], [Property: AppUser.TwoFactorEnabled (bool) Required, 30], [Property: AppUser.UserName (string) MaxLength(256), 31] }
            SELECT TOP(2) a.Id, a.AccessFailedCount, a.Address, a.BookingID, a.CompanyName, a.ConcurrencyStamp, a.CreatedAt, a.DistanceInKM, a.Email, a.EmailConfirmed, a.FirstName, a.HomeService, a.ImageUrl, a.LastLogin, a.LockoutEnabled, a.LockoutEnd, a.LoyaltyPoints, a.NormalizedEmail, a.NormalizedUserName, a.Password, a.PasswordHash, a.PasswordResetToken, a.PhoneNumber, a.PhoneNumberConfirmed, a.PromotionalOfferID, a.ResetTokenExpires, a.SecurityStamp, a.Street, a.StylePortfolioID, a.Town, a.TwoFactorEnabled, a.UserName
            FROM AspNetUsers AS a
            WHERE a.NormalizedEmail == @__normalizedEmail_0), 
        Func<QueryContext, DbDataReader, ResultContext, SingleQueryResultCoordinator, AppUser>, 
        MiHairCareApp.Persistence.Context.StylistsDBContext, 
        False, 
        False, 
        True
    ), 
    cancellationToken: queryContext.CancellationToken)'
2024-05-24 22:07:18.9943|DEBUG|Microsoft.EntityFrameworkCore.Query|Compiling query expression: 
'DbSet<AppUser>()
    .Where(x => x.PhoneNumber == __createDto_PhoneNumber_0)'
2024-05-24 22:07:18.9943|DEBUG|Microsoft.EntityFrameworkCore.Query|Generated query execution expression: 
'queryContext => new SingleQueryingEnumerable<AppUser>(
    (RelationalQueryContext)queryContext, 
    RelationalCommandCache.SelectExpression(
        Projection Mapping:
            EmptyProjectionMember -> Dictionary<IProperty, int> { [Property: AppUser.Id (string) Required PK AfterSave:Throw, 0], [Property: AppUser.AccessFailedCount (int) Required, 1], [Property: AppUser.Address (string) Required, 2], [Property: AppUser.BookingID (int) Required, 3], [Property: AppUser.CompanyName (string), 4], [Property: AppUser.ConcurrencyStamp (string) Concurrency, 5], [Property: AppUser.CreatedAt (DateTime) Required, 6], [Property: AppUser.DistanceInKM (double) Required, 7], [Property: AppUser.Email (string) MaxLength(256), 8], [Property: AppUser.EmailConfirmed (bool) Required, 9], [Property: AppUser.FirstName (string) Required, 10], [Property: AppUser.HomeService (bool) Required, 11], [Property: AppUser.ImageUrl (string) Required, 12], [Property: AppUser.LastLogin (DateTime) Required, 13], [Property: AppUser.LockoutEnabled (bool) Required, 14], [Property: AppUser.LockoutEnd (DateTimeOffset?), 15], [Property: AppUser.LoyaltyPoints (int) Required, 16], [Property: AppUser.NormalizedEmail (string) Index MaxLength(256), 17], [Property: AppUser.NormalizedUserName (string) Index MaxLength(256), 18], [Property: AppUser.Password (string) Required, 19], [Property: AppUser.PasswordHash (string), 20], [Property: AppUser.PasswordResetToken (string) Required, 21], [Property: AppUser.PhoneNumber (string), 22], [Property: AppUser.PhoneNumberConfirmed (bool) Required, 23], [Property: AppUser.PromotionalOfferID (int) Required, 24], [Property: AppUser.ResetTokenExpires (DateTime?), 25], [Property: AppUser.SecurityStamp (string), 26], [Property: AppUser.Street (string), 27], [Property: AppUser.StylePortfolioID (string) FK Index, 28], [Property: AppUser.Town (string), 29], [Property: AppUser.TwoFactorEnabled (bool) Required, 30], [Property: AppUser.UserName (string) MaxLength(256), 31] }
        SELECT a.Id, a.AccessFailedCount, a.Address, a.BookingID, a.CompanyName, a.ConcurrencyStamp, a.CreatedAt, a.DistanceInKM, a.Email, a.EmailConfirmed, a.FirstName, a.HomeService, a.ImageUrl, a.LastLogin, a.LockoutEnabled, a.LockoutEnd, a.LoyaltyPoints, a.NormalizedEmail, a.NormalizedUserName, a.Password, a.PasswordHash, a.PasswordResetToken, a.PhoneNumber, a.PhoneNumberConfirmed, a.PromotionalOfferID, a.ResetTokenExpires, a.SecurityStamp, a.Street, a.StylePortfolioID, a.Town, a.TwoFactorEnabled, a.UserName
        FROM AspNetUsers AS a
        WHERE a.PhoneNumber == @__createDto_PhoneNumber_0), 
    Func<QueryContext, DbDataReader, ResultContext, SingleQueryResultCoordinator, AppUser>, 
    MiHairCareApp.Persistence.Context.StylistsDBContext, 
    False, 
    False, 
    True
)'
2024-05-24 22:07:19.4247|DEBUG|Microsoft.EntityFrameworkCore.Query|Compiling query expression: 
'DbSet<IdentityRole>()
    .SingleOrDefault(r => r.NormalizedName == __normalizedRoleName_0)'
2024-05-24 22:07:19.4247|DEBUG|Microsoft.EntityFrameworkCore.Query|Generated query execution expression: 
'queryContext => ShapedQueryCompilingExpressionVisitor.SingleOrDefaultAsync<IdentityRole>(
    asyncEnumerable: new SingleQueryingEnumerable<IdentityRole>(
        (RelationalQueryContext)queryContext, 
        RelationalCommandCache.SelectExpression(
            Projection Mapping:
                EmptyProjectionMember -> Dictionary<IProperty, int> { [Property: IdentityRole.Id (string) Required PK AfterSave:Throw, 0], [Property: IdentityRole.ConcurrencyStamp (string) Concurrency, 1], [Property: IdentityRole.Name (string) MaxLength(256), 2], [Property: IdentityRole.NormalizedName (string) Index MaxLength(256), 3] }
            SELECT TOP(2) a.Id, a.ConcurrencyStamp, a.Name, a.NormalizedName
            FROM AspNetRoles AS a
            WHERE a.NormalizedName == @__normalizedRoleName_0), 
        Func<QueryContext, DbDataReader, ResultContext, SingleQueryResultCoordinator, IdentityRole>, 
        MiHairCareApp.Persistence.Context.StylistsDBContext, 
        False, 
        False, 
        True
    ), 
    cancellationToken: queryContext.CancellationToken)'
2024-05-24 22:07:19.4551|DEBUG|Microsoft.EntityFrameworkCore.Query|Compiling query expression: 
'DbSet<IdentityUserRole<string>>()
    .FirstOrDefault(e => EF.Property<string>(e, "UserId") == __p_0 && EF.Property<string>(e, "RoleId") == __p_1)'
2024-05-24 22:07:19.4799|DEBUG|Microsoft.EntityFrameworkCore.Query|Generated query execution expression: 
'queryContext => ShapedQueryCompilingExpressionVisitor.SingleOrDefaultAsync<IdentityUserRole<string>>(
    asyncEnumerable: new SingleQueryingEnumerable<IdentityUserRole<string>>(
        (RelationalQueryContext)queryContext, 
        RelationalCommandCache.SelectExpression(
            Projection Mapping:
                EmptyProjectionMember -> Dictionary<IProperty, int> { [Property: IdentityUserRole<string>.UserId (string) Required PK FK AfterSave:Throw, 0], [Property: IdentityUserRole<string>.RoleId (string) Required PK FK Index AfterSave:Throw, 1] }
            SELECT TOP(1) a.UserId, a.RoleId
            FROM AspNetUserRoles AS a
            WHERE (a.UserId == @__p_0) && (a.RoleId == @__p_1)), 
        Func<QueryContext, DbDataReader, ResultContext, SingleQueryResultCoordinator, IdentityUserRole<string>>, 
        MiHairCareApp.Persistence.Context.StylistsDBContext, 
        False, 
        False, 
        True
    ), 
    cancellationToken: queryContext.CancellationToken)'
2024-05-24 22:19:35.0620|DEBUG|Microsoft.EntityFrameworkCore.Query|Compiling query expression: 
'DbSet<IdentityRole>()
    .FirstOrDefault(r => r.NormalizedName == __normalizedName_0)'
2024-05-24 22:19:35.4708|DEBUG|Microsoft.EntityFrameworkCore.Query|Generated query execution expression: 
'queryContext => ShapedQueryCompilingExpressionVisitor.SingleOrDefaultAsync<IdentityRole>(
    asyncEnumerable: new SingleQueryingEnumerable<IdentityRole>(
        (RelationalQueryContext)queryContext, 
        RelationalCommandCache.SelectExpression(
            Projection Mapping:
                EmptyProjectionMember -> Dictionary<IProperty, int> { [Property: IdentityRole.Id (string) Required PK AfterSave:Throw, 0], [Property: IdentityRole.ConcurrencyStamp (string) Concurrency, 1], [Property: IdentityRole.Name (string) MaxLength(256), 2], [Property: IdentityRole.NormalizedName (string) Index MaxLength(256), 3] }
            SELECT TOP(1) a.Id, a.ConcurrencyStamp, a.Name, a.NormalizedName
            FROM AspNetRoles AS a
            WHERE a.NormalizedName == @__normalizedName_0), 
        Func<QueryContext, DbDataReader, ResultContext, SingleQueryResultCoordinator, IdentityRole>, 
        MiHairCareApp.Persistence.Context.StylistsDBContext, 
        False, 
        False, 
        True
    ), 
    cancellationToken: queryContext.CancellationToken)'
2024-05-24 22:19:36.2035|DEBUG|Microsoft.EntityFrameworkCore.Query|Compiling query expression: 
'DbSet<AppUser>()
    .FirstOrDefault(u => u.NormalizedUserName == __normalizedUserName_0)'
2024-05-24 22:19:36.2035|DEBUG|Microsoft.EntityFrameworkCore.Query|Generated query execution expression: 
'queryContext => ShapedQueryCompilingExpressionVisitor.SingleOrDefaultAsync<AppUser>(
    asyncEnumerable: new SingleQueryingEnumerable<AppUser>(
        (RelationalQueryContext)queryContext, 
        RelationalCommandCache.SelectExpression(
            Projection Mapping:
                EmptyProjectionMember -> Dictionary<IProperty, int> { [Property: AppUser.Id (string) Required PK AfterSave:Throw, 0], [Property: AppUser.AccessFailedCount (int) Required, 1], [Property: AppUser.Address (string) Required, 2], [Property: AppUser.BookingID (int) Required, 3], [Property: AppUser.CompanyName (string), 4], [Property: AppUser.ConcurrencyStamp (string) Concurrency, 5], [Property: AppUser.CreatedAt (DateTime) Required, 6], [Property: AppUser.DistanceInKM (double) Required, 7], [Property: AppUser.Email (string) MaxLength(256), 8], [Property: AppUser.EmailConfirmed (bool) Required, 9], [Property: AppUser.FirstName (string) Required, 10], [Property: AppUser.HomeService (bool) Required, 11], [Property: AppUser.ImageUrl (string) Required, 12], [Property: AppUser.LastLogin (DateTime) Required, 13], [Property: AppUser.LockoutEnabled (bool) Required, 14], [Property: AppUser.LockoutEnd (DateTimeOffset?), 15], [Property: AppUser.LoyaltyPoints (int) Required, 16], [Property: AppUser.NormalizedEmail (string) Index MaxLength(256), 17], [Property: AppUser.NormalizedUserName (string) Index MaxLength(256), 18], [Property: AppUser.Password (string) Required, 19], [Property: AppUser.PasswordHash (string), 20], [Property: AppUser.PasswordResetToken (string) Required, 21], [Property: AppUser.PhoneNumber (string), 22], [Property: AppUser.PhoneNumberConfirmed (bool) Required, 23], [Property: AppUser.PromotionalOfferID (int) Required, 24], [Property: AppUser.ResetTokenExpires (DateTime?), 25], [Property: AppUser.SecurityStamp (string), 26], [Property: AppUser.Street (string), 27], [Property: AppUser.StylePortfolioID (string) FK Index, 28], [Property: AppUser.Town (string), 29], [Property: AppUser.TwoFactorEnabled (bool) Required, 30], [Property: AppUser.UserName (string) MaxLength(256), 31] }
            SELECT TOP(1) a.Id, a.AccessFailedCount, a.Address, a.BookingID, a.CompanyName, a.ConcurrencyStamp, a.CreatedAt, a.DistanceInKM, a.Email, a.EmailConfirmed, a.FirstName, a.HomeService, a.ImageUrl, a.LastLogin, a.LockoutEnabled, a.LockoutEnd, a.LoyaltyPoints, a.NormalizedEmail, a.NormalizedUserName, a.Password, a.PasswordHash, a.PasswordResetToken, a.PhoneNumber, a.PhoneNumberConfirmed, a.PromotionalOfferID, a.ResetTokenExpires, a.SecurityStamp, a.Street, a.StylePortfolioID, a.Town, a.TwoFactorEnabled, a.UserName
            FROM AspNetUsers AS a
            WHERE a.NormalizedUserName == @__normalizedUserName_0), 
        Func<QueryContext, DbDataReader, ResultContext, SingleQueryResultCoordinator, AppUser>, 
        MiHairCareApp.Persistence.Context.StylistsDBContext, 
        False, 
        False, 
        True
    ), 
    cancellationToken: queryContext.CancellationToken)'
2024-05-24 22:21:31.9644|DEBUG|Microsoft.EntityFrameworkCore.Query|Compiling query expression: 
'DbSet<AppUser>()
    .SingleOrDefault(u => u.NormalizedEmail == __normalizedEmail_0)'
2024-05-24 22:21:31.9644|DEBUG|Microsoft.EntityFrameworkCore.Query|Generated query execution expression: 
'queryContext => ShapedQueryCompilingExpressionVisitor.SingleOrDefaultAsync<AppUser>(
    asyncEnumerable: new SingleQueryingEnumerable<AppUser>(
        (RelationalQueryContext)queryContext, 
        RelationalCommandCache.SelectExpression(
            Projection Mapping:
                EmptyProjectionMember -> Dictionary<IProperty, int> { [Property: AppUser.Id (string) Required PK AfterSave:Throw, 0], [Property: AppUser.AccessFailedCount (int) Required, 1], [Property: AppUser.Address (string) Required, 2], [Property: AppUser.BookingID (int) Required, 3], [Property: AppUser.CompanyName (string), 4], [Property: AppUser.ConcurrencyStamp (string) Concurrency, 5], [Property: AppUser.CreatedAt (DateTime) Required, 6], [Property: AppUser.DistanceInKM (double) Required, 7], [Property: AppUser.Email (string) MaxLength(256), 8], [Property: AppUser.EmailConfirmed (bool) Required, 9], [Property: AppUser.FirstName (string) Required, 10], [Property: AppUser.HomeService (bool) Required, 11], [Property: AppUser.ImageUrl (string) Required, 12], [Property: AppUser.LastLogin (DateTime) Required, 13], [Property: AppUser.LockoutEnabled (bool) Required, 14], [Property: AppUser.LockoutEnd (DateTimeOffset?), 15], [Property: AppUser.LoyaltyPoints (int) Required, 16], [Property: AppUser.NormalizedEmail (string) Index MaxLength(256), 17], [Property: AppUser.NormalizedUserName (string) Index MaxLength(256), 18], [Property: AppUser.Password (string) Required, 19], [Property: AppUser.PasswordHash (string), 20], [Property: AppUser.PasswordResetToken (string) Required, 21], [Property: AppUser.PhoneNumber (string), 22], [Property: AppUser.PhoneNumberConfirmed (bool) Required, 23], [Property: AppUser.PromotionalOfferID (int) Required, 24], [Property: AppUser.ResetTokenExpires (DateTime?), 25], [Property: AppUser.SecurityStamp (string), 26], [Property: AppUser.Street (string), 27], [Property: AppUser.StylePortfolioID (string) FK Index, 28], [Property: AppUser.Town (string), 29], [Property: AppUser.TwoFactorEnabled (bool) Required, 30], [Property: AppUser.UserName (string) MaxLength(256), 31] }
            SELECT TOP(2) a.Id, a.AccessFailedCount, a.Address, a.BookingID, a.CompanyName, a.ConcurrencyStamp, a.CreatedAt, a.DistanceInKM, a.Email, a.EmailConfirmed, a.FirstName, a.HomeService, a.ImageUrl, a.LastLogin, a.LockoutEnabled, a.LockoutEnd, a.LoyaltyPoints, a.NormalizedEmail, a.NormalizedUserName, a.Password, a.PasswordHash, a.PasswordResetToken, a.PhoneNumber, a.PhoneNumberConfirmed, a.PromotionalOfferID, a.ResetTokenExpires, a.SecurityStamp, a.Street, a.StylePortfolioID, a.Town, a.TwoFactorEnabled, a.UserName
            FROM AspNetUsers AS a
            WHERE a.NormalizedEmail == @__normalizedEmail_0), 
        Func<QueryContext, DbDataReader, ResultContext, SingleQueryResultCoordinator, AppUser>, 
        MiHairCareApp.Persistence.Context.StylistsDBContext, 
        False, 
        False, 
        True
    ), 
    cancellationToken: queryContext.CancellationToken)'
2024-05-24 22:21:31.9967|DEBUG|Microsoft.EntityFrameworkCore.Query|Compiling query expression: 
'DbSet<AppUser>()
    .Where(x => x.PhoneNumber == __createStylistsDto_PhoneNumber_0)'
2024-05-24 22:21:32.0031|DEBUG|Microsoft.EntityFrameworkCore.Query|Generated query execution expression: 
'queryContext => new SingleQueryingEnumerable<AppUser>(
    (RelationalQueryContext)queryContext, 
    RelationalCommandCache.SelectExpression(
        Projection Mapping:
            EmptyProjectionMember -> Dictionary<IProperty, int> { [Property: AppUser.Id (string) Required PK AfterSave:Throw, 0], [Property: AppUser.AccessFailedCount (int) Required, 1], [Property: AppUser.Address (string) Required, 2], [Property: AppUser.BookingID (int) Required, 3], [Property: AppUser.CompanyName (string), 4], [Property: AppUser.ConcurrencyStamp (string) Concurrency, 5], [Property: AppUser.CreatedAt (DateTime) Required, 6], [Property: AppUser.DistanceInKM (double) Required, 7], [Property: AppUser.Email (string) MaxLength(256), 8], [Property: AppUser.EmailConfirmed (bool) Required, 9], [Property: AppUser.FirstName (string) Required, 10], [Property: AppUser.HomeService (bool) Required, 11], [Property: AppUser.ImageUrl (string) Required, 12], [Property: AppUser.LastLogin (DateTime) Required, 13], [Property: AppUser.LockoutEnabled (bool) Required, 14], [Property: AppUser.LockoutEnd (DateTimeOffset?), 15], [Property: AppUser.LoyaltyPoints (int) Required, 16], [Property: AppUser.NormalizedEmail (string) Index MaxLength(256), 17], [Property: AppUser.NormalizedUserName (string) Index MaxLength(256), 18], [Property: AppUser.Password (string) Required, 19], [Property: AppUser.PasswordHash (string), 20], [Property: AppUser.PasswordResetToken (string) Required, 21], [Property: AppUser.PhoneNumber (string), 22], [Property: AppUser.PhoneNumberConfirmed (bool) Required, 23], [Property: AppUser.PromotionalOfferID (int) Required, 24], [Property: AppUser.ResetTokenExpires (DateTime?), 25], [Property: AppUser.SecurityStamp (string), 26], [Property: AppUser.Street (string), 27], [Property: AppUser.StylePortfolioID (string) FK Index, 28], [Property: AppUser.Town (string), 29], [Property: AppUser.TwoFactorEnabled (bool) Required, 30], [Property: AppUser.UserName (string) MaxLength(256), 31] }
        SELECT a.Id, a.AccessFailedCount, a.Address, a.BookingID, a.CompanyName, a.ConcurrencyStamp, a.CreatedAt, a.DistanceInKM, a.Email, a.EmailConfirmed, a.FirstName, a.HomeService, a.ImageUrl, a.LastLogin, a.LockoutEnabled, a.LockoutEnd, a.LoyaltyPoints, a.NormalizedEmail, a.NormalizedUserName, a.Password, a.PasswordHash, a.PasswordResetToken, a.PhoneNumber, a.PhoneNumberConfirmed, a.PromotionalOfferID, a.ResetTokenExpires, a.SecurityStamp, a.Street, a.StylePortfolioID, a.Town, a.TwoFactorEnabled, a.UserName
        FROM AspNetUsers AS a
        WHERE a.PhoneNumber == @__createStylistsDto_PhoneNumber_0), 
    Func<QueryContext, DbDataReader, ResultContext, SingleQueryResultCoordinator, AppUser>, 
    MiHairCareApp.Persistence.Context.StylistsDBContext, 
    False, 
    False, 
    True
)'
2024-05-24 22:21:32.3609|DEBUG|Microsoft.EntityFrameworkCore.Query|Compiling query expression: 
'DbSet<IdentityRole>()
    .SingleOrDefault(r => r.NormalizedName == __normalizedRoleName_0)'
2024-05-24 22:21:32.3609|DEBUG|Microsoft.EntityFrameworkCore.Query|Generated query execution expression: 
'queryContext => ShapedQueryCompilingExpressionVisitor.SingleOrDefaultAsync<IdentityRole>(
    asyncEnumerable: new SingleQueryingEnumerable<IdentityRole>(
        (RelationalQueryContext)queryContext, 
        RelationalCommandCache.SelectExpression(
            Projection Mapping:
                EmptyProjectionMember -> Dictionary<IProperty, int> { [Property: IdentityRole.Id (string) Required PK AfterSave:Throw, 0], [Property: IdentityRole.ConcurrencyStamp (string) Concurrency, 1], [Property: IdentityRole.Name (string) MaxLength(256), 2], [Property: IdentityRole.NormalizedName (string) Index MaxLength(256), 3] }
            SELECT TOP(2) a.Id, a.ConcurrencyStamp, a.Name, a.NormalizedName
            FROM AspNetRoles AS a
            WHERE a.NormalizedName == @__normalizedRoleName_0), 
        Func<QueryContext, DbDataReader, ResultContext, SingleQueryResultCoordinator, IdentityRole>, 
        MiHairCareApp.Persistence.Context.StylistsDBContext, 
        False, 
        False, 
        True
    ), 
    cancellationToken: queryContext.CancellationToken)'
2024-05-24 22:21:32.3863|DEBUG|Microsoft.EntityFrameworkCore.Query|Compiling query expression: 
'DbSet<IdentityUserRole<string>>()
    .FirstOrDefault(e => EF.Property<string>(e, "UserId") == __p_0 && EF.Property<string>(e, "RoleId") == __p_1)'
2024-05-24 22:21:32.4156|DEBUG|Microsoft.EntityFrameworkCore.Query|Generated query execution expression: 
'queryContext => ShapedQueryCompilingExpressionVisitor.SingleOrDefaultAsync<IdentityUserRole<string>>(
    asyncEnumerable: new SingleQueryingEnumerable<IdentityUserRole<string>>(
        (RelationalQueryContext)queryContext, 
        RelationalCommandCache.SelectExpression(
            Projection Mapping:
                EmptyProjectionMember -> Dictionary<IProperty, int> { [Property: IdentityUserRole<string>.UserId (string) Required PK FK AfterSave:Throw, 0], [Property: IdentityUserRole<string>.RoleId (string) Required PK FK Index AfterSave:Throw, 1] }
            SELECT TOP(1) a.UserId, a.RoleId
            FROM AspNetUserRoles AS a
            WHERE (a.UserId == @__p_0) && (a.RoleId == @__p_1)), 
        Func<QueryContext, DbDataReader, ResultContext, SingleQueryResultCoordinator, IdentityUserRole<string>>, 
        MiHairCareApp.Persistence.Context.StylistsDBContext, 
        False, 
        False, 
        True
    ), 
    cancellationToken: queryContext.CancellationToken)'
2024-05-24 22:22:46.5880|DEBUG|Microsoft.EntityFrameworkCore.Query|Compiling query expression: 
'DbSet<IdentityUserRole<string>>()
    .Join(
        inner: DbSet<IdentityRole>(), 
        outerKeySelector: userRole => userRole.RoleId, 
        innerKeySelector: role => role.Id, 
        resultSelector: (userRole, role) => new { 
            userRole = userRole, 
            role = role
         })
    .Where(<>h__TransparentIdentifier0 => <>h__TransparentIdentifier0.userRole.UserId.Equals(__userId_0))
    .Select(<>h__TransparentIdentifier0 => <>h__TransparentIdentifier0.role.Name)'
2024-05-24 22:22:46.6636|DEBUG|Microsoft.EntityFrameworkCore.Query|Generated query execution expression: 
'queryContext => new SingleQueryingEnumerable<string>(
    (RelationalQueryContext)queryContext, 
    RelationalCommandCache.SelectExpression(
        Projection Mapping:
            EmptyProjectionMember -> 0
        SELECT a0.Name
        FROM AspNetUserRoles AS a
        INNER JOIN AspNetRoles AS a0 ON a.RoleId == a0.Id
        WHERE a.UserId == @__userId_0), 
    Func<QueryContext, DbDataReader, ResultContext, SingleQueryResultCoordinator, string>, 
    MiHairCareApp.Persistence.Context.StylistsDBContext, 
    False, 
    False, 
    True
)'
