2025-10-09 00:20:41.8241|DEBUG|Microsoft.EntityFrameworkCore.Database.Command|Creating DbCommand for 'ExecuteReader'.
2025-10-09 00:20:41.8502|DEBUG|Microsoft.EntityFrameworkCore.Database.Command|Created DbCommand for 'ExecuteReader' (9ms).
2025-10-09 00:20:41.8685|DEBUG|Microsoft.EntityFrameworkCore.Database.Command|Initialized DbCommand for 'ExecuteReader' (38ms).
2025-10-09 00:20:41.8845|DEBUG|Microsoft.EntityFrameworkCore.Database.Command|Executing DbCommand [Parameters=[@__normalizedName_0='?' (Size = 256)], CommandType='Text', CommandTimeout='30']
SELECT TOP(1) [a].[Id], [a].[ConcurrencyStamp], [a].[Name], [a].[NormalizedName]
FROM [AspNetRoles] AS [a]
WHERE [a].[NormalizedName] = @__normalizedName_0
2025-10-09 00:20:42.0669|INFO|Microsoft.EntityFrameworkCore.Database.Command|Executed DbCommand (175ms) [Parameters=[@__normalizedName_0='?' (Size = 256)], CommandType='Text', CommandTimeout='30']
SELECT TOP(1) [a].[Id], [a].[ConcurrencyStamp], [a].[Name], [a].[NormalizedName]
FROM [AspNetRoles] AS [a]
WHERE [a].[NormalizedName] = @__normalizedName_0
2025-10-09 00:20:42.1070|DEBUG|Microsoft.EntityFrameworkCore.Database.Command|Closing data reader to 'StylistDB' on server '.\SQLEXPRESS'.
2025-10-09 00:20:42.1248|DEBUG|Microsoft.EntityFrameworkCore.Database.Command|A data reader for 'StylistDB' on server '.\SQLEXPRESS' is being disposed after spending 46ms reading results.
2025-10-09 00:20:42.1664|DEBUG|Microsoft.EntityFrameworkCore.Database.Command|Creating DbCommand for 'ExecuteReader'.
2025-10-09 00:20:42.1664|DEBUG|Microsoft.EntityFrameworkCore.Database.Command|Created DbCommand for 'ExecuteReader' (0ms).
2025-10-09 00:20:42.1664|DEBUG|Microsoft.EntityFrameworkCore.Database.Command|Initialized DbCommand for 'ExecuteReader' (0ms).
2025-10-09 00:20:42.1664|DEBUG|Microsoft.EntityFrameworkCore.Database.Command|Executing DbCommand [Parameters=[@__normalizedName_0='?' (Size = 256)], CommandType='Text', CommandTimeout='30']
SELECT TOP(1) [a].[Id], [a].[ConcurrencyStamp], [a].[Name], [a].[NormalizedName]
FROM [AspNetRoles] AS [a]
WHERE [a].[NormalizedName] = @__normalizedName_0
2025-10-09 00:20:42.1664|INFO|Microsoft.EntityFrameworkCore.Database.Command|Executed DbCommand (5ms) [Parameters=[@__normalizedName_0='?' (Size = 256)], CommandType='Text', CommandTimeout='30']
SELECT TOP(1) [a].[Id], [a].[ConcurrencyStamp], [a].[Name], [a].[NormalizedName]
FROM [AspNetRoles] AS [a]
WHERE [a].[NormalizedName] = @__normalizedName_0
2025-10-09 00:20:42.1664|DEBUG|Microsoft.EntityFrameworkCore.Database.Command|Closing data reader to 'StylistDB' on server '.\SQLEXPRESS'.
2025-10-09 00:20:42.1664|DEBUG|Microsoft.EntityFrameworkCore.Database.Command|A data reader for 'StylistDB' on server '.\SQLEXPRESS' is being disposed after spending 0ms reading results.
2025-10-09 00:20:42.4987|DEBUG|Microsoft.EntityFrameworkCore.Database.Command|Creating DbCommand for 'ExecuteReader'.
2025-10-09 00:20:42.4987|DEBUG|Microsoft.EntityFrameworkCore.Database.Command|Created DbCommand for 'ExecuteReader' (0ms).
2025-10-09 00:20:42.4987|DEBUG|Microsoft.EntityFrameworkCore.Database.Command|Initialized DbCommand for 'ExecuteReader' (0ms).
2025-10-09 00:20:42.4987|DEBUG|Microsoft.EntityFrameworkCore.Database.Command|Executing DbCommand [Parameters=[@p0='?' (Size = 450), @p1='?' (Size = 4000), @p2='?' (Size = 256), @p3='?' (Size = 256)], CommandType='Text', CommandTimeout='30']
SET IMPLICIT_TRANSACTIONS OFF;
SET NOCOUNT ON;
INSERT INTO [AspNetRoles] ([Id], [ConcurrencyStamp], [Name], [NormalizedName])
VALUES (@p0, @p1, @p2, @p3);
2025-10-09 00:20:42.5207|INFO|Microsoft.EntityFrameworkCore.Database.Command|Executed DbCommand (16ms) [Parameters=[@p0='?' (Size = 450), @p1='?' (Size = 4000), @p2='?' (Size = 256), @p3='?' (Size = 256)], CommandType='Text', CommandTimeout='30']
SET IMPLICIT_TRANSACTIONS OFF;
SET NOCOUNT ON;
INSERT INTO [AspNetRoles] ([Id], [ConcurrencyStamp], [Name], [NormalizedName])
VALUES (@p0, @p1, @p2, @p3);
2025-10-09 00:20:42.5301|DEBUG|Microsoft.EntityFrameworkCore.Database.Command|Closing data reader to 'StylistDB' on server '.\SQLEXPRESS'.
2025-10-09 00:20:42.5301|DEBUG|Microsoft.EntityFrameworkCore.Database.Command|A data reader for 'StylistDB' on server '.\SQLEXPRESS' is being disposed after spending 9ms reading results.
2025-10-09 00:20:42.5572|DEBUG|Microsoft.EntityFrameworkCore.Database.Command|Creating DbCommand for 'ExecuteReader'.
2025-10-09 00:20:42.5572|DEBUG|Microsoft.EntityFrameworkCore.Database.Command|Created DbCommand for 'ExecuteReader' (0ms).
2025-10-09 00:20:42.5572|DEBUG|Microsoft.EntityFrameworkCore.Database.Command|Initialized DbCommand for 'ExecuteReader' (0ms).
2025-10-09 00:20:42.5572|DEBUG|Microsoft.EntityFrameworkCore.Database.Command|Executing DbCommand [Parameters=[@__normalizedName_0='?' (Size = 256)], CommandType='Text', CommandTimeout='30']
SELECT TOP(1) [a].[Id], [a].[ConcurrencyStamp], [a].[Name], [a].[NormalizedName]
FROM [AspNetRoles] AS [a]
WHERE [a].[NormalizedName] = @__normalizedName_0
2025-10-09 00:20:42.5916|INFO|Microsoft.EntityFrameworkCore.Database.Command|Executed DbCommand (30ms) [Parameters=[@__normalizedName_0='?' (Size = 256)], CommandType='Text', CommandTimeout='30']
SELECT TOP(1) [a].[Id], [a].[ConcurrencyStamp], [a].[Name], [a].[NormalizedName]
FROM [AspNetRoles] AS [a]
WHERE [a].[NormalizedName] = @__normalizedName_0
2025-10-09 00:20:42.5916|DEBUG|Microsoft.EntityFrameworkCore.Database.Command|Closing data reader to 'StylistDB' on server '.\SQLEXPRESS'.
2025-10-09 00:20:42.5916|DEBUG|Microsoft.EntityFrameworkCore.Database.Command|A data reader for 'StylistDB' on server '.\SQLEXPRESS' is being disposed after spending 0ms reading results.
2025-10-09 00:20:42.5916|DEBUG|Microsoft.EntityFrameworkCore.Database.Command|Creating DbCommand for 'ExecuteReader'.
2025-10-09 00:20:42.5916|DEBUG|Microsoft.EntityFrameworkCore.Database.Command|Created DbCommand for 'ExecuteReader' (0ms).
2025-10-09 00:20:42.5916|DEBUG|Microsoft.EntityFrameworkCore.Database.Command|Initialized DbCommand for 'ExecuteReader' (0ms).
2025-10-09 00:20:42.5916|DEBUG|Microsoft.EntityFrameworkCore.Database.Command|Executing DbCommand [Parameters=[@__normalizedName_0='?' (Size = 256)], CommandType='Text', CommandTimeout='30']
SELECT TOP(1) [a].[Id], [a].[ConcurrencyStamp], [a].[Name], [a].[NormalizedName]
FROM [AspNetRoles] AS [a]
WHERE [a].[NormalizedName] = @__normalizedName_0
2025-10-09 00:20:42.5916|INFO|Microsoft.EntityFrameworkCore.Database.Command|Executed DbCommand (3ms) [Parameters=[@__normalizedName_0='?' (Size = 256)], CommandType='Text', CommandTimeout='30']
SELECT TOP(1) [a].[Id], [a].[ConcurrencyStamp], [a].[Name], [a].[NormalizedName]
FROM [AspNetRoles] AS [a]
WHERE [a].[NormalizedName] = @__normalizedName_0
2025-10-09 00:20:42.5916|DEBUG|Microsoft.EntityFrameworkCore.Database.Command|Closing data reader to 'StylistDB' on server '.\SQLEXPRESS'.
2025-10-09 00:20:42.5916|DEBUG|Microsoft.EntityFrameworkCore.Database.Command|A data reader for 'StylistDB' on server '.\SQLEXPRESS' is being disposed after spending 0ms reading results.
2025-10-09 00:20:42.6012|DEBUG|Microsoft.EntityFrameworkCore.Database.Command|Creating DbCommand for 'ExecuteReader'.
2025-10-09 00:20:42.6012|DEBUG|Microsoft.EntityFrameworkCore.Database.Command|Created DbCommand for 'ExecuteReader' (0ms).
2025-10-09 00:20:42.6012|DEBUG|Microsoft.EntityFrameworkCore.Database.Command|Initialized DbCommand for 'ExecuteReader' (0ms).
2025-10-09 00:20:42.6012|DEBUG|Microsoft.EntityFrameworkCore.Database.Command|Executing DbCommand [Parameters=[@p0='?' (Size = 450), @p1='?' (Size = 4000), @p2='?' (Size = 256), @p3='?' (Size = 256)], CommandType='Text', CommandTimeout='30']
SET IMPLICIT_TRANSACTIONS OFF;
SET NOCOUNT ON;
INSERT INTO [AspNetRoles] ([Id], [ConcurrencyStamp], [Name], [NormalizedName])
VALUES (@p0, @p1, @p2, @p3);
2025-10-09 00:20:42.6012|INFO|Microsoft.EntityFrameworkCore.Database.Command|Executed DbCommand (4ms) [Parameters=[@p0='?' (Size = 450), @p1='?' (Size = 4000), @p2='?' (Size = 256), @p3='?' (Size = 256)], CommandType='Text', CommandTimeout='30']
SET IMPLICIT_TRANSACTIONS OFF;
SET NOCOUNT ON;
INSERT INTO [AspNetRoles] ([Id], [ConcurrencyStamp], [Name], [NormalizedName])
VALUES (@p0, @p1, @p2, @p3);
2025-10-09 00:20:42.6012|DEBUG|Microsoft.EntityFrameworkCore.Database.Command|Closing data reader to 'StylistDB' on server '.\SQLEXPRESS'.
2025-10-09 00:20:42.6012|DEBUG|Microsoft.EntityFrameworkCore.Database.Command|A data reader for 'StylistDB' on server '.\SQLEXPRESS' is being disposed after spending 0ms reading results.
2025-10-09 00:20:42.6163|DEBUG|Microsoft.EntityFrameworkCore.Database.Command|Creating DbCommand for 'ExecuteReader'.
2025-10-09 00:20:42.6163|DEBUG|Microsoft.EntityFrameworkCore.Database.Command|Created DbCommand for 'ExecuteReader' (0ms).
2025-10-09 00:20:42.6163|DEBUG|Microsoft.EntityFrameworkCore.Database.Command|Initialized DbCommand for 'ExecuteReader' (0ms).
2025-10-09 00:20:42.6163|DEBUG|Microsoft.EntityFrameworkCore.Database.Command|Executing DbCommand [Parameters=[@__normalizedName_0='?' (Size = 256)], CommandType='Text', CommandTimeout='30']
SELECT TOP(1) [a].[Id], [a].[ConcurrencyStamp], [a].[Name], [a].[NormalizedName]
FROM [AspNetRoles] AS [a]
WHERE [a].[NormalizedName] = @__normalizedName_0
2025-10-09 00:20:42.6163|INFO|Microsoft.EntityFrameworkCore.Database.Command|Executed DbCommand (3ms) [Parameters=[@__normalizedName_0='?' (Size = 256)], CommandType='Text', CommandTimeout='30']
SELECT TOP(1) [a].[Id], [a].[ConcurrencyStamp], [a].[Name], [a].[NormalizedName]
FROM [AspNetRoles] AS [a]
WHERE [a].[NormalizedName] = @__normalizedName_0
2025-10-09 00:20:42.6163|DEBUG|Microsoft.EntityFrameworkCore.Database.Command|Closing data reader to 'StylistDB' on server '.\SQLEXPRESS'.
2025-10-09 00:20:42.6163|DEBUG|Microsoft.EntityFrameworkCore.Database.Command|A data reader for 'StylistDB' on server '.\SQLEXPRESS' is being disposed after spending 0ms reading results.
2025-10-09 00:20:42.6163|DEBUG|Microsoft.EntityFrameworkCore.Database.Command|Creating DbCommand for 'ExecuteReader'.
2025-10-09 00:20:42.6163|DEBUG|Microsoft.EntityFrameworkCore.Database.Command|Created DbCommand for 'ExecuteReader' (0ms).
2025-10-09 00:20:42.6163|DEBUG|Microsoft.EntityFrameworkCore.Database.Command|Initialized DbCommand for 'ExecuteReader' (0ms).
2025-10-09 00:20:42.6163|DEBUG|Microsoft.EntityFrameworkCore.Database.Command|Executing DbCommand [Parameters=[@__normalizedName_0='?' (Size = 256)], CommandType='Text', CommandTimeout='30']
SELECT TOP(1) [a].[Id], [a].[ConcurrencyStamp], [a].[Name], [a].[NormalizedName]
FROM [AspNetRoles] AS [a]
WHERE [a].[NormalizedName] = @__normalizedName_0
2025-10-09 00:20:42.6163|INFO|Microsoft.EntityFrameworkCore.Database.Command|Executed DbCommand (4ms) [Parameters=[@__normalizedName_0='?' (Size = 256)], CommandType='Text', CommandTimeout='30']
SELECT TOP(1) [a].[Id], [a].[ConcurrencyStamp], [a].[Name], [a].[NormalizedName]
FROM [AspNetRoles] AS [a]
WHERE [a].[NormalizedName] = @__normalizedName_0
2025-10-09 00:20:42.6163|DEBUG|Microsoft.EntityFrameworkCore.Database.Command|Closing data reader to 'StylistDB' on server '.\SQLEXPRESS'.
2025-10-09 00:20:42.6163|DEBUG|Microsoft.EntityFrameworkCore.Database.Command|A data reader for 'StylistDB' on server '.\SQLEXPRESS' is being disposed after spending 0ms reading results.
2025-10-09 00:20:42.6163|DEBUG|Microsoft.EntityFrameworkCore.Database.Command|Creating DbCommand for 'ExecuteReader'.
2025-10-09 00:20:42.6163|DEBUG|Microsoft.EntityFrameworkCore.Database.Command|Created DbCommand for 'ExecuteReader' (0ms).
2025-10-09 00:20:42.6163|DEBUG|Microsoft.EntityFrameworkCore.Database.Command|Initialized DbCommand for 'ExecuteReader' (0ms).
2025-10-09 00:20:42.6163|DEBUG|Microsoft.EntityFrameworkCore.Database.Command|Executing DbCommand [Parameters=[@p0='?' (Size = 450), @p1='?' (Size = 4000), @p2='?' (Size = 256), @p3='?' (Size = 256)], CommandType='Text', CommandTimeout='30']
SET IMPLICIT_TRANSACTIONS OFF;
SET NOCOUNT ON;
INSERT INTO [AspNetRoles] ([Id], [ConcurrencyStamp], [Name], [NormalizedName])
VALUES (@p0, @p1, @p2, @p3);
2025-10-09 00:20:42.6373|INFO|Microsoft.EntityFrameworkCore.Database.Command|Executed DbCommand (3ms) [Parameters=[@p0='?' (Size = 450), @p1='?' (Size = 4000), @p2='?' (Size = 256), @p3='?' (Size = 256)], CommandType='Text', CommandTimeout='30']
SET IMPLICIT_TRANSACTIONS OFF;
SET NOCOUNT ON;
INSERT INTO [AspNetRoles] ([Id], [ConcurrencyStamp], [Name], [NormalizedName])
VALUES (@p0, @p1, @p2, @p3);
2025-10-09 00:20:42.6373|DEBUG|Microsoft.EntityFrameworkCore.Database.Command|Closing data reader to 'StylistDB' on server '.\SQLEXPRESS'.
2025-10-09 00:20:42.6373|DEBUG|Microsoft.EntityFrameworkCore.Database.Command|A data reader for 'StylistDB' on server '.\SQLEXPRESS' is being disposed after spending 0ms reading results.
2025-10-09 00:20:42.6846|DEBUG|Microsoft.EntityFrameworkCore.Database.Command|Creating DbCommand for 'ExecuteReader'.
2025-10-09 00:20:42.6846|DEBUG|Microsoft.EntityFrameworkCore.Database.Command|Created DbCommand for 'ExecuteReader' (0ms).
2025-10-09 00:20:42.6846|DEBUG|Microsoft.EntityFrameworkCore.Database.Command|Initialized DbCommand for 'ExecuteReader' (0ms).
2025-10-09 00:20:42.6846|DEBUG|Microsoft.EntityFrameworkCore.Database.Command|Executing DbCommand [Parameters=[@__normalizedUserName_0='?' (Size = 256)], CommandType='Text', CommandTimeout='30']
SELECT TOP(1) [a].[Id], [a].[AccessFailedCount], [a].[Address], [a].[BookingID], [a].[CompanyName], [a].[ConcurrencyStamp], [a].[CreatedAt], [a].[Email], [a].[EmailConfirmed], [a].[FirstName], [a].[HomeService], [a].[ImageUrl], [a].[IsDeleted], [a].[LastLogin], [a].[Latitude], [a].[LockoutEnabled], [a].[LockoutEnd], [a].[Longitude], [a].[LoyaltyPoints], [a].[NormalizedEmail], [a].[NormalizedUserName], [a].[PasswordHash], [a].[PasswordResetToken], [a].[PhoneNumber], [a].[PhoneNumberConfirmed], [a].[PromotionalOfferID], [a].[ResetTokenExpires], [a].[SecurityStamp], [a].[Street], [a].[StylePortfolioID], [a].[Town], [a].[TwoFactorEnabled], [a].[UserName]
FROM [AspNetUsers] AS [a]
WHERE [a].[NormalizedUserName] = @__normalizedUserName_0
2025-10-09 00:20:42.6846|INFO|Microsoft.EntityFrameworkCore.Database.Command|Executed DbCommand (11ms) [Parameters=[@__normalizedUserName_0='?' (Size = 256)], CommandType='Text', CommandTimeout='30']
SELECT TOP(1) [a].[Id], [a].[AccessFailedCount], [a].[Address], [a].[BookingID], [a].[CompanyName], [a].[ConcurrencyStamp], [a].[CreatedAt], [a].[Email], [a].[EmailConfirmed], [a].[FirstName], [a].[HomeService], [a].[ImageUrl], [a].[IsDeleted], [a].[LastLogin], [a].[Latitude], [a].[LockoutEnabled], [a].[LockoutEnd], [a].[Longitude], [a].[LoyaltyPoints], [a].[NormalizedEmail], [a].[NormalizedUserName], [a].[PasswordHash], [a].[PasswordResetToken], [a].[PhoneNumber], [a].[PhoneNumberConfirmed], [a].[PromotionalOfferID], [a].[ResetTokenExpires], [a].[SecurityStamp], [a].[Street], [a].[StylePortfolioID], [a].[Town], [a].[TwoFactorEnabled], [a].[UserName]
FROM [AspNetUsers] AS [a]
WHERE [a].[NormalizedUserName] = @__normalizedUserName_0
2025-10-09 00:20:42.6846|DEBUG|Microsoft.EntityFrameworkCore.Database.Command|Closing data reader to 'StylistDB' on server '.\SQLEXPRESS'.
2025-10-09 00:20:42.6846|DEBUG|Microsoft.EntityFrameworkCore.Database.Command|A data reader for 'StylistDB' on server '.\SQLEXPRESS' is being disposed after spending 0ms reading results.
2025-10-09 00:20:42.9390|DEBUG|Microsoft.EntityFrameworkCore.Database.Command|Creating DbCommand for 'ExecuteReader'.
2025-10-09 00:20:42.9390|DEBUG|Microsoft.EntityFrameworkCore.Database.Command|Created DbCommand for 'ExecuteReader' (0ms).
2025-10-09 00:20:42.9390|DEBUG|Microsoft.EntityFrameworkCore.Database.Command|Initialized DbCommand for 'ExecuteReader' (1ms).
2025-10-09 00:20:42.9390|DEBUG|Microsoft.EntityFrameworkCore.Database.Command|Executing DbCommand [Parameters=[@__normalizedUserName_0='?' (Size = 256)], CommandType='Text', CommandTimeout='30']
SELECT TOP(1) [a].[Id], [a].[AccessFailedCount], [a].[Address], [a].[BookingID], [a].[CompanyName], [a].[ConcurrencyStamp], [a].[CreatedAt], [a].[Email], [a].[EmailConfirmed], [a].[FirstName], [a].[HomeService], [a].[ImageUrl], [a].[IsDeleted], [a].[LastLogin], [a].[Latitude], [a].[LockoutEnabled], [a].[LockoutEnd], [a].[Longitude], [a].[LoyaltyPoints], [a].[NormalizedEmail], [a].[NormalizedUserName], [a].[PasswordHash], [a].[PasswordResetToken], [a].[PhoneNumber], [a].[PhoneNumberConfirmed], [a].[PromotionalOfferID], [a].[ResetTokenExpires], [a].[SecurityStamp], [a].[Street], [a].[StylePortfolioID], [a].[Town], [a].[TwoFactorEnabled], [a].[UserName]
FROM [AspNetUsers] AS [a]
WHERE [a].[NormalizedUserName] = @__normalizedUserName_0
2025-10-09 00:20:42.9457|INFO|Microsoft.EntityFrameworkCore.Database.Command|Executed DbCommand (4ms) [Parameters=[@__normalizedUserName_0='?' (Size = 256)], CommandType='Text', CommandTimeout='30']
SELECT TOP(1) [a].[Id], [a].[AccessFailedCount], [a].[Address], [a].[BookingID], [a].[CompanyName], [a].[ConcurrencyStamp], [a].[CreatedAt], [a].[Email], [a].[EmailConfirmed], [a].[FirstName], [a].[HomeService], [a].[ImageUrl], [a].[IsDeleted], [a].[LastLogin], [a].[Latitude], [a].[LockoutEnabled], [a].[LockoutEnd], [a].[Longitude], [a].[LoyaltyPoints], [a].[NormalizedEmail], [a].[NormalizedUserName], [a].[PasswordHash], [a].[PasswordResetToken], [a].[PhoneNumber], [a].[PhoneNumberConfirmed], [a].[PromotionalOfferID], [a].[ResetTokenExpires], [a].[SecurityStamp], [a].[Street], [a].[StylePortfolioID], [a].[Town], [a].[TwoFactorEnabled], [a].[UserName]
FROM [AspNetUsers] AS [a]
WHERE [a].[NormalizedUserName] = @__normalizedUserName_0
2025-10-09 00:20:42.9457|DEBUG|Microsoft.EntityFrameworkCore.Database.Command|Closing data reader to 'StylistDB' on server '.\SQLEXPRESS'.
2025-10-09 00:20:42.9457|DEBUG|Microsoft.EntityFrameworkCore.Database.Command|A data reader for 'StylistDB' on server '.\SQLEXPRESS' is being disposed after spending 0ms reading results.
2025-10-09 00:20:42.9953|DEBUG|Microsoft.EntityFrameworkCore.Database.Command|Creating DbCommand for 'ExecuteReader'.
2025-10-09 00:20:42.9953|DEBUG|Microsoft.EntityFrameworkCore.Database.Command|Created DbCommand for 'ExecuteReader' (0ms).
2025-10-09 00:20:42.9953|DEBUG|Microsoft.EntityFrameworkCore.Database.Command|Initialized DbCommand for 'ExecuteReader' (0ms).
2025-10-09 00:20:42.9953|DEBUG|Microsoft.EntityFrameworkCore.Database.Command|Executing DbCommand [Parameters=[@__normalizedEmail_0='?' (Size = 256)], CommandType='Text', CommandTimeout='30']
SELECT TOP(2) [a].[Id], [a].[AccessFailedCount], [a].[Address], [a].[BookingID], [a].[CompanyName], [a].[ConcurrencyStamp], [a].[CreatedAt], [a].[Email], [a].[EmailConfirmed], [a].[FirstName], [a].[HomeService], [a].[ImageUrl], [a].[IsDeleted], [a].[LastLogin], [a].[Latitude], [a].[LockoutEnabled], [a].[LockoutEnd], [a].[Longitude], [a].[LoyaltyPoints], [a].[NormalizedEmail], [a].[NormalizedUserName], [a].[PasswordHash], [a].[PasswordResetToken], [a].[PhoneNumber], [a].[PhoneNumberConfirmed], [a].[PromotionalOfferID], [a].[ResetTokenExpires], [a].[SecurityStamp], [a].[Street], [a].[StylePortfolioID], [a].[Town], [a].[TwoFactorEnabled], [a].[UserName]
FROM [AspNetUsers] AS [a]
WHERE [a].[NormalizedEmail] = @__normalizedEmail_0
2025-10-09 00:20:42.9953|INFO|Microsoft.EntityFrameworkCore.Database.Command|Executed DbCommand (6ms) [Parameters=[@__normalizedEmail_0='?' (Size = 256)], CommandType='Text', CommandTimeout='30']
SELECT TOP(2) [a].[Id], [a].[AccessFailedCount], [a].[Address], [a].[BookingID], [a].[CompanyName], [a].[ConcurrencyStamp], [a].[CreatedAt], [a].[Email], [a].[EmailConfirmed], [a].[FirstName], [a].[HomeService], [a].[ImageUrl], [a].[IsDeleted], [a].[LastLogin], [a].[Latitude], [a].[LockoutEnabled], [a].[LockoutEnd], [a].[Longitude], [a].[LoyaltyPoints], [a].[NormalizedEmail], [a].[NormalizedUserName], [a].[PasswordHash], [a].[PasswordResetToken], [a].[PhoneNumber], [a].[PhoneNumberConfirmed], [a].[PromotionalOfferID], [a].[ResetTokenExpires], [a].[SecurityStamp], [a].[Street], [a].[StylePortfolioID], [a].[Town], [a].[TwoFactorEnabled], [a].[UserName]
FROM [AspNetUsers] AS [a]
WHERE [a].[NormalizedEmail] = @__normalizedEmail_0
2025-10-09 00:20:42.9953|DEBUG|Microsoft.EntityFrameworkCore.Database.Command|Closing data reader to 'StylistDB' on server '.\SQLEXPRESS'.
2025-10-09 00:20:42.9953|DEBUG|Microsoft.EntityFrameworkCore.Database.Command|A data reader for 'StylistDB' on server '.\SQLEXPRESS' is being disposed after spending 0ms reading results.
2025-10-09 00:20:43.2743|DEBUG|Microsoft.EntityFrameworkCore.Database.Command|Creating DbCommand for 'ExecuteReader'.
2025-10-09 00:20:43.2743|DEBUG|Microsoft.EntityFrameworkCore.Database.Command|Created DbCommand for 'ExecuteReader' (0ms).
2025-10-09 00:20:43.2743|DEBUG|Microsoft.EntityFrameworkCore.Database.Command|Initialized DbCommand for 'ExecuteReader' (1ms).
2025-10-09 00:20:43.2743|DEBUG|Microsoft.EntityFrameworkCore.Database.Command|Executing DbCommand [Parameters=[@p0='?' (Size = 450), @p1='?' (DbType = Int32), @p2='?' (Size = 4000), @p3='?' (DbType = Int32), @p4='?' (Size = 4000), @p5='?' (Size = 4000), @p6='?' (DbType = DateTime2), @p7='?' (Size = 256), @p8='?' (DbType = Boolean), @p9='?' (Size = 4000), @p10='?' (DbType = Boolean), @p11='?' (Size = 4000), @p12='?' (DbType = Boolean), @p13='?' (DbType = DateTime2), @p14='?' (DbType = Int32), @p15='?' (DbType = Boolean), @p16='?' (DbType = DateTimeOffset), @p17='?' (DbType = Int32), @p18='?' (DbType = Int32), @p19='?' (Size = 256), @p20='?' (Size = 256), @p21='?' (Size = 4000), @p22='?' (Size = 4000), @p23='?' (Size = 4000), @p24='?' (DbType = Boolean), @p25='?' (DbType = Int32), @p26='?' (DbType = DateTime2), @p27='?' (Size = 4000), @p28='?' (Size = 4000), @p29='?' (Size = 4000), @p30='?' (Size = 4000), @p31='?' (DbType = Boolean), @p32='?' (Size = 256)], CommandType='Text', CommandTimeout='30']
SET IMPLICIT_TRANSACTIONS OFF;
SET NOCOUNT ON;
INSERT INTO [AspNetUsers] ([Id], [AccessFailedCount], [Address], [BookingID], [CompanyName], [ConcurrencyStamp], [CreatedAt], [Email], [EmailConfirmed], [FirstName], [HomeService], [ImageUrl], [IsDeleted], [LastLogin], [Latitude], [LockoutEnabled], [LockoutEnd], [Longitude], [LoyaltyPoints], [NormalizedEmail], [NormalizedUserName], [PasswordHash], [PasswordResetToken], [PhoneNumber], [PhoneNumberConfirmed], [PromotionalOfferID], [ResetTokenExpires], [SecurityStamp], [Street], [StylePortfolioID], [Town], [TwoFactorEnabled], [UserName])
VALUES (@p0, @p1, @p2, @p3, @p4, @p5, @p6, @p7, @p8, @p9, @p10, @p11, @p12, @p13, @p14, @p15, @p16, @p17, @p18, @p19, @p20, @p21, @p22, @p23, @p24, @p25, @p26, @p27, @p28, @p29, @p30, @p31, @p32);
2025-10-09 00:20:43.2950|INFO|Microsoft.EntityFrameworkCore.Database.Command|Executed DbCommand (14ms) [Parameters=[@p0='?' (Size = 450), @p1='?' (DbType = Int32), @p2='?' (Size = 4000), @p3='?' (DbType = Int32), @p4='?' (Size = 4000), @p5='?' (Size = 4000), @p6='?' (DbType = DateTime2), @p7='?' (Size = 256), @p8='?' (DbType = Boolean), @p9='?' (Size = 4000), @p10='?' (DbType = Boolean), @p11='?' (Size = 4000), @p12='?' (DbType = Boolean), @p13='?' (DbType = DateTime2), @p14='?' (DbType = Int32), @p15='?' (DbType = Boolean), @p16='?' (DbType = DateTimeOffset), @p17='?' (DbType = Int32), @p18='?' (DbType = Int32), @p19='?' (Size = 256), @p20='?' (Size = 256), @p21='?' (Size = 4000), @p22='?' (Size = 4000), @p23='?' (Size = 4000), @p24='?' (DbType = Boolean), @p25='?' (DbType = Int32), @p26='?' (DbType = DateTime2), @p27='?' (Size = 4000), @p28='?' (Size = 4000), @p29='?' (Size = 4000), @p30='?' (Size = 4000), @p31='?' (DbType = Boolean), @p32='?' (Size = 256)], CommandType='Text', CommandTimeout='30']
SET IMPLICIT_TRANSACTIONS OFF;
SET NOCOUNT ON;
INSERT INTO [AspNetUsers] ([Id], [AccessFailedCount], [Address], [BookingID], [CompanyName], [ConcurrencyStamp], [CreatedAt], [Email], [EmailConfirmed], [FirstName], [HomeService], [ImageUrl], [IsDeleted], [LastLogin], [Latitude], [LockoutEnabled], [LockoutEnd], [Longitude], [LoyaltyPoints], [NormalizedEmail], [NormalizedUserName], [PasswordHash], [PasswordResetToken], [PhoneNumber], [PhoneNumberConfirmed], [PromotionalOfferID], [ResetTokenExpires], [SecurityStamp], [Street], [StylePortfolioID], [Town], [TwoFactorEnabled], [UserName])
VALUES (@p0, @p1, @p2, @p3, @p4, @p5, @p6, @p7, @p8, @p9, @p10, @p11, @p12, @p13, @p14, @p15, @p16, @p17, @p18, @p19, @p20, @p21, @p22, @p23, @p24, @p25, @p26, @p27, @p28, @p29, @p30, @p31, @p32);
2025-10-09 00:20:43.2950|DEBUG|Microsoft.EntityFrameworkCore.Database.Command|Closing data reader to 'StylistDB' on server '.\SQLEXPRESS'.
2025-10-09 00:20:43.2950|DEBUG|Microsoft.EntityFrameworkCore.Database.Command|A data reader for 'StylistDB' on server '.\SQLEXPRESS' is being disposed after spending 0ms reading results.
2025-10-09 00:20:43.3227|DEBUG|Microsoft.EntityFrameworkCore.Database.Command|Creating DbCommand for 'ExecuteReader'.
2025-10-09 00:20:43.3227|DEBUG|Microsoft.EntityFrameworkCore.Database.Command|Created DbCommand for 'ExecuteReader' (0ms).
2025-10-09 00:20:43.3227|DEBUG|Microsoft.EntityFrameworkCore.Database.Command|Initialized DbCommand for 'ExecuteReader' (0ms).
2025-10-09 00:20:43.3227|DEBUG|Microsoft.EntityFrameworkCore.Database.Command|Executing DbCommand [Parameters=[@__normalizedRoleName_0='?' (Size = 256)], CommandType='Text', CommandTimeout='30']
SELECT TOP(2) [a].[Id], [a].[ConcurrencyStamp], [a].[Name], [a].[NormalizedName]
FROM [AspNetRoles] AS [a]
WHERE [a].[NormalizedName] = @__normalizedRoleName_0
2025-10-09 00:20:43.3227|INFO|Microsoft.EntityFrameworkCore.Database.Command|Executed DbCommand (7ms) [Parameters=[@__normalizedRoleName_0='?' (Size = 256)], CommandType='Text', CommandTimeout='30']
SELECT TOP(2) [a].[Id], [a].[ConcurrencyStamp], [a].[Name], [a].[NormalizedName]
FROM [AspNetRoles] AS [a]
WHERE [a].[NormalizedName] = @__normalizedRoleName_0
2025-10-09 00:20:43.3437|DEBUG|Microsoft.EntityFrameworkCore.Database.Command|Closing data reader to 'StylistDB' on server '.\SQLEXPRESS'.
2025-10-09 00:20:43.3437|DEBUG|Microsoft.EntityFrameworkCore.Database.Command|A data reader for 'StylistDB' on server '.\SQLEXPRESS' is being disposed after spending 11ms reading results.
2025-10-09 00:20:43.4350|DEBUG|Microsoft.EntityFrameworkCore.Database.Command|Creating DbCommand for 'ExecuteReader'.
2025-10-09 00:20:43.4350|DEBUG|Microsoft.EntityFrameworkCore.Database.Command|Created DbCommand for 'ExecuteReader' (0ms).
2025-10-09 00:20:43.4350|DEBUG|Microsoft.EntityFrameworkCore.Database.Command|Initialized DbCommand for 'ExecuteReader' (0ms).
2025-10-09 00:20:43.4350|DEBUG|Microsoft.EntityFrameworkCore.Database.Command|Executing DbCommand [Parameters=[@__p_0='?' (Size = 450), @__p_1='?' (Size = 450)], CommandType='Text', CommandTimeout='30']
SELECT TOP(1) [a].[UserId], [a].[RoleId]
FROM [AspNetUserRoles] AS [a]
WHERE [a].[UserId] = @__p_0 AND [a].[RoleId] = @__p_1
2025-10-09 00:20:43.4891|INFO|Microsoft.EntityFrameworkCore.Database.Command|Executed DbCommand (52ms) [Parameters=[@__p_0='?' (Size = 450), @__p_1='?' (Size = 450)], CommandType='Text', CommandTimeout='30']
SELECT TOP(1) [a].[UserId], [a].[RoleId]
FROM [AspNetUserRoles] AS [a]
WHERE [a].[UserId] = @__p_0 AND [a].[RoleId] = @__p_1
2025-10-09 00:20:43.4891|DEBUG|Microsoft.EntityFrameworkCore.Database.Command|Closing data reader to 'StylistDB' on server '.\SQLEXPRESS'.
2025-10-09 00:20:43.4891|DEBUG|Microsoft.EntityFrameworkCore.Database.Command|A data reader for 'StylistDB' on server '.\SQLEXPRESS' is being disposed after spending 0ms reading results.
2025-10-09 00:20:43.4910|DEBUG|Microsoft.EntityFrameworkCore.Database.Command|Creating DbCommand for 'ExecuteReader'.
2025-10-09 00:20:43.4910|DEBUG|Microsoft.EntityFrameworkCore.Database.Command|Created DbCommand for 'ExecuteReader' (0ms).
2025-10-09 00:20:43.4910|DEBUG|Microsoft.EntityFrameworkCore.Database.Command|Initialized DbCommand for 'ExecuteReader' (0ms).
2025-10-09 00:20:43.4910|DEBUG|Microsoft.EntityFrameworkCore.Database.Command|Executing DbCommand [Parameters=[@__normalizedRoleName_0='?' (Size = 256)], CommandType='Text', CommandTimeout='30']
SELECT TOP(2) [a].[Id], [a].[ConcurrencyStamp], [a].[Name], [a].[NormalizedName]
FROM [AspNetRoles] AS [a]
WHERE [a].[NormalizedName] = @__normalizedRoleName_0
2025-10-09 00:20:43.4910|INFO|Microsoft.EntityFrameworkCore.Database.Command|Executed DbCommand (2ms) [Parameters=[@__normalizedRoleName_0='?' (Size = 256)], CommandType='Text', CommandTimeout='30']
SELECT TOP(2) [a].[Id], [a].[ConcurrencyStamp], [a].[Name], [a].[NormalizedName]
FROM [AspNetRoles] AS [a]
WHERE [a].[NormalizedName] = @__normalizedRoleName_0
2025-10-09 00:20:43.4910|DEBUG|Microsoft.EntityFrameworkCore.Database.Command|Closing data reader to 'StylistDB' on server '.\SQLEXPRESS'.
2025-10-09 00:20:43.4910|DEBUG|Microsoft.EntityFrameworkCore.Database.Command|A data reader for 'StylistDB' on server '.\SQLEXPRESS' is being disposed after spending 0ms reading results.
2025-10-09 00:20:43.5269|DEBUG|Microsoft.EntityFrameworkCore.Database.Command|Creating DbCommand for 'ExecuteReader'.
2025-10-09 00:20:43.5269|DEBUG|Microsoft.EntityFrameworkCore.Database.Command|Created DbCommand for 'ExecuteReader' (0ms).
2025-10-09 00:20:43.5269|DEBUG|Microsoft.EntityFrameworkCore.Database.Command|Initialized DbCommand for 'ExecuteReader' (0ms).
2025-10-09 00:20:43.5269|DEBUG|Microsoft.EntityFrameworkCore.Database.Command|Executing DbCommand [Parameters=[@__normalizedUserName_0='?' (Size = 256)], CommandType='Text', CommandTimeout='30']
SELECT TOP(1) [a].[Id], [a].[AccessFailedCount], [a].[Address], [a].[BookingID], [a].[CompanyName], [a].[ConcurrencyStamp], [a].[CreatedAt], [a].[Email], [a].[EmailConfirmed], [a].[FirstName], [a].[HomeService], [a].[ImageUrl], [a].[IsDeleted], [a].[LastLogin], [a].[Latitude], [a].[LockoutEnabled], [a].[LockoutEnd], [a].[Longitude], [a].[LoyaltyPoints], [a].[NormalizedEmail], [a].[NormalizedUserName], [a].[PasswordHash], [a].[PasswordResetToken], [a].[PhoneNumber], [a].[PhoneNumberConfirmed], [a].[PromotionalOfferID], [a].[ResetTokenExpires], [a].[SecurityStamp], [a].[Street], [a].[StylePortfolioID], [a].[Town], [a].[TwoFactorEnabled], [a].[UserName]
FROM [AspNetUsers] AS [a]
WHERE [a].[NormalizedUserName] = @__normalizedUserName_0
2025-10-09 00:20:43.5508|INFO|Microsoft.EntityFrameworkCore.Database.Command|Executed DbCommand (17ms) [Parameters=[@__normalizedUserName_0='?' (Size = 256)], CommandType='Text', CommandTimeout='30']
SELECT TOP(1) [a].[Id], [a].[AccessFailedCount], [a].[Address], [a].[BookingID], [a].[CompanyName], [a].[ConcurrencyStamp], [a].[CreatedAt], [a].[Email], [a].[EmailConfirmed], [a].[FirstName], [a].[HomeService], [a].[ImageUrl], [a].[IsDeleted], [a].[LastLogin], [a].[Latitude], [a].[LockoutEnabled], [a].[LockoutEnd], [a].[Longitude], [a].[LoyaltyPoints], [a].[NormalizedEmail], [a].[NormalizedUserName], [a].[PasswordHash], [a].[PasswordResetToken], [a].[PhoneNumber], [a].[PhoneNumberConfirmed], [a].[PromotionalOfferID], [a].[ResetTokenExpires], [a].[SecurityStamp], [a].[Street], [a].[StylePortfolioID], [a].[Town], [a].[TwoFactorEnabled], [a].[UserName]
FROM [AspNetUsers] AS [a]
WHERE [a].[NormalizedUserName] = @__normalizedUserName_0
2025-10-09 00:20:43.5579|DEBUG|Microsoft.EntityFrameworkCore.Database.Command|Closing data reader to 'StylistDB' on server '.\SQLEXPRESS'.
2025-10-09 00:20:43.5579|DEBUG|Microsoft.EntityFrameworkCore.Database.Command|A data reader for 'StylistDB' on server '.\SQLEXPRESS' is being disposed after spending 6ms reading results.
2025-10-09 00:20:43.5579|DEBUG|Microsoft.EntityFrameworkCore.Database.Command|Creating DbCommand for 'ExecuteReader'.
2025-10-09 00:20:43.5579|DEBUG|Microsoft.EntityFrameworkCore.Database.Command|Created DbCommand for 'ExecuteReader' (0ms).
2025-10-09 00:20:43.5579|DEBUG|Microsoft.EntityFrameworkCore.Database.Command|Initialized DbCommand for 'ExecuteReader' (0ms).
2025-10-09 00:20:43.5579|DEBUG|Microsoft.EntityFrameworkCore.Database.Command|Executing DbCommand [Parameters=[@__normalizedEmail_0='?' (Size = 256)], CommandType='Text', CommandTimeout='30']
SELECT TOP(2) [a].[Id], [a].[AccessFailedCount], [a].[Address], [a].[BookingID], [a].[CompanyName], [a].[ConcurrencyStamp], [a].[CreatedAt], [a].[Email], [a].[EmailConfirmed], [a].[FirstName], [a].[HomeService], [a].[ImageUrl], [a].[IsDeleted], [a].[LastLogin], [a].[Latitude], [a].[LockoutEnabled], [a].[LockoutEnd], [a].[Longitude], [a].[LoyaltyPoints], [a].[NormalizedEmail], [a].[NormalizedUserName], [a].[PasswordHash], [a].[PasswordResetToken], [a].[PhoneNumber], [a].[PhoneNumberConfirmed], [a].[PromotionalOfferID], [a].[ResetTokenExpires], [a].[SecurityStamp], [a].[Street], [a].[StylePortfolioID], [a].[Town], [a].[TwoFactorEnabled], [a].[UserName]
FROM [AspNetUsers] AS [a]
WHERE [a].[NormalizedEmail] = @__normalizedEmail_0
2025-10-09 00:20:43.5773|INFO|Microsoft.EntityFrameworkCore.Database.Command|Executed DbCommand (13ms) [Parameters=[@__normalizedEmail_0='?' (Size = 256)], CommandType='Text', CommandTimeout='30']
SELECT TOP(2) [a].[Id], [a].[AccessFailedCount], [a].[Address], [a].[BookingID], [a].[CompanyName], [a].[ConcurrencyStamp], [a].[CreatedAt], [a].[Email], [a].[EmailConfirmed], [a].[FirstName], [a].[HomeService], [a].[ImageUrl], [a].[IsDeleted], [a].[LastLogin], [a].[Latitude], [a].[LockoutEnabled], [a].[LockoutEnd], [a].[Longitude], [a].[LoyaltyPoints], [a].[NormalizedEmail], [a].[NormalizedUserName], [a].[PasswordHash], [a].[PasswordResetToken], [a].[PhoneNumber], [a].[PhoneNumberConfirmed], [a].[PromotionalOfferID], [a].[ResetTokenExpires], [a].[SecurityStamp], [a].[Street], [a].[StylePortfolioID], [a].[Town], [a].[TwoFactorEnabled], [a].[UserName]
FROM [AspNetUsers] AS [a]
WHERE [a].[NormalizedEmail] = @__normalizedEmail_0
2025-10-09 00:20:43.5773|DEBUG|Microsoft.EntityFrameworkCore.Database.Command|Closing data reader to 'StylistDB' on server '.\SQLEXPRESS'.
2025-10-09 00:20:43.5773|DEBUG|Microsoft.EntityFrameworkCore.Database.Command|A data reader for 'StylistDB' on server '.\SQLEXPRESS' is being disposed after spending 0ms reading results.
2025-10-09 00:20:43.6448|DEBUG|Microsoft.EntityFrameworkCore.Database.Command|Creating DbCommand for 'ExecuteReader'.
2025-10-09 00:20:43.6448|DEBUG|Microsoft.EntityFrameworkCore.Database.Command|Created DbCommand for 'ExecuteReader' (0ms).
2025-10-09 00:20:43.6490|DEBUG|Microsoft.EntityFrameworkCore.Database.Command|Initialized DbCommand for 'ExecuteReader' (2ms).
2025-10-09 00:20:43.6490|DEBUG|Microsoft.EntityFrameworkCore.Database.Command|Executing DbCommand [Parameters=[@p0='?' (Size = 450), @p1='?' (Size = 450), @p34='?' (Size = 450), @p2='?' (DbType = Int32), @p3='?' (Size = 4000), @p4='?' (DbType = Int32), @p5='?' (Size = 4000), @p6='?' (Size = 4000), @p35='?' (Size = 4000), @p7='?' (DbType = DateTime2), @p8='?' (Size = 256), @p9='?' (DbType = Boolean), @p10='?' (Size = 4000), @p11='?' (DbType = Boolean), @p12='?' (Size = 4000), @p13='?' (DbType = Boolean), @p14='?' (DbType = DateTime2), @p15='?' (DbType = Int32), @p16='?' (DbType = Boolean), @p17='?' (DbType = DateTimeOffset), @p18='?' (DbType = Int32), @p19='?' (DbType = Int32), @p20='?' (Size = 256), @p21='?' (Size = 256), @p22='?' (Size = 4000), @p23='?' (Size = 4000), @p24='?' (Size = 4000), @p25='?' (DbType = Boolean), @p26='?' (DbType = Int32), @p27='?' (DbType = DateTime2), @p28='?' (Size = 4000), @p29='?' (Size = 4000), @p30='?' (Size = 4000), @p31='?' (Size = 4000), @p32='?' (DbType = Boolean), @p33='?' (Size = 256)], CommandType='Text', CommandTimeout='30']
SET NOCOUNT ON;
INSERT INTO [AspNetUserRoles] ([RoleId], [UserId])
VALUES (@p0, @p1);
UPDATE [AspNetUsers] SET [AccessFailedCount] = @p2, [Address] = @p3, [BookingID] = @p4, [CompanyName] = @p5, [ConcurrencyStamp] = @p6, [CreatedAt] = @p7, [Email] = @p8, [EmailConfirmed] = @p9, [FirstName] = @p10, [HomeService] = @p11, [ImageUrl] = @p12, [IsDeleted] = @p13, [LastLogin] = @p14, [Latitude] = @p15, [LockoutEnabled] = @p16, [LockoutEnd] = @p17, [Longitude] = @p18, [LoyaltyPoints] = @p19, [NormalizedEmail] = @p20, [NormalizedUserName] = @p21, [PasswordHash] = @p22, [PasswordResetToken] = @p23, [PhoneNumber] = @p24, [PhoneNumberConfirmed] = @p25, [PromotionalOfferID] = @p26, [ResetTokenExpires] = @p27, [SecurityStamp] = @p28, [Street] = @p29, [StylePortfolioID] = @p30, [Town] = @p31, [TwoFactorEnabled] = @p32, [UserName] = @p33
OUTPUT 1
WHERE [Id] = @p34 AND [ConcurrencyStamp] = @p35;
2025-10-09 00:20:43.6931|INFO|Microsoft.EntityFrameworkCore.Database.Command|Executed DbCommand (44ms) [Parameters=[@p0='?' (Size = 450), @p1='?' (Size = 450), @p34='?' (Size = 450), @p2='?' (DbType = Int32), @p3='?' (Size = 4000), @p4='?' (DbType = Int32), @p5='?' (Size = 4000), @p6='?' (Size = 4000), @p35='?' (Size = 4000), @p7='?' (DbType = DateTime2), @p8='?' (Size = 256), @p9='?' (DbType = Boolean), @p10='?' (Size = 4000), @p11='?' (DbType = Boolean), @p12='?' (Size = 4000), @p13='?' (DbType = Boolean), @p14='?' (DbType = DateTime2), @p15='?' (DbType = Int32), @p16='?' (DbType = Boolean), @p17='?' (DbType = DateTimeOffset), @p18='?' (DbType = Int32), @p19='?' (DbType = Int32), @p20='?' (Size = 256), @p21='?' (Size = 256), @p22='?' (Size = 4000), @p23='?' (Size = 4000), @p24='?' (Size = 4000), @p25='?' (DbType = Boolean), @p26='?' (DbType = Int32), @p27='?' (DbType = DateTime2), @p28='?' (Size = 4000), @p29='?' (Size = 4000), @p30='?' (Size = 4000), @p31='?' (Size = 4000), @p32='?' (DbType = Boolean), @p33='?' (Size = 256)], CommandType='Text', CommandTimeout='30']
SET NOCOUNT ON;
INSERT INTO [AspNetUserRoles] ([RoleId], [UserId])
VALUES (@p0, @p1);
UPDATE [AspNetUsers] SET [AccessFailedCount] = @p2, [Address] = @p3, [BookingID] = @p4, [CompanyName] = @p5, [ConcurrencyStamp] = @p6, [CreatedAt] = @p7, [Email] = @p8, [EmailConfirmed] = @p9, [FirstName] = @p10, [HomeService] = @p11, [ImageUrl] = @p12, [IsDeleted] = @p13, [LastLogin] = @p14, [Latitude] = @p15, [LockoutEnabled] = @p16, [LockoutEnd] = @p17, [Longitude] = @p18, [LoyaltyPoints] = @p19, [NormalizedEmail] = @p20, [NormalizedUserName] = @p21, [PasswordHash] = @p22, [PasswordResetToken] = @p23, [PhoneNumber] = @p24, [PhoneNumberConfirmed] = @p25, [PromotionalOfferID] = @p26, [ResetTokenExpires] = @p27, [SecurityStamp] = @p28, [Street] = @p29, [StylePortfolioID] = @p30, [Town] = @p31, [TwoFactorEnabled] = @p32, [UserName] = @p33
OUTPUT 1
WHERE [Id] = @p34 AND [ConcurrencyStamp] = @p35;
2025-10-09 00:20:43.7009|DEBUG|Microsoft.EntityFrameworkCore.Database.Command|Closing data reader to 'StylistDB' on server '.\SQLEXPRESS'.
2025-10-09 00:20:43.7009|DEBUG|Microsoft.EntityFrameworkCore.Database.Command|A data reader for 'StylistDB' on server '.\SQLEXPRESS' is being disposed after spending 6ms reading results.
2025-10-09 00:20:43.7615|DEBUG|Microsoft.EntityFrameworkCore.Database.Command|Creating DbCommand for 'ExecuteReader'.
2025-10-09 00:20:43.7615|DEBUG|Microsoft.EntityFrameworkCore.Database.Command|Created DbCommand for 'ExecuteReader' (0ms).
2025-10-09 00:20:43.7615|DEBUG|Microsoft.EntityFrameworkCore.Database.Command|Initialized DbCommand for 'ExecuteReader' (0ms).
2025-10-09 00:20:43.7615|DEBUG|Microsoft.EntityFrameworkCore.Database.Command|Executing DbCommand [Parameters=[], CommandType='Text', CommandTimeout='30']
SELECT CASE
    WHEN EXISTS (
        SELECT 1
        FROM [HaircareProducts] AS [h]) THEN CAST(1 AS bit)
    ELSE CAST(0 AS bit)
END
2025-10-09 00:20:43.7755|INFO|Microsoft.EntityFrameworkCore.Database.Command|Executed DbCommand (9ms) [Parameters=[], CommandType='Text', CommandTimeout='30']
SELECT CASE
    WHEN EXISTS (
        SELECT 1
        FROM [HaircareProducts] AS [h]) THEN CAST(1 AS bit)
    ELSE CAST(0 AS bit)
END
2025-10-09 00:20:43.7755|DEBUG|Microsoft.EntityFrameworkCore.Database.Command|Closing data reader to 'StylistDB' on server '.\SQLEXPRESS'.
2025-10-09 00:20:43.7755|DEBUG|Microsoft.EntityFrameworkCore.Database.Command|A data reader for 'StylistDB' on server '.\SQLEXPRESS' is being disposed after spending 5ms reading results.
2025-10-09 00:20:43.8403|DEBUG|Microsoft.EntityFrameworkCore.Database.Command|Creating DbCommand for 'ExecuteReader'.
2025-10-09 00:20:43.8403|DEBUG|Microsoft.EntityFrameworkCore.Database.Command|Created DbCommand for 'ExecuteReader' (0ms).
2025-10-09 00:20:43.8403|DEBUG|Microsoft.EntityFrameworkCore.Database.Command|Initialized DbCommand for 'ExecuteReader' (0ms).
2025-10-09 00:20:43.8403|DEBUG|Microsoft.EntityFrameworkCore.Database.Command|Executing DbCommand [Parameters=[], CommandType='Text', CommandTimeout='30']
SELECT CASE
    WHEN EXISTS (
        SELECT 1
        FROM [HairStyles] AS [h]) THEN CAST(1 AS bit)
    ELSE CAST(0 AS bit)
END
2025-10-09 00:20:43.8403|INFO|Microsoft.EntityFrameworkCore.Database.Command|Executed DbCommand (3ms) [Parameters=[], CommandType='Text', CommandTimeout='30']
SELECT CASE
    WHEN EXISTS (
        SELECT 1
        FROM [HairStyles] AS [h]) THEN CAST(1 AS bit)
    ELSE CAST(0 AS bit)
END
2025-10-09 00:20:43.8403|DEBUG|Microsoft.EntityFrameworkCore.Database.Command|Closing data reader to 'StylistDB' on server '.\SQLEXPRESS'.
2025-10-09 00:20:43.8403|DEBUG|Microsoft.EntityFrameworkCore.Database.Command|A data reader for 'StylistDB' on server '.\SQLEXPRESS' is being disposed after spending 0ms reading results.
2025-10-09 00:20:43.9963|DEBUG|Microsoft.EntityFrameworkCore.Database.Command|Creating DbCommand for 'ExecuteReader'.
2025-10-09 00:20:43.9963|DEBUG|Microsoft.EntityFrameworkCore.Database.Command|Created DbCommand for 'ExecuteReader' (1ms).
2025-10-09 00:20:43.9963|DEBUG|Microsoft.EntityFrameworkCore.Database.Command|Initialized DbCommand for 'ExecuteReader' (1ms).
2025-10-09 00:20:43.9963|DEBUG|Microsoft.EntityFrameworkCore.Database.Command|Executing DbCommand [Parameters=[], CommandType='Text', CommandTimeout='30']
SELECT CASE
    WHEN EXISTS (
        SELECT 1
        FROM [StylistPortfolios] AS [s]) THEN CAST(1 AS bit)
    ELSE CAST(0 AS bit)
END
2025-10-09 00:20:44.0506|INFO|Microsoft.EntityFrameworkCore.Database.Command|Executed DbCommand (52ms) [Parameters=[], CommandType='Text', CommandTimeout='30']
SELECT CASE
    WHEN EXISTS (
        SELECT 1
        FROM [StylistPortfolios] AS [s]) THEN CAST(1 AS bit)
    ELSE CAST(0 AS bit)
END
2025-10-09 00:20:44.0506|DEBUG|Microsoft.EntityFrameworkCore.Database.Command|Closing data reader to 'StylistDB' on server '.\SQLEXPRESS'.
2025-10-09 00:20:44.0506|DEBUG|Microsoft.EntityFrameworkCore.Database.Command|A data reader for 'StylistDB' on server '.\SQLEXPRESS' is being disposed after spending 0ms reading results.
2025-10-09 00:20:44.0862|DEBUG|Microsoft.EntityFrameworkCore.Database.Command|Creating DbCommand for 'ExecuteReader'.
2025-10-09 00:20:44.0862|DEBUG|Microsoft.EntityFrameworkCore.Database.Command|Created DbCommand for 'ExecuteReader' (0ms).
2025-10-09 00:20:44.0862|DEBUG|Microsoft.EntityFrameworkCore.Database.Command|Initialized DbCommand for 'ExecuteReader' (0ms).
2025-10-09 00:20:44.0862|DEBUG|Microsoft.EntityFrameworkCore.Database.Command|Executing DbCommand [Parameters=[], CommandType='Text', CommandTimeout='30']
SELECT TOP(1) [a].[Id], [a].[AccessFailedCount], [a].[Address], [a].[BookingID], [a].[CompanyName], [a].[ConcurrencyStamp], [a].[CreatedAt], [a].[Email], [a].[EmailConfirmed], [a].[FirstName], [a].[HomeService], [a].[ImageUrl], [a].[IsDeleted], [a].[LastLogin], [a].[Latitude], [a].[LockoutEnabled], [a].[LockoutEnd], [a].[Longitude], [a].[LoyaltyPoints], [a].[NormalizedEmail], [a].[NormalizedUserName], [a].[PasswordHash], [a].[PasswordResetToken], [a].[PhoneNumber], [a].[PhoneNumberConfirmed], [a].[PromotionalOfferID], [a].[ResetTokenExpires], [a].[SecurityStamp], [a].[Street], [a].[StylePortfolioID], [a].[Town], [a].[TwoFactorEnabled], [a].[UserName]
FROM [AspNetUsers] AS [a]
2025-10-09 00:20:44.0862|INFO|Microsoft.EntityFrameworkCore.Database.Command|Executed DbCommand (5ms) [Parameters=[], CommandType='Text', CommandTimeout='30']
SELECT TOP(1) [a].[Id], [a].[AccessFailedCount], [a].[Address], [a].[BookingID], [a].[CompanyName], [a].[ConcurrencyStamp], [a].[CreatedAt], [a].[Email], [a].[EmailConfirmed], [a].[FirstName], [a].[HomeService], [a].[ImageUrl], [a].[IsDeleted], [a].[LastLogin], [a].[Latitude], [a].[LockoutEnabled], [a].[LockoutEnd], [a].[Longitude], [a].[LoyaltyPoints], [a].[NormalizedEmail], [a].[NormalizedUserName], [a].[PasswordHash], [a].[PasswordResetToken], [a].[PhoneNumber], [a].[PhoneNumberConfirmed], [a].[PromotionalOfferID], [a].[ResetTokenExpires], [a].[SecurityStamp], [a].[Street], [a].[StylePortfolioID], [a].[Town], [a].[TwoFactorEnabled], [a].[UserName]
FROM [AspNetUsers] AS [a]
2025-10-09 00:20:44.0862|DEBUG|Microsoft.EntityFrameworkCore.Database.Command|Closing data reader to 'StylistDB' on server '.\SQLEXPRESS'.
2025-10-09 00:20:44.0862|DEBUG|Microsoft.EntityFrameworkCore.Database.Command|A data reader for 'StylistDB' on server '.\SQLEXPRESS' is being disposed after spending 1ms reading results.
2025-10-09 00:20:44.1928|DEBUG|Microsoft.EntityFrameworkCore.Database.Command|Creating DbCommand for 'ExecuteReader'.
2025-10-09 00:20:44.1957|DEBUG|Microsoft.EntityFrameworkCore.Database.Command|Created DbCommand for 'ExecuteReader' (0ms).
2025-10-09 00:20:44.1957|DEBUG|Microsoft.EntityFrameworkCore.Database.Command|Initialized DbCommand for 'ExecuteReader' (6ms).
2025-10-09 00:20:44.1957|DEBUG|Microsoft.EntityFrameworkCore.Database.Command|Executing DbCommand [Parameters=[@p0='?' (Size = 450), @p1='?' (DbType = DateTime2), @p2='?' (Size = 4000), @p3='?' (DbType = Boolean), @p4='?' (DbType = DateTime2), @p5='?' (DbType = Int32), @p6='?' (Size = 4000), @p7='?' (DbType = Double), @p8='?' (DbType = Boolean), @p9='?' (Size = 4000), @p10='?' (Size = 4000), @p11='?' (Size = 450), @p12='?' (Size = 4000), @p13='?' (DbType = Int32), @p14='?' (DbType = DateTime2), @p15='?' (Size = 4000), @p16='?' (Size = 4000), @p17='?' (DbType = Boolean), @p18='?' (DbType = DateTime2), @p19='?' (Precision = 18) (Scale = 2) (DbType = Decimal), @p20='?' (Size = 4000), @p21='?' (DbType = Int32), @p22='?' (Size = 450), @p23='?' (Size = 4000), @p24='?' (DbType = Int32), @p25='?' (DbType = DateTime2), @p26='?' (Size = 4000), @p27='?' (Size = 4000), @p28='?' (DbType = Boolean), @p29='?' (DbType = DateTime2), @p30='?' (Precision = 18) (Scale = 2) (DbType = Decimal), @p31='?' (Size = 4000), @p32='?' (DbType = Int32), @p33='?' (Size = 450), @p34='?' (Size = 4000), @p35='?' (DbType = Int32), @p36='?' (DbType = DateTime2), @p37='?' (Size = 4000), @p38='?' (Size = 4000), @p39='?' (DbType = Boolean), @p40='?' (DbType = DateTime2), @p41='?' (Precision = 18) (Scale = 2) (DbType = Decimal), @p42='?' (Size = 4000), @p43='?' (DbType = Int32), @p44='?' (Size = 450), @p45='?' (DbType = DateTime2), @p46='?' (DbType = Boolean), @p47='?' (DbType = DateTime2), @p48='?' (Size = 4000), @p49='?' (Size = 4000), @p50='?' (Size = 450), @p51='?' (Size = 450), @p52='?' (Size = 450), @p53='?' (DbType = DateTime2), @p54='?' (Size = 450), @p55='?' (DbType = Boolean), @p56='?' (DbType = Boolean), @p57='?' (DbType = DateTime2), @p58='?' (Size = 4000), @p59='?' (Size = 4000), @p60='?' (Size = 4000)], CommandType='Text', CommandTimeout='30']
SET NOCOUNT ON;
INSERT INTO [HairStyles] ([Id], [CreatedAt], [Description], [IsDeleted], [ModifiedAt], [Origin], [PhotoId], [PriceTag], [PromotionalOffer], [StyleName], [VideoLinks])
VALUES (@p0, @p1, @p2, @p3, @p4, @p5, @p6, @p7, @p8, @p9, @p10);
INSERT INTO [HaircareProducts] ([Id], [Brand], [Category], [CreatedAt], [Description], [ImageUrl], [IsDeleted], [ModifiedAt], [Price], [ProductName], [StockQuantity])
VALUES (@p11, @p12, @p13, @p14, @p15, @p16, @p17, @p18, @p19, @p20, @p21),
(@p22, @p23, @p24, @p25, @p26, @p27, @p28, @p29, @p30, @p31, @p32),
(@p33, @p34, @p35, @p36, @p37, @p38, @p39, @p40, @p41, @p42, @p43);
INSERT INTO [StylistPortfolios] ([Id], [CreatedAt], [IsDeleted], [ModifiedAt], [StylePicturesLink], [StyleVideoLink], [UserID])
VALUES (@p44, @p45, @p46, @p47, @p48, @p49, @p50);
INSERT INTO [Photos] ([Id], [AppUserId], [CreatedAt], [HairStyleId], [IsDeleted], [IsMain], [ModifiedAt], [PublicId], [Url], [UserId])
VALUES (@p51, @p52, @p53, @p54, @p55, @p56, @p57, @p58, @p59, @p60);
2025-10-09 00:20:44.2712|INFO|Microsoft.EntityFrameworkCore.Database.Command|Executed DbCommand (69ms) [Parameters=[@p0='?' (Size = 450), @p1='?' (DbType = DateTime2), @p2='?' (Size = 4000), @p3='?' (DbType = Boolean), @p4='?' (DbType = DateTime2), @p5='?' (DbType = Int32), @p6='?' (Size = 4000), @p7='?' (DbType = Double), @p8='?' (DbType = Boolean), @p9='?' (Size = 4000), @p10='?' (Size = 4000), @p11='?' (Size = 450), @p12='?' (Size = 4000), @p13='?' (DbType = Int32), @p14='?' (DbType = DateTime2), @p15='?' (Size = 4000), @p16='?' (Size = 4000), @p17='?' (DbType = Boolean), @p18='?' (DbType = DateTime2), @p19='?' (Precision = 18) (Scale = 2) (DbType = Decimal), @p20='?' (Size = 4000), @p21='?' (DbType = Int32), @p22='?' (Size = 450), @p23='?' (Size = 4000), @p24='?' (DbType = Int32), @p25='?' (DbType = DateTime2), @p26='?' (Size = 4000), @p27='?' (Size = 4000), @p28='?' (DbType = Boolean), @p29='?' (DbType = DateTime2), @p30='?' (Precision = 18) (Scale = 2) (DbType = Decimal), @p31='?' (Size = 4000), @p32='?' (DbType = Int32), @p33='?' (Size = 450), @p34='?' (Size = 4000), @p35='?' (DbType = Int32), @p36='?' (DbType = DateTime2), @p37='?' (Size = 4000), @p38='?' (Size = 4000), @p39='?' (DbType = Boolean), @p40='?' (DbType = DateTime2), @p41='?' (Precision = 18) (Scale = 2) (DbType = Decimal), @p42='?' (Size = 4000), @p43='?' (DbType = Int32), @p44='?' (Size = 450), @p45='?' (DbType = DateTime2), @p46='?' (DbType = Boolean), @p47='?' (DbType = DateTime2), @p48='?' (Size = 4000), @p49='?' (Size = 4000), @p50='?' (Size = 450), @p51='?' (Size = 450), @p52='?' (Size = 450), @p53='?' (DbType = DateTime2), @p54='?' (Size = 450), @p55='?' (DbType = Boolean), @p56='?' (DbType = Boolean), @p57='?' (DbType = DateTime2), @p58='?' (Size = 4000), @p59='?' (Size = 4000), @p60='?' (Size = 4000)], CommandType='Text', CommandTimeout='30']
SET NOCOUNT ON;
INSERT INTO [HairStyles] ([Id], [CreatedAt], [Description], [IsDeleted], [ModifiedAt], [Origin], [PhotoId], [PriceTag], [PromotionalOffer], [StyleName], [VideoLinks])
VALUES (@p0, @p1, @p2, @p3, @p4, @p5, @p6, @p7, @p8, @p9, @p10);
INSERT INTO [HaircareProducts] ([Id], [Brand], [Category], [CreatedAt], [Description], [ImageUrl], [IsDeleted], [ModifiedAt], [Price], [ProductName], [StockQuantity])
VALUES (@p11, @p12, @p13, @p14, @p15, @p16, @p17, @p18, @p19, @p20, @p21),
(@p22, @p23, @p24, @p25, @p26, @p27, @p28, @p29, @p30, @p31, @p32),
(@p33, @p34, @p35, @p36, @p37, @p38, @p39, @p40, @p41, @p42, @p43);
INSERT INTO [StylistPortfolios] ([Id], [CreatedAt], [IsDeleted], [ModifiedAt], [StylePicturesLink], [StyleVideoLink], [UserID])
VALUES (@p44, @p45, @p46, @p47, @p48, @p49, @p50);
INSERT INTO [Photos] ([Id], [AppUserId], [CreatedAt], [HairStyleId], [IsDeleted], [IsMain], [ModifiedAt], [PublicId], [Url], [UserId])
VALUES (@p51, @p52, @p53, @p54, @p55, @p56, @p57, @p58, @p59, @p60);
2025-10-09 00:20:44.2712|DEBUG|Microsoft.EntityFrameworkCore.Database.Command|Closing data reader to 'StylistDB' on server '.\SQLEXPRESS'.
2025-10-09 00:20:44.2712|DEBUG|Microsoft.EntityFrameworkCore.Database.Command|A data reader for 'StylistDB' on server '.\SQLEXPRESS' is being disposed after spending 0ms reading results.
