2026-03-05 17:38:08.3477|DEBUG|Microsoft.EntityFrameworkCore.Query|Compiling query expression: 
'DbSet<IdentityRole>()
    .FirstOrDefault(r => r.NormalizedName == __normalizedName_0)'
2026-03-05 17:38:09.0401|DEBUG|Microsoft.EntityFrameworkCore.Query|Generated query execution expression: 
'queryContext => ShapedQueryCompilingExpressionVisitor.SingleOrDefaultAsync<IdentityRole>(
    asyncEnumerable: SingleQueryingEnumerable.Create<IdentityRole>(
        relationalQueryContext: (RelationalQueryContext)queryContext, 
        relationalCommandResolver: parameters => [LIFTABLE Constant: RelationalCommandCache.QueryExpression(
            Projection Mapping:
                EmptyProjectionMember -> Dictionary<IProperty, int> { [Property: IdentityRole.Id (string) Required PK AfterSave:Throw, 0], [Property: IdentityRole.ConcurrencyStamp (string) Concurrency, 1], [Property: IdentityRole.Name (string) MaxLength(256), 2], [Property: IdentityRole.NormalizedName (string) Index MaxLength(256), 3] }
            SELECT TOP(1) a.Id, a.ConcurrencyStamp, a.Name, a.NormalizedName
            FROM AspNetRoles AS a
            WHERE a.NormalizedName == @__normalizedName_0) | Resolver: c => new RelationalCommandCache(
            c.Dependencies.MemoryCache, 
            c.RelationalDependencies.QuerySqlGeneratorFactory, 
            c.RelationalDependencies.RelationalParameterBasedSqlProcessorFactory, 
            Projection Mapping:
                EmptyProjectionMember -> Dictionary<IProperty, int> { [Property: IdentityRole.Id (string) Required PK AfterSave:Throw, 0], [Property: IdentityRole.ConcurrencyStamp (string) Concurrency, 1], [Property: IdentityRole.Name (string) MaxLength(256), 2], [Property: IdentityRole.NormalizedName (string) Index MaxLength(256), 3] }
            SELECT TOP(1) a.Id, a.ConcurrencyStamp, a.Name, a.NormalizedName
            FROM AspNetRoles AS a
            WHERE a.NormalizedName == @__normalizedName_0, 
            False, 
            new HashSet<string>(
                new string[]{ }, 
                StringComparer.Ordinal
            )
        )].GetRelationalCommandTemplate(parameters), 
        readerColumns: null, 
        shaper: (queryContext, dataReader, resultContext, resultCoordinator) => 
        {
            IdentityRole entity;
            entity = 
            {
                MaterializationContext materializationContext1;
                IEntityType entityType1;
                IdentityRole instance1;
                InternalEntityEntry entry1;
                bool hasNullKey1;
                materializationContext1 = new MaterializationContext(
                    [LIFTABLE Constant: ValueBuffer | Resolver: _ => (object)ValueBuffer.Empty], 
                    queryContext.Context
                );
                instance1 = default(IdentityRole);
                entry1 = queryContext.TryGetEntry(
                    key: [LIFTABLE Constant: Key: IdentityRole.Id PK | Resolver: c => c.Dependencies.Model.FindEntityType("Microsoft.AspNetCore.Identity.IdentityRole").FindPrimaryKey()], 
                    keyValues: new object[]{ (object)dataReader.GetString(0) }, 
                    throwOnNullKey: True, 
                    hasNullKey: hasNullKey1);
                !(hasNullKey1) ? entry1 != default(InternalEntityEntry) ? 
                {
                    entityType1 = entry1.EntityType;
                    return instance1 = (IdentityRole)entry1.Entity;
                } : 
                {
                    ISnapshot shadowSnapshot1;
                    shadowSnapshot1 = [LIFTABLE Constant: Snapshot | Resolver: _ => Snapshot.Empty];
                    entityType1 = [LIFTABLE Constant: EntityType: IdentityRole | Resolver: namelessParameter{0} => namelessParameter{0}.Dependencies.Model.FindEntityType("Microsoft.AspNetCore.Identity.IdentityRole")];
                    instance1 = switch (entityType1)
                    {
                        case [LIFTABLE Constant: EntityType: IdentityRole | Resolver: namelessParameter{1} => namelessParameter{1}.Dependencies.Model.FindEntityType("Microsoft.AspNetCore.Identity.IdentityRole")]: 
                            {
                                return 
                                {
                                    IdentityRole instance;
                                    instance = new IdentityRole();
                                    instance.<Id>k__BackingField = dataReader.GetString(0);
                                    instance.<ConcurrencyStamp>k__BackingField = dataReader.IsDBNull(1) ? default(string) : dataReader.GetString(1);
                                    instance.<Name>k__BackingField = dataReader.IsDBNull(2) ? default(string) : dataReader.GetString(2);
                                    instance.<NormalizedName>k__BackingField = dataReader.IsDBNull(3) ? default(string) : dataReader.GetString(3);
                                    (instance is IInjectableService) ? ((IInjectableService)instance).Injected(
                                        context: materializationContext1.Context, 
                                        entity: instance, 
                                        queryTrackingBehavior: TrackAll, 
                                        structuralType: [LIFTABLE Constant: EntityType: IdentityRole | Resolver: namelessParameter{2} => namelessParameter{2}.Dependencies.Model.FindEntityType("Microsoft.AspNetCore.Identity.IdentityRole")]) : default(void);
                                    return instance;
                                }}
                        default: 
                            default(IdentityRole)
                    }
                    ;
                    entry1 = entityType1 == default(IEntityType) ? default(InternalEntityEntry) : queryContext.StartTracking(
                        entityType: entityType1, 
                        entity: instance1, 
                        snapshot: shadowSnapshot1);
                    return instance1;
                } : default(void);
                return instance1;
            };
            return entity;
        }, 
        contextType: MiHairCareApp.Persistence.Context.StylistsDBContext, 
        standAloneStateManager: False, 
        detailedErrorsEnabled: False, 
        threadSafetyChecksEnabled: True), 
    cancellationToken: queryContext.CancellationToken)'
2026-03-05 17:38:11.0322|DEBUG|Microsoft.EntityFrameworkCore.Query|Compiling query expression: 
'DbSet<AppUser>()
    .FirstOrDefault(u => u.NormalizedUserName == __normalizedUserName_0)'
2026-03-05 17:38:11.0872|DEBUG|Microsoft.EntityFrameworkCore.Query|Generated query execution expression: 
'queryContext => ShapedQueryCompilingExpressionVisitor.SingleOrDefaultAsync<AppUser>(
    asyncEnumerable: SingleQueryingEnumerable.Create<AppUser>(
        relationalQueryContext: (RelationalQueryContext)queryContext, 
        relationalCommandResolver: parameters => [LIFTABLE Constant: RelationalCommandCache.QueryExpression(
            Projection Mapping:
                EmptyProjectionMember -> Dictionary<IProperty, int> { [Property: AppUser.Id (string) Required PK AfterSave:Throw, 0], [Property: AppUser.AccessFailedCount (int) Required, 1], [Property: AppUser.Address (string) Required, 2], [Property: AppUser.BookingID (int) Required, 3], [Property: AppUser.City (string) Required, 4], [Property: AppUser.CompanyName (string), 5], [Property: AppUser.ConcurrencyStamp (string) Concurrency, 6], [Property: AppUser.Country (string) Required, 7], [Property: AppUser.CreatedAt (DateTime) Required, 8], [Property: AppUser.Email (string) MaxLength(256), 9], [Property: AppUser.EmailConfirmed (bool) Required, 10], [Property: AppUser.EndHour (TimeSpan) Required, 11], [Property: AppUser.FirstName (string) Required, 12], [Property: AppUser.HairStyleId (no field, string) Shadow FK Index, 13], [Property: AppUser.HomeService (bool) Required, 14], [Property: AppUser.ImageUrl (string) Required, 15], [Property: AppUser.IsActive (bool) Required, 16], [Property: AppUser.IsDeleted (bool) Required, 17], [Property: AppUser.LastLogin (DateTime) Required, 18], [Property: AppUser.LastName (string) Required, 19], [Property: AppUser.Latitude (double) Required, 20], [Property: AppUser.LockoutEnabled (bool) Required, 21], [Property: AppUser.LockoutEnd (DateTimeOffset?), 22], [Property: AppUser.Longitude (double) Required, 23], [Property: AppUser.LoyaltyPoints (int) Required, 24], [Property: AppUser.NormalizedEmail (string) Index MaxLength(256), 25], [Property: AppUser.NormalizedUserName (string) Index MaxLength(256), 26], [Property: AppUser.PasswordHash (string), 27], [Property: AppUser.PasswordResetToken (string), 28], [Property: AppUser.PhoneNumber (string), 29], [Property: AppUser.PhoneNumberConfirmed (bool) Required, 30], [Property: AppUser.PostalCode (string) Required, 31], [Property: AppUser.PromotionalOfferID (int) Required, 32], [Property: AppUser.ResetTokenExpires (DateTime?), 33], [Property: AppUser.SecurityStamp (string), 34], [Property: AppUser.StartHour (TimeSpan) Required, 35], [Property: AppUser.State (string) Required, 36], [Property: AppUser.Street (string) Required, 37], [Property: AppUser.StylePortfolioID (string), 38], [Property: AppUser.Town (string) Required, 39], [Property: AppUser.TwoFactorEnabled (bool) Required, 40], [Property: AppUser.UserName (string) MaxLength(256), 41] }
            SELECT TOP(1) a.Id, a.AccessFailedCount, a.Address, a.BookingID, a.City, a.CompanyName, a.ConcurrencyStamp, a.Country, a.CreatedAt, a.Email, a.EmailConfirmed, a.EndHour, a.FirstName, a.HairStyleId, a.HomeService, a.ImageUrl, a.IsActive, a.IsDeleted, a.LastLogin, a.LastName, a.Latitude, a.LockoutEnabled, a.LockoutEnd, a.Longitude, a.LoyaltyPoints, a.NormalizedEmail, a.NormalizedUserName, a.PasswordHash, a.PasswordResetToken, a.PhoneNumber, a.PhoneNumberConfirmed, a.PostalCode, a.PromotionalOfferID, a.ResetTokenExpires, a.SecurityStamp, a.StartHour, a.State, a.Street, a.StylePortfolioID, a.Town, a.TwoFactorEnabled, a.UserName
            FROM AspNetUsers AS a
            WHERE a.NormalizedUserName == @__normalizedUserName_0) | Resolver: c => new RelationalCommandCache(
            c.Dependencies.MemoryCache, 
            c.RelationalDependencies.QuerySqlGeneratorFactory, 
            c.RelationalDependencies.RelationalParameterBasedSqlProcessorFactory, 
            Projection Mapping:
                EmptyProjectionMember -> Dictionary<IProperty, int> { [Property: AppUser.Id (string) Required PK AfterSave:Throw, 0], [Property: AppUser.AccessFailedCount (int) Required, 1], [Property: AppUser.Address (string) Required, 2], [Property: AppUser.BookingID (int) Required, 3], [Property: AppUser.City (string) Required, 4], [Property: AppUser.CompanyName (string), 5], [Property: AppUser.ConcurrencyStamp (string) Concurrency, 6], [Property: AppUser.Country (string) Required, 7], [Property: AppUser.CreatedAt (DateTime) Required, 8], [Property: AppUser.Email (string) MaxLength(256), 9], [Property: AppUser.EmailConfirmed (bool) Required, 10], [Property: AppUser.EndHour (TimeSpan) Required, 11], [Property: AppUser.FirstName (string) Required, 12], [Property: AppUser.HairStyleId (no field, string) Shadow FK Index, 13], [Property: AppUser.HomeService (bool) Required, 14], [Property: AppUser.ImageUrl (string) Required, 15], [Property: AppUser.IsActive (bool) Required, 16], [Property: AppUser.IsDeleted (bool) Required, 17], [Property: AppUser.LastLogin (DateTime) Required, 18], [Property: AppUser.LastName (string) Required, 19], [Property: AppUser.Latitude (double) Required, 20], [Property: AppUser.LockoutEnabled (bool) Required, 21], [Property: AppUser.LockoutEnd (DateTimeOffset?), 22], [Property: AppUser.Longitude (double) Required, 23], [Property: AppUser.LoyaltyPoints (int) Required, 24], [Property: AppUser.NormalizedEmail (string) Index MaxLength(256), 25], [Property: AppUser.NormalizedUserName (string) Index MaxLength(256), 26], [Property: AppUser.PasswordHash (string), 27], [Property: AppUser.PasswordResetToken (string), 28], [Property: AppUser.PhoneNumber (string), 29], [Property: AppUser.PhoneNumberConfirmed (bool) Required, 30], [Property: AppUser.PostalCode (string) Required, 31], [Property: AppUser.PromotionalOfferID (int) Required, 32], [Property: AppUser.ResetTokenExpires (DateTime?), 33], [Property: AppUser.SecurityStamp (string), 34], [Property: AppUser.StartHour (TimeSpan) Required, 35], [Property: AppUser.State (string) Required, 36], [Property: AppUser.Street (string) Required, 37], [Property: AppUser.StylePortfolioID (string), 38], [Property: AppUser.Town (string) Required, 39], [Property: AppUser.TwoFactorEnabled (bool) Required, 40], [Property: AppUser.UserName (string) MaxLength(256), 41] }
            SELECT TOP(1) a.Id, a.AccessFailedCount, a.Address, a.BookingID, a.City, a.CompanyName, a.ConcurrencyStamp, a.Country, a.CreatedAt, a.Email, a.EmailConfirmed, a.EndHour, a.FirstName, a.HairStyleId, a.HomeService, a.ImageUrl, a.IsActive, a.IsDeleted, a.LastLogin, a.LastName, a.Latitude, a.LockoutEnabled, a.LockoutEnd, a.Longitude, a.LoyaltyPoints, a.NormalizedEmail, a.NormalizedUserName, a.PasswordHash, a.PasswordResetToken, a.PhoneNumber, a.PhoneNumberConfirmed, a.PostalCode, a.PromotionalOfferID, a.ResetTokenExpires, a.SecurityStamp, a.StartHour, a.State, a.Street, a.StylePortfolioID, a.Town, a.TwoFactorEnabled, a.UserName
            FROM AspNetUsers AS a
            WHERE a.NormalizedUserName == @__normalizedUserName_0, 
            False, 
            new HashSet<string>(
                new string[]{ }, 
                StringComparer.Ordinal
            )
        )].GetRelationalCommandTemplate(parameters), 
        readerColumns: null, 
        shaper: (queryContext, dataReader, resultContext, resultCoordinator) => 
        {
            AppUser entity;
            entity = 
            {
                MaterializationContext materializationContext1;
                IEntityType entityType1;
                AppUser instance1;
                InternalEntityEntry entry1;
                bool hasNullKey1;
                materializationContext1 = new MaterializationContext(
                    [LIFTABLE Constant: ValueBuffer | Resolver: _ => (object)ValueBuffer.Empty], 
                    queryContext.Context
                );
                instance1 = default(AppUser);
                entry1 = queryContext.TryGetEntry(
                    key: [LIFTABLE Constant: Key: AppUser.Id PK | Resolver: c => c.Dependencies.Model.FindEntityType("MiHairCareApp.Domain.Entities.AppUser").FindPrimaryKey()], 
                    keyValues: new object[]{ (object)dataReader.GetString(0) }, 
                    throwOnNullKey: True, 
                    hasNullKey: hasNullKey1);
                !(hasNullKey1) ? entry1 != default(InternalEntityEntry) ? 
                {
                    entityType1 = entry1.EntityType;
                    return instance1 = (AppUser)entry1.Entity;
                } : 
                {
                    ISnapshot shadowSnapshot1;
                    shadowSnapshot1 = [LIFTABLE Constant: Snapshot | Resolver: _ => Snapshot.Empty];
                    entityType1 = [LIFTABLE Constant: EntityType: AppUser | Resolver: namelessParameter{0} => namelessParameter{0}.Dependencies.Model.FindEntityType("MiHairCareApp.Domain.Entities.AppUser")];
                    instance1 = switch (entityType1)
                    {
                        case [LIFTABLE Constant: EntityType: AppUser | Resolver: namelessParameter{1} => namelessParameter{1}.Dependencies.Model.FindEntityType("MiHairCareApp.Domain.Entities.AppUser")]: 
                            {
                                shadowSnapshot1 = (ISnapshot)new Snapshot<string>(dataReader.IsDBNull(13) ? default(string) : dataReader.GetString(13));
                                return 
                                {
                                    AppUser instance;
                                    instance = new AppUser();
                                    instance.<Id>k__BackingField = dataReader.GetString(0);
                                    instance.<AccessFailedCount>k__BackingField = dataReader.GetInt32(1);
                                    instance.<Address>k__BackingField = dataReader.GetString(2);
                                    instance.<BookingID>k__BackingField = dataReader.GetInt32(3);
                                    instance.<City>k__BackingField = dataReader.GetString(4);
                                    instance.<CompanyName>k__BackingField = dataReader.IsDBNull(5) ? default(string) : dataReader.GetString(5);
                                    instance.<ConcurrencyStamp>k__BackingField = dataReader.IsDBNull(6) ? default(string) : dataReader.GetString(6);
                                    instance.<Country>k__BackingField = dataReader.GetString(7);
                                    instance.<CreatedAt>k__BackingField = dataReader.GetDateTime(8);
                                    instance.<Email>k__BackingField = dataReader.IsDBNull(9) ? default(string) : dataReader.GetString(9);
                                    instance.<EmailConfirmed>k__BackingField = dataReader.GetBoolean(10);
                                    instance.<EndHour>k__BackingField = dataReader.GetFieldValue<TimeSpan>(11);
                                    instance.<FirstName>k__BackingField = dataReader.GetString(12);
                                    instance.<HomeService>k__BackingField = dataReader.GetBoolean(14);
                                    instance.<ImageUrl>k__BackingField = dataReader.GetString(15);
                                    instance.<IsActive>k__BackingField = dataReader.GetBoolean(16);
                                    instance.<IsDeleted>k__BackingField = dataReader.GetBoolean(17);
                                    instance.<LastLogin>k__BackingField = dataReader.GetDateTime(18);
                                    instance.<LastName>k__BackingField = dataReader.GetString(19);
                                    instance.<Latitude>k__BackingField = dataReader.GetDouble(20);
                                    instance.<LockoutEnabled>k__BackingField = dataReader.GetBoolean(21);
                                    instance.<LockoutEnd>k__BackingField = dataReader.IsDBNull(22) ? default(DateTimeOffset?) : (DateTimeOffset?)dataReader.GetFieldValue<DateTimeOffset>(22);
                                    instance.<Longitude>k__BackingField = dataReader.GetDouble(23);
                                    instance.<LoyaltyPoints>k__BackingField = dataReader.GetInt32(24);
                                    instance.<NormalizedEmail>k__BackingField = dataReader.IsDBNull(25) ? default(string) : dataReader.GetString(25);
                                    instance.<NormalizedUserName>k__BackingField = dataReader.IsDBNull(26) ? default(string) : dataReader.GetString(26);
                                    instance.<PasswordHash>k__BackingField = dataReader.IsDBNull(27) ? default(string) : dataReader.GetString(27);
                                    instance.<PasswordResetToken>k__BackingField = dataReader.IsDBNull(28) ? default(string) : dataReader.GetString(28);
                                    instance.<PhoneNumber>k__BackingField = dataReader.IsDBNull(29) ? default(string) : dataReader.GetString(29);
                                    instance.<PhoneNumberConfirmed>k__BackingField = dataReader.GetBoolean(30);
                                    instance.<PostalCode>k__BackingField = dataReader.GetString(31);
                                    instance.<PromotionalOfferID>k__BackingField = dataReader.GetInt32(32);
                                    instance.<ResetTokenExpires>k__BackingField = dataReader.IsDBNull(33) ? default(DateTime?) : (DateTime?)dataReader.GetDateTime(33);
                                    instance.<SecurityStamp>k__BackingField = dataReader.IsDBNull(34) ? default(string) : dataReader.GetString(34);
                                    instance.<StartHour>k__BackingField = dataReader.GetFieldValue<TimeSpan>(35);
                                    instance.<State>k__BackingField = dataReader.GetString(36);
                                    instance.<Street>k__BackingField = dataReader.GetString(37);
                                    instance.<StylePortfolioID>k__BackingField = dataReader.IsDBNull(38) ? default(string) : dataReader.GetString(38);
                                    instance.<Town>k__BackingField = dataReader.GetString(39);
                                    instance.<TwoFactorEnabled>k__BackingField = dataReader.GetBoolean(40);
                                    instance.<UserName>k__BackingField = dataReader.IsDBNull(41) ? default(string) : dataReader.GetString(41);
                                    (instance is IInjectableService) ? ((IInjectableService)instance).Injected(
                                        context: materializationContext1.Context, 
                                        entity: instance, 
                                        queryTrackingBehavior: TrackAll, 
                                        structuralType: [LIFTABLE Constant: EntityType: AppUser | Resolver: namelessParameter{2} => namelessParameter{2}.Dependencies.Model.FindEntityType("MiHairCareApp.Domain.Entities.AppUser")]) : default(void);
                                    return instance;
                                }}
                        default: 
                            default(AppUser)
                    }
                    ;
                    entry1 = entityType1 == default(IEntityType) ? default(InternalEntityEntry) : queryContext.StartTracking(
                        entityType: entityType1, 
                        entity: instance1, 
                        snapshot: shadowSnapshot1);
                    return instance1;
                } : default(void);
                return instance1;
            };
            return entity;
        }, 
        contextType: MiHairCareApp.Persistence.Context.StylistsDBContext, 
        standAloneStateManager: False, 
        detailedErrorsEnabled: False, 
        threadSafetyChecksEnabled: True), 
    cancellationToken: queryContext.CancellationToken)'
2026-03-05 17:38:11.3262|ERROR|Microsoft.EntityFrameworkCore.Query|An exception occurred while iterating over the results of a query for context type 'MiHairCareApp.Persistence.Context.StylistsDBContext'.
System.InvalidCastException: Unable to cast object of type 'System.Int32' to type 'System.Double'.
   at Microsoft.Data.SqlClient.SqlBuffer.get_Double()
   at Microsoft.Data.SqlClient.SqlDataReader.GetDouble(Int32 i)
   at lambda_method71(Closure, QueryContext, DbDataReader, ResultContext, SingleQueryResultCoordinator)
   at Microsoft.EntityFrameworkCore.Query.Internal.SingleQueryingEnumerable`1.AsyncEnumerator.MoveNextAsync()|System.InvalidCastException: Unable to cast object of type 'System.Int32' to type 'System.Double'.
   at Microsoft.Data.SqlClient.SqlBuffer.get_Double()
   at Microsoft.Data.SqlClient.SqlDataReader.GetDouble(Int32 i)
   at lambda_method71(Closure, QueryContext, DbDataReader, ResultContext, SingleQueryResultCoordinator)
   at Microsoft.EntityFrameworkCore.Query.Internal.SingleQueryingEnumerable`1.AsyncEnumerator.MoveNextAsync()
2026-03-05 17:41:22.4771|DEBUG|Microsoft.EntityFrameworkCore.Query|Compiling query expression: 
'DbSet<IdentityRole>()
    .FirstOrDefault(r => r.NormalizedName == __normalizedName_0)'
2026-03-05 17:41:23.1257|DEBUG|Microsoft.EntityFrameworkCore.Query|Generated query execution expression: 
'queryContext => ShapedQueryCompilingExpressionVisitor.SingleOrDefaultAsync<IdentityRole>(
    asyncEnumerable: SingleQueryingEnumerable.Create<IdentityRole>(
        relationalQueryContext: (RelationalQueryContext)queryContext, 
        relationalCommandResolver: parameters => [LIFTABLE Constant: RelationalCommandCache.QueryExpression(
            Projection Mapping:
                EmptyProjectionMember -> Dictionary<IProperty, int> { [Property: IdentityRole.Id (string) Required PK AfterSave:Throw, 0], [Property: IdentityRole.ConcurrencyStamp (string) Concurrency, 1], [Property: IdentityRole.Name (string) MaxLength(256), 2], [Property: IdentityRole.NormalizedName (string) Index MaxLength(256), 3] }
            SELECT TOP(1) a.Id, a.ConcurrencyStamp, a.Name, a.NormalizedName
            FROM AspNetRoles AS a
            WHERE a.NormalizedName == @__normalizedName_0) | Resolver: c => new RelationalCommandCache(
            c.Dependencies.MemoryCache, 
            c.RelationalDependencies.QuerySqlGeneratorFactory, 
            c.RelationalDependencies.RelationalParameterBasedSqlProcessorFactory, 
            Projection Mapping:
                EmptyProjectionMember -> Dictionary<IProperty, int> { [Property: IdentityRole.Id (string) Required PK AfterSave:Throw, 0], [Property: IdentityRole.ConcurrencyStamp (string) Concurrency, 1], [Property: IdentityRole.Name (string) MaxLength(256), 2], [Property: IdentityRole.NormalizedName (string) Index MaxLength(256), 3] }
            SELECT TOP(1) a.Id, a.ConcurrencyStamp, a.Name, a.NormalizedName
            FROM AspNetRoles AS a
            WHERE a.NormalizedName == @__normalizedName_0, 
            False, 
            new HashSet<string>(
                new string[]{ }, 
                StringComparer.Ordinal
            )
        )].GetRelationalCommandTemplate(parameters), 
        readerColumns: null, 
        shaper: (queryContext, dataReader, resultContext, resultCoordinator) => 
        {
            IdentityRole entity;
            entity = 
            {
                MaterializationContext materializationContext1;
                IEntityType entityType1;
                IdentityRole instance1;
                InternalEntityEntry entry1;
                bool hasNullKey1;
                materializationContext1 = new MaterializationContext(
                    [LIFTABLE Constant: ValueBuffer | Resolver: _ => (object)ValueBuffer.Empty], 
                    queryContext.Context
                );
                instance1 = default(IdentityRole);
                entry1 = queryContext.TryGetEntry(
                    key: [LIFTABLE Constant: Key: IdentityRole.Id PK | Resolver: c => c.Dependencies.Model.FindEntityType("Microsoft.AspNetCore.Identity.IdentityRole").FindPrimaryKey()], 
                    keyValues: new object[]{ (object)dataReader.GetString(0) }, 
                    throwOnNullKey: True, 
                    hasNullKey: hasNullKey1);
                !(hasNullKey1) ? entry1 != default(InternalEntityEntry) ? 
                {
                    entityType1 = entry1.EntityType;
                    return instance1 = (IdentityRole)entry1.Entity;
                } : 
                {
                    ISnapshot shadowSnapshot1;
                    shadowSnapshot1 = [LIFTABLE Constant: Snapshot | Resolver: _ => Snapshot.Empty];
                    entityType1 = [LIFTABLE Constant: EntityType: IdentityRole | Resolver: namelessParameter{0} => namelessParameter{0}.Dependencies.Model.FindEntityType("Microsoft.AspNetCore.Identity.IdentityRole")];
                    instance1 = switch (entityType1)
                    {
                        case [LIFTABLE Constant: EntityType: IdentityRole | Resolver: namelessParameter{1} => namelessParameter{1}.Dependencies.Model.FindEntityType("Microsoft.AspNetCore.Identity.IdentityRole")]: 
                            {
                                return 
                                {
                                    IdentityRole instance;
                                    instance = new IdentityRole();
                                    instance.<Id>k__BackingField = dataReader.GetString(0);
                                    instance.<ConcurrencyStamp>k__BackingField = dataReader.IsDBNull(1) ? default(string) : dataReader.GetString(1);
                                    instance.<Name>k__BackingField = dataReader.IsDBNull(2) ? default(string) : dataReader.GetString(2);
                                    instance.<NormalizedName>k__BackingField = dataReader.IsDBNull(3) ? default(string) : dataReader.GetString(3);
                                    (instance is IInjectableService) ? ((IInjectableService)instance).Injected(
                                        context: materializationContext1.Context, 
                                        entity: instance, 
                                        queryTrackingBehavior: TrackAll, 
                                        structuralType: [LIFTABLE Constant: EntityType: IdentityRole | Resolver: namelessParameter{2} => namelessParameter{2}.Dependencies.Model.FindEntityType("Microsoft.AspNetCore.Identity.IdentityRole")]) : default(void);
                                    return instance;
                                }}
                        default: 
                            default(IdentityRole)
                    }
                    ;
                    entry1 = entityType1 == default(IEntityType) ? default(InternalEntityEntry) : queryContext.StartTracking(
                        entityType: entityType1, 
                        entity: instance1, 
                        snapshot: shadowSnapshot1);
                    return instance1;
                } : default(void);
                return instance1;
            };
            return entity;
        }, 
        contextType: MiHairCareApp.Persistence.Context.StylistsDBContext, 
        standAloneStateManager: False, 
        detailedErrorsEnabled: False, 
        threadSafetyChecksEnabled: True), 
    cancellationToken: queryContext.CancellationToken)'
2026-03-05 17:41:24.4684|DEBUG|Microsoft.EntityFrameworkCore.Query|Compiling query expression: 
'DbSet<AppUser>()
    .FirstOrDefault(u => u.NormalizedUserName == __normalizedUserName_0)'
2026-03-05 17:41:24.5091|DEBUG|Microsoft.EntityFrameworkCore.Query|Generated query execution expression: 
'queryContext => ShapedQueryCompilingExpressionVisitor.SingleOrDefaultAsync<AppUser>(
    asyncEnumerable: SingleQueryingEnumerable.Create<AppUser>(
        relationalQueryContext: (RelationalQueryContext)queryContext, 
        relationalCommandResolver: parameters => [LIFTABLE Constant: RelationalCommandCache.QueryExpression(
            Projection Mapping:
                EmptyProjectionMember -> Dictionary<IProperty, int> { [Property: AppUser.Id (string) Required PK AfterSave:Throw, 0], [Property: AppUser.AccessFailedCount (int) Required, 1], [Property: AppUser.Address (string) Required, 2], [Property: AppUser.BookingID (int) Required, 3], [Property: AppUser.City (string) Required, 4], [Property: AppUser.CompanyName (string), 5], [Property: AppUser.ConcurrencyStamp (string) Concurrency, 6], [Property: AppUser.Country (string) Required, 7], [Property: AppUser.CreatedAt (DateTime) Required, 8], [Property: AppUser.Email (string) MaxLength(256), 9], [Property: AppUser.EmailConfirmed (bool) Required, 10], [Property: AppUser.EndHour (TimeSpan) Required, 11], [Property: AppUser.FirstName (string) Required, 12], [Property: AppUser.HairStyleId (no field, string) Shadow FK Index, 13], [Property: AppUser.HomeService (bool) Required, 14], [Property: AppUser.ImageUrl (string) Required, 15], [Property: AppUser.IsActive (bool) Required, 16], [Property: AppUser.IsDeleted (bool) Required, 17], [Property: AppUser.LastLogin (DateTime) Required, 18], [Property: AppUser.LastName (string) Required, 19], [Property: AppUser.Latitude (double) Required, 20], [Property: AppUser.LockoutEnabled (bool) Required, 21], [Property: AppUser.LockoutEnd (DateTimeOffset?), 22], [Property: AppUser.Longitude (double) Required, 23], [Property: AppUser.LoyaltyPoints (int) Required, 24], [Property: AppUser.NormalizedEmail (string) Index MaxLength(256), 25], [Property: AppUser.NormalizedUserName (string) Index MaxLength(256), 26], [Property: AppUser.PasswordHash (string), 27], [Property: AppUser.PasswordResetToken (string), 28], [Property: AppUser.PhoneNumber (string), 29], [Property: AppUser.PhoneNumberConfirmed (bool) Required, 30], [Property: AppUser.PostalCode (string) Required, 31], [Property: AppUser.PromotionalOfferID (int) Required, 32], [Property: AppUser.ResetTokenExpires (DateTime?), 33], [Property: AppUser.SecurityStamp (string), 34], [Property: AppUser.StartHour (TimeSpan) Required, 35], [Property: AppUser.State (string) Required, 36], [Property: AppUser.Street (string) Required, 37], [Property: AppUser.StylePortfolioID (string), 38], [Property: AppUser.Town (string) Required, 39], [Property: AppUser.TwoFactorEnabled (bool) Required, 40], [Property: AppUser.UserName (string) MaxLength(256), 41] }
            SELECT TOP(1) a.Id, a.AccessFailedCount, a.Address, a.BookingID, a.City, a.CompanyName, a.ConcurrencyStamp, a.Country, a.CreatedAt, a.Email, a.EmailConfirmed, a.EndHour, a.FirstName, a.HairStyleId, a.HomeService, a.ImageUrl, a.IsActive, a.IsDeleted, a.LastLogin, a.LastName, a.Latitude, a.LockoutEnabled, a.LockoutEnd, a.Longitude, a.LoyaltyPoints, a.NormalizedEmail, a.NormalizedUserName, a.PasswordHash, a.PasswordResetToken, a.PhoneNumber, a.PhoneNumberConfirmed, a.PostalCode, a.PromotionalOfferID, a.ResetTokenExpires, a.SecurityStamp, a.StartHour, a.State, a.Street, a.StylePortfolioID, a.Town, a.TwoFactorEnabled, a.UserName
            FROM AspNetUsers AS a
            WHERE a.NormalizedUserName == @__normalizedUserName_0) | Resolver: c => new RelationalCommandCache(
            c.Dependencies.MemoryCache, 
            c.RelationalDependencies.QuerySqlGeneratorFactory, 
            c.RelationalDependencies.RelationalParameterBasedSqlProcessorFactory, 
            Projection Mapping:
                EmptyProjectionMember -> Dictionary<IProperty, int> { [Property: AppUser.Id (string) Required PK AfterSave:Throw, 0], [Property: AppUser.AccessFailedCount (int) Required, 1], [Property: AppUser.Address (string) Required, 2], [Property: AppUser.BookingID (int) Required, 3], [Property: AppUser.City (string) Required, 4], [Property: AppUser.CompanyName (string), 5], [Property: AppUser.ConcurrencyStamp (string) Concurrency, 6], [Property: AppUser.Country (string) Required, 7], [Property: AppUser.CreatedAt (DateTime) Required, 8], [Property: AppUser.Email (string) MaxLength(256), 9], [Property: AppUser.EmailConfirmed (bool) Required, 10], [Property: AppUser.EndHour (TimeSpan) Required, 11], [Property: AppUser.FirstName (string) Required, 12], [Property: AppUser.HairStyleId (no field, string) Shadow FK Index, 13], [Property: AppUser.HomeService (bool) Required, 14], [Property: AppUser.ImageUrl (string) Required, 15], [Property: AppUser.IsActive (bool) Required, 16], [Property: AppUser.IsDeleted (bool) Required, 17], [Property: AppUser.LastLogin (DateTime) Required, 18], [Property: AppUser.LastName (string) Required, 19], [Property: AppUser.Latitude (double) Required, 20], [Property: AppUser.LockoutEnabled (bool) Required, 21], [Property: AppUser.LockoutEnd (DateTimeOffset?), 22], [Property: AppUser.Longitude (double) Required, 23], [Property: AppUser.LoyaltyPoints (int) Required, 24], [Property: AppUser.NormalizedEmail (string) Index MaxLength(256), 25], [Property: AppUser.NormalizedUserName (string) Index MaxLength(256), 26], [Property: AppUser.PasswordHash (string), 27], [Property: AppUser.PasswordResetToken (string), 28], [Property: AppUser.PhoneNumber (string), 29], [Property: AppUser.PhoneNumberConfirmed (bool) Required, 30], [Property: AppUser.PostalCode (string) Required, 31], [Property: AppUser.PromotionalOfferID (int) Required, 32], [Property: AppUser.ResetTokenExpires (DateTime?), 33], [Property: AppUser.SecurityStamp (string), 34], [Property: AppUser.StartHour (TimeSpan) Required, 35], [Property: AppUser.State (string) Required, 36], [Property: AppUser.Street (string) Required, 37], [Property: AppUser.StylePortfolioID (string), 38], [Property: AppUser.Town (string) Required, 39], [Property: AppUser.TwoFactorEnabled (bool) Required, 40], [Property: AppUser.UserName (string) MaxLength(256), 41] }
            SELECT TOP(1) a.Id, a.AccessFailedCount, a.Address, a.BookingID, a.City, a.CompanyName, a.ConcurrencyStamp, a.Country, a.CreatedAt, a.Email, a.EmailConfirmed, a.EndHour, a.FirstName, a.HairStyleId, a.HomeService, a.ImageUrl, a.IsActive, a.IsDeleted, a.LastLogin, a.LastName, a.Latitude, a.LockoutEnabled, a.LockoutEnd, a.Longitude, a.LoyaltyPoints, a.NormalizedEmail, a.NormalizedUserName, a.PasswordHash, a.PasswordResetToken, a.PhoneNumber, a.PhoneNumberConfirmed, a.PostalCode, a.PromotionalOfferID, a.ResetTokenExpires, a.SecurityStamp, a.StartHour, a.State, a.Street, a.StylePortfolioID, a.Town, a.TwoFactorEnabled, a.UserName
            FROM AspNetUsers AS a
            WHERE a.NormalizedUserName == @__normalizedUserName_0, 
            False, 
            new HashSet<string>(
                new string[]{ }, 
                StringComparer.Ordinal
            )
        )].GetRelationalCommandTemplate(parameters), 
        readerColumns: null, 
        shaper: (queryContext, dataReader, resultContext, resultCoordinator) => 
        {
            AppUser entity;
            entity = 
            {
                MaterializationContext materializationContext1;
                IEntityType entityType1;
                AppUser instance1;
                InternalEntityEntry entry1;
                bool hasNullKey1;
                materializationContext1 = new MaterializationContext(
                    [LIFTABLE Constant: ValueBuffer | Resolver: _ => (object)ValueBuffer.Empty], 
                    queryContext.Context
                );
                instance1 = default(AppUser);
                entry1 = queryContext.TryGetEntry(
                    key: [LIFTABLE Constant: Key: AppUser.Id PK | Resolver: c => c.Dependencies.Model.FindEntityType("MiHairCareApp.Domain.Entities.AppUser").FindPrimaryKey()], 
                    keyValues: new object[]{ (object)dataReader.GetString(0) }, 
                    throwOnNullKey: True, 
                    hasNullKey: hasNullKey1);
                !(hasNullKey1) ? entry1 != default(InternalEntityEntry) ? 
                {
                    entityType1 = entry1.EntityType;
                    return instance1 = (AppUser)entry1.Entity;
                } : 
                {
                    ISnapshot shadowSnapshot1;
                    shadowSnapshot1 = [LIFTABLE Constant: Snapshot | Resolver: _ => Snapshot.Empty];
                    entityType1 = [LIFTABLE Constant: EntityType: AppUser | Resolver: namelessParameter{0} => namelessParameter{0}.Dependencies.Model.FindEntityType("MiHairCareApp.Domain.Entities.AppUser")];
                    instance1 = switch (entityType1)
                    {
                        case [LIFTABLE Constant: EntityType: AppUser | Resolver: namelessParameter{1} => namelessParameter{1}.Dependencies.Model.FindEntityType("MiHairCareApp.Domain.Entities.AppUser")]: 
                            {
                                shadowSnapshot1 = (ISnapshot)new Snapshot<string>(dataReader.IsDBNull(13) ? default(string) : dataReader.GetString(13));
                                return 
                                {
                                    AppUser instance;
                                    instance = new AppUser();
                                    instance.<Id>k__BackingField = dataReader.GetString(0);
                                    instance.<AccessFailedCount>k__BackingField = dataReader.GetInt32(1);
                                    instance.<Address>k__BackingField = dataReader.GetString(2);
                                    instance.<BookingID>k__BackingField = dataReader.GetInt32(3);
                                    instance.<City>k__BackingField = dataReader.GetString(4);
                                    instance.<CompanyName>k__BackingField = dataReader.IsDBNull(5) ? default(string) : dataReader.GetString(5);
                                    instance.<ConcurrencyStamp>k__BackingField = dataReader.IsDBNull(6) ? default(string) : dataReader.GetString(6);
                                    instance.<Country>k__BackingField = dataReader.GetString(7);
                                    instance.<CreatedAt>k__BackingField = dataReader.GetDateTime(8);
                                    instance.<Email>k__BackingField = dataReader.IsDBNull(9) ? default(string) : dataReader.GetString(9);
                                    instance.<EmailConfirmed>k__BackingField = dataReader.GetBoolean(10);
                                    instance.<EndHour>k__BackingField = dataReader.GetFieldValue<TimeSpan>(11);
                                    instance.<FirstName>k__BackingField = dataReader.GetString(12);
                                    instance.<HomeService>k__BackingField = dataReader.GetBoolean(14);
                                    instance.<ImageUrl>k__BackingField = dataReader.GetString(15);
                                    instance.<IsActive>k__BackingField = dataReader.GetBoolean(16);
                                    instance.<IsDeleted>k__BackingField = dataReader.GetBoolean(17);
                                    instance.<LastLogin>k__BackingField = dataReader.GetDateTime(18);
                                    instance.<LastName>k__BackingField = dataReader.GetString(19);
                                    instance.<Latitude>k__BackingField = dataReader.GetDouble(20);
                                    instance.<LockoutEnabled>k__BackingField = dataReader.GetBoolean(21);
                                    instance.<LockoutEnd>k__BackingField = dataReader.IsDBNull(22) ? default(DateTimeOffset?) : (DateTimeOffset?)dataReader.GetFieldValue<DateTimeOffset>(22);
                                    instance.<Longitude>k__BackingField = dataReader.GetDouble(23);
                                    instance.<LoyaltyPoints>k__BackingField = dataReader.GetInt32(24);
                                    instance.<NormalizedEmail>k__BackingField = dataReader.IsDBNull(25) ? default(string) : dataReader.GetString(25);
                                    instance.<NormalizedUserName>k__BackingField = dataReader.IsDBNull(26) ? default(string) : dataReader.GetString(26);
                                    instance.<PasswordHash>k__BackingField = dataReader.IsDBNull(27) ? default(string) : dataReader.GetString(27);
                                    instance.<PasswordResetToken>k__BackingField = dataReader.IsDBNull(28) ? default(string) : dataReader.GetString(28);
                                    instance.<PhoneNumber>k__BackingField = dataReader.IsDBNull(29) ? default(string) : dataReader.GetString(29);
                                    instance.<PhoneNumberConfirmed>k__BackingField = dataReader.GetBoolean(30);
                                    instance.<PostalCode>k__BackingField = dataReader.GetString(31);
                                    instance.<PromotionalOfferID>k__BackingField = dataReader.GetInt32(32);
                                    instance.<ResetTokenExpires>k__BackingField = dataReader.IsDBNull(33) ? default(DateTime?) : (DateTime?)dataReader.GetDateTime(33);
                                    instance.<SecurityStamp>k__BackingField = dataReader.IsDBNull(34) ? default(string) : dataReader.GetString(34);
                                    instance.<StartHour>k__BackingField = dataReader.GetFieldValue<TimeSpan>(35);
                                    instance.<State>k__BackingField = dataReader.GetString(36);
                                    instance.<Street>k__BackingField = dataReader.GetString(37);
                                    instance.<StylePortfolioID>k__BackingField = dataReader.IsDBNull(38) ? default(string) : dataReader.GetString(38);
                                    instance.<Town>k__BackingField = dataReader.GetString(39);
                                    instance.<TwoFactorEnabled>k__BackingField = dataReader.GetBoolean(40);
                                    instance.<UserName>k__BackingField = dataReader.IsDBNull(41) ? default(string) : dataReader.GetString(41);
                                    (instance is IInjectableService) ? ((IInjectableService)instance).Injected(
                                        context: materializationContext1.Context, 
                                        entity: instance, 
                                        queryTrackingBehavior: TrackAll, 
                                        structuralType: [LIFTABLE Constant: EntityType: AppUser | Resolver: namelessParameter{2} => namelessParameter{2}.Dependencies.Model.FindEntityType("MiHairCareApp.Domain.Entities.AppUser")]) : default(void);
                                    return instance;
                                }}
                        default: 
                            default(AppUser)
                    }
                    ;
                    entry1 = entityType1 == default(IEntityType) ? default(InternalEntityEntry) : queryContext.StartTracking(
                        entityType: entityType1, 
                        entity: instance1, 
                        snapshot: shadowSnapshot1);
                    return instance1;
                } : default(void);
                return instance1;
            };
            return entity;
        }, 
        contextType: MiHairCareApp.Persistence.Context.StylistsDBContext, 
        standAloneStateManager: False, 
        detailedErrorsEnabled: False, 
        threadSafetyChecksEnabled: True), 
    cancellationToken: queryContext.CancellationToken)'
2026-03-05 17:41:24.8471|DEBUG|Microsoft.EntityFrameworkCore.Query|Compiling query expression: 
'DbSet<HaircareProduct>()
    .Any()'
2026-03-05 17:41:24.8706|DEBUG|Microsoft.EntityFrameworkCore.Query|Generated query execution expression: 
'queryContext => SingleQueryingEnumerable.Create<bool>(
    relationalQueryContext: (RelationalQueryContext)queryContext, 
    relationalCommandResolver: parameters => [LIFTABLE Constant: RelationalCommandCache.QueryExpression(
        Projection Mapping:
            EmptyProjectionMember -> 0
        SELECT EXISTS (
            SELECT 1
            FROM HaircareProducts AS h)) | Resolver: c => new RelationalCommandCache(
        c.Dependencies.MemoryCache, 
        c.RelationalDependencies.QuerySqlGeneratorFactory, 
        c.RelationalDependencies.RelationalParameterBasedSqlProcessorFactory, 
        Projection Mapping:
            EmptyProjectionMember -> 0
        SELECT EXISTS (
            SELECT 1
            FROM HaircareProducts AS h), 
        False, 
        new HashSet<string>(
            new string[]{ }, 
            StringComparer.Ordinal
        )
    )].GetRelationalCommandTemplate(parameters), 
    readerColumns: null, 
    shaper: (queryContext, dataReader, resultContext, resultCoordinator) => 
    {
        bool? value1;
        value1 = dataReader.IsDBNull(0) ? default(bool?) : (bool?)dataReader.GetBoolean(0);
        return (bool)value1;
    }, 
    contextType: MiHairCareApp.Persistence.Context.StylistsDBContext, 
    standAloneStateManager: False, 
    detailedErrorsEnabled: False, 
    threadSafetyChecksEnabled: True)
    .Single()'
