2024-06-05 03:28:08.3872|DEBUG|Microsoft.EntityFrameworkCore.Query|Compiling query expression: 
'DbSet<IdentityRole>()
    .FirstOrDefault(r => r.NormalizedName == __normalizedName_0)'
2024-06-05 03:28:09.5555|DEBUG|Microsoft.EntityFrameworkCore.Query|Generated query execution expression: 
'queryContext => ShapedQueryCompilingExpressionVisitor.SingleOrDefaultAsync<IdentityRole>(
    asyncEnumerable: new SingleQueryingEnumerable<IdentityRole>(
        (RelationalQueryContext)queryContext, 
        RelationalCommandCache.SelectExpression(
            Projection Mapping:
                EmptyProjectionMember -> Dictionary<IProperty, int> { [Property: IdentityRole.Id (string) Required PK AfterSave:Throw, 0], [Property: IdentityRole.ConcurrencyStamp (string) Concurrency, 1], [Property: IdentityRole.Name (string) MaxLength(256), 2], [Property: IdentityRole.NormalizedName (string) Index MaxLength(256), 3] }
            SELECT TOP(1) a.Id, a.ConcurrencyStamp, a.Name, a.NormalizedName
            FROM AspNetRoles AS a
            WHERE a.NormalizedName == @__normalizedName_0), 
        Func<QueryContext, DbDataReader, ResultContext, SingleQueryResultCoordinator, IdentityRole>, 
        MiHairCareApp.Persistence.Context.StylistsDBContext, 
        False, 
        False, 
        True
    ), 
    cancellationToken: queryContext.CancellationToken)'
2024-06-05 03:28:11.8798|DEBUG|Microsoft.EntityFrameworkCore.Query|Compiling query expression: 
'DbSet<AppUser>()
    .FirstOrDefault(u => u.NormalizedUserName == __normalizedUserName_0)'
2024-06-05 03:28:11.9188|DEBUG|Microsoft.EntityFrameworkCore.Query|Generated query execution expression: 
'queryContext => ShapedQueryCompilingExpressionVisitor.SingleOrDefaultAsync<AppUser>(
    asyncEnumerable: new SingleQueryingEnumerable<AppUser>(
        (RelationalQueryContext)queryContext, 
        RelationalCommandCache.SelectExpression(
            Projection Mapping:
                EmptyProjectionMember -> Dictionary<IProperty, int> { [Property: AppUser.Id (string) Required PK AfterSave:Throw, 0], [Property: AppUser.AccessFailedCount (int) Required, 1], [Property: AppUser.Address (string) Required, 2], [Property: AppUser.BookingID (int) Required, 3], [Property: AppUser.CompanyName (string), 4], [Property: AppUser.ConcurrencyStamp (string) Concurrency, 5], [Property: AppUser.CreatedAt (DateTime) Required, 6], [Property: AppUser.DistanceInKM (double) Required, 7], [Property: AppUser.Email (string) MaxLength(256), 8], [Property: AppUser.EmailConfirmed (bool) Required, 9], [Property: AppUser.FirstName (string) Required, 10], [Property: AppUser.HomeService (bool) Required, 11], [Property: AppUser.ImageUrl (string) Required, 12], [Property: AppUser.IsDeleted (bool) Required, 13], [Property: AppUser.LastLogin (DateTime) Required, 14], [Property: AppUser.LockoutEnabled (bool) Required, 15], [Property: AppUser.LockoutEnd (DateTimeOffset?), 16], [Property: AppUser.LoyaltyPoints (int) Required, 17], [Property: AppUser.NormalizedEmail (string) Index MaxLength(256), 18], [Property: AppUser.NormalizedUserName (string) Index MaxLength(256), 19], [Property: AppUser.Password (string) Required, 20], [Property: AppUser.PasswordHash (string), 21], [Property: AppUser.PasswordResetToken (string) Required, 22], [Property: AppUser.PhoneNumber (string), 23], [Property: AppUser.PhoneNumberConfirmed (bool) Required, 24], [Property: AppUser.PromotionalOfferID (int) Required, 25], [Property: AppUser.ResetTokenExpires (DateTime?), 26], [Property: AppUser.SecurityStamp (string), 27], [Property: AppUser.Street (string), 28], [Property: AppUser.StylePortfolioID (string) FK Index, 29], [Property: AppUser.Town (string), 30], [Property: AppUser.TwoFactorEnabled (bool) Required, 31], [Property: AppUser.UserName (string) MaxLength(256), 32] }
            SELECT TOP(1) a.Id, a.AccessFailedCount, a.Address, a.BookingID, a.CompanyName, a.ConcurrencyStamp, a.CreatedAt, a.DistanceInKM, a.Email, a.EmailConfirmed, a.FirstName, a.HomeService, a.ImageUrl, a.IsDeleted, a.LastLogin, a.LockoutEnabled, a.LockoutEnd, a.LoyaltyPoints, a.NormalizedEmail, a.NormalizedUserName, a.Password, a.PasswordHash, a.PasswordResetToken, a.PhoneNumber, a.PhoneNumberConfirmed, a.PromotionalOfferID, a.ResetTokenExpires, a.SecurityStamp, a.Street, a.StylePortfolioID, a.Town, a.TwoFactorEnabled, a.UserName
            FROM AspNetUsers AS a
            WHERE a.NormalizedUserName == @__normalizedUserName_0), 
        Func<QueryContext, DbDataReader, ResultContext, SingleQueryResultCoordinator, AppUser>, 
        MiHairCareApp.Persistence.Context.StylistsDBContext, 
        False, 
        False, 
        True
    ), 
    cancellationToken: queryContext.CancellationToken)'
2024-06-05 03:33:42.4985|DEBUG|Microsoft.EntityFrameworkCore.Query|Compiling query expression: 
'DbSet<AppUser>()
    .SingleOrDefault(u => u.NormalizedEmail == __normalizedEmail_0)'
2024-06-05 03:33:42.5152|DEBUG|Microsoft.EntityFrameworkCore.Query|Generated query execution expression: 
'queryContext => ShapedQueryCompilingExpressionVisitor.SingleOrDefaultAsync<AppUser>(
    asyncEnumerable: new SingleQueryingEnumerable<AppUser>(
        (RelationalQueryContext)queryContext, 
        RelationalCommandCache.SelectExpression(
            Projection Mapping:
                EmptyProjectionMember -> Dictionary<IProperty, int> { [Property: AppUser.Id (string) Required PK AfterSave:Throw, 0], [Property: AppUser.AccessFailedCount (int) Required, 1], [Property: AppUser.Address (string) Required, 2], [Property: AppUser.BookingID (int) Required, 3], [Property: AppUser.CompanyName (string), 4], [Property: AppUser.ConcurrencyStamp (string) Concurrency, 5], [Property: AppUser.CreatedAt (DateTime) Required, 6], [Property: AppUser.DistanceInKM (double) Required, 7], [Property: AppUser.Email (string) MaxLength(256), 8], [Property: AppUser.EmailConfirmed (bool) Required, 9], [Property: AppUser.FirstName (string) Required, 10], [Property: AppUser.HomeService (bool) Required, 11], [Property: AppUser.ImageUrl (string) Required, 12], [Property: AppUser.IsDeleted (bool) Required, 13], [Property: AppUser.LastLogin (DateTime) Required, 14], [Property: AppUser.LockoutEnabled (bool) Required, 15], [Property: AppUser.LockoutEnd (DateTimeOffset?), 16], [Property: AppUser.LoyaltyPoints (int) Required, 17], [Property: AppUser.NormalizedEmail (string) Index MaxLength(256), 18], [Property: AppUser.NormalizedUserName (string) Index MaxLength(256), 19], [Property: AppUser.Password (string) Required, 20], [Property: AppUser.PasswordHash (string), 21], [Property: AppUser.PasswordResetToken (string) Required, 22], [Property: AppUser.PhoneNumber (string), 23], [Property: AppUser.PhoneNumberConfirmed (bool) Required, 24], [Property: AppUser.PromotionalOfferID (int) Required, 25], [Property: AppUser.ResetTokenExpires (DateTime?), 26], [Property: AppUser.SecurityStamp (string), 27], [Property: AppUser.Street (string), 28], [Property: AppUser.StylePortfolioID (string) FK Index, 29], [Property: AppUser.Town (string), 30], [Property: AppUser.TwoFactorEnabled (bool) Required, 31], [Property: AppUser.UserName (string) MaxLength(256), 32] }
            SELECT TOP(2) a.Id, a.AccessFailedCount, a.Address, a.BookingID, a.CompanyName, a.ConcurrencyStamp, a.CreatedAt, a.DistanceInKM, a.Email, a.EmailConfirmed, a.FirstName, a.HomeService, a.ImageUrl, a.IsDeleted, a.LastLogin, a.LockoutEnabled, a.LockoutEnd, a.LoyaltyPoints, a.NormalizedEmail, a.NormalizedUserName, a.Password, a.PasswordHash, a.PasswordResetToken, a.PhoneNumber, a.PhoneNumberConfirmed, a.PromotionalOfferID, a.ResetTokenExpires, a.SecurityStamp, a.Street, a.StylePortfolioID, a.Town, a.TwoFactorEnabled, a.UserName
            FROM AspNetUsers AS a
            WHERE a.NormalizedEmail == @__normalizedEmail_0), 
        Func<QueryContext, DbDataReader, ResultContext, SingleQueryResultCoordinator, AppUser>, 
        MiHairCareApp.Persistence.Context.StylistsDBContext, 
        False, 
        False, 
        True
    ), 
    cancellationToken: queryContext.CancellationToken)'
2024-06-05 03:33:42.6219|DEBUG|Microsoft.EntityFrameworkCore.Query|Compiling query expression: 
'DbSet<AppUser>()
    .Where(x => x.PhoneNumber == __createDto_PhoneNumber_0)'
2024-06-05 03:33:42.6310|DEBUG|Microsoft.EntityFrameworkCore.Query|Generated query execution expression: 
'queryContext => new SingleQueryingEnumerable<AppUser>(
    (RelationalQueryContext)queryContext, 
    RelationalCommandCache.SelectExpression(
        Projection Mapping:
            EmptyProjectionMember -> Dictionary<IProperty, int> { [Property: AppUser.Id (string) Required PK AfterSave:Throw, 0], [Property: AppUser.AccessFailedCount (int) Required, 1], [Property: AppUser.Address (string) Required, 2], [Property: AppUser.BookingID (int) Required, 3], [Property: AppUser.CompanyName (string), 4], [Property: AppUser.ConcurrencyStamp (string) Concurrency, 5], [Property: AppUser.CreatedAt (DateTime) Required, 6], [Property: AppUser.DistanceInKM (double) Required, 7], [Property: AppUser.Email (string) MaxLength(256), 8], [Property: AppUser.EmailConfirmed (bool) Required, 9], [Property: AppUser.FirstName (string) Required, 10], [Property: AppUser.HomeService (bool) Required, 11], [Property: AppUser.ImageUrl (string) Required, 12], [Property: AppUser.IsDeleted (bool) Required, 13], [Property: AppUser.LastLogin (DateTime) Required, 14], [Property: AppUser.LockoutEnabled (bool) Required, 15], [Property: AppUser.LockoutEnd (DateTimeOffset?), 16], [Property: AppUser.LoyaltyPoints (int) Required, 17], [Property: AppUser.NormalizedEmail (string) Index MaxLength(256), 18], [Property: AppUser.NormalizedUserName (string) Index MaxLength(256), 19], [Property: AppUser.Password (string) Required, 20], [Property: AppUser.PasswordHash (string), 21], [Property: AppUser.PasswordResetToken (string) Required, 22], [Property: AppUser.PhoneNumber (string), 23], [Property: AppUser.PhoneNumberConfirmed (bool) Required, 24], [Property: AppUser.PromotionalOfferID (int) Required, 25], [Property: AppUser.ResetTokenExpires (DateTime?), 26], [Property: AppUser.SecurityStamp (string), 27], [Property: AppUser.Street (string), 28], [Property: AppUser.StylePortfolioID (string) FK Index, 29], [Property: AppUser.Town (string), 30], [Property: AppUser.TwoFactorEnabled (bool) Required, 31], [Property: AppUser.UserName (string) MaxLength(256), 32] }
        SELECT a.Id, a.AccessFailedCount, a.Address, a.BookingID, a.CompanyName, a.ConcurrencyStamp, a.CreatedAt, a.DistanceInKM, a.Email, a.EmailConfirmed, a.FirstName, a.HomeService, a.ImageUrl, a.IsDeleted, a.LastLogin, a.LockoutEnabled, a.LockoutEnd, a.LoyaltyPoints, a.NormalizedEmail, a.NormalizedUserName, a.Password, a.PasswordHash, a.PasswordResetToken, a.PhoneNumber, a.PhoneNumberConfirmed, a.PromotionalOfferID, a.ResetTokenExpires, a.SecurityStamp, a.Street, a.StylePortfolioID, a.Town, a.TwoFactorEnabled, a.UserName
        FROM AspNetUsers AS a
        WHERE a.PhoneNumber == @__createDto_PhoneNumber_0), 
    Func<QueryContext, DbDataReader, ResultContext, SingleQueryResultCoordinator, AppUser>, 
    MiHairCareApp.Persistence.Context.StylistsDBContext, 
    False, 
    False, 
    True
)'
2024-06-05 03:33:43.6448|DEBUG|Microsoft.EntityFrameworkCore.Query|Compiling query expression: 
'DbSet<IdentityRole>()
    .SingleOrDefault(r => r.NormalizedName == __normalizedRoleName_0)'
2024-06-05 03:33:43.6448|DEBUG|Microsoft.EntityFrameworkCore.Query|Generated query execution expression: 
'queryContext => ShapedQueryCompilingExpressionVisitor.SingleOrDefaultAsync<IdentityRole>(
    asyncEnumerable: new SingleQueryingEnumerable<IdentityRole>(
        (RelationalQueryContext)queryContext, 
        RelationalCommandCache.SelectExpression(
            Projection Mapping:
                EmptyProjectionMember -> Dictionary<IProperty, int> { [Property: IdentityRole.Id (string) Required PK AfterSave:Throw, 0], [Property: IdentityRole.ConcurrencyStamp (string) Concurrency, 1], [Property: IdentityRole.Name (string) MaxLength(256), 2], [Property: IdentityRole.NormalizedName (string) Index MaxLength(256), 3] }
            SELECT TOP(2) a.Id, a.ConcurrencyStamp, a.Name, a.NormalizedName
            FROM AspNetRoles AS a
            WHERE a.NormalizedName == @__normalizedRoleName_0), 
        Func<QueryContext, DbDataReader, ResultContext, SingleQueryResultCoordinator, IdentityRole>, 
        MiHairCareApp.Persistence.Context.StylistsDBContext, 
        False, 
        False, 
        True
    ), 
    cancellationToken: queryContext.CancellationToken)'
2024-06-05 03:33:43.7132|DEBUG|Microsoft.EntityFrameworkCore.Query|Compiling query expression: 
'DbSet<IdentityUserRole<string>>()
    .FirstOrDefault(e => EF.Property<string>(e, "UserId") == __p_0 && EF.Property<string>(e, "RoleId") == __p_1)'
2024-06-05 03:33:43.7648|DEBUG|Microsoft.EntityFrameworkCore.Query|Generated query execution expression: 
'queryContext => ShapedQueryCompilingExpressionVisitor.SingleOrDefaultAsync<IdentityUserRole<string>>(
    asyncEnumerable: new SingleQueryingEnumerable<IdentityUserRole<string>>(
        (RelationalQueryContext)queryContext, 
        RelationalCommandCache.SelectExpression(
            Projection Mapping:
                EmptyProjectionMember -> Dictionary<IProperty, int> { [Property: IdentityUserRole<string>.UserId (string) Required PK FK AfterSave:Throw, 0], [Property: IdentityUserRole<string>.RoleId (string) Required PK FK Index AfterSave:Throw, 1] }
            SELECT TOP(1) a.UserId, a.RoleId
            FROM AspNetUserRoles AS a
            WHERE (a.UserId == @__p_0) && (a.RoleId == @__p_1)), 
        Func<QueryContext, DbDataReader, ResultContext, SingleQueryResultCoordinator, IdentityUserRole<string>>, 
        MiHairCareApp.Persistence.Context.StylistsDBContext, 
        False, 
        False, 
        True
    ), 
    cancellationToken: queryContext.CancellationToken)'
2024-06-05 03:55:09.0735|DEBUG|Microsoft.EntityFrameworkCore.Query|Compiling query expression: 
'DbSet<IdentityRole>()
    .FirstOrDefault(r => r.NormalizedName == __normalizedName_0)'
2024-06-05 03:55:10.0025|DEBUG|Microsoft.EntityFrameworkCore.Query|Generated query execution expression: 
'queryContext => ShapedQueryCompilingExpressionVisitor.SingleOrDefaultAsync<IdentityRole>(
    asyncEnumerable: new SingleQueryingEnumerable<IdentityRole>(
        (RelationalQueryContext)queryContext, 
        RelationalCommandCache.SelectExpression(
            Projection Mapping:
                EmptyProjectionMember -> Dictionary<IProperty, int> { [Property: IdentityRole.Id (string) Required PK AfterSave:Throw, 0], [Property: IdentityRole.ConcurrencyStamp (string) Concurrency, 1], [Property: IdentityRole.Name (string) MaxLength(256), 2], [Property: IdentityRole.NormalizedName (string) Index MaxLength(256), 3] }
            SELECT TOP(1) a.Id, a.ConcurrencyStamp, a.Name, a.NormalizedName
            FROM AspNetRoles AS a
            WHERE a.NormalizedName == @__normalizedName_0), 
        Func<QueryContext, DbDataReader, ResultContext, SingleQueryResultCoordinator, IdentityRole>, 
        MiHairCareApp.Persistence.Context.StylistsDBContext, 
        False, 
        False, 
        True
    ), 
    cancellationToken: queryContext.CancellationToken)'
2024-06-05 03:55:11.8632|DEBUG|Microsoft.EntityFrameworkCore.Query|Compiling query expression: 
'DbSet<AppUser>()
    .FirstOrDefault(u => u.NormalizedUserName == __normalizedUserName_0)'
2024-06-05 03:55:11.8901|DEBUG|Microsoft.EntityFrameworkCore.Query|Generated query execution expression: 
'queryContext => ShapedQueryCompilingExpressionVisitor.SingleOrDefaultAsync<AppUser>(
    asyncEnumerable: new SingleQueryingEnumerable<AppUser>(
        (RelationalQueryContext)queryContext, 
        RelationalCommandCache.SelectExpression(
            Projection Mapping:
                EmptyProjectionMember -> Dictionary<IProperty, int> { [Property: AppUser.Id (string) Required PK AfterSave:Throw, 0], [Property: AppUser.AccessFailedCount (int) Required, 1], [Property: AppUser.Address (string) Required, 2], [Property: AppUser.BookingID (int) Required, 3], [Property: AppUser.CompanyName (string), 4], [Property: AppUser.ConcurrencyStamp (string) Concurrency, 5], [Property: AppUser.CreatedAt (DateTime) Required, 6], [Property: AppUser.DistanceInKM (double) Required, 7], [Property: AppUser.Email (string) MaxLength(256), 8], [Property: AppUser.EmailConfirmed (bool) Required, 9], [Property: AppUser.FirstName (string) Required, 10], [Property: AppUser.HomeService (bool) Required, 11], [Property: AppUser.ImageUrl (string) Required, 12], [Property: AppUser.IsDeleted (bool) Required, 13], [Property: AppUser.LastLogin (DateTime) Required, 14], [Property: AppUser.LockoutEnabled (bool) Required, 15], [Property: AppUser.LockoutEnd (DateTimeOffset?), 16], [Property: AppUser.LoyaltyPoints (int) Required, 17], [Property: AppUser.NormalizedEmail (string) Index MaxLength(256), 18], [Property: AppUser.NormalizedUserName (string) Index MaxLength(256), 19], [Property: AppUser.Password (string) Required, 20], [Property: AppUser.PasswordHash (string), 21], [Property: AppUser.PasswordResetToken (string) Required, 22], [Property: AppUser.PhoneNumber (string), 23], [Property: AppUser.PhoneNumberConfirmed (bool) Required, 24], [Property: AppUser.PromotionalOfferID (int) Required, 25], [Property: AppUser.ResetTokenExpires (DateTime?), 26], [Property: AppUser.SecurityStamp (string), 27], [Property: AppUser.Street (string), 28], [Property: AppUser.StylePortfolioID (string) FK Index, 29], [Property: AppUser.Town (string), 30], [Property: AppUser.TwoFactorEnabled (bool) Required, 31], [Property: AppUser.UserName (string) MaxLength(256), 32] }
            SELECT TOP(1) a.Id, a.AccessFailedCount, a.Address, a.BookingID, a.CompanyName, a.ConcurrencyStamp, a.CreatedAt, a.DistanceInKM, a.Email, a.EmailConfirmed, a.FirstName, a.HomeService, a.ImageUrl, a.IsDeleted, a.LastLogin, a.LockoutEnabled, a.LockoutEnd, a.LoyaltyPoints, a.NormalizedEmail, a.NormalizedUserName, a.Password, a.PasswordHash, a.PasswordResetToken, a.PhoneNumber, a.PhoneNumberConfirmed, a.PromotionalOfferID, a.ResetTokenExpires, a.SecurityStamp, a.Street, a.StylePortfolioID, a.Town, a.TwoFactorEnabled, a.UserName
            FROM AspNetUsers AS a
            WHERE a.NormalizedUserName == @__normalizedUserName_0), 
        Func<QueryContext, DbDataReader, ResultContext, SingleQueryResultCoordinator, AppUser>, 
        MiHairCareApp.Persistence.Context.StylistsDBContext, 
        False, 
        False, 
        True
    ), 
    cancellationToken: queryContext.CancellationToken)'
2024-06-05 04:32:59.4602|DEBUG|Microsoft.EntityFrameworkCore.Query|Compiling query expression: 
'DbSet<IdentityRole>()
    .FirstOrDefault(r => r.NormalizedName == __normalizedName_0)'
2024-06-05 04:33:00.6055|DEBUG|Microsoft.EntityFrameworkCore.Query|Generated query execution expression: 
'queryContext => ShapedQueryCompilingExpressionVisitor.SingleOrDefaultAsync<IdentityRole>(
    asyncEnumerable: new SingleQueryingEnumerable<IdentityRole>(
        (RelationalQueryContext)queryContext, 
        RelationalCommandCache.SelectExpression(
            Projection Mapping:
                EmptyProjectionMember -> Dictionary<IProperty, int> { [Property: IdentityRole.Id (string) Required PK AfterSave:Throw, 0], [Property: IdentityRole.ConcurrencyStamp (string) Concurrency, 1], [Property: IdentityRole.Name (string) MaxLength(256), 2], [Property: IdentityRole.NormalizedName (string) Index MaxLength(256), 3] }
            SELECT TOP(1) a.Id, a.ConcurrencyStamp, a.Name, a.NormalizedName
            FROM AspNetRoles AS a
            WHERE a.NormalizedName == @__normalizedName_0), 
        Func<QueryContext, DbDataReader, ResultContext, SingleQueryResultCoordinator, IdentityRole>, 
        MiHairCareApp.Persistence.Context.StylistsDBContext, 
        False, 
        False, 
        True
    ), 
    cancellationToken: queryContext.CancellationToken)'
2024-06-05 04:33:02.3065|DEBUG|Microsoft.EntityFrameworkCore.Query|Compiling query expression: 
'DbSet<AppUser>()
    .FirstOrDefault(u => u.NormalizedUserName == __normalizedUserName_0)'
2024-06-05 04:33:02.3316|DEBUG|Microsoft.EntityFrameworkCore.Query|Generated query execution expression: 
'queryContext => ShapedQueryCompilingExpressionVisitor.SingleOrDefaultAsync<AppUser>(
    asyncEnumerable: new SingleQueryingEnumerable<AppUser>(
        (RelationalQueryContext)queryContext, 
        RelationalCommandCache.SelectExpression(
            Projection Mapping:
                EmptyProjectionMember -> Dictionary<IProperty, int> { [Property: AppUser.Id (string) Required PK AfterSave:Throw, 0], [Property: AppUser.AccessFailedCount (int) Required, 1], [Property: AppUser.Address (string) Required, 2], [Property: AppUser.BookingID (int) Required, 3], [Property: AppUser.CompanyName (string), 4], [Property: AppUser.ConcurrencyStamp (string) Concurrency, 5], [Property: AppUser.CreatedAt (DateTime) Required, 6], [Property: AppUser.DistanceInKM (double) Required, 7], [Property: AppUser.Email (string) MaxLength(256), 8], [Property: AppUser.EmailConfirmed (bool) Required, 9], [Property: AppUser.FirstName (string) Required, 10], [Property: AppUser.HomeService (bool) Required, 11], [Property: AppUser.ImageUrl (string) Required, 12], [Property: AppUser.IsDeleted (bool) Required, 13], [Property: AppUser.LastLogin (DateTime) Required, 14], [Property: AppUser.LockoutEnabled (bool) Required, 15], [Property: AppUser.LockoutEnd (DateTimeOffset?), 16], [Property: AppUser.LoyaltyPoints (int) Required, 17], [Property: AppUser.NormalizedEmail (string) Index MaxLength(256), 18], [Property: AppUser.NormalizedUserName (string) Index MaxLength(256), 19], [Property: AppUser.Password (string) Required, 20], [Property: AppUser.PasswordHash (string), 21], [Property: AppUser.PasswordResetToken (string) Required, 22], [Property: AppUser.PhoneNumber (string), 23], [Property: AppUser.PhoneNumberConfirmed (bool) Required, 24], [Property: AppUser.PromotionalOfferID (int) Required, 25], [Property: AppUser.ResetTokenExpires (DateTime?), 26], [Property: AppUser.SecurityStamp (string), 27], [Property: AppUser.Street (string), 28], [Property: AppUser.StylePortfolioID (string) FK Index, 29], [Property: AppUser.Town (string), 30], [Property: AppUser.TwoFactorEnabled (bool) Required, 31], [Property: AppUser.UserName (string) MaxLength(256), 32] }
            SELECT TOP(1) a.Id, a.AccessFailedCount, a.Address, a.BookingID, a.CompanyName, a.ConcurrencyStamp, a.CreatedAt, a.DistanceInKM, a.Email, a.EmailConfirmed, a.FirstName, a.HomeService, a.ImageUrl, a.IsDeleted, a.LastLogin, a.LockoutEnabled, a.LockoutEnd, a.LoyaltyPoints, a.NormalizedEmail, a.NormalizedUserName, a.Password, a.PasswordHash, a.PasswordResetToken, a.PhoneNumber, a.PhoneNumberConfirmed, a.PromotionalOfferID, a.ResetTokenExpires, a.SecurityStamp, a.Street, a.StylePortfolioID, a.Town, a.TwoFactorEnabled, a.UserName
            FROM AspNetUsers AS a
            WHERE a.NormalizedUserName == @__normalizedUserName_0), 
        Func<QueryContext, DbDataReader, ResultContext, SingleQueryResultCoordinator, AppUser>, 
        MiHairCareApp.Persistence.Context.StylistsDBContext, 
        False, 
        False, 
        True
    ), 
    cancellationToken: queryContext.CancellationToken)'
2024-06-05 04:35:15.2250|DEBUG|Microsoft.EntityFrameworkCore.Query|Compiling query expression: 
'DbSet<AppUser>()
    .SingleOrDefault(u => u.NormalizedEmail == __normalizedEmail_0)'
2024-06-05 04:35:15.2402|DEBUG|Microsoft.EntityFrameworkCore.Query|Generated query execution expression: 
'queryContext => ShapedQueryCompilingExpressionVisitor.SingleOrDefaultAsync<AppUser>(
    asyncEnumerable: new SingleQueryingEnumerable<AppUser>(
        (RelationalQueryContext)queryContext, 
        RelationalCommandCache.SelectExpression(
            Projection Mapping:
                EmptyProjectionMember -> Dictionary<IProperty, int> { [Property: AppUser.Id (string) Required PK AfterSave:Throw, 0], [Property: AppUser.AccessFailedCount (int) Required, 1], [Property: AppUser.Address (string) Required, 2], [Property: AppUser.BookingID (int) Required, 3], [Property: AppUser.CompanyName (string), 4], [Property: AppUser.ConcurrencyStamp (string) Concurrency, 5], [Property: AppUser.CreatedAt (DateTime) Required, 6], [Property: AppUser.DistanceInKM (double) Required, 7], [Property: AppUser.Email (string) MaxLength(256), 8], [Property: AppUser.EmailConfirmed (bool) Required, 9], [Property: AppUser.FirstName (string) Required, 10], [Property: AppUser.HomeService (bool) Required, 11], [Property: AppUser.ImageUrl (string) Required, 12], [Property: AppUser.IsDeleted (bool) Required, 13], [Property: AppUser.LastLogin (DateTime) Required, 14], [Property: AppUser.LockoutEnabled (bool) Required, 15], [Property: AppUser.LockoutEnd (DateTimeOffset?), 16], [Property: AppUser.LoyaltyPoints (int) Required, 17], [Property: AppUser.NormalizedEmail (string) Index MaxLength(256), 18], [Property: AppUser.NormalizedUserName (string) Index MaxLength(256), 19], [Property: AppUser.Password (string) Required, 20], [Property: AppUser.PasswordHash (string), 21], [Property: AppUser.PasswordResetToken (string) Required, 22], [Property: AppUser.PhoneNumber (string), 23], [Property: AppUser.PhoneNumberConfirmed (bool) Required, 24], [Property: AppUser.PromotionalOfferID (int) Required, 25], [Property: AppUser.ResetTokenExpires (DateTime?), 26], [Property: AppUser.SecurityStamp (string), 27], [Property: AppUser.Street (string), 28], [Property: AppUser.StylePortfolioID (string) FK Index, 29], [Property: AppUser.Town (string), 30], [Property: AppUser.TwoFactorEnabled (bool) Required, 31], [Property: AppUser.UserName (string) MaxLength(256), 32] }
            SELECT TOP(2) a.Id, a.AccessFailedCount, a.Address, a.BookingID, a.CompanyName, a.ConcurrencyStamp, a.CreatedAt, a.DistanceInKM, a.Email, a.EmailConfirmed, a.FirstName, a.HomeService, a.ImageUrl, a.IsDeleted, a.LastLogin, a.LockoutEnabled, a.LockoutEnd, a.LoyaltyPoints, a.NormalizedEmail, a.NormalizedUserName, a.Password, a.PasswordHash, a.PasswordResetToken, a.PhoneNumber, a.PhoneNumberConfirmed, a.PromotionalOfferID, a.ResetTokenExpires, a.SecurityStamp, a.Street, a.StylePortfolioID, a.Town, a.TwoFactorEnabled, a.UserName
            FROM AspNetUsers AS a
            WHERE a.NormalizedEmail == @__normalizedEmail_0), 
        Func<QueryContext, DbDataReader, ResultContext, SingleQueryResultCoordinator, AppUser>, 
        MiHairCareApp.Persistence.Context.StylistsDBContext, 
        False, 
        False, 
        True
    ), 
    cancellationToken: queryContext.CancellationToken)'
2024-06-05 05:19:36.3768|DEBUG|Microsoft.EntityFrameworkCore.Query|Compiling query expression: 
'DbSet<AppUser>()
    .Where(x => x.PhoneNumber == __createDto_PhoneNumber_0)'
2024-06-05 05:19:36.3768|DEBUG|Microsoft.EntityFrameworkCore.Query|Generated query execution expression: 
'queryContext => new SingleQueryingEnumerable<AppUser>(
    (RelationalQueryContext)queryContext, 
    RelationalCommandCache.SelectExpression(
        Projection Mapping:
            EmptyProjectionMember -> Dictionary<IProperty, int> { [Property: AppUser.Id (string) Required PK AfterSave:Throw, 0], [Property: AppUser.AccessFailedCount (int) Required, 1], [Property: AppUser.Address (string) Required, 2], [Property: AppUser.BookingID (int) Required, 3], [Property: AppUser.CompanyName (string), 4], [Property: AppUser.ConcurrencyStamp (string) Concurrency, 5], [Property: AppUser.CreatedAt (DateTime) Required, 6], [Property: AppUser.DistanceInKM (double) Required, 7], [Property: AppUser.Email (string) MaxLength(256), 8], [Property: AppUser.EmailConfirmed (bool) Required, 9], [Property: AppUser.FirstName (string) Required, 10], [Property: AppUser.HomeService (bool) Required, 11], [Property: AppUser.ImageUrl (string) Required, 12], [Property: AppUser.IsDeleted (bool) Required, 13], [Property: AppUser.LastLogin (DateTime) Required, 14], [Property: AppUser.LockoutEnabled (bool) Required, 15], [Property: AppUser.LockoutEnd (DateTimeOffset?), 16], [Property: AppUser.LoyaltyPoints (int) Required, 17], [Property: AppUser.NormalizedEmail (string) Index MaxLength(256), 18], [Property: AppUser.NormalizedUserName (string) Index MaxLength(256), 19], [Property: AppUser.Password (string) Required, 20], [Property: AppUser.PasswordHash (string), 21], [Property: AppUser.PasswordResetToken (string) Required, 22], [Property: AppUser.PhoneNumber (string), 23], [Property: AppUser.PhoneNumberConfirmed (bool) Required, 24], [Property: AppUser.PromotionalOfferID (int) Required, 25], [Property: AppUser.ResetTokenExpires (DateTime?), 26], [Property: AppUser.SecurityStamp (string), 27], [Property: AppUser.Street (string), 28], [Property: AppUser.StylePortfolioID (string) FK Index, 29], [Property: AppUser.Town (string), 30], [Property: AppUser.TwoFactorEnabled (bool) Required, 31], [Property: AppUser.UserName (string) MaxLength(256), 32] }
        SELECT a.Id, a.AccessFailedCount, a.Address, a.BookingID, a.CompanyName, a.ConcurrencyStamp, a.CreatedAt, a.DistanceInKM, a.Email, a.EmailConfirmed, a.FirstName, a.HomeService, a.ImageUrl, a.IsDeleted, a.LastLogin, a.LockoutEnabled, a.LockoutEnd, a.LoyaltyPoints, a.NormalizedEmail, a.NormalizedUserName, a.Password, a.PasswordHash, a.PasswordResetToken, a.PhoneNumber, a.PhoneNumberConfirmed, a.PromotionalOfferID, a.ResetTokenExpires, a.SecurityStamp, a.Street, a.StylePortfolioID, a.Town, a.TwoFactorEnabled, a.UserName
        FROM AspNetUsers AS a
        WHERE a.PhoneNumber == @__createDto_PhoneNumber_0), 
    Func<QueryContext, DbDataReader, ResultContext, SingleQueryResultCoordinator, AppUser>, 
    MiHairCareApp.Persistence.Context.StylistsDBContext, 
    False, 
    False, 
    True
)'
2024-06-05 05:19:36.8512|DEBUG|Microsoft.EntityFrameworkCore.Query|Compiling query expression: 
'DbSet<IdentityRole>()
    .SingleOrDefault(r => r.NormalizedName == __normalizedRoleName_0)'
2024-06-05 05:19:36.8512|DEBUG|Microsoft.EntityFrameworkCore.Query|Generated query execution expression: 
'queryContext => ShapedQueryCompilingExpressionVisitor.SingleOrDefaultAsync<IdentityRole>(
    asyncEnumerable: new SingleQueryingEnumerable<IdentityRole>(
        (RelationalQueryContext)queryContext, 
        RelationalCommandCache.SelectExpression(
            Projection Mapping:
                EmptyProjectionMember -> Dictionary<IProperty, int> { [Property: IdentityRole.Id (string) Required PK AfterSave:Throw, 0], [Property: IdentityRole.ConcurrencyStamp (string) Concurrency, 1], [Property: IdentityRole.Name (string) MaxLength(256), 2], [Property: IdentityRole.NormalizedName (string) Index MaxLength(256), 3] }
            SELECT TOP(2) a.Id, a.ConcurrencyStamp, a.Name, a.NormalizedName
            FROM AspNetRoles AS a
            WHERE a.NormalizedName == @__normalizedRoleName_0), 
        Func<QueryContext, DbDataReader, ResultContext, SingleQueryResultCoordinator, IdentityRole>, 
        MiHairCareApp.Persistence.Context.StylistsDBContext, 
        False, 
        False, 
        True
    ), 
    cancellationToken: queryContext.CancellationToken)'
2024-06-05 05:19:36.8872|DEBUG|Microsoft.EntityFrameworkCore.Query|Compiling query expression: 
'DbSet<IdentityUserRole<string>>()
    .FirstOrDefault(e => EF.Property<string>(e, "UserId") == __p_0 && EF.Property<string>(e, "RoleId") == __p_1)'
2024-06-05 05:19:36.9191|DEBUG|Microsoft.EntityFrameworkCore.Query|Generated query execution expression: 
'queryContext => ShapedQueryCompilingExpressionVisitor.SingleOrDefaultAsync<IdentityUserRole<string>>(
    asyncEnumerable: new SingleQueryingEnumerable<IdentityUserRole<string>>(
        (RelationalQueryContext)queryContext, 
        RelationalCommandCache.SelectExpression(
            Projection Mapping:
                EmptyProjectionMember -> Dictionary<IProperty, int> { [Property: IdentityUserRole<string>.UserId (string) Required PK FK AfterSave:Throw, 0], [Property: IdentityUserRole<string>.RoleId (string) Required PK FK Index AfterSave:Throw, 1] }
            SELECT TOP(1) a.UserId, a.RoleId
            FROM AspNetUserRoles AS a
            WHERE (a.UserId == @__p_0) && (a.RoleId == @__p_1)), 
        Func<QueryContext, DbDataReader, ResultContext, SingleQueryResultCoordinator, IdentityUserRole<string>>, 
        MiHairCareApp.Persistence.Context.StylistsDBContext, 
        False, 
        False, 
        True
    ), 
    cancellationToken: queryContext.CancellationToken)'
2024-06-05 11:42:21.1679|DEBUG|Microsoft.EntityFrameworkCore.Query|Compiling query expression: 
'DbSet<IdentityRole>()
    .FirstOrDefault(r => r.NormalizedName == __normalizedName_0)'
2024-06-05 11:42:22.0391|DEBUG|Microsoft.EntityFrameworkCore.Query|Generated query execution expression: 
'queryContext => ShapedQueryCompilingExpressionVisitor.SingleOrDefaultAsync<IdentityRole>(
    asyncEnumerable: new SingleQueryingEnumerable<IdentityRole>(
        (RelationalQueryContext)queryContext, 
        RelationalCommandCache.SelectExpression(
            Projection Mapping:
                EmptyProjectionMember -> Dictionary<IProperty, int> { [Property: IdentityRole.Id (string) Required PK AfterSave:Throw, 0], [Property: IdentityRole.ConcurrencyStamp (string) Concurrency, 1], [Property: IdentityRole.Name (string) MaxLength(256), 2], [Property: IdentityRole.NormalizedName (string) Index MaxLength(256), 3] }
            SELECT TOP(1) a.Id, a.ConcurrencyStamp, a.Name, a.NormalizedName
            FROM AspNetRoles AS a
            WHERE a.NormalizedName == @__normalizedName_0), 
        Func<QueryContext, DbDataReader, ResultContext, SingleQueryResultCoordinator, IdentityRole>, 
        MiHairCareApp.Persistence.Context.StylistsDBContext, 
        False, 
        False, 
        True
    ), 
    cancellationToken: queryContext.CancellationToken)'
2024-06-05 11:42:24.6448|DEBUG|Microsoft.EntityFrameworkCore.Query|Compiling query expression: 
'DbSet<AppUser>()
    .FirstOrDefault(u => u.NormalizedUserName == __normalizedUserName_0)'
2024-06-05 11:42:24.6658|DEBUG|Microsoft.EntityFrameworkCore.Query|Generated query execution expression: 
'queryContext => ShapedQueryCompilingExpressionVisitor.SingleOrDefaultAsync<AppUser>(
    asyncEnumerable: new SingleQueryingEnumerable<AppUser>(
        (RelationalQueryContext)queryContext, 
        RelationalCommandCache.SelectExpression(
            Projection Mapping:
                EmptyProjectionMember -> Dictionary<IProperty, int> { [Property: AppUser.Id (string) Required PK AfterSave:Throw, 0], [Property: AppUser.AccessFailedCount (int) Required, 1], [Property: AppUser.Address (string) Required, 2], [Property: AppUser.BookingID (int) Required, 3], [Property: AppUser.CompanyName (string), 4], [Property: AppUser.ConcurrencyStamp (string) Concurrency, 5], [Property: AppUser.CreatedAt (DateTime) Required, 6], [Property: AppUser.DistanceInKM (double) Required, 7], [Property: AppUser.Email (string) MaxLength(256), 8], [Property: AppUser.EmailConfirmed (bool) Required, 9], [Property: AppUser.FirstName (string) Required, 10], [Property: AppUser.HomeService (bool) Required, 11], [Property: AppUser.ImageUrl (string) Required, 12], [Property: AppUser.IsDeleted (bool) Required, 13], [Property: AppUser.LastLogin (DateTime) Required, 14], [Property: AppUser.LockoutEnabled (bool) Required, 15], [Property: AppUser.LockoutEnd (DateTimeOffset?), 16], [Property: AppUser.LoyaltyPoints (int) Required, 17], [Property: AppUser.NormalizedEmail (string) Index MaxLength(256), 18], [Property: AppUser.NormalizedUserName (string) Index MaxLength(256), 19], [Property: AppUser.Password (string) Required, 20], [Property: AppUser.PasswordHash (string), 21], [Property: AppUser.PasswordResetToken (string) Required, 22], [Property: AppUser.PhoneNumber (string), 23], [Property: AppUser.PhoneNumberConfirmed (bool) Required, 24], [Property: AppUser.PromotionalOfferID (int) Required, 25], [Property: AppUser.ResetTokenExpires (DateTime?), 26], [Property: AppUser.SecurityStamp (string), 27], [Property: AppUser.Street (string), 28], [Property: AppUser.StylePortfolioID (string) FK Index, 29], [Property: AppUser.Town (string), 30], [Property: AppUser.TwoFactorEnabled (bool) Required, 31], [Property: AppUser.UserName (string) MaxLength(256), 32] }
            SELECT TOP(1) a.Id, a.AccessFailedCount, a.Address, a.BookingID, a.CompanyName, a.ConcurrencyStamp, a.CreatedAt, a.DistanceInKM, a.Email, a.EmailConfirmed, a.FirstName, a.HomeService, a.ImageUrl, a.IsDeleted, a.LastLogin, a.LockoutEnabled, a.LockoutEnd, a.LoyaltyPoints, a.NormalizedEmail, a.NormalizedUserName, a.Password, a.PasswordHash, a.PasswordResetToken, a.PhoneNumber, a.PhoneNumberConfirmed, a.PromotionalOfferID, a.ResetTokenExpires, a.SecurityStamp, a.Street, a.StylePortfolioID, a.Town, a.TwoFactorEnabled, a.UserName
            FROM AspNetUsers AS a
            WHERE a.NormalizedUserName == @__normalizedUserName_0), 
        Func<QueryContext, DbDataReader, ResultContext, SingleQueryResultCoordinator, AppUser>, 
        MiHairCareApp.Persistence.Context.StylistsDBContext, 
        False, 
        False, 
        True
    ), 
    cancellationToken: queryContext.CancellationToken)'
2024-06-05 11:49:29.1267|DEBUG|Microsoft.EntityFrameworkCore.Query|Compiling query expression: 
'DbSet<AppUser>()
    .SingleOrDefault(u => u.NormalizedEmail == __normalizedEmail_0)'
2024-06-05 11:49:29.1267|DEBUG|Microsoft.EntityFrameworkCore.Query|Generated query execution expression: 
'queryContext => ShapedQueryCompilingExpressionVisitor.SingleOrDefaultAsync<AppUser>(
    asyncEnumerable: new SingleQueryingEnumerable<AppUser>(
        (RelationalQueryContext)queryContext, 
        RelationalCommandCache.SelectExpression(
            Projection Mapping:
                EmptyProjectionMember -> Dictionary<IProperty, int> { [Property: AppUser.Id (string) Required PK AfterSave:Throw, 0], [Property: AppUser.AccessFailedCount (int) Required, 1], [Property: AppUser.Address (string) Required, 2], [Property: AppUser.BookingID (int) Required, 3], [Property: AppUser.CompanyName (string), 4], [Property: AppUser.ConcurrencyStamp (string) Concurrency, 5], [Property: AppUser.CreatedAt (DateTime) Required, 6], [Property: AppUser.DistanceInKM (double) Required, 7], [Property: AppUser.Email (string) MaxLength(256), 8], [Property: AppUser.EmailConfirmed (bool) Required, 9], [Property: AppUser.FirstName (string) Required, 10], [Property: AppUser.HomeService (bool) Required, 11], [Property: AppUser.ImageUrl (string) Required, 12], [Property: AppUser.IsDeleted (bool) Required, 13], [Property: AppUser.LastLogin (DateTime) Required, 14], [Property: AppUser.LockoutEnabled (bool) Required, 15], [Property: AppUser.LockoutEnd (DateTimeOffset?), 16], [Property: AppUser.LoyaltyPoints (int) Required, 17], [Property: AppUser.NormalizedEmail (string) Index MaxLength(256), 18], [Property: AppUser.NormalizedUserName (string) Index MaxLength(256), 19], [Property: AppUser.Password (string) Required, 20], [Property: AppUser.PasswordHash (string), 21], [Property: AppUser.PasswordResetToken (string) Required, 22], [Property: AppUser.PhoneNumber (string), 23], [Property: AppUser.PhoneNumberConfirmed (bool) Required, 24], [Property: AppUser.PromotionalOfferID (int) Required, 25], [Property: AppUser.ResetTokenExpires (DateTime?), 26], [Property: AppUser.SecurityStamp (string), 27], [Property: AppUser.Street (string), 28], [Property: AppUser.StylePortfolioID (string) FK Index, 29], [Property: AppUser.Town (string), 30], [Property: AppUser.TwoFactorEnabled (bool) Required, 31], [Property: AppUser.UserName (string) MaxLength(256), 32] }
            SELECT TOP(2) a.Id, a.AccessFailedCount, a.Address, a.BookingID, a.CompanyName, a.ConcurrencyStamp, a.CreatedAt, a.DistanceInKM, a.Email, a.EmailConfirmed, a.FirstName, a.HomeService, a.ImageUrl, a.IsDeleted, a.LastLogin, a.LockoutEnabled, a.LockoutEnd, a.LoyaltyPoints, a.NormalizedEmail, a.NormalizedUserName, a.Password, a.PasswordHash, a.PasswordResetToken, a.PhoneNumber, a.PhoneNumberConfirmed, a.PromotionalOfferID, a.ResetTokenExpires, a.SecurityStamp, a.Street, a.StylePortfolioID, a.Town, a.TwoFactorEnabled, a.UserName
            FROM AspNetUsers AS a
            WHERE a.NormalizedEmail == @__normalizedEmail_0), 
        Func<QueryContext, DbDataReader, ResultContext, SingleQueryResultCoordinator, AppUser>, 
        MiHairCareApp.Persistence.Context.StylistsDBContext, 
        False, 
        False, 
        True
    ), 
    cancellationToken: queryContext.CancellationToken)'
2024-06-05 11:49:29.3984|DEBUG|Microsoft.EntityFrameworkCore.Query|Compiling query expression: 
'DbSet<AppUser>()
    .Where(x => x.PhoneNumber == __createDto_PhoneNumber_0)'
2024-06-05 11:49:29.4073|DEBUG|Microsoft.EntityFrameworkCore.Query|Generated query execution expression: 
'queryContext => new SingleQueryingEnumerable<AppUser>(
    (RelationalQueryContext)queryContext, 
    RelationalCommandCache.SelectExpression(
        Projection Mapping:
            EmptyProjectionMember -> Dictionary<IProperty, int> { [Property: AppUser.Id (string) Required PK AfterSave:Throw, 0], [Property: AppUser.AccessFailedCount (int) Required, 1], [Property: AppUser.Address (string) Required, 2], [Property: AppUser.BookingID (int) Required, 3], [Property: AppUser.CompanyName (string), 4], [Property: AppUser.ConcurrencyStamp (string) Concurrency, 5], [Property: AppUser.CreatedAt (DateTime) Required, 6], [Property: AppUser.DistanceInKM (double) Required, 7], [Property: AppUser.Email (string) MaxLength(256), 8], [Property: AppUser.EmailConfirmed (bool) Required, 9], [Property: AppUser.FirstName (string) Required, 10], [Property: AppUser.HomeService (bool) Required, 11], [Property: AppUser.ImageUrl (string) Required, 12], [Property: AppUser.IsDeleted (bool) Required, 13], [Property: AppUser.LastLogin (DateTime) Required, 14], [Property: AppUser.LockoutEnabled (bool) Required, 15], [Property: AppUser.LockoutEnd (DateTimeOffset?), 16], [Property: AppUser.LoyaltyPoints (int) Required, 17], [Property: AppUser.NormalizedEmail (string) Index MaxLength(256), 18], [Property: AppUser.NormalizedUserName (string) Index MaxLength(256), 19], [Property: AppUser.Password (string) Required, 20], [Property: AppUser.PasswordHash (string), 21], [Property: AppUser.PasswordResetToken (string) Required, 22], [Property: AppUser.PhoneNumber (string), 23], [Property: AppUser.PhoneNumberConfirmed (bool) Required, 24], [Property: AppUser.PromotionalOfferID (int) Required, 25], [Property: AppUser.ResetTokenExpires (DateTime?), 26], [Property: AppUser.SecurityStamp (string), 27], [Property: AppUser.Street (string), 28], [Property: AppUser.StylePortfolioID (string) FK Index, 29], [Property: AppUser.Town (string), 30], [Property: AppUser.TwoFactorEnabled (bool) Required, 31], [Property: AppUser.UserName (string) MaxLength(256), 32] }
        SELECT a.Id, a.AccessFailedCount, a.Address, a.BookingID, a.CompanyName, a.ConcurrencyStamp, a.CreatedAt, a.DistanceInKM, a.Email, a.EmailConfirmed, a.FirstName, a.HomeService, a.ImageUrl, a.IsDeleted, a.LastLogin, a.LockoutEnabled, a.LockoutEnd, a.LoyaltyPoints, a.NormalizedEmail, a.NormalizedUserName, a.Password, a.PasswordHash, a.PasswordResetToken, a.PhoneNumber, a.PhoneNumberConfirmed, a.PromotionalOfferID, a.ResetTokenExpires, a.SecurityStamp, a.Street, a.StylePortfolioID, a.Town, a.TwoFactorEnabled, a.UserName
        FROM AspNetUsers AS a
        WHERE a.PhoneNumber == @__createDto_PhoneNumber_0), 
    Func<QueryContext, DbDataReader, ResultContext, SingleQueryResultCoordinator, AppUser>, 
    MiHairCareApp.Persistence.Context.StylistsDBContext, 
    False, 
    False, 
    True
)'
2024-06-05 11:49:30.3895|DEBUG|Microsoft.EntityFrameworkCore.Query|Compiling query expression: 
'DbSet<IdentityRole>()
    .SingleOrDefault(r => r.NormalizedName == __normalizedRoleName_0)'
2024-06-05 11:49:30.3895|DEBUG|Microsoft.EntityFrameworkCore.Query|Generated query execution expression: 
'queryContext => ShapedQueryCompilingExpressionVisitor.SingleOrDefaultAsync<IdentityRole>(
    asyncEnumerable: new SingleQueryingEnumerable<IdentityRole>(
        (RelationalQueryContext)queryContext, 
        RelationalCommandCache.SelectExpression(
            Projection Mapping:
                EmptyProjectionMember -> Dictionary<IProperty, int> { [Property: IdentityRole.Id (string) Required PK AfterSave:Throw, 0], [Property: IdentityRole.ConcurrencyStamp (string) Concurrency, 1], [Property: IdentityRole.Name (string) MaxLength(256), 2], [Property: IdentityRole.NormalizedName (string) Index MaxLength(256), 3] }
            SELECT TOP(2) a.Id, a.ConcurrencyStamp, a.Name, a.NormalizedName
            FROM AspNetRoles AS a
            WHERE a.NormalizedName == @__normalizedRoleName_0), 
        Func<QueryContext, DbDataReader, ResultContext, SingleQueryResultCoordinator, IdentityRole>, 
        MiHairCareApp.Persistence.Context.StylistsDBContext, 
        False, 
        False, 
        True
    ), 
    cancellationToken: queryContext.CancellationToken)'
2024-06-05 11:49:30.4493|DEBUG|Microsoft.EntityFrameworkCore.Query|Compiling query expression: 
'DbSet<IdentityUserRole<string>>()
    .FirstOrDefault(e => EF.Property<string>(e, "UserId") == __p_0 && EF.Property<string>(e, "RoleId") == __p_1)'
2024-06-05 11:49:30.5052|DEBUG|Microsoft.EntityFrameworkCore.Query|Generated query execution expression: 
'queryContext => ShapedQueryCompilingExpressionVisitor.SingleOrDefaultAsync<IdentityUserRole<string>>(
    asyncEnumerable: new SingleQueryingEnumerable<IdentityUserRole<string>>(
        (RelationalQueryContext)queryContext, 
        RelationalCommandCache.SelectExpression(
            Projection Mapping:
                EmptyProjectionMember -> Dictionary<IProperty, int> { [Property: IdentityUserRole<string>.UserId (string) Required PK FK AfterSave:Throw, 0], [Property: IdentityUserRole<string>.RoleId (string) Required PK FK Index AfterSave:Throw, 1] }
            SELECT TOP(1) a.UserId, a.RoleId
            FROM AspNetUserRoles AS a
            WHERE (a.UserId == @__p_0) && (a.RoleId == @__p_1)), 
        Func<QueryContext, DbDataReader, ResultContext, SingleQueryResultCoordinator, IdentityUserRole<string>>, 
        MiHairCareApp.Persistence.Context.StylistsDBContext, 
        False, 
        False, 
        True
    ), 
    cancellationToken: queryContext.CancellationToken)'
