2024-06-20 13:03:29.5427|DEBUG|Microsoft.EntityFrameworkCore.Query|Compiling query expression: 
'DbSet<IdentityRole>()
    .FirstOrDefault(r => r.NormalizedName == __normalizedName_0)'
2024-06-20 13:03:30.6855|DEBUG|Microsoft.EntityFrameworkCore.Query|Generated query execution expression: 
'queryContext => ShapedQueryCompilingExpressionVisitor.SingleOrDefaultAsync<IdentityRole>(
    asyncEnumerable: new SingleQueryingEnumerable<IdentityRole>(
        (RelationalQueryContext)queryContext, 
        RelationalCommandCache.SelectExpression(
            Projection Mapping:
                EmptyProjectionMember -> Dictionary<IProperty, int> { [Property: IdentityRole.Id (string) Required PK AfterSave:Throw, 0], [Property: IdentityRole.ConcurrencyStamp (string) Concurrency, 1], [Property: IdentityRole.Name (string) MaxLength(256), 2], [Property: IdentityRole.NormalizedName (string) Index MaxLength(256), 3] }
            SELECT TOP(1) a.Id, a.ConcurrencyStamp, a.Name, a.NormalizedName
            FROM AspNetRoles AS a
            WHERE a.NormalizedName == @__normalizedName_0), 
        Func<QueryContext, DbDataReader, ResultContext, SingleQueryResultCoordinator, IdentityRole>, 
        MiHairCareApp.Persistence.Context.StylistsDBContext, 
        False, 
        False, 
        True
    ), 
    cancellationToken: queryContext.CancellationToken)'
2024-06-20 13:03:33.4607|DEBUG|Microsoft.EntityFrameworkCore.Query|Compiling query expression: 
'DbSet<AppUser>()
    .FirstOrDefault(u => u.NormalizedUserName == __normalizedUserName_0)'
2024-06-20 13:03:33.4794|DEBUG|Microsoft.EntityFrameworkCore.Query|Generated query execution expression: 
'queryContext => ShapedQueryCompilingExpressionVisitor.SingleOrDefaultAsync<AppUser>(
    asyncEnumerable: new SingleQueryingEnumerable<AppUser>(
        (RelationalQueryContext)queryContext, 
        RelationalCommandCache.SelectExpression(
            Projection Mapping:
                EmptyProjectionMember -> Dictionary<IProperty, int> { [Property: AppUser.Id (string) Required PK AfterSave:Throw, 0], [Property: AppUser.AccessFailedCount (int) Required, 1], [Property: AppUser.Address (string) Required, 2], [Property: AppUser.BookingID (int) Required, 3], [Property: AppUser.CompanyName (string), 4], [Property: AppUser.ConcurrencyStamp (string) Concurrency, 5], [Property: AppUser.CreatedAt (DateTime) Required, 6], [Property: AppUser.DistanceInKM (double) Required, 7], [Property: AppUser.Email (string) MaxLength(256), 8], [Property: AppUser.EmailConfirmed (bool) Required, 9], [Property: AppUser.FirstName (string) Required, 10], [Property: AppUser.HomeService (bool) Required, 11], [Property: AppUser.ImageUrl (string) Required, 12], [Property: AppUser.IsDeleted (bool) Required, 13], [Property: AppUser.LastLogin (DateTime) Required, 14], [Property: AppUser.LockoutEnabled (bool) Required, 15], [Property: AppUser.LockoutEnd (DateTimeOffset?), 16], [Property: AppUser.LoyaltyPoints (int) Required, 17], [Property: AppUser.NormalizedEmail (string) Index MaxLength(256), 18], [Property: AppUser.NormalizedUserName (string) Index MaxLength(256), 19], [Property: AppUser.Password (string) Required, 20], [Property: AppUser.PasswordHash (string), 21], [Property: AppUser.PasswordResetToken (string), 22], [Property: AppUser.PhoneNumber (string), 23], [Property: AppUser.PhoneNumberConfirmed (bool) Required, 24], [Property: AppUser.PromotionalOfferID (int) Required, 25], [Property: AppUser.ResetTokenExpires (DateTime?), 26], [Property: AppUser.SecurityStamp (string), 27], [Property: AppUser.Street (string), 28], [Property: AppUser.StylePortfolioID (string) FK Index, 29], [Property: AppUser.Town (string), 30], [Property: AppUser.TwoFactorEnabled (bool) Required, 31], [Property: AppUser.UserName (string) MaxLength(256), 32] }
            SELECT TOP(1) a.Id, a.AccessFailedCount, a.Address, a.BookingID, a.CompanyName, a.ConcurrencyStamp, a.CreatedAt, a.DistanceInKM, a.Email, a.EmailConfirmed, a.FirstName, a.HomeService, a.ImageUrl, a.IsDeleted, a.LastLogin, a.LockoutEnabled, a.LockoutEnd, a.LoyaltyPoints, a.NormalizedEmail, a.NormalizedUserName, a.Password, a.PasswordHash, a.PasswordResetToken, a.PhoneNumber, a.PhoneNumberConfirmed, a.PromotionalOfferID, a.ResetTokenExpires, a.SecurityStamp, a.Street, a.StylePortfolioID, a.Town, a.TwoFactorEnabled, a.UserName
            FROM AspNetUsers AS a
            WHERE a.NormalizedUserName == @__normalizedUserName_0), 
        Func<QueryContext, DbDataReader, ResultContext, SingleQueryResultCoordinator, AppUser>, 
        MiHairCareApp.Persistence.Context.StylistsDBContext, 
        False, 
        False, 
        True
    ), 
    cancellationToken: queryContext.CancellationToken)'
2024-06-20 13:06:05.2481|DEBUG|Microsoft.EntityFrameworkCore.Query|Compiling query expression: 
'DbSet<AppUser>()
    .SingleOrDefault(u => u.NormalizedEmail == __normalizedEmail_0)'
2024-06-20 13:06:05.2664|DEBUG|Microsoft.EntityFrameworkCore.Query|Generated query execution expression: 
'queryContext => ShapedQueryCompilingExpressionVisitor.SingleOrDefaultAsync<AppUser>(
    asyncEnumerable: new SingleQueryingEnumerable<AppUser>(
        (RelationalQueryContext)queryContext, 
        RelationalCommandCache.SelectExpression(
            Projection Mapping:
                EmptyProjectionMember -> Dictionary<IProperty, int> { [Property: AppUser.Id (string) Required PK AfterSave:Throw, 0], [Property: AppUser.AccessFailedCount (int) Required, 1], [Property: AppUser.Address (string) Required, 2], [Property: AppUser.BookingID (int) Required, 3], [Property: AppUser.CompanyName (string), 4], [Property: AppUser.ConcurrencyStamp (string) Concurrency, 5], [Property: AppUser.CreatedAt (DateTime) Required, 6], [Property: AppUser.DistanceInKM (double) Required, 7], [Property: AppUser.Email (string) MaxLength(256), 8], [Property: AppUser.EmailConfirmed (bool) Required, 9], [Property: AppUser.FirstName (string) Required, 10], [Property: AppUser.HomeService (bool) Required, 11], [Property: AppUser.ImageUrl (string) Required, 12], [Property: AppUser.IsDeleted (bool) Required, 13], [Property: AppUser.LastLogin (DateTime) Required, 14], [Property: AppUser.LockoutEnabled (bool) Required, 15], [Property: AppUser.LockoutEnd (DateTimeOffset?), 16], [Property: AppUser.LoyaltyPoints (int) Required, 17], [Property: AppUser.NormalizedEmail (string) Index MaxLength(256), 18], [Property: AppUser.NormalizedUserName (string) Index MaxLength(256), 19], [Property: AppUser.Password (string) Required, 20], [Property: AppUser.PasswordHash (string), 21], [Property: AppUser.PasswordResetToken (string), 22], [Property: AppUser.PhoneNumber (string), 23], [Property: AppUser.PhoneNumberConfirmed (bool) Required, 24], [Property: AppUser.PromotionalOfferID (int) Required, 25], [Property: AppUser.ResetTokenExpires (DateTime?), 26], [Property: AppUser.SecurityStamp (string), 27], [Property: AppUser.Street (string), 28], [Property: AppUser.StylePortfolioID (string) FK Index, 29], [Property: AppUser.Town (string), 30], [Property: AppUser.TwoFactorEnabled (bool) Required, 31], [Property: AppUser.UserName (string) MaxLength(256), 32] }
            SELECT TOP(2) a.Id, a.AccessFailedCount, a.Address, a.BookingID, a.CompanyName, a.ConcurrencyStamp, a.CreatedAt, a.DistanceInKM, a.Email, a.EmailConfirmed, a.FirstName, a.HomeService, a.ImageUrl, a.IsDeleted, a.LastLogin, a.LockoutEnabled, a.LockoutEnd, a.LoyaltyPoints, a.NormalizedEmail, a.NormalizedUserName, a.Password, a.PasswordHash, a.PasswordResetToken, a.PhoneNumber, a.PhoneNumberConfirmed, a.PromotionalOfferID, a.ResetTokenExpires, a.SecurityStamp, a.Street, a.StylePortfolioID, a.Town, a.TwoFactorEnabled, a.UserName
            FROM AspNetUsers AS a
            WHERE a.NormalizedEmail == @__normalizedEmail_0), 
        Func<QueryContext, DbDataReader, ResultContext, SingleQueryResultCoordinator, AppUser>, 
        MiHairCareApp.Persistence.Context.StylistsDBContext, 
        False, 
        False, 
        True
    ), 
    cancellationToken: queryContext.CancellationToken)'
2024-06-20 13:06:05.5481|DEBUG|Microsoft.EntityFrameworkCore.Query|Compiling query expression: 
'DbSet<IdentityUserRole<string>>()
    .Join(
        inner: DbSet<IdentityRole>(), 
        outerKeySelector: userRole => userRole.RoleId, 
        innerKeySelector: role => role.Id, 
        resultSelector: (userRole, role) => new { 
            userRole = userRole, 
            role = role
         })
    .Where(<>h__TransparentIdentifier0 => <>h__TransparentIdentifier0.userRole.UserId.Equals(__userId_0))
    .Select(<>h__TransparentIdentifier0 => <>h__TransparentIdentifier0.role.Name)'
2024-06-20 13:06:05.7757|DEBUG|Microsoft.EntityFrameworkCore.Query|Generated query execution expression: 
'queryContext => new SingleQueryingEnumerable<string>(
    (RelationalQueryContext)queryContext, 
    RelationalCommandCache.SelectExpression(
        Projection Mapping:
            EmptyProjectionMember -> 0
        SELECT a0.Name
        FROM AspNetUserRoles AS a
        INNER JOIN AspNetRoles AS a0 ON a.RoleId == a0.Id
        WHERE a.UserId == @__userId_0), 
    Func<QueryContext, DbDataReader, ResultContext, SingleQueryResultCoordinator, string>, 
    MiHairCareApp.Persistence.Context.StylistsDBContext, 
    False, 
    False, 
    True
)'
2024-06-20 13:13:53.2802|DEBUG|Microsoft.EntityFrameworkCore.Query|Compiling query expression: 
'DbSet<IdentityRole>()
    .FirstOrDefault(r => r.NormalizedName == __normalizedName_0)'
2024-06-20 13:13:54.1739|DEBUG|Microsoft.EntityFrameworkCore.Query|Generated query execution expression: 
'queryContext => ShapedQueryCompilingExpressionVisitor.SingleOrDefaultAsync<IdentityRole>(
    asyncEnumerable: new SingleQueryingEnumerable<IdentityRole>(
        (RelationalQueryContext)queryContext, 
        RelationalCommandCache.SelectExpression(
            Projection Mapping:
                EmptyProjectionMember -> Dictionary<IProperty, int> { [Property: IdentityRole.Id (string) Required PK AfterSave:Throw, 0], [Property: IdentityRole.ConcurrencyStamp (string) Concurrency, 1], [Property: IdentityRole.Name (string) MaxLength(256), 2], [Property: IdentityRole.NormalizedName (string) Index MaxLength(256), 3] }
            SELECT TOP(1) a.Id, a.ConcurrencyStamp, a.Name, a.NormalizedName
            FROM AspNetRoles AS a
            WHERE a.NormalizedName == @__normalizedName_0), 
        Func<QueryContext, DbDataReader, ResultContext, SingleQueryResultCoordinator, IdentityRole>, 
        MiHairCareApp.Persistence.Context.StylistsDBContext, 
        False, 
        False, 
        True
    ), 
    cancellationToken: queryContext.CancellationToken)'
2024-06-20 13:13:55.8699|DEBUG|Microsoft.EntityFrameworkCore.Query|Compiling query expression: 
'DbSet<AppUser>()
    .FirstOrDefault(u => u.NormalizedUserName == __normalizedUserName_0)'
2024-06-20 13:13:55.8877|DEBUG|Microsoft.EntityFrameworkCore.Query|Generated query execution expression: 
'queryContext => ShapedQueryCompilingExpressionVisitor.SingleOrDefaultAsync<AppUser>(
    asyncEnumerable: new SingleQueryingEnumerable<AppUser>(
        (RelationalQueryContext)queryContext, 
        RelationalCommandCache.SelectExpression(
            Projection Mapping:
                EmptyProjectionMember -> Dictionary<IProperty, int> { [Property: AppUser.Id (string) Required PK AfterSave:Throw, 0], [Property: AppUser.AccessFailedCount (int) Required, 1], [Property: AppUser.Address (string) Required, 2], [Property: AppUser.BookingID (int) Required, 3], [Property: AppUser.CompanyName (string), 4], [Property: AppUser.ConcurrencyStamp (string) Concurrency, 5], [Property: AppUser.CreatedAt (DateTime) Required, 6], [Property: AppUser.DistanceInKM (double) Required, 7], [Property: AppUser.Email (string) MaxLength(256), 8], [Property: AppUser.EmailConfirmed (bool) Required, 9], [Property: AppUser.FirstName (string) Required, 10], [Property: AppUser.HomeService (bool) Required, 11], [Property: AppUser.ImageUrl (string) Required, 12], [Property: AppUser.IsDeleted (bool) Required, 13], [Property: AppUser.LastLogin (DateTime) Required, 14], [Property: AppUser.LockoutEnabled (bool) Required, 15], [Property: AppUser.LockoutEnd (DateTimeOffset?), 16], [Property: AppUser.LoyaltyPoints (int) Required, 17], [Property: AppUser.NormalizedEmail (string) Index MaxLength(256), 18], [Property: AppUser.NormalizedUserName (string) Index MaxLength(256), 19], [Property: AppUser.Password (string) Required, 20], [Property: AppUser.PasswordHash (string), 21], [Property: AppUser.PasswordResetToken (string), 22], [Property: AppUser.PhoneNumber (string), 23], [Property: AppUser.PhoneNumberConfirmed (bool) Required, 24], [Property: AppUser.PromotionalOfferID (int) Required, 25], [Property: AppUser.ResetTokenExpires (DateTime?), 26], [Property: AppUser.SecurityStamp (string), 27], [Property: AppUser.Street (string), 28], [Property: AppUser.StylePortfolioID (string) FK Index, 29], [Property: AppUser.Town (string), 30], [Property: AppUser.TwoFactorEnabled (bool) Required, 31], [Property: AppUser.UserName (string) MaxLength(256), 32] }
            SELECT TOP(1) a.Id, a.AccessFailedCount, a.Address, a.BookingID, a.CompanyName, a.ConcurrencyStamp, a.CreatedAt, a.DistanceInKM, a.Email, a.EmailConfirmed, a.FirstName, a.HomeService, a.ImageUrl, a.IsDeleted, a.LastLogin, a.LockoutEnabled, a.LockoutEnd, a.LoyaltyPoints, a.NormalizedEmail, a.NormalizedUserName, a.Password, a.PasswordHash, a.PasswordResetToken, a.PhoneNumber, a.PhoneNumberConfirmed, a.PromotionalOfferID, a.ResetTokenExpires, a.SecurityStamp, a.Street, a.StylePortfolioID, a.Town, a.TwoFactorEnabled, a.UserName
            FROM AspNetUsers AS a
            WHERE a.NormalizedUserName == @__normalizedUserName_0), 
        Func<QueryContext, DbDataReader, ResultContext, SingleQueryResultCoordinator, AppUser>, 
        MiHairCareApp.Persistence.Context.StylistsDBContext, 
        False, 
        False, 
        True
    ), 
    cancellationToken: queryContext.CancellationToken)'
2024-06-20 13:15:36.1557|DEBUG|Microsoft.EntityFrameworkCore.Query|Compiling query expression: 
'DbSet<AppUser>()
    .SingleOrDefault(u => u.NormalizedEmail == __normalizedEmail_0)'
2024-06-20 13:15:36.1727|DEBUG|Microsoft.EntityFrameworkCore.Query|Generated query execution expression: 
'queryContext => ShapedQueryCompilingExpressionVisitor.SingleOrDefaultAsync<AppUser>(
    asyncEnumerable: new SingleQueryingEnumerable<AppUser>(
        (RelationalQueryContext)queryContext, 
        RelationalCommandCache.SelectExpression(
            Projection Mapping:
                EmptyProjectionMember -> Dictionary<IProperty, int> { [Property: AppUser.Id (string) Required PK AfterSave:Throw, 0], [Property: AppUser.AccessFailedCount (int) Required, 1], [Property: AppUser.Address (string) Required, 2], [Property: AppUser.BookingID (int) Required, 3], [Property: AppUser.CompanyName (string), 4], [Property: AppUser.ConcurrencyStamp (string) Concurrency, 5], [Property: AppUser.CreatedAt (DateTime) Required, 6], [Property: AppUser.DistanceInKM (double) Required, 7], [Property: AppUser.Email (string) MaxLength(256), 8], [Property: AppUser.EmailConfirmed (bool) Required, 9], [Property: AppUser.FirstName (string) Required, 10], [Property: AppUser.HomeService (bool) Required, 11], [Property: AppUser.ImageUrl (string) Required, 12], [Property: AppUser.IsDeleted (bool) Required, 13], [Property: AppUser.LastLogin (DateTime) Required, 14], [Property: AppUser.LockoutEnabled (bool) Required, 15], [Property: AppUser.LockoutEnd (DateTimeOffset?), 16], [Property: AppUser.LoyaltyPoints (int) Required, 17], [Property: AppUser.NormalizedEmail (string) Index MaxLength(256), 18], [Property: AppUser.NormalizedUserName (string) Index MaxLength(256), 19], [Property: AppUser.Password (string) Required, 20], [Property: AppUser.PasswordHash (string), 21], [Property: AppUser.PasswordResetToken (string), 22], [Property: AppUser.PhoneNumber (string), 23], [Property: AppUser.PhoneNumberConfirmed (bool) Required, 24], [Property: AppUser.PromotionalOfferID (int) Required, 25], [Property: AppUser.ResetTokenExpires (DateTime?), 26], [Property: AppUser.SecurityStamp (string), 27], [Property: AppUser.Street (string), 28], [Property: AppUser.StylePortfolioID (string) FK Index, 29], [Property: AppUser.Town (string), 30], [Property: AppUser.TwoFactorEnabled (bool) Required, 31], [Property: AppUser.UserName (string) MaxLength(256), 32] }
            SELECT TOP(2) a.Id, a.AccessFailedCount, a.Address, a.BookingID, a.CompanyName, a.ConcurrencyStamp, a.CreatedAt, a.DistanceInKM, a.Email, a.EmailConfirmed, a.FirstName, a.HomeService, a.ImageUrl, a.IsDeleted, a.LastLogin, a.LockoutEnabled, a.LockoutEnd, a.LoyaltyPoints, a.NormalizedEmail, a.NormalizedUserName, a.Password, a.PasswordHash, a.PasswordResetToken, a.PhoneNumber, a.PhoneNumberConfirmed, a.PromotionalOfferID, a.ResetTokenExpires, a.SecurityStamp, a.Street, a.StylePortfolioID, a.Town, a.TwoFactorEnabled, a.UserName
            FROM AspNetUsers AS a
            WHERE a.NormalizedEmail == @__normalizedEmail_0), 
        Func<QueryContext, DbDataReader, ResultContext, SingleQueryResultCoordinator, AppUser>, 
        MiHairCareApp.Persistence.Context.StylistsDBContext, 
        False, 
        False, 
        True
    ), 
    cancellationToken: queryContext.CancellationToken)'
2024-06-20 13:16:32.7188|DEBUG|Microsoft.EntityFrameworkCore.Query|Compiling query expression: 
'DbSet<IdentityUserRole<string>>()
    .Join(
        inner: DbSet<IdentityRole>(), 
        outerKeySelector: userRole => userRole.RoleId, 
        innerKeySelector: role => role.Id, 
        resultSelector: (userRole, role) => new { 
            userRole = userRole, 
            role = role
         })
    .Where(<>h__TransparentIdentifier0 => <>h__TransparentIdentifier0.userRole.UserId.Equals(__userId_0))
    .Select(<>h__TransparentIdentifier0 => <>h__TransparentIdentifier0.role.Name)'
2024-06-20 13:16:32.8871|DEBUG|Microsoft.EntityFrameworkCore.Query|Generated query execution expression: 
'queryContext => new SingleQueryingEnumerable<string>(
    (RelationalQueryContext)queryContext, 
    RelationalCommandCache.SelectExpression(
        Projection Mapping:
            EmptyProjectionMember -> 0
        SELECT a0.Name
        FROM AspNetUserRoles AS a
        INNER JOIN AspNetRoles AS a0 ON a.RoleId == a0.Id
        WHERE a.UserId == @__userId_0), 
    Func<QueryContext, DbDataReader, ResultContext, SingleQueryResultCoordinator, string>, 
    MiHairCareApp.Persistence.Context.StylistsDBContext, 
    False, 
    False, 
    True
)'
2024-06-20 13:22:26.3721|DEBUG|Microsoft.EntityFrameworkCore.Query|Compiling query expression: 
'DbSet<IdentityRole>()
    .FirstOrDefault(r => r.NormalizedName == __normalizedName_0)'
2024-06-20 13:22:27.3582|DEBUG|Microsoft.EntityFrameworkCore.Query|Generated query execution expression: 
'queryContext => ShapedQueryCompilingExpressionVisitor.SingleOrDefaultAsync<IdentityRole>(
    asyncEnumerable: new SingleQueryingEnumerable<IdentityRole>(
        (RelationalQueryContext)queryContext, 
        RelationalCommandCache.SelectExpression(
            Projection Mapping:
                EmptyProjectionMember -> Dictionary<IProperty, int> { [Property: IdentityRole.Id (string) Required PK AfterSave:Throw, 0], [Property: IdentityRole.ConcurrencyStamp (string) Concurrency, 1], [Property: IdentityRole.Name (string) MaxLength(256), 2], [Property: IdentityRole.NormalizedName (string) Index MaxLength(256), 3] }
            SELECT TOP(1) a.Id, a.ConcurrencyStamp, a.Name, a.NormalizedName
            FROM AspNetRoles AS a
            WHERE a.NormalizedName == @__normalizedName_0), 
        Func<QueryContext, DbDataReader, ResultContext, SingleQueryResultCoordinator, IdentityRole>, 
        MiHairCareApp.Persistence.Context.StylistsDBContext, 
        False, 
        False, 
        True
    ), 
    cancellationToken: queryContext.CancellationToken)'
2024-06-20 13:22:29.0080|DEBUG|Microsoft.EntityFrameworkCore.Query|Compiling query expression: 
'DbSet<AppUser>()
    .FirstOrDefault(u => u.NormalizedUserName == __normalizedUserName_0)'
2024-06-20 13:22:29.0244|DEBUG|Microsoft.EntityFrameworkCore.Query|Generated query execution expression: 
'queryContext => ShapedQueryCompilingExpressionVisitor.SingleOrDefaultAsync<AppUser>(
    asyncEnumerable: new SingleQueryingEnumerable<AppUser>(
        (RelationalQueryContext)queryContext, 
        RelationalCommandCache.SelectExpression(
            Projection Mapping:
                EmptyProjectionMember -> Dictionary<IProperty, int> { [Property: AppUser.Id (string) Required PK AfterSave:Throw, 0], [Property: AppUser.AccessFailedCount (int) Required, 1], [Property: AppUser.Address (string) Required, 2], [Property: AppUser.BookingID (int) Required, 3], [Property: AppUser.CompanyName (string), 4], [Property: AppUser.ConcurrencyStamp (string) Concurrency, 5], [Property: AppUser.CreatedAt (DateTime) Required, 6], [Property: AppUser.DistanceInKM (double) Required, 7], [Property: AppUser.Email (string) MaxLength(256), 8], [Property: AppUser.EmailConfirmed (bool) Required, 9], [Property: AppUser.FirstName (string) Required, 10], [Property: AppUser.HomeService (bool) Required, 11], [Property: AppUser.ImageUrl (string) Required, 12], [Property: AppUser.IsDeleted (bool) Required, 13], [Property: AppUser.LastLogin (DateTime) Required, 14], [Property: AppUser.LockoutEnabled (bool) Required, 15], [Property: AppUser.LockoutEnd (DateTimeOffset?), 16], [Property: AppUser.LoyaltyPoints (int) Required, 17], [Property: AppUser.NormalizedEmail (string) Index MaxLength(256), 18], [Property: AppUser.NormalizedUserName (string) Index MaxLength(256), 19], [Property: AppUser.Password (string) Required, 20], [Property: AppUser.PasswordHash (string), 21], [Property: AppUser.PasswordResetToken (string), 22], [Property: AppUser.PhoneNumber (string), 23], [Property: AppUser.PhoneNumberConfirmed (bool) Required, 24], [Property: AppUser.PromotionalOfferID (int) Required, 25], [Property: AppUser.ResetTokenExpires (DateTime?), 26], [Property: AppUser.SecurityStamp (string), 27], [Property: AppUser.Street (string), 28], [Property: AppUser.StylePortfolioID (string) FK Index, 29], [Property: AppUser.Town (string), 30], [Property: AppUser.TwoFactorEnabled (bool) Required, 31], [Property: AppUser.UserName (string) MaxLength(256), 32] }
            SELECT TOP(1) a.Id, a.AccessFailedCount, a.Address, a.BookingID, a.CompanyName, a.ConcurrencyStamp, a.CreatedAt, a.DistanceInKM, a.Email, a.EmailConfirmed, a.FirstName, a.HomeService, a.ImageUrl, a.IsDeleted, a.LastLogin, a.LockoutEnabled, a.LockoutEnd, a.LoyaltyPoints, a.NormalizedEmail, a.NormalizedUserName, a.Password, a.PasswordHash, a.PasswordResetToken, a.PhoneNumber, a.PhoneNumberConfirmed, a.PromotionalOfferID, a.ResetTokenExpires, a.SecurityStamp, a.Street, a.StylePortfolioID, a.Town, a.TwoFactorEnabled, a.UserName
            FROM AspNetUsers AS a
            WHERE a.NormalizedUserName == @__normalizedUserName_0), 
        Func<QueryContext, DbDataReader, ResultContext, SingleQueryResultCoordinator, AppUser>, 
        MiHairCareApp.Persistence.Context.StylistsDBContext, 
        False, 
        False, 
        True
    ), 
    cancellationToken: queryContext.CancellationToken)'
2024-06-20 13:24:33.9397|DEBUG|Microsoft.EntityFrameworkCore.Query|Compiling query expression: 
'DbSet<AppUser>()
    .SingleOrDefault(u => u.NormalizedEmail == __normalizedEmail_0)'
2024-06-20 13:24:33.9505|DEBUG|Microsoft.EntityFrameworkCore.Query|Generated query execution expression: 
'queryContext => ShapedQueryCompilingExpressionVisitor.SingleOrDefaultAsync<AppUser>(
    asyncEnumerable: new SingleQueryingEnumerable<AppUser>(
        (RelationalQueryContext)queryContext, 
        RelationalCommandCache.SelectExpression(
            Projection Mapping:
                EmptyProjectionMember -> Dictionary<IProperty, int> { [Property: AppUser.Id (string) Required PK AfterSave:Throw, 0], [Property: AppUser.AccessFailedCount (int) Required, 1], [Property: AppUser.Address (string) Required, 2], [Property: AppUser.BookingID (int) Required, 3], [Property: AppUser.CompanyName (string), 4], [Property: AppUser.ConcurrencyStamp (string) Concurrency, 5], [Property: AppUser.CreatedAt (DateTime) Required, 6], [Property: AppUser.DistanceInKM (double) Required, 7], [Property: AppUser.Email (string) MaxLength(256), 8], [Property: AppUser.EmailConfirmed (bool) Required, 9], [Property: AppUser.FirstName (string) Required, 10], [Property: AppUser.HomeService (bool) Required, 11], [Property: AppUser.ImageUrl (string) Required, 12], [Property: AppUser.IsDeleted (bool) Required, 13], [Property: AppUser.LastLogin (DateTime) Required, 14], [Property: AppUser.LockoutEnabled (bool) Required, 15], [Property: AppUser.LockoutEnd (DateTimeOffset?), 16], [Property: AppUser.LoyaltyPoints (int) Required, 17], [Property: AppUser.NormalizedEmail (string) Index MaxLength(256), 18], [Property: AppUser.NormalizedUserName (string) Index MaxLength(256), 19], [Property: AppUser.Password (string) Required, 20], [Property: AppUser.PasswordHash (string), 21], [Property: AppUser.PasswordResetToken (string), 22], [Property: AppUser.PhoneNumber (string), 23], [Property: AppUser.PhoneNumberConfirmed (bool) Required, 24], [Property: AppUser.PromotionalOfferID (int) Required, 25], [Property: AppUser.ResetTokenExpires (DateTime?), 26], [Property: AppUser.SecurityStamp (string), 27], [Property: AppUser.Street (string), 28], [Property: AppUser.StylePortfolioID (string) FK Index, 29], [Property: AppUser.Town (string), 30], [Property: AppUser.TwoFactorEnabled (bool) Required, 31], [Property: AppUser.UserName (string) MaxLength(256), 32] }
            SELECT TOP(2) a.Id, a.AccessFailedCount, a.Address, a.BookingID, a.CompanyName, a.ConcurrencyStamp, a.CreatedAt, a.DistanceInKM, a.Email, a.EmailConfirmed, a.FirstName, a.HomeService, a.ImageUrl, a.IsDeleted, a.LastLogin, a.LockoutEnabled, a.LockoutEnd, a.LoyaltyPoints, a.NormalizedEmail, a.NormalizedUserName, a.Password, a.PasswordHash, a.PasswordResetToken, a.PhoneNumber, a.PhoneNumberConfirmed, a.PromotionalOfferID, a.ResetTokenExpires, a.SecurityStamp, a.Street, a.StylePortfolioID, a.Town, a.TwoFactorEnabled, a.UserName
            FROM AspNetUsers AS a
            WHERE a.NormalizedEmail == @__normalizedEmail_0), 
        Func<QueryContext, DbDataReader, ResultContext, SingleQueryResultCoordinator, AppUser>, 
        MiHairCareApp.Persistence.Context.StylistsDBContext, 
        False, 
        False, 
        True
    ), 
    cancellationToken: queryContext.CancellationToken)'
2024-06-20 13:24:41.5539|DEBUG|Microsoft.EntityFrameworkCore.Query|Compiling query expression: 
'DbSet<IdentityUserRole<string>>()
    .Join(
        inner: DbSet<IdentityRole>(), 
        outerKeySelector: userRole => userRole.RoleId, 
        innerKeySelector: role => role.Id, 
        resultSelector: (userRole, role) => new { 
            userRole = userRole, 
            role = role
         })
    .Where(<>h__TransparentIdentifier0 => <>h__TransparentIdentifier0.userRole.UserId.Equals(__userId_0))
    .Select(<>h__TransparentIdentifier0 => <>h__TransparentIdentifier0.role.Name)'
2024-06-20 13:24:41.6620|DEBUG|Microsoft.EntityFrameworkCore.Query|Generated query execution expression: 
'queryContext => new SingleQueryingEnumerable<string>(
    (RelationalQueryContext)queryContext, 
    RelationalCommandCache.SelectExpression(
        Projection Mapping:
            EmptyProjectionMember -> 0
        SELECT a0.Name
        FROM AspNetUserRoles AS a
        INNER JOIN AspNetRoles AS a0 ON a.RoleId == a0.Id
        WHERE a.UserId == @__userId_0), 
    Func<QueryContext, DbDataReader, ResultContext, SingleQueryResultCoordinator, string>, 
    MiHairCareApp.Persistence.Context.StylistsDBContext, 
    False, 
    False, 
    True
)'
2024-06-20 13:38:42.8860|DEBUG|Microsoft.EntityFrameworkCore.Query|Compiling query expression: 
'DbSet<IdentityRole>()
    .FirstOrDefault(r => r.NormalizedName == __normalizedName_0)'
2024-06-20 13:38:43.2948|DEBUG|Microsoft.EntityFrameworkCore.Query|Generated query execution expression: 
'queryContext => ShapedQueryCompilingExpressionVisitor.SingleOrDefaultAsync<IdentityRole>(
    asyncEnumerable: new SingleQueryingEnumerable<IdentityRole>(
        (RelationalQueryContext)queryContext, 
        RelationalCommandCache.SelectExpression(
            Projection Mapping:
                EmptyProjectionMember -> Dictionary<IProperty, int> { [Property: IdentityRole.Id (string) Required PK AfterSave:Throw, 0], [Property: IdentityRole.ConcurrencyStamp (string) Concurrency, 1], [Property: IdentityRole.Name (string) MaxLength(256), 2], [Property: IdentityRole.NormalizedName (string) Index MaxLength(256), 3] }
            SELECT TOP(1) a.Id, a.ConcurrencyStamp, a.Name, a.NormalizedName
            FROM AspNetRoles AS a
            WHERE a.NormalizedName == @__normalizedName_0), 
        Func<QueryContext, DbDataReader, ResultContext, SingleQueryResultCoordinator, IdentityRole>, 
        MiHairCareApp.Persistence.Context.StylistsDBContext, 
        False, 
        False, 
        True
    ), 
    cancellationToken: queryContext.CancellationToken)'
2024-06-20 13:38:44.0855|DEBUG|Microsoft.EntityFrameworkCore.Query|Compiling query expression: 
'DbSet<AppUser>()
    .FirstOrDefault(u => u.NormalizedUserName == __normalizedUserName_0)'
2024-06-20 13:38:44.0855|DEBUG|Microsoft.EntityFrameworkCore.Query|Generated query execution expression: 
'queryContext => ShapedQueryCompilingExpressionVisitor.SingleOrDefaultAsync<AppUser>(
    asyncEnumerable: new SingleQueryingEnumerable<AppUser>(
        (RelationalQueryContext)queryContext, 
        RelationalCommandCache.SelectExpression(
            Projection Mapping:
                EmptyProjectionMember -> Dictionary<IProperty, int> { [Property: AppUser.Id (string) Required PK AfterSave:Throw, 0], [Property: AppUser.AccessFailedCount (int) Required, 1], [Property: AppUser.Address (string) Required, 2], [Property: AppUser.BookingID (int) Required, 3], [Property: AppUser.CompanyName (string), 4], [Property: AppUser.ConcurrencyStamp (string) Concurrency, 5], [Property: AppUser.CreatedAt (DateTime) Required, 6], [Property: AppUser.DistanceInKM (double) Required, 7], [Property: AppUser.Email (string) MaxLength(256), 8], [Property: AppUser.EmailConfirmed (bool) Required, 9], [Property: AppUser.FirstName (string) Required, 10], [Property: AppUser.HomeService (bool) Required, 11], [Property: AppUser.ImageUrl (string) Required, 12], [Property: AppUser.IsDeleted (bool) Required, 13], [Property: AppUser.LastLogin (DateTime) Required, 14], [Property: AppUser.LockoutEnabled (bool) Required, 15], [Property: AppUser.LockoutEnd (DateTimeOffset?), 16], [Property: AppUser.LoyaltyPoints (int) Required, 17], [Property: AppUser.NormalizedEmail (string) Index MaxLength(256), 18], [Property: AppUser.NormalizedUserName (string) Index MaxLength(256), 19], [Property: AppUser.Password (string) Required, 20], [Property: AppUser.PasswordHash (string), 21], [Property: AppUser.PasswordResetToken (string), 22], [Property: AppUser.PhoneNumber (string), 23], [Property: AppUser.PhoneNumberConfirmed (bool) Required, 24], [Property: AppUser.PromotionalOfferID (int) Required, 25], [Property: AppUser.ResetTokenExpires (DateTime?), 26], [Property: AppUser.SecurityStamp (string), 27], [Property: AppUser.Street (string), 28], [Property: AppUser.StylePortfolioID (string) FK Index, 29], [Property: AppUser.Town (string), 30], [Property: AppUser.TwoFactorEnabled (bool) Required, 31], [Property: AppUser.UserName (string) MaxLength(256), 32] }
            SELECT TOP(1) a.Id, a.AccessFailedCount, a.Address, a.BookingID, a.CompanyName, a.ConcurrencyStamp, a.CreatedAt, a.DistanceInKM, a.Email, a.EmailConfirmed, a.FirstName, a.HomeService, a.ImageUrl, a.IsDeleted, a.LastLogin, a.LockoutEnabled, a.LockoutEnd, a.LoyaltyPoints, a.NormalizedEmail, a.NormalizedUserName, a.Password, a.PasswordHash, a.PasswordResetToken, a.PhoneNumber, a.PhoneNumberConfirmed, a.PromotionalOfferID, a.ResetTokenExpires, a.SecurityStamp, a.Street, a.StylePortfolioID, a.Town, a.TwoFactorEnabled, a.UserName
            FROM AspNetUsers AS a
            WHERE a.NormalizedUserName == @__normalizedUserName_0), 
        Func<QueryContext, DbDataReader, ResultContext, SingleQueryResultCoordinator, AppUser>, 
        MiHairCareApp.Persistence.Context.StylistsDBContext, 
        False, 
        False, 
        True
    ), 
    cancellationToken: queryContext.CancellationToken)'
2024-06-20 13:40:24.3342|DEBUG|Microsoft.EntityFrameworkCore.Query|Compiling query expression: 
'DbSet<AppUser>()
    .SingleOrDefault(u => u.NormalizedEmail == __normalizedEmail_0)'
2024-06-20 13:40:24.3342|DEBUG|Microsoft.EntityFrameworkCore.Query|Generated query execution expression: 
'queryContext => ShapedQueryCompilingExpressionVisitor.SingleOrDefaultAsync<AppUser>(
    asyncEnumerable: new SingleQueryingEnumerable<AppUser>(
        (RelationalQueryContext)queryContext, 
        RelationalCommandCache.SelectExpression(
            Projection Mapping:
                EmptyProjectionMember -> Dictionary<IProperty, int> { [Property: AppUser.Id (string) Required PK AfterSave:Throw, 0], [Property: AppUser.AccessFailedCount (int) Required, 1], [Property: AppUser.Address (string) Required, 2], [Property: AppUser.BookingID (int) Required, 3], [Property: AppUser.CompanyName (string), 4], [Property: AppUser.ConcurrencyStamp (string) Concurrency, 5], [Property: AppUser.CreatedAt (DateTime) Required, 6], [Property: AppUser.DistanceInKM (double) Required, 7], [Property: AppUser.Email (string) MaxLength(256), 8], [Property: AppUser.EmailConfirmed (bool) Required, 9], [Property: AppUser.FirstName (string) Required, 10], [Property: AppUser.HomeService (bool) Required, 11], [Property: AppUser.ImageUrl (string) Required, 12], [Property: AppUser.IsDeleted (bool) Required, 13], [Property: AppUser.LastLogin (DateTime) Required, 14], [Property: AppUser.LockoutEnabled (bool) Required, 15], [Property: AppUser.LockoutEnd (DateTimeOffset?), 16], [Property: AppUser.LoyaltyPoints (int) Required, 17], [Property: AppUser.NormalizedEmail (string) Index MaxLength(256), 18], [Property: AppUser.NormalizedUserName (string) Index MaxLength(256), 19], [Property: AppUser.Password (string) Required, 20], [Property: AppUser.PasswordHash (string), 21], [Property: AppUser.PasswordResetToken (string), 22], [Property: AppUser.PhoneNumber (string), 23], [Property: AppUser.PhoneNumberConfirmed (bool) Required, 24], [Property: AppUser.PromotionalOfferID (int) Required, 25], [Property: AppUser.ResetTokenExpires (DateTime?), 26], [Property: AppUser.SecurityStamp (string), 27], [Property: AppUser.Street (string), 28], [Property: AppUser.StylePortfolioID (string) FK Index, 29], [Property: AppUser.Town (string), 30], [Property: AppUser.TwoFactorEnabled (bool) Required, 31], [Property: AppUser.UserName (string) MaxLength(256), 32] }
            SELECT TOP(2) a.Id, a.AccessFailedCount, a.Address, a.BookingID, a.CompanyName, a.ConcurrencyStamp, a.CreatedAt, a.DistanceInKM, a.Email, a.EmailConfirmed, a.FirstName, a.HomeService, a.ImageUrl, a.IsDeleted, a.LastLogin, a.LockoutEnabled, a.LockoutEnd, a.LoyaltyPoints, a.NormalizedEmail, a.NormalizedUserName, a.Password, a.PasswordHash, a.PasswordResetToken, a.PhoneNumber, a.PhoneNumberConfirmed, a.PromotionalOfferID, a.ResetTokenExpires, a.SecurityStamp, a.Street, a.StylePortfolioID, a.Town, a.TwoFactorEnabled, a.UserName
            FROM AspNetUsers AS a
            WHERE a.NormalizedEmail == @__normalizedEmail_0), 
        Func<QueryContext, DbDataReader, ResultContext, SingleQueryResultCoordinator, AppUser>, 
        MiHairCareApp.Persistence.Context.StylistsDBContext, 
        False, 
        False, 
        True
    ), 
    cancellationToken: queryContext.CancellationToken)'
2024-06-20 13:41:14.9366|DEBUG|Microsoft.EntityFrameworkCore.Query|Compiling query expression: 
'DbSet<IdentityUserRole<string>>()
    .Join(
        inner: DbSet<IdentityRole>(), 
        outerKeySelector: userRole => userRole.RoleId, 
        innerKeySelector: role => role.Id, 
        resultSelector: (userRole, role) => new { 
            userRole = userRole, 
            role = role
         })
    .Where(<>h__TransparentIdentifier0 => <>h__TransparentIdentifier0.userRole.UserId.Equals(__userId_0))
    .Select(<>h__TransparentIdentifier0 => <>h__TransparentIdentifier0.role.Name)'
2024-06-20 13:41:15.0351|DEBUG|Microsoft.EntityFrameworkCore.Query|Generated query execution expression: 
'queryContext => new SingleQueryingEnumerable<string>(
    (RelationalQueryContext)queryContext, 
    RelationalCommandCache.SelectExpression(
        Projection Mapping:
            EmptyProjectionMember -> 0
        SELECT a0.Name
        FROM AspNetUserRoles AS a
        INNER JOIN AspNetRoles AS a0 ON a.RoleId == a0.Id
        WHERE a.UserId == @__userId_0), 
    Func<QueryContext, DbDataReader, ResultContext, SingleQueryResultCoordinator, string>, 
    MiHairCareApp.Persistence.Context.StylistsDBContext, 
    False, 
    False, 
    True
)'
2024-06-20 14:04:29.3084|DEBUG|Microsoft.EntityFrameworkCore.Query|Compiling query expression: 
'DbSet<IdentityRole>()
    .FirstOrDefault(r => r.NormalizedName == __normalizedName_0)'
2024-06-20 14:04:29.7645|DEBUG|Microsoft.EntityFrameworkCore.Query|Generated query execution expression: 
'queryContext => ShapedQueryCompilingExpressionVisitor.SingleOrDefaultAsync<IdentityRole>(
    asyncEnumerable: new SingleQueryingEnumerable<IdentityRole>(
        (RelationalQueryContext)queryContext, 
        RelationalCommandCache.SelectExpression(
            Projection Mapping:
                EmptyProjectionMember -> Dictionary<IProperty, int> { [Property: IdentityRole.Id (string) Required PK AfterSave:Throw, 0], [Property: IdentityRole.ConcurrencyStamp (string) Concurrency, 1], [Property: IdentityRole.Name (string) MaxLength(256), 2], [Property: IdentityRole.NormalizedName (string) Index MaxLength(256), 3] }
            SELECT TOP(1) a.Id, a.ConcurrencyStamp, a.Name, a.NormalizedName
            FROM AspNetRoles AS a
            WHERE a.NormalizedName == @__normalizedName_0), 
        Func<QueryContext, DbDataReader, ResultContext, SingleQueryResultCoordinator, IdentityRole>, 
        MiHairCareApp.Persistence.Context.StylistsDBContext, 
        False, 
        False, 
        True
    ), 
    cancellationToken: queryContext.CancellationToken)'
2024-06-20 14:04:30.6615|DEBUG|Microsoft.EntityFrameworkCore.Query|Compiling query expression: 
'DbSet<AppUser>()
    .FirstOrDefault(u => u.NormalizedUserName == __normalizedUserName_0)'
2024-06-20 14:04:30.6802|DEBUG|Microsoft.EntityFrameworkCore.Query|Generated query execution expression: 
'queryContext => ShapedQueryCompilingExpressionVisitor.SingleOrDefaultAsync<AppUser>(
    asyncEnumerable: new SingleQueryingEnumerable<AppUser>(
        (RelationalQueryContext)queryContext, 
        RelationalCommandCache.SelectExpression(
            Projection Mapping:
                EmptyProjectionMember -> Dictionary<IProperty, int> { [Property: AppUser.Id (string) Required PK AfterSave:Throw, 0], [Property: AppUser.AccessFailedCount (int) Required, 1], [Property: AppUser.Address (string) Required, 2], [Property: AppUser.BookingID (int) Required, 3], [Property: AppUser.CompanyName (string), 4], [Property: AppUser.ConcurrencyStamp (string) Concurrency, 5], [Property: AppUser.CreatedAt (DateTime) Required, 6], [Property: AppUser.DistanceInKM (double) Required, 7], [Property: AppUser.Email (string) MaxLength(256), 8], [Property: AppUser.EmailConfirmed (bool) Required, 9], [Property: AppUser.FirstName (string) Required, 10], [Property: AppUser.HomeService (bool) Required, 11], [Property: AppUser.ImageUrl (string) Required, 12], [Property: AppUser.IsDeleted (bool) Required, 13], [Property: AppUser.LastLogin (DateTime) Required, 14], [Property: AppUser.LockoutEnabled (bool) Required, 15], [Property: AppUser.LockoutEnd (DateTimeOffset?), 16], [Property: AppUser.LoyaltyPoints (int) Required, 17], [Property: AppUser.NormalizedEmail (string) Index MaxLength(256), 18], [Property: AppUser.NormalizedUserName (string) Index MaxLength(256), 19], [Property: AppUser.Password (string) Required, 20], [Property: AppUser.PasswordHash (string), 21], [Property: AppUser.PasswordResetToken (string), 22], [Property: AppUser.PhoneNumber (string), 23], [Property: AppUser.PhoneNumberConfirmed (bool) Required, 24], [Property: AppUser.PromotionalOfferID (int) Required, 25], [Property: AppUser.ResetTokenExpires (DateTime?), 26], [Property: AppUser.SecurityStamp (string), 27], [Property: AppUser.Street (string), 28], [Property: AppUser.StylePortfolioID (string) FK Index, 29], [Property: AppUser.Town (string), 30], [Property: AppUser.TwoFactorEnabled (bool) Required, 31], [Property: AppUser.UserName (string) MaxLength(256), 32] }
            SELECT TOP(1) a.Id, a.AccessFailedCount, a.Address, a.BookingID, a.CompanyName, a.ConcurrencyStamp, a.CreatedAt, a.DistanceInKM, a.Email, a.EmailConfirmed, a.FirstName, a.HomeService, a.ImageUrl, a.IsDeleted, a.LastLogin, a.LockoutEnabled, a.LockoutEnd, a.LoyaltyPoints, a.NormalizedEmail, a.NormalizedUserName, a.Password, a.PasswordHash, a.PasswordResetToken, a.PhoneNumber, a.PhoneNumberConfirmed, a.PromotionalOfferID, a.ResetTokenExpires, a.SecurityStamp, a.Street, a.StylePortfolioID, a.Town, a.TwoFactorEnabled, a.UserName
            FROM AspNetUsers AS a
            WHERE a.NormalizedUserName == @__normalizedUserName_0), 
        Func<QueryContext, DbDataReader, ResultContext, SingleQueryResultCoordinator, AppUser>, 
        MiHairCareApp.Persistence.Context.StylistsDBContext, 
        False, 
        False, 
        True
    ), 
    cancellationToken: queryContext.CancellationToken)'
2024-06-20 14:06:47.2893|DEBUG|Microsoft.EntityFrameworkCore.Query|Compiling query expression: 
'DbSet<AppUser>()
    .SingleOrDefault(u => u.NormalizedEmail == __normalizedEmail_0)'
2024-06-20 14:06:47.2893|DEBUG|Microsoft.EntityFrameworkCore.Query|Generated query execution expression: 
'queryContext => ShapedQueryCompilingExpressionVisitor.SingleOrDefaultAsync<AppUser>(
    asyncEnumerable: new SingleQueryingEnumerable<AppUser>(
        (RelationalQueryContext)queryContext, 
        RelationalCommandCache.SelectExpression(
            Projection Mapping:
                EmptyProjectionMember -> Dictionary<IProperty, int> { [Property: AppUser.Id (string) Required PK AfterSave:Throw, 0], [Property: AppUser.AccessFailedCount (int) Required, 1], [Property: AppUser.Address (string) Required, 2], [Property: AppUser.BookingID (int) Required, 3], [Property: AppUser.CompanyName (string), 4], [Property: AppUser.ConcurrencyStamp (string) Concurrency, 5], [Property: AppUser.CreatedAt (DateTime) Required, 6], [Property: AppUser.DistanceInKM (double) Required, 7], [Property: AppUser.Email (string) MaxLength(256), 8], [Property: AppUser.EmailConfirmed (bool) Required, 9], [Property: AppUser.FirstName (string) Required, 10], [Property: AppUser.HomeService (bool) Required, 11], [Property: AppUser.ImageUrl (string) Required, 12], [Property: AppUser.IsDeleted (bool) Required, 13], [Property: AppUser.LastLogin (DateTime) Required, 14], [Property: AppUser.LockoutEnabled (bool) Required, 15], [Property: AppUser.LockoutEnd (DateTimeOffset?), 16], [Property: AppUser.LoyaltyPoints (int) Required, 17], [Property: AppUser.NormalizedEmail (string) Index MaxLength(256), 18], [Property: AppUser.NormalizedUserName (string) Index MaxLength(256), 19], [Property: AppUser.Password (string) Required, 20], [Property: AppUser.PasswordHash (string), 21], [Property: AppUser.PasswordResetToken (string), 22], [Property: AppUser.PhoneNumber (string), 23], [Property: AppUser.PhoneNumberConfirmed (bool) Required, 24], [Property: AppUser.PromotionalOfferID (int) Required, 25], [Property: AppUser.ResetTokenExpires (DateTime?), 26], [Property: AppUser.SecurityStamp (string), 27], [Property: AppUser.Street (string), 28], [Property: AppUser.StylePortfolioID (string) FK Index, 29], [Property: AppUser.Town (string), 30], [Property: AppUser.TwoFactorEnabled (bool) Required, 31], [Property: AppUser.UserName (string) MaxLength(256), 32] }
            SELECT TOP(2) a.Id, a.AccessFailedCount, a.Address, a.BookingID, a.CompanyName, a.ConcurrencyStamp, a.CreatedAt, a.DistanceInKM, a.Email, a.EmailConfirmed, a.FirstName, a.HomeService, a.ImageUrl, a.IsDeleted, a.LastLogin, a.LockoutEnabled, a.LockoutEnd, a.LoyaltyPoints, a.NormalizedEmail, a.NormalizedUserName, a.Password, a.PasswordHash, a.PasswordResetToken, a.PhoneNumber, a.PhoneNumberConfirmed, a.PromotionalOfferID, a.ResetTokenExpires, a.SecurityStamp, a.Street, a.StylePortfolioID, a.Town, a.TwoFactorEnabled, a.UserName
            FROM AspNetUsers AS a
            WHERE a.NormalizedEmail == @__normalizedEmail_0), 
        Func<QueryContext, DbDataReader, ResultContext, SingleQueryResultCoordinator, AppUser>, 
        MiHairCareApp.Persistence.Context.StylistsDBContext, 
        False, 
        False, 
        True
    ), 
    cancellationToken: queryContext.CancellationToken)'
2024-06-20 14:07:32.0524|DEBUG|Microsoft.EntityFrameworkCore.Query|Compiling query expression: 
'DbSet<IdentityUserRole<string>>()
    .Join(
        inner: DbSet<IdentityRole>(), 
        outerKeySelector: userRole => userRole.RoleId, 
        innerKeySelector: role => role.Id, 
        resultSelector: (userRole, role) => new { 
            userRole = userRole, 
            role = role
         })
    .Where(<>h__TransparentIdentifier0 => <>h__TransparentIdentifier0.userRole.UserId.Equals(__userId_0))
    .Select(<>h__TransparentIdentifier0 => <>h__TransparentIdentifier0.role.Name)'
2024-06-20 14:07:32.1512|DEBUG|Microsoft.EntityFrameworkCore.Query|Generated query execution expression: 
'queryContext => new SingleQueryingEnumerable<string>(
    (RelationalQueryContext)queryContext, 
    RelationalCommandCache.SelectExpression(
        Projection Mapping:
            EmptyProjectionMember -> 0
        SELECT a0.Name
        FROM AspNetUserRoles AS a
        INNER JOIN AspNetRoles AS a0 ON a.RoleId == a0.Id
        WHERE a.UserId == @__userId_0), 
    Func<QueryContext, DbDataReader, ResultContext, SingleQueryResultCoordinator, string>, 
    MiHairCareApp.Persistence.Context.StylistsDBContext, 
    False, 
    False, 
    True
)'
2024-06-20 14:21:57.1318|DEBUG|Microsoft.EntityFrameworkCore.Query|Compiling query expression: 
'DbSet<IdentityRole>()
    .FirstOrDefault(r => r.NormalizedName == __normalizedName_0)'
2024-06-20 14:21:57.8736|DEBUG|Microsoft.EntityFrameworkCore.Query|Generated query execution expression: 
'queryContext => ShapedQueryCompilingExpressionVisitor.SingleOrDefaultAsync<IdentityRole>(
    asyncEnumerable: new SingleQueryingEnumerable<IdentityRole>(
        (RelationalQueryContext)queryContext, 
        RelationalCommandCache.SelectExpression(
            Projection Mapping:
                EmptyProjectionMember -> Dictionary<IProperty, int> { [Property: IdentityRole.Id (string) Required PK AfterSave:Throw, 0], [Property: IdentityRole.ConcurrencyStamp (string) Concurrency, 1], [Property: IdentityRole.Name (string) MaxLength(256), 2], [Property: IdentityRole.NormalizedName (string) Index MaxLength(256), 3] }
            SELECT TOP(1) a.Id, a.ConcurrencyStamp, a.Name, a.NormalizedName
            FROM AspNetRoles AS a
            WHERE a.NormalizedName == @__normalizedName_0), 
        Func<QueryContext, DbDataReader, ResultContext, SingleQueryResultCoordinator, IdentityRole>, 
        MiHairCareApp.Persistence.Context.StylistsDBContext, 
        False, 
        False, 
        True
    ), 
    cancellationToken: queryContext.CancellationToken)'
2024-06-20 14:21:59.1153|DEBUG|Microsoft.EntityFrameworkCore.Query|Compiling query expression: 
'DbSet<AppUser>()
    .FirstOrDefault(u => u.NormalizedUserName == __normalizedUserName_0)'
2024-06-20 14:21:59.1315|DEBUG|Microsoft.EntityFrameworkCore.Query|Generated query execution expression: 
'queryContext => ShapedQueryCompilingExpressionVisitor.SingleOrDefaultAsync<AppUser>(
    asyncEnumerable: new SingleQueryingEnumerable<AppUser>(
        (RelationalQueryContext)queryContext, 
        RelationalCommandCache.SelectExpression(
            Projection Mapping:
                EmptyProjectionMember -> Dictionary<IProperty, int> { [Property: AppUser.Id (string) Required PK AfterSave:Throw, 0], [Property: AppUser.AccessFailedCount (int) Required, 1], [Property: AppUser.Address (string) Required, 2], [Property: AppUser.BookingID (int) Required, 3], [Property: AppUser.CompanyName (string), 4], [Property: AppUser.ConcurrencyStamp (string) Concurrency, 5], [Property: AppUser.CreatedAt (DateTime) Required, 6], [Property: AppUser.DistanceInKM (double) Required, 7], [Property: AppUser.Email (string) MaxLength(256), 8], [Property: AppUser.EmailConfirmed (bool) Required, 9], [Property: AppUser.FirstName (string) Required, 10], [Property: AppUser.HomeService (bool) Required, 11], [Property: AppUser.ImageUrl (string) Required, 12], [Property: AppUser.IsDeleted (bool) Required, 13], [Property: AppUser.LastLogin (DateTime) Required, 14], [Property: AppUser.LockoutEnabled (bool) Required, 15], [Property: AppUser.LockoutEnd (DateTimeOffset?), 16], [Property: AppUser.LoyaltyPoints (int) Required, 17], [Property: AppUser.NormalizedEmail (string) Index MaxLength(256), 18], [Property: AppUser.NormalizedUserName (string) Index MaxLength(256), 19], [Property: AppUser.Password (string) Required, 20], [Property: AppUser.PasswordHash (string), 21], [Property: AppUser.PasswordResetToken (string), 22], [Property: AppUser.PhoneNumber (string), 23], [Property: AppUser.PhoneNumberConfirmed (bool) Required, 24], [Property: AppUser.PromotionalOfferID (int) Required, 25], [Property: AppUser.ResetTokenExpires (DateTime?), 26], [Property: AppUser.SecurityStamp (string), 27], [Property: AppUser.Street (string), 28], [Property: AppUser.StylePortfolioID (string) FK Index, 29], [Property: AppUser.Town (string), 30], [Property: AppUser.TwoFactorEnabled (bool) Required, 31], [Property: AppUser.UserName (string) MaxLength(256), 32] }
            SELECT TOP(1) a.Id, a.AccessFailedCount, a.Address, a.BookingID, a.CompanyName, a.ConcurrencyStamp, a.CreatedAt, a.DistanceInKM, a.Email, a.EmailConfirmed, a.FirstName, a.HomeService, a.ImageUrl, a.IsDeleted, a.LastLogin, a.LockoutEnabled, a.LockoutEnd, a.LoyaltyPoints, a.NormalizedEmail, a.NormalizedUserName, a.Password, a.PasswordHash, a.PasswordResetToken, a.PhoneNumber, a.PhoneNumberConfirmed, a.PromotionalOfferID, a.ResetTokenExpires, a.SecurityStamp, a.Street, a.StylePortfolioID, a.Town, a.TwoFactorEnabled, a.UserName
            FROM AspNetUsers AS a
            WHERE a.NormalizedUserName == @__normalizedUserName_0), 
        Func<QueryContext, DbDataReader, ResultContext, SingleQueryResultCoordinator, AppUser>, 
        MiHairCareApp.Persistence.Context.StylistsDBContext, 
        False, 
        False, 
        True
    ), 
    cancellationToken: queryContext.CancellationToken)'
2024-06-20 14:22:53.1117|DEBUG|Microsoft.EntityFrameworkCore.Query|Compiling query expression: 
'DbSet<AppUser>()
    .SingleOrDefault(u => u.NormalizedEmail == __normalizedEmail_0)'
2024-06-20 14:22:53.1202|DEBUG|Microsoft.EntityFrameworkCore.Query|Generated query execution expression: 
'queryContext => ShapedQueryCompilingExpressionVisitor.SingleOrDefaultAsync<AppUser>(
    asyncEnumerable: new SingleQueryingEnumerable<AppUser>(
        (RelationalQueryContext)queryContext, 
        RelationalCommandCache.SelectExpression(
            Projection Mapping:
                EmptyProjectionMember -> Dictionary<IProperty, int> { [Property: AppUser.Id (string) Required PK AfterSave:Throw, 0], [Property: AppUser.AccessFailedCount (int) Required, 1], [Property: AppUser.Address (string) Required, 2], [Property: AppUser.BookingID (int) Required, 3], [Property: AppUser.CompanyName (string), 4], [Property: AppUser.ConcurrencyStamp (string) Concurrency, 5], [Property: AppUser.CreatedAt (DateTime) Required, 6], [Property: AppUser.DistanceInKM (double) Required, 7], [Property: AppUser.Email (string) MaxLength(256), 8], [Property: AppUser.EmailConfirmed (bool) Required, 9], [Property: AppUser.FirstName (string) Required, 10], [Property: AppUser.HomeService (bool) Required, 11], [Property: AppUser.ImageUrl (string) Required, 12], [Property: AppUser.IsDeleted (bool) Required, 13], [Property: AppUser.LastLogin (DateTime) Required, 14], [Property: AppUser.LockoutEnabled (bool) Required, 15], [Property: AppUser.LockoutEnd (DateTimeOffset?), 16], [Property: AppUser.LoyaltyPoints (int) Required, 17], [Property: AppUser.NormalizedEmail (string) Index MaxLength(256), 18], [Property: AppUser.NormalizedUserName (string) Index MaxLength(256), 19], [Property: AppUser.Password (string) Required, 20], [Property: AppUser.PasswordHash (string), 21], [Property: AppUser.PasswordResetToken (string), 22], [Property: AppUser.PhoneNumber (string), 23], [Property: AppUser.PhoneNumberConfirmed (bool) Required, 24], [Property: AppUser.PromotionalOfferID (int) Required, 25], [Property: AppUser.ResetTokenExpires (DateTime?), 26], [Property: AppUser.SecurityStamp (string), 27], [Property: AppUser.Street (string), 28], [Property: AppUser.StylePortfolioID (string) FK Index, 29], [Property: AppUser.Town (string), 30], [Property: AppUser.TwoFactorEnabled (bool) Required, 31], [Property: AppUser.UserName (string) MaxLength(256), 32] }
            SELECT TOP(2) a.Id, a.AccessFailedCount, a.Address, a.BookingID, a.CompanyName, a.ConcurrencyStamp, a.CreatedAt, a.DistanceInKM, a.Email, a.EmailConfirmed, a.FirstName, a.HomeService, a.ImageUrl, a.IsDeleted, a.LastLogin, a.LockoutEnabled, a.LockoutEnd, a.LoyaltyPoints, a.NormalizedEmail, a.NormalizedUserName, a.Password, a.PasswordHash, a.PasswordResetToken, a.PhoneNumber, a.PhoneNumberConfirmed, a.PromotionalOfferID, a.ResetTokenExpires, a.SecurityStamp, a.Street, a.StylePortfolioID, a.Town, a.TwoFactorEnabled, a.UserName
            FROM AspNetUsers AS a
            WHERE a.NormalizedEmail == @__normalizedEmail_0), 
        Func<QueryContext, DbDataReader, ResultContext, SingleQueryResultCoordinator, AppUser>, 
        MiHairCareApp.Persistence.Context.StylistsDBContext, 
        False, 
        False, 
        True
    ), 
    cancellationToken: queryContext.CancellationToken)'
2024-06-20 14:22:53.2140|DEBUG|Microsoft.EntityFrameworkCore.Query|Compiling query expression: 
'DbSet<IdentityUserRole<string>>()
    .Join(
        inner: DbSet<IdentityRole>(), 
        outerKeySelector: userRole => userRole.RoleId, 
        innerKeySelector: role => role.Id, 
        resultSelector: (userRole, role) => new { 
            userRole = userRole, 
            role = role
         })
    .Where(<>h__TransparentIdentifier0 => <>h__TransparentIdentifier0.userRole.UserId.Equals(__userId_0))
    .Select(<>h__TransparentIdentifier0 => <>h__TransparentIdentifier0.role.Name)'
2024-06-20 14:22:53.3438|DEBUG|Microsoft.EntityFrameworkCore.Query|Generated query execution expression: 
'queryContext => new SingleQueryingEnumerable<string>(
    (RelationalQueryContext)queryContext, 
    RelationalCommandCache.SelectExpression(
        Projection Mapping:
            EmptyProjectionMember -> 0
        SELECT a0.Name
        FROM AspNetUserRoles AS a
        INNER JOIN AspNetRoles AS a0 ON a.RoleId == a0.Id
        WHERE a.UserId == @__userId_0), 
    Func<QueryContext, DbDataReader, ResultContext, SingleQueryResultCoordinator, string>, 
    MiHairCareApp.Persistence.Context.StylistsDBContext, 
    False, 
    False, 
    True
)'
2024-06-20 14:36:41.0763|DEBUG|Microsoft.EntityFrameworkCore.Query|Compiling query expression: 
'DbSet<IdentityRole>()
    .FirstOrDefault(r => r.NormalizedName == __normalizedName_0)'
2024-06-20 14:36:41.4787|DEBUG|Microsoft.EntityFrameworkCore.Query|Generated query execution expression: 
'queryContext => ShapedQueryCompilingExpressionVisitor.SingleOrDefaultAsync<IdentityRole>(
    asyncEnumerable: new SingleQueryingEnumerable<IdentityRole>(
        (RelationalQueryContext)queryContext, 
        RelationalCommandCache.SelectExpression(
            Projection Mapping:
                EmptyProjectionMember -> Dictionary<IProperty, int> { [Property: IdentityRole.Id (string) Required PK AfterSave:Throw, 0], [Property: IdentityRole.ConcurrencyStamp (string) Concurrency, 1], [Property: IdentityRole.Name (string) MaxLength(256), 2], [Property: IdentityRole.NormalizedName (string) Index MaxLength(256), 3] }
            SELECT TOP(1) a.Id, a.ConcurrencyStamp, a.Name, a.NormalizedName
            FROM AspNetRoles AS a
            WHERE a.NormalizedName == @__normalizedName_0), 
        Func<QueryContext, DbDataReader, ResultContext, SingleQueryResultCoordinator, IdentityRole>, 
        MiHairCareApp.Persistence.Context.StylistsDBContext, 
        False, 
        False, 
        True
    ), 
    cancellationToken: queryContext.CancellationToken)'
2024-06-20 14:36:42.2407|DEBUG|Microsoft.EntityFrameworkCore.Query|Compiling query expression: 
'DbSet<AppUser>()
    .FirstOrDefault(u => u.NormalizedUserName == __normalizedUserName_0)'
2024-06-20 14:36:42.2597|DEBUG|Microsoft.EntityFrameworkCore.Query|Generated query execution expression: 
'queryContext => ShapedQueryCompilingExpressionVisitor.SingleOrDefaultAsync<AppUser>(
    asyncEnumerable: new SingleQueryingEnumerable<AppUser>(
        (RelationalQueryContext)queryContext, 
        RelationalCommandCache.SelectExpression(
            Projection Mapping:
                EmptyProjectionMember -> Dictionary<IProperty, int> { [Property: AppUser.Id (string) Required PK AfterSave:Throw, 0], [Property: AppUser.AccessFailedCount (int) Required, 1], [Property: AppUser.Address (string) Required, 2], [Property: AppUser.BookingID (int) Required, 3], [Property: AppUser.CompanyName (string), 4], [Property: AppUser.ConcurrencyStamp (string) Concurrency, 5], [Property: AppUser.CreatedAt (DateTime) Required, 6], [Property: AppUser.DistanceInKM (double) Required, 7], [Property: AppUser.Email (string) MaxLength(256), 8], [Property: AppUser.EmailConfirmed (bool) Required, 9], [Property: AppUser.FirstName (string) Required, 10], [Property: AppUser.HomeService (bool) Required, 11], [Property: AppUser.ImageUrl (string) Required, 12], [Property: AppUser.IsDeleted (bool) Required, 13], [Property: AppUser.LastLogin (DateTime) Required, 14], [Property: AppUser.LockoutEnabled (bool) Required, 15], [Property: AppUser.LockoutEnd (DateTimeOffset?), 16], [Property: AppUser.LoyaltyPoints (int) Required, 17], [Property: AppUser.NormalizedEmail (string) Index MaxLength(256), 18], [Property: AppUser.NormalizedUserName (string) Index MaxLength(256), 19], [Property: AppUser.Password (string) Required, 20], [Property: AppUser.PasswordHash (string), 21], [Property: AppUser.PasswordResetToken (string), 22], [Property: AppUser.PhoneNumber (string), 23], [Property: AppUser.PhoneNumberConfirmed (bool) Required, 24], [Property: AppUser.PromotionalOfferID (int) Required, 25], [Property: AppUser.ResetTokenExpires (DateTime?), 26], [Property: AppUser.SecurityStamp (string), 27], [Property: AppUser.Street (string), 28], [Property: AppUser.StylePortfolioID (string) FK Index, 29], [Property: AppUser.Town (string), 30], [Property: AppUser.TwoFactorEnabled (bool) Required, 31], [Property: AppUser.UserName (string) MaxLength(256), 32] }
            SELECT TOP(1) a.Id, a.AccessFailedCount, a.Address, a.BookingID, a.CompanyName, a.ConcurrencyStamp, a.CreatedAt, a.DistanceInKM, a.Email, a.EmailConfirmed, a.FirstName, a.HomeService, a.ImageUrl, a.IsDeleted, a.LastLogin, a.LockoutEnabled, a.LockoutEnd, a.LoyaltyPoints, a.NormalizedEmail, a.NormalizedUserName, a.Password, a.PasswordHash, a.PasswordResetToken, a.PhoneNumber, a.PhoneNumberConfirmed, a.PromotionalOfferID, a.ResetTokenExpires, a.SecurityStamp, a.Street, a.StylePortfolioID, a.Town, a.TwoFactorEnabled, a.UserName
            FROM AspNetUsers AS a
            WHERE a.NormalizedUserName == @__normalizedUserName_0), 
        Func<QueryContext, DbDataReader, ResultContext, SingleQueryResultCoordinator, AppUser>, 
        MiHairCareApp.Persistence.Context.StylistsDBContext, 
        False, 
        False, 
        True
    ), 
    cancellationToken: queryContext.CancellationToken)'
2024-06-20 14:37:45.6001|DEBUG|Microsoft.EntityFrameworkCore.Query|Compiling query expression: 
'DbSet<AppUser>()
    .SingleOrDefault(u => u.NormalizedEmail == __normalizedEmail_0)'
2024-06-20 14:37:45.6001|DEBUG|Microsoft.EntityFrameworkCore.Query|Generated query execution expression: 
'queryContext => ShapedQueryCompilingExpressionVisitor.SingleOrDefaultAsync<AppUser>(
    asyncEnumerable: new SingleQueryingEnumerable<AppUser>(
        (RelationalQueryContext)queryContext, 
        RelationalCommandCache.SelectExpression(
            Projection Mapping:
                EmptyProjectionMember -> Dictionary<IProperty, int> { [Property: AppUser.Id (string) Required PK AfterSave:Throw, 0], [Property: AppUser.AccessFailedCount (int) Required, 1], [Property: AppUser.Address (string) Required, 2], [Property: AppUser.BookingID (int) Required, 3], [Property: AppUser.CompanyName (string), 4], [Property: AppUser.ConcurrencyStamp (string) Concurrency, 5], [Property: AppUser.CreatedAt (DateTime) Required, 6], [Property: AppUser.DistanceInKM (double) Required, 7], [Property: AppUser.Email (string) MaxLength(256), 8], [Property: AppUser.EmailConfirmed (bool) Required, 9], [Property: AppUser.FirstName (string) Required, 10], [Property: AppUser.HomeService (bool) Required, 11], [Property: AppUser.ImageUrl (string) Required, 12], [Property: AppUser.IsDeleted (bool) Required, 13], [Property: AppUser.LastLogin (DateTime) Required, 14], [Property: AppUser.LockoutEnabled (bool) Required, 15], [Property: AppUser.LockoutEnd (DateTimeOffset?), 16], [Property: AppUser.LoyaltyPoints (int) Required, 17], [Property: AppUser.NormalizedEmail (string) Index MaxLength(256), 18], [Property: AppUser.NormalizedUserName (string) Index MaxLength(256), 19], [Property: AppUser.Password (string) Required, 20], [Property: AppUser.PasswordHash (string), 21], [Property: AppUser.PasswordResetToken (string), 22], [Property: AppUser.PhoneNumber (string), 23], [Property: AppUser.PhoneNumberConfirmed (bool) Required, 24], [Property: AppUser.PromotionalOfferID (int) Required, 25], [Property: AppUser.ResetTokenExpires (DateTime?), 26], [Property: AppUser.SecurityStamp (string), 27], [Property: AppUser.Street (string), 28], [Property: AppUser.StylePortfolioID (string) FK Index, 29], [Property: AppUser.Town (string), 30], [Property: AppUser.TwoFactorEnabled (bool) Required, 31], [Property: AppUser.UserName (string) MaxLength(256), 32] }
            SELECT TOP(2) a.Id, a.AccessFailedCount, a.Address, a.BookingID, a.CompanyName, a.ConcurrencyStamp, a.CreatedAt, a.DistanceInKM, a.Email, a.EmailConfirmed, a.FirstName, a.HomeService, a.ImageUrl, a.IsDeleted, a.LastLogin, a.LockoutEnabled, a.LockoutEnd, a.LoyaltyPoints, a.NormalizedEmail, a.NormalizedUserName, a.Password, a.PasswordHash, a.PasswordResetToken, a.PhoneNumber, a.PhoneNumberConfirmed, a.PromotionalOfferID, a.ResetTokenExpires, a.SecurityStamp, a.Street, a.StylePortfolioID, a.Town, a.TwoFactorEnabled, a.UserName
            FROM AspNetUsers AS a
            WHERE a.NormalizedEmail == @__normalizedEmail_0), 
        Func<QueryContext, DbDataReader, ResultContext, SingleQueryResultCoordinator, AppUser>, 
        MiHairCareApp.Persistence.Context.StylistsDBContext, 
        False, 
        False, 
        True
    ), 
    cancellationToken: queryContext.CancellationToken)'
2024-06-20 14:37:45.7236|DEBUG|Microsoft.EntityFrameworkCore.Query|Compiling query expression: 
'DbSet<IdentityUserRole<string>>()
    .Join(
        inner: DbSet<IdentityRole>(), 
        outerKeySelector: userRole => userRole.RoleId, 
        innerKeySelector: role => role.Id, 
        resultSelector: (userRole, role) => new { 
            userRole = userRole, 
            role = role
         })
    .Where(<>h__TransparentIdentifier0 => <>h__TransparentIdentifier0.userRole.UserId.Equals(__userId_0))
    .Select(<>h__TransparentIdentifier0 => <>h__TransparentIdentifier0.role.Name)'
2024-06-20 14:37:45.8620|DEBUG|Microsoft.EntityFrameworkCore.Query|Generated query execution expression: 
'queryContext => new SingleQueryingEnumerable<string>(
    (RelationalQueryContext)queryContext, 
    RelationalCommandCache.SelectExpression(
        Projection Mapping:
            EmptyProjectionMember -> 0
        SELECT a0.Name
        FROM AspNetUserRoles AS a
        INNER JOIN AspNetRoles AS a0 ON a.RoleId == a0.Id
        WHERE a.UserId == @__userId_0), 
    Func<QueryContext, DbDataReader, ResultContext, SingleQueryResultCoordinator, string>, 
    MiHairCareApp.Persistence.Context.StylistsDBContext, 
    False, 
    False, 
    True
)'
