2025-09-04 15:09:02.7122|DEBUG|Microsoft.EntityFrameworkCore.Query|Compiling query expression: 
'DbSet<IdentityRole>()
    .FirstOrDefault(r => r.NormalizedName == __normalizedName_0)'
2025-09-04 15:09:03.2884|DEBUG|Microsoft.EntityFrameworkCore.Query|Generated query execution expression: 
'queryContext => ShapedQueryCompilingExpressionVisitor.SingleOrDefaultAsync<IdentityRole>(
    asyncEnumerable: SingleQueryingEnumerable.Create<IdentityRole>(
        relationalQueryContext: (RelationalQueryContext)queryContext, 
        relationalCommandResolver: parameters => [LIFTABLE Constant: RelationalCommandCache.QueryExpression(
            Projection Mapping:
                EmptyProjectionMember -> Dictionary<IProperty, int> { [Property: IdentityRole.Id (string) Required PK AfterSave:Throw, 0], [Property: IdentityRole.ConcurrencyStamp (string) Concurrency, 1], [Property: IdentityRole.Name (string) MaxLength(256), 2], [Property: IdentityRole.NormalizedName (string) Index MaxLength(256), 3] }
            SELECT TOP(1) a.Id, a.ConcurrencyStamp, a.Name, a.NormalizedName
            FROM AspNetRoles AS a
            WHERE a.NormalizedName == @__normalizedName_0) | Resolver: c => new RelationalCommandCache(
            c.Dependencies.MemoryCache, 
            c.RelationalDependencies.QuerySqlGeneratorFactory, 
            c.RelationalDependencies.RelationalParameterBasedSqlProcessorFactory, 
            Projection Mapping:
                EmptyProjectionMember -> Dictionary<IProperty, int> { [Property: IdentityRole.Id (string) Required PK AfterSave:Throw, 0], [Property: IdentityRole.ConcurrencyStamp (string) Concurrency, 1], [Property: IdentityRole.Name (string) MaxLength(256), 2], [Property: IdentityRole.NormalizedName (string) Index MaxLength(256), 3] }
            SELECT TOP(1) a.Id, a.ConcurrencyStamp, a.Name, a.NormalizedName
            FROM AspNetRoles AS a
            WHERE a.NormalizedName == @__normalizedName_0, 
            False, 
            new HashSet<string>(
                new string[]{ }, 
                StringComparer.Ordinal
            )
        )].GetRelationalCommandTemplate(parameters), 
        readerColumns: null, 
        shaper: (queryContext, dataReader, resultContext, resultCoordinator) => 
        {
            IdentityRole entity;
            entity = 
            {
                MaterializationContext materializationContext1;
                IEntityType entityType1;
                IdentityRole instance1;
                InternalEntityEntry entry1;
                bool hasNullKey1;
                materializationContext1 = new MaterializationContext(
                    [LIFTABLE Constant: ValueBuffer | Resolver: _ => (object)ValueBuffer.Empty], 
                    queryContext.Context
                );
                instance1 = default(IdentityRole);
                entry1 = queryContext.TryGetEntry(
                    key: [LIFTABLE Constant: Key: IdentityRole.Id PK | Resolver: c => c.Dependencies.Model.FindEntityType("Microsoft.AspNetCore.Identity.IdentityRole").FindPrimaryKey()], 
                    keyValues: new object[]{ (object)dataReader.GetString(0) }, 
                    throwOnNullKey: True, 
                    hasNullKey: hasNullKey1);
                !(hasNullKey1) ? entry1 != default(InternalEntityEntry) ? 
                {
                    entityType1 = entry1.EntityType;
                    return instance1 = (IdentityRole)entry1.Entity;
                } : 
                {
                    ISnapshot shadowSnapshot1;
                    shadowSnapshot1 = [LIFTABLE Constant: Snapshot | Resolver: _ => Snapshot.Empty];
                    entityType1 = [LIFTABLE Constant: EntityType: IdentityRole | Resolver: namelessParameter{0} => namelessParameter{0}.Dependencies.Model.FindEntityType("Microsoft.AspNetCore.Identity.IdentityRole")];
                    instance1 = switch (entityType1)
                    {
                        case [LIFTABLE Constant: EntityType: IdentityRole | Resolver: namelessParameter{1} => namelessParameter{1}.Dependencies.Model.FindEntityType("Microsoft.AspNetCore.Identity.IdentityRole")]: 
                            {
                                return 
                                {
                                    IdentityRole instance;
                                    instance = new IdentityRole();
                                    instance.<Id>k__BackingField = dataReader.GetString(0);
                                    instance.<ConcurrencyStamp>k__BackingField = dataReader.IsDBNull(1) ? default(string) : dataReader.GetString(1);
                                    instance.<Name>k__BackingField = dataReader.IsDBNull(2) ? default(string) : dataReader.GetString(2);
                                    instance.<NormalizedName>k__BackingField = dataReader.IsDBNull(3) ? default(string) : dataReader.GetString(3);
                                    (instance is IInjectableService) ? ((IInjectableService)instance).Injected(
                                        context: materializationContext1.Context, 
                                        entity: instance, 
                                        queryTrackingBehavior: TrackAll, 
                                        structuralType: [LIFTABLE Constant: EntityType: IdentityRole | Resolver: namelessParameter{2} => namelessParameter{2}.Dependencies.Model.FindEntityType("Microsoft.AspNetCore.Identity.IdentityRole")]) : default(void);
                                    return instance;
                                }}
                        default: 
                            default(IdentityRole)
                    }
                    ;
                    entry1 = entityType1 == default(IEntityType) ? default(InternalEntityEntry) : queryContext.StartTracking(
                        entityType: entityType1, 
                        entity: instance1, 
                        snapshot: shadowSnapshot1);
                    return instance1;
                } : default(void);
                return instance1;
            };
            return entity;
        }, 
        contextType: MiHairCareApp.Persistence.Context.StylistsDBContext, 
        standAloneStateManager: False, 
        detailedErrorsEnabled: False, 
        threadSafetyChecksEnabled: True), 
    cancellationToken: queryContext.CancellationToken)'
2025-09-04 15:09:04.8408|DEBUG|Microsoft.EntityFrameworkCore.Query|Compiling query expression: 
'DbSet<AppUser>()
    .FirstOrDefault(u => u.NormalizedUserName == __normalizedUserName_0)'
2025-09-04 15:09:04.8672|DEBUG|Microsoft.EntityFrameworkCore.Query|Generated query execution expression: 
'queryContext => ShapedQueryCompilingExpressionVisitor.SingleOrDefaultAsync<AppUser>(
    asyncEnumerable: SingleQueryingEnumerable.Create<AppUser>(
        relationalQueryContext: (RelationalQueryContext)queryContext, 
        relationalCommandResolver: parameters => [LIFTABLE Constant: RelationalCommandCache.QueryExpression(
            Projection Mapping:
                EmptyProjectionMember -> Dictionary<IProperty, int> { [Property: AppUser.Id (string) Required PK AfterSave:Throw, 0], [Property: AppUser.AccessFailedCount (int) Required, 1], [Property: AppUser.Address (string) Required, 2], [Property: AppUser.BookingID (int) Required, 3], [Property: AppUser.CompanyName (string), 4], [Property: AppUser.ConcurrencyStamp (string) Concurrency, 5], [Property: AppUser.CreatedAt (DateTime) Required, 6], [Property: AppUser.Email (string) MaxLength(256), 7], [Property: AppUser.EmailConfirmed (bool) Required, 8], [Property: AppUser.FirstName (string) Required, 9], [Property: AppUser.HomeService (bool) Required, 10], [Property: AppUser.ImageUrl (string) Required, 11], [Property: AppUser.IsDeleted (bool) Required, 12], [Property: AppUser.LastLogin (DateTime) Required, 13], [Property: AppUser.Latitude (int) Required, 14], [Property: AppUser.LockoutEnabled (bool) Required, 15], [Property: AppUser.LockoutEnd (DateTimeOffset?), 16], [Property: AppUser.Longitude (int) Required, 17], [Property: AppUser.LoyaltyPoints (int) Required, 18], [Property: AppUser.NormalizedEmail (string) Index MaxLength(256), 19], [Property: AppUser.NormalizedUserName (string) Index MaxLength(256), 20], [Property: AppUser.PasswordHash (string), 21], [Property: AppUser.PasswordResetToken (string), 22], [Property: AppUser.PhoneNumber (string), 23], [Property: AppUser.PhoneNumberConfirmed (bool) Required, 24], [Property: AppUser.PromotionalOfferID (int) Required, 25], [Property: AppUser.ResetTokenExpires (DateTime?), 26], [Property: AppUser.SecurityStamp (string), 27], [Property: AppUser.Street (string), 28], [Property: AppUser.StylePortfolioID (string), 29], [Property: AppUser.Town (string), 30], [Property: AppUser.TwoFactorEnabled (bool) Required, 31], [Property: AppUser.UserName (string) MaxLength(256), 32] }
            SELECT TOP(1) a.Id, a.AccessFailedCount, a.Address, a.BookingID, a.CompanyName, a.ConcurrencyStamp, a.CreatedAt, a.Email, a.EmailConfirmed, a.FirstName, a.HomeService, a.ImageUrl, a.IsDeleted, a.LastLogin, a.Latitude, a.LockoutEnabled, a.LockoutEnd, a.Longitude, a.LoyaltyPoints, a.NormalizedEmail, a.NormalizedUserName, a.PasswordHash, a.PasswordResetToken, a.PhoneNumber, a.PhoneNumberConfirmed, a.PromotionalOfferID, a.ResetTokenExpires, a.SecurityStamp, a.Street, a.StylePortfolioID, a.Town, a.TwoFactorEnabled, a.UserName
            FROM AspNetUsers AS a
            WHERE a.NormalizedUserName == @__normalizedUserName_0) | Resolver: c => new RelationalCommandCache(
            c.Dependencies.MemoryCache, 
            c.RelationalDependencies.QuerySqlGeneratorFactory, 
            c.RelationalDependencies.RelationalParameterBasedSqlProcessorFactory, 
            Projection Mapping:
                EmptyProjectionMember -> Dictionary<IProperty, int> { [Property: AppUser.Id (string) Required PK AfterSave:Throw, 0], [Property: AppUser.AccessFailedCount (int) Required, 1], [Property: AppUser.Address (string) Required, 2], [Property: AppUser.BookingID (int) Required, 3], [Property: AppUser.CompanyName (string), 4], [Property: AppUser.ConcurrencyStamp (string) Concurrency, 5], [Property: AppUser.CreatedAt (DateTime) Required, 6], [Property: AppUser.Email (string) MaxLength(256), 7], [Property: AppUser.EmailConfirmed (bool) Required, 8], [Property: AppUser.FirstName (string) Required, 9], [Property: AppUser.HomeService (bool) Required, 10], [Property: AppUser.ImageUrl (string) Required, 11], [Property: AppUser.IsDeleted (bool) Required, 12], [Property: AppUser.LastLogin (DateTime) Required, 13], [Property: AppUser.Latitude (int) Required, 14], [Property: AppUser.LockoutEnabled (bool) Required, 15], [Property: AppUser.LockoutEnd (DateTimeOffset?), 16], [Property: AppUser.Longitude (int) Required, 17], [Property: AppUser.LoyaltyPoints (int) Required, 18], [Property: AppUser.NormalizedEmail (string) Index MaxLength(256), 19], [Property: AppUser.NormalizedUserName (string) Index MaxLength(256), 20], [Property: AppUser.PasswordHash (string), 21], [Property: AppUser.PasswordResetToken (string), 22], [Property: AppUser.PhoneNumber (string), 23], [Property: AppUser.PhoneNumberConfirmed (bool) Required, 24], [Property: AppUser.PromotionalOfferID (int) Required, 25], [Property: AppUser.ResetTokenExpires (DateTime?), 26], [Property: AppUser.SecurityStamp (string), 27], [Property: AppUser.Street (string), 28], [Property: AppUser.StylePortfolioID (string), 29], [Property: AppUser.Town (string), 30], [Property: AppUser.TwoFactorEnabled (bool) Required, 31], [Property: AppUser.UserName (string) MaxLength(256), 32] }
            SELECT TOP(1) a.Id, a.AccessFailedCount, a.Address, a.BookingID, a.CompanyName, a.ConcurrencyStamp, a.CreatedAt, a.Email, a.EmailConfirmed, a.FirstName, a.HomeService, a.ImageUrl, a.IsDeleted, a.LastLogin, a.Latitude, a.LockoutEnabled, a.LockoutEnd, a.Longitude, a.LoyaltyPoints, a.NormalizedEmail, a.NormalizedUserName, a.PasswordHash, a.PasswordResetToken, a.PhoneNumber, a.PhoneNumberConfirmed, a.PromotionalOfferID, a.ResetTokenExpires, a.SecurityStamp, a.Street, a.StylePortfolioID, a.Town, a.TwoFactorEnabled, a.UserName
            FROM AspNetUsers AS a
            WHERE a.NormalizedUserName == @__normalizedUserName_0, 
            False, 
            new HashSet<string>(
                new string[]{ }, 
                StringComparer.Ordinal
            )
        )].GetRelationalCommandTemplate(parameters), 
        readerColumns: null, 
        shaper: (queryContext, dataReader, resultContext, resultCoordinator) => 
        {
            AppUser entity;
            entity = 
            {
                MaterializationContext materializationContext1;
                IEntityType entityType1;
                AppUser instance1;
                InternalEntityEntry entry1;
                bool hasNullKey1;
                materializationContext1 = new MaterializationContext(
                    [LIFTABLE Constant: ValueBuffer | Resolver: _ => (object)ValueBuffer.Empty], 
                    queryContext.Context
                );
                instance1 = default(AppUser);
                entry1 = queryContext.TryGetEntry(
                    key: [LIFTABLE Constant: Key: AppUser.Id PK | Resolver: c => c.Dependencies.Model.FindEntityType("MiHairCareApp.Domain.Entities.AppUser").FindPrimaryKey()], 
                    keyValues: new object[]{ (object)dataReader.GetString(0) }, 
                    throwOnNullKey: True, 
                    hasNullKey: hasNullKey1);
                !(hasNullKey1) ? entry1 != default(InternalEntityEntry) ? 
                {
                    entityType1 = entry1.EntityType;
                    return instance1 = (AppUser)entry1.Entity;
                } : 
                {
                    ISnapshot shadowSnapshot1;
                    shadowSnapshot1 = [LIFTABLE Constant: Snapshot | Resolver: _ => Snapshot.Empty];
                    entityType1 = [LIFTABLE Constant: EntityType: AppUser | Resolver: namelessParameter{0} => namelessParameter{0}.Dependencies.Model.FindEntityType("MiHairCareApp.Domain.Entities.AppUser")];
                    instance1 = switch (entityType1)
                    {
                        case [LIFTABLE Constant: EntityType: AppUser | Resolver: namelessParameter{1} => namelessParameter{1}.Dependencies.Model.FindEntityType("MiHairCareApp.Domain.Entities.AppUser")]: 
                            {
                                return 
                                {
                                    AppUser instance;
                                    instance = new AppUser();
                                    instance.<Id>k__BackingField = dataReader.GetString(0);
                                    instance.<AccessFailedCount>k__BackingField = dataReader.GetInt32(1);
                                    instance.<Address>k__BackingField = dataReader.GetString(2);
                                    instance.<BookingID>k__BackingField = dataReader.GetInt32(3);
                                    instance.<CompanyName>k__BackingField = dataReader.IsDBNull(4) ? default(string) : dataReader.GetString(4);
                                    instance.<ConcurrencyStamp>k__BackingField = dataReader.IsDBNull(5) ? default(string) : dataReader.GetString(5);
                                    instance.<CreatedAt>k__BackingField = dataReader.GetDateTime(6);
                                    instance.<Email>k__BackingField = dataReader.IsDBNull(7) ? default(string) : dataReader.GetString(7);
                                    instance.<EmailConfirmed>k__BackingField = dataReader.GetBoolean(8);
                                    instance.<FirstName>k__BackingField = dataReader.GetString(9);
                                    instance.<HomeService>k__BackingField = dataReader.GetBoolean(10);
                                    instance.<ImageUrl>k__BackingField = dataReader.GetString(11);
                                    instance.<IsDeleted>k__BackingField = dataReader.GetBoolean(12);
                                    instance.<LastLogin>k__BackingField = dataReader.GetDateTime(13);
                                    instance.<Latitude>k__BackingField = dataReader.GetInt32(14);
                                    instance.<LockoutEnabled>k__BackingField = dataReader.GetBoolean(15);
                                    instance.<LockoutEnd>k__BackingField = dataReader.IsDBNull(16) ? default(DateTimeOffset?) : (DateTimeOffset?)dataReader.GetFieldValue<DateTimeOffset>(16);
                                    instance.<Longitude>k__BackingField = dataReader.GetInt32(17);
                                    instance.<LoyaltyPoints>k__BackingField = dataReader.GetInt32(18);
                                    instance.<NormalizedEmail>k__BackingField = dataReader.IsDBNull(19) ? default(string) : dataReader.GetString(19);
                                    instance.<NormalizedUserName>k__BackingField = dataReader.IsDBNull(20) ? default(string) : dataReader.GetString(20);
                                    instance.<PasswordHash>k__BackingField = dataReader.IsDBNull(21) ? default(string) : dataReader.GetString(21);
                                    instance.<PasswordResetToken>k__BackingField = dataReader.IsDBNull(22) ? default(string) : dataReader.GetString(22);
                                    instance.<PhoneNumber>k__BackingField = dataReader.IsDBNull(23) ? default(string) : dataReader.GetString(23);
                                    instance.<PhoneNumberConfirmed>k__BackingField = dataReader.GetBoolean(24);
                                    instance.<PromotionalOfferID>k__BackingField = dataReader.GetInt32(25);
                                    instance.<ResetTokenExpires>k__BackingField = dataReader.IsDBNull(26) ? default(DateTime?) : (DateTime?)dataReader.GetDateTime(26);
                                    instance.<SecurityStamp>k__BackingField = dataReader.IsDBNull(27) ? default(string) : dataReader.GetString(27);
                                    instance.<Street>k__BackingField = dataReader.IsDBNull(28) ? default(string) : dataReader.GetString(28);
                                    instance.<StylePortfolioID>k__BackingField = dataReader.IsDBNull(29) ? default(string) : dataReader.GetString(29);
                                    instance.<Town>k__BackingField = dataReader.IsDBNull(30) ? default(string) : dataReader.GetString(30);
                                    instance.<TwoFactorEnabled>k__BackingField = dataReader.GetBoolean(31);
                                    instance.<UserName>k__BackingField = dataReader.IsDBNull(32) ? default(string) : dataReader.GetString(32);
                                    (instance is IInjectableService) ? ((IInjectableService)instance).Injected(
                                        context: materializationContext1.Context, 
                                        entity: instance, 
                                        queryTrackingBehavior: TrackAll, 
                                        structuralType: [LIFTABLE Constant: EntityType: AppUser | Resolver: namelessParameter{2} => namelessParameter{2}.Dependencies.Model.FindEntityType("MiHairCareApp.Domain.Entities.AppUser")]) : default(void);
                                    return instance;
                                }}
                        default: 
                            default(AppUser)
                    }
                    ;
                    entry1 = entityType1 == default(IEntityType) ? default(InternalEntityEntry) : queryContext.StartTracking(
                        entityType: entityType1, 
                        entity: instance1, 
                        snapshot: shadowSnapshot1);
                    return instance1;
                } : default(void);
                return instance1;
            };
            return entity;
        }, 
        contextType: MiHairCareApp.Persistence.Context.StylistsDBContext, 
        standAloneStateManager: False, 
        detailedErrorsEnabled: False, 
        threadSafetyChecksEnabled: True), 
    cancellationToken: queryContext.CancellationToken)'
2025-09-04 16:37:23.6739|DEBUG|Microsoft.EntityFrameworkCore.Query|Compiling query expression: 
'DbSet<IdentityRole>()
    .FirstOrDefault(r => r.NormalizedName == __normalizedName_0)'
2025-09-04 16:37:23.9620|DEBUG|Microsoft.EntityFrameworkCore.Query|Generated query execution expression: 
'queryContext => ShapedQueryCompilingExpressionVisitor.SingleOrDefaultAsync<IdentityRole>(
    asyncEnumerable: SingleQueryingEnumerable.Create<IdentityRole>(
        relationalQueryContext: (RelationalQueryContext)queryContext, 
        relationalCommandResolver: parameters => [LIFTABLE Constant: RelationalCommandCache.QueryExpression(
            Projection Mapping:
                EmptyProjectionMember -> Dictionary<IProperty, int> { [Property: IdentityRole.Id (string) Required PK AfterSave:Throw, 0], [Property: IdentityRole.ConcurrencyStamp (string) Concurrency, 1], [Property: IdentityRole.Name (string) MaxLength(256), 2], [Property: IdentityRole.NormalizedName (string) Index MaxLength(256), 3] }
            SELECT TOP(1) a.Id, a.ConcurrencyStamp, a.Name, a.NormalizedName
            FROM AspNetRoles AS a
            WHERE a.NormalizedName == @__normalizedName_0) | Resolver: c => new RelationalCommandCache(
            c.Dependencies.MemoryCache, 
            c.RelationalDependencies.QuerySqlGeneratorFactory, 
            c.RelationalDependencies.RelationalParameterBasedSqlProcessorFactory, 
            Projection Mapping:
                EmptyProjectionMember -> Dictionary<IProperty, int> { [Property: IdentityRole.Id (string) Required PK AfterSave:Throw, 0], [Property: IdentityRole.ConcurrencyStamp (string) Concurrency, 1], [Property: IdentityRole.Name (string) MaxLength(256), 2], [Property: IdentityRole.NormalizedName (string) Index MaxLength(256), 3] }
            SELECT TOP(1) a.Id, a.ConcurrencyStamp, a.Name, a.NormalizedName
            FROM AspNetRoles AS a
            WHERE a.NormalizedName == @__normalizedName_0, 
            False, 
            new HashSet<string>(
                new string[]{ }, 
                StringComparer.Ordinal
            )
        )].GetRelationalCommandTemplate(parameters), 
        readerColumns: null, 
        shaper: (queryContext, dataReader, resultContext, resultCoordinator) => 
        {
            IdentityRole entity;
            entity = 
            {
                MaterializationContext materializationContext1;
                IEntityType entityType1;
                IdentityRole instance1;
                InternalEntityEntry entry1;
                bool hasNullKey1;
                materializationContext1 = new MaterializationContext(
                    [LIFTABLE Constant: ValueBuffer | Resolver: _ => (object)ValueBuffer.Empty], 
                    queryContext.Context
                );
                instance1 = default(IdentityRole);
                entry1 = queryContext.TryGetEntry(
                    key: [LIFTABLE Constant: Key: IdentityRole.Id PK | Resolver: c => c.Dependencies.Model.FindEntityType("Microsoft.AspNetCore.Identity.IdentityRole").FindPrimaryKey()], 
                    keyValues: new object[]{ (object)dataReader.GetString(0) }, 
                    throwOnNullKey: True, 
                    hasNullKey: hasNullKey1);
                !(hasNullKey1) ? entry1 != default(InternalEntityEntry) ? 
                {
                    entityType1 = entry1.EntityType;
                    return instance1 = (IdentityRole)entry1.Entity;
                } : 
                {
                    ISnapshot shadowSnapshot1;
                    shadowSnapshot1 = [LIFTABLE Constant: Snapshot | Resolver: _ => Snapshot.Empty];
                    entityType1 = [LIFTABLE Constant: EntityType: IdentityRole | Resolver: namelessParameter{0} => namelessParameter{0}.Dependencies.Model.FindEntityType("Microsoft.AspNetCore.Identity.IdentityRole")];
                    instance1 = switch (entityType1)
                    {
                        case [LIFTABLE Constant: EntityType: IdentityRole | Resolver: namelessParameter{1} => namelessParameter{1}.Dependencies.Model.FindEntityType("Microsoft.AspNetCore.Identity.IdentityRole")]: 
                            {
                                return 
                                {
                                    IdentityRole instance;
                                    instance = new IdentityRole();
                                    instance.<Id>k__BackingField = dataReader.GetString(0);
                                    instance.<ConcurrencyStamp>k__BackingField = dataReader.IsDBNull(1) ? default(string) : dataReader.GetString(1);
                                    instance.<Name>k__BackingField = dataReader.IsDBNull(2) ? default(string) : dataReader.GetString(2);
                                    instance.<NormalizedName>k__BackingField = dataReader.IsDBNull(3) ? default(string) : dataReader.GetString(3);
                                    (instance is IInjectableService) ? ((IInjectableService)instance).Injected(
                                        context: materializationContext1.Context, 
                                        entity: instance, 
                                        queryTrackingBehavior: TrackAll, 
                                        structuralType: [LIFTABLE Constant: EntityType: IdentityRole | Resolver: namelessParameter{2} => namelessParameter{2}.Dependencies.Model.FindEntityType("Microsoft.AspNetCore.Identity.IdentityRole")]) : default(void);
                                    return instance;
                                }}
                        default: 
                            default(IdentityRole)
                    }
                    ;
                    entry1 = entityType1 == default(IEntityType) ? default(InternalEntityEntry) : queryContext.StartTracking(
                        entityType: entityType1, 
                        entity: instance1, 
                        snapshot: shadowSnapshot1);
                    return instance1;
                } : default(void);
                return instance1;
            };
            return entity;
        }, 
        contextType: MiHairCareApp.Persistence.Context.StylistsDBContext, 
        standAloneStateManager: False, 
        detailedErrorsEnabled: False, 
        threadSafetyChecksEnabled: True), 
    cancellationToken: queryContext.CancellationToken)'
2025-09-04 16:37:24.4275|DEBUG|Microsoft.EntityFrameworkCore.Query|Compiling query expression: 
'DbSet<AppUser>()
    .FirstOrDefault(u => u.NormalizedUserName == __normalizedUserName_0)'
2025-09-04 16:37:24.4473|DEBUG|Microsoft.EntityFrameworkCore.Query|Generated query execution expression: 
'queryContext => ShapedQueryCompilingExpressionVisitor.SingleOrDefaultAsync<AppUser>(
    asyncEnumerable: SingleQueryingEnumerable.Create<AppUser>(
        relationalQueryContext: (RelationalQueryContext)queryContext, 
        relationalCommandResolver: parameters => [LIFTABLE Constant: RelationalCommandCache.QueryExpression(
            Projection Mapping:
                EmptyProjectionMember -> Dictionary<IProperty, int> { [Property: AppUser.Id (string) Required PK AfterSave:Throw, 0], [Property: AppUser.AccessFailedCount (int) Required, 1], [Property: AppUser.Address (string) Required, 2], [Property: AppUser.BookingID (int) Required, 3], [Property: AppUser.CompanyName (string), 4], [Property: AppUser.ConcurrencyStamp (string) Concurrency, 5], [Property: AppUser.CreatedAt (DateTime) Required, 6], [Property: AppUser.Email (string) MaxLength(256), 7], [Property: AppUser.EmailConfirmed (bool) Required, 8], [Property: AppUser.FirstName (string) Required, 9], [Property: AppUser.HomeService (bool) Required, 10], [Property: AppUser.ImageUrl (string) Required, 11], [Property: AppUser.IsDeleted (bool) Required, 12], [Property: AppUser.LastLogin (DateTime) Required, 13], [Property: AppUser.Latitude (int) Required, 14], [Property: AppUser.LockoutEnabled (bool) Required, 15], [Property: AppUser.LockoutEnd (DateTimeOffset?), 16], [Property: AppUser.Longitude (int) Required, 17], [Property: AppUser.LoyaltyPoints (int) Required, 18], [Property: AppUser.NormalizedEmail (string) Index MaxLength(256), 19], [Property: AppUser.NormalizedUserName (string) Index MaxLength(256), 20], [Property: AppUser.PasswordHash (string), 21], [Property: AppUser.PasswordResetToken (string), 22], [Property: AppUser.PhoneNumber (string), 23], [Property: AppUser.PhoneNumberConfirmed (bool) Required, 24], [Property: AppUser.PromotionalOfferID (int) Required, 25], [Property: AppUser.ResetTokenExpires (DateTime?), 26], [Property: AppUser.SecurityStamp (string), 27], [Property: AppUser.Street (string), 28], [Property: AppUser.StylePortfolioID (string), 29], [Property: AppUser.Town (string), 30], [Property: AppUser.TwoFactorEnabled (bool) Required, 31], [Property: AppUser.UserName (string) MaxLength(256), 32] }
            SELECT TOP(1) a.Id, a.AccessFailedCount, a.Address, a.BookingID, a.CompanyName, a.ConcurrencyStamp, a.CreatedAt, a.Email, a.EmailConfirmed, a.FirstName, a.HomeService, a.ImageUrl, a.IsDeleted, a.LastLogin, a.Latitude, a.LockoutEnabled, a.LockoutEnd, a.Longitude, a.LoyaltyPoints, a.NormalizedEmail, a.NormalizedUserName, a.PasswordHash, a.PasswordResetToken, a.PhoneNumber, a.PhoneNumberConfirmed, a.PromotionalOfferID, a.ResetTokenExpires, a.SecurityStamp, a.Street, a.StylePortfolioID, a.Town, a.TwoFactorEnabled, a.UserName
            FROM AspNetUsers AS a
            WHERE a.NormalizedUserName == @__normalizedUserName_0) | Resolver: c => new RelationalCommandCache(
            c.Dependencies.MemoryCache, 
            c.RelationalDependencies.QuerySqlGeneratorFactory, 
            c.RelationalDependencies.RelationalParameterBasedSqlProcessorFactory, 
            Projection Mapping:
                EmptyProjectionMember -> Dictionary<IProperty, int> { [Property: AppUser.Id (string) Required PK AfterSave:Throw, 0], [Property: AppUser.AccessFailedCount (int) Required, 1], [Property: AppUser.Address (string) Required, 2], [Property: AppUser.BookingID (int) Required, 3], [Property: AppUser.CompanyName (string), 4], [Property: AppUser.ConcurrencyStamp (string) Concurrency, 5], [Property: AppUser.CreatedAt (DateTime) Required, 6], [Property: AppUser.Email (string) MaxLength(256), 7], [Property: AppUser.EmailConfirmed (bool) Required, 8], [Property: AppUser.FirstName (string) Required, 9], [Property: AppUser.HomeService (bool) Required, 10], [Property: AppUser.ImageUrl (string) Required, 11], [Property: AppUser.IsDeleted (bool) Required, 12], [Property: AppUser.LastLogin (DateTime) Required, 13], [Property: AppUser.Latitude (int) Required, 14], [Property: AppUser.LockoutEnabled (bool) Required, 15], [Property: AppUser.LockoutEnd (DateTimeOffset?), 16], [Property: AppUser.Longitude (int) Required, 17], [Property: AppUser.LoyaltyPoints (int) Required, 18], [Property: AppUser.NormalizedEmail (string) Index MaxLength(256), 19], [Property: AppUser.NormalizedUserName (string) Index MaxLength(256), 20], [Property: AppUser.PasswordHash (string), 21], [Property: AppUser.PasswordResetToken (string), 22], [Property: AppUser.PhoneNumber (string), 23], [Property: AppUser.PhoneNumberConfirmed (bool) Required, 24], [Property: AppUser.PromotionalOfferID (int) Required, 25], [Property: AppUser.ResetTokenExpires (DateTime?), 26], [Property: AppUser.SecurityStamp (string), 27], [Property: AppUser.Street (string), 28], [Property: AppUser.StylePortfolioID (string), 29], [Property: AppUser.Town (string), 30], [Property: AppUser.TwoFactorEnabled (bool) Required, 31], [Property: AppUser.UserName (string) MaxLength(256), 32] }
            SELECT TOP(1) a.Id, a.AccessFailedCount, a.Address, a.BookingID, a.CompanyName, a.ConcurrencyStamp, a.CreatedAt, a.Email, a.EmailConfirmed, a.FirstName, a.HomeService, a.ImageUrl, a.IsDeleted, a.LastLogin, a.Latitude, a.LockoutEnabled, a.LockoutEnd, a.Longitude, a.LoyaltyPoints, a.NormalizedEmail, a.NormalizedUserName, a.PasswordHash, a.PasswordResetToken, a.PhoneNumber, a.PhoneNumberConfirmed, a.PromotionalOfferID, a.ResetTokenExpires, a.SecurityStamp, a.Street, a.StylePortfolioID, a.Town, a.TwoFactorEnabled, a.UserName
            FROM AspNetUsers AS a
            WHERE a.NormalizedUserName == @__normalizedUserName_0, 
            False, 
            new HashSet<string>(
                new string[]{ }, 
                StringComparer.Ordinal
            )
        )].GetRelationalCommandTemplate(parameters), 
        readerColumns: null, 
        shaper: (queryContext, dataReader, resultContext, resultCoordinator) => 
        {
            AppUser entity;
            entity = 
            {
                MaterializationContext materializationContext1;
                IEntityType entityType1;
                AppUser instance1;
                InternalEntityEntry entry1;
                bool hasNullKey1;
                materializationContext1 = new MaterializationContext(
                    [LIFTABLE Constant: ValueBuffer | Resolver: _ => (object)ValueBuffer.Empty], 
                    queryContext.Context
                );
                instance1 = default(AppUser);
                entry1 = queryContext.TryGetEntry(
                    key: [LIFTABLE Constant: Key: AppUser.Id PK | Resolver: c => c.Dependencies.Model.FindEntityType("MiHairCareApp.Domain.Entities.AppUser").FindPrimaryKey()], 
                    keyValues: new object[]{ (object)dataReader.GetString(0) }, 
                    throwOnNullKey: True, 
                    hasNullKey: hasNullKey1);
                !(hasNullKey1) ? entry1 != default(InternalEntityEntry) ? 
                {
                    entityType1 = entry1.EntityType;
                    return instance1 = (AppUser)entry1.Entity;
                } : 
                {
                    ISnapshot shadowSnapshot1;
                    shadowSnapshot1 = [LIFTABLE Constant: Snapshot | Resolver: _ => Snapshot.Empty];
                    entityType1 = [LIFTABLE Constant: EntityType: AppUser | Resolver: namelessParameter{0} => namelessParameter{0}.Dependencies.Model.FindEntityType("MiHairCareApp.Domain.Entities.AppUser")];
                    instance1 = switch (entityType1)
                    {
                        case [LIFTABLE Constant: EntityType: AppUser | Resolver: namelessParameter{1} => namelessParameter{1}.Dependencies.Model.FindEntityType("MiHairCareApp.Domain.Entities.AppUser")]: 
                            {
                                return 
                                {
                                    AppUser instance;
                                    instance = new AppUser();
                                    instance.<Id>k__BackingField = dataReader.GetString(0);
                                    instance.<AccessFailedCount>k__BackingField = dataReader.GetInt32(1);
                                    instance.<Address>k__BackingField = dataReader.GetString(2);
                                    instance.<BookingID>k__BackingField = dataReader.GetInt32(3);
                                    instance.<CompanyName>k__BackingField = dataReader.IsDBNull(4) ? default(string) : dataReader.GetString(4);
                                    instance.<ConcurrencyStamp>k__BackingField = dataReader.IsDBNull(5) ? default(string) : dataReader.GetString(5);
                                    instance.<CreatedAt>k__BackingField = dataReader.GetDateTime(6);
                                    instance.<Email>k__BackingField = dataReader.IsDBNull(7) ? default(string) : dataReader.GetString(7);
                                    instance.<EmailConfirmed>k__BackingField = dataReader.GetBoolean(8);
                                    instance.<FirstName>k__BackingField = dataReader.GetString(9);
                                    instance.<HomeService>k__BackingField = dataReader.GetBoolean(10);
                                    instance.<ImageUrl>k__BackingField = dataReader.GetString(11);
                                    instance.<IsDeleted>k__BackingField = dataReader.GetBoolean(12);
                                    instance.<LastLogin>k__BackingField = dataReader.GetDateTime(13);
                                    instance.<Latitude>k__BackingField = dataReader.GetInt32(14);
                                    instance.<LockoutEnabled>k__BackingField = dataReader.GetBoolean(15);
                                    instance.<LockoutEnd>k__BackingField = dataReader.IsDBNull(16) ? default(DateTimeOffset?) : (DateTimeOffset?)dataReader.GetFieldValue<DateTimeOffset>(16);
                                    instance.<Longitude>k__BackingField = dataReader.GetInt32(17);
                                    instance.<LoyaltyPoints>k__BackingField = dataReader.GetInt32(18);
                                    instance.<NormalizedEmail>k__BackingField = dataReader.IsDBNull(19) ? default(string) : dataReader.GetString(19);
                                    instance.<NormalizedUserName>k__BackingField = dataReader.IsDBNull(20) ? default(string) : dataReader.GetString(20);
                                    instance.<PasswordHash>k__BackingField = dataReader.IsDBNull(21) ? default(string) : dataReader.GetString(21);
                                    instance.<PasswordResetToken>k__BackingField = dataReader.IsDBNull(22) ? default(string) : dataReader.GetString(22);
                                    instance.<PhoneNumber>k__BackingField = dataReader.IsDBNull(23) ? default(string) : dataReader.GetString(23);
                                    instance.<PhoneNumberConfirmed>k__BackingField = dataReader.GetBoolean(24);
                                    instance.<PromotionalOfferID>k__BackingField = dataReader.GetInt32(25);
                                    instance.<ResetTokenExpires>k__BackingField = dataReader.IsDBNull(26) ? default(DateTime?) : (DateTime?)dataReader.GetDateTime(26);
                                    instance.<SecurityStamp>k__BackingField = dataReader.IsDBNull(27) ? default(string) : dataReader.GetString(27);
                                    instance.<Street>k__BackingField = dataReader.IsDBNull(28) ? default(string) : dataReader.GetString(28);
                                    instance.<StylePortfolioID>k__BackingField = dataReader.IsDBNull(29) ? default(string) : dataReader.GetString(29);
                                    instance.<Town>k__BackingField = dataReader.IsDBNull(30) ? default(string) : dataReader.GetString(30);
                                    instance.<TwoFactorEnabled>k__BackingField = dataReader.GetBoolean(31);
                                    instance.<UserName>k__BackingField = dataReader.IsDBNull(32) ? default(string) : dataReader.GetString(32);
                                    (instance is IInjectableService) ? ((IInjectableService)instance).Injected(
                                        context: materializationContext1.Context, 
                                        entity: instance, 
                                        queryTrackingBehavior: TrackAll, 
                                        structuralType: [LIFTABLE Constant: EntityType: AppUser | Resolver: namelessParameter{2} => namelessParameter{2}.Dependencies.Model.FindEntityType("MiHairCareApp.Domain.Entities.AppUser")]) : default(void);
                                    return instance;
                                }}
                        default: 
                            default(AppUser)
                    }
                    ;
                    entry1 = entityType1 == default(IEntityType) ? default(InternalEntityEntry) : queryContext.StartTracking(
                        entityType: entityType1, 
                        entity: instance1, 
                        snapshot: shadowSnapshot1);
                    return instance1;
                } : default(void);
                return instance1;
            };
            return entity;
        }, 
        contextType: MiHairCareApp.Persistence.Context.StylistsDBContext, 
        standAloneStateManager: False, 
        detailedErrorsEnabled: False, 
        threadSafetyChecksEnabled: True), 
    cancellationToken: queryContext.CancellationToken)'
2025-09-04 17:00:49.3096|DEBUG|Microsoft.EntityFrameworkCore.Query|Compiling query expression: 
'DbSet<IdentityRole>()
    .FirstOrDefault(r => r.NormalizedName == __normalizedName_0)'
2025-09-04 17:00:49.6899|DEBUG|Microsoft.EntityFrameworkCore.Query|Generated query execution expression: 
'queryContext => ShapedQueryCompilingExpressionVisitor.SingleOrDefaultAsync<IdentityRole>(
    asyncEnumerable: SingleQueryingEnumerable.Create<IdentityRole>(
        relationalQueryContext: (RelationalQueryContext)queryContext, 
        relationalCommandResolver: parameters => [LIFTABLE Constant: RelationalCommandCache.QueryExpression(
            Projection Mapping:
                EmptyProjectionMember -> Dictionary<IProperty, int> { [Property: IdentityRole.Id (string) Required PK AfterSave:Throw, 0], [Property: IdentityRole.ConcurrencyStamp (string) Concurrency, 1], [Property: IdentityRole.Name (string) MaxLength(256), 2], [Property: IdentityRole.NormalizedName (string) Index MaxLength(256), 3] }
            SELECT TOP(1) a.Id, a.ConcurrencyStamp, a.Name, a.NormalizedName
            FROM AspNetRoles AS a
            WHERE a.NormalizedName == @__normalizedName_0) | Resolver: c => new RelationalCommandCache(
            c.Dependencies.MemoryCache, 
            c.RelationalDependencies.QuerySqlGeneratorFactory, 
            c.RelationalDependencies.RelationalParameterBasedSqlProcessorFactory, 
            Projection Mapping:
                EmptyProjectionMember -> Dictionary<IProperty, int> { [Property: IdentityRole.Id (string) Required PK AfterSave:Throw, 0], [Property: IdentityRole.ConcurrencyStamp (string) Concurrency, 1], [Property: IdentityRole.Name (string) MaxLength(256), 2], [Property: IdentityRole.NormalizedName (string) Index MaxLength(256), 3] }
            SELECT TOP(1) a.Id, a.ConcurrencyStamp, a.Name, a.NormalizedName
            FROM AspNetRoles AS a
            WHERE a.NormalizedName == @__normalizedName_0, 
            False, 
            new HashSet<string>(
                new string[]{ }, 
                StringComparer.Ordinal
            )
        )].GetRelationalCommandTemplate(parameters), 
        readerColumns: null, 
        shaper: (queryContext, dataReader, resultContext, resultCoordinator) => 
        {
            IdentityRole entity;
            entity = 
            {
                MaterializationContext materializationContext1;
                IEntityType entityType1;
                IdentityRole instance1;
                InternalEntityEntry entry1;
                bool hasNullKey1;
                materializationContext1 = new MaterializationContext(
                    [LIFTABLE Constant: ValueBuffer | Resolver: _ => (object)ValueBuffer.Empty], 
                    queryContext.Context
                );
                instance1 = default(IdentityRole);
                entry1 = queryContext.TryGetEntry(
                    key: [LIFTABLE Constant: Key: IdentityRole.Id PK | Resolver: c => c.Dependencies.Model.FindEntityType("Microsoft.AspNetCore.Identity.IdentityRole").FindPrimaryKey()], 
                    keyValues: new object[]{ (object)dataReader.GetString(0) }, 
                    throwOnNullKey: True, 
                    hasNullKey: hasNullKey1);
                !(hasNullKey1) ? entry1 != default(InternalEntityEntry) ? 
                {
                    entityType1 = entry1.EntityType;
                    return instance1 = (IdentityRole)entry1.Entity;
                } : 
                {
                    ISnapshot shadowSnapshot1;
                    shadowSnapshot1 = [LIFTABLE Constant: Snapshot | Resolver: _ => Snapshot.Empty];
                    entityType1 = [LIFTABLE Constant: EntityType: IdentityRole | Resolver: namelessParameter{0} => namelessParameter{0}.Dependencies.Model.FindEntityType("Microsoft.AspNetCore.Identity.IdentityRole")];
                    instance1 = switch (entityType1)
                    {
                        case [LIFTABLE Constant: EntityType: IdentityRole | Resolver: namelessParameter{1} => namelessParameter{1}.Dependencies.Model.FindEntityType("Microsoft.AspNetCore.Identity.IdentityRole")]: 
                            {
                                return 
                                {
                                    IdentityRole instance;
                                    instance = new IdentityRole();
                                    instance.<Id>k__BackingField = dataReader.GetString(0);
                                    instance.<ConcurrencyStamp>k__BackingField = dataReader.IsDBNull(1) ? default(string) : dataReader.GetString(1);
                                    instance.<Name>k__BackingField = dataReader.IsDBNull(2) ? default(string) : dataReader.GetString(2);
                                    instance.<NormalizedName>k__BackingField = dataReader.IsDBNull(3) ? default(string) : dataReader.GetString(3);
                                    (instance is IInjectableService) ? ((IInjectableService)instance).Injected(
                                        context: materializationContext1.Context, 
                                        entity: instance, 
                                        queryTrackingBehavior: TrackAll, 
                                        structuralType: [LIFTABLE Constant: EntityType: IdentityRole | Resolver: namelessParameter{2} => namelessParameter{2}.Dependencies.Model.FindEntityType("Microsoft.AspNetCore.Identity.IdentityRole")]) : default(void);
                                    return instance;
                                }}
                        default: 
                            default(IdentityRole)
                    }
                    ;
                    entry1 = entityType1 == default(IEntityType) ? default(InternalEntityEntry) : queryContext.StartTracking(
                        entityType: entityType1, 
                        entity: instance1, 
                        snapshot: shadowSnapshot1);
                    return instance1;
                } : default(void);
                return instance1;
            };
            return entity;
        }, 
        contextType: MiHairCareApp.Persistence.Context.StylistsDBContext, 
        standAloneStateManager: False, 
        detailedErrorsEnabled: False, 
        threadSafetyChecksEnabled: True), 
    cancellationToken: queryContext.CancellationToken)'
2025-09-04 17:00:50.1815|DEBUG|Microsoft.EntityFrameworkCore.Query|Compiling query expression: 
'DbSet<AppUser>()
    .FirstOrDefault(u => u.NormalizedUserName == __normalizedUserName_0)'
2025-09-04 17:00:50.1962|DEBUG|Microsoft.EntityFrameworkCore.Query|Generated query execution expression: 
'queryContext => ShapedQueryCompilingExpressionVisitor.SingleOrDefaultAsync<AppUser>(
    asyncEnumerable: SingleQueryingEnumerable.Create<AppUser>(
        relationalQueryContext: (RelationalQueryContext)queryContext, 
        relationalCommandResolver: parameters => [LIFTABLE Constant: RelationalCommandCache.QueryExpression(
            Projection Mapping:
                EmptyProjectionMember -> Dictionary<IProperty, int> { [Property: AppUser.Id (string) Required PK AfterSave:Throw, 0], [Property: AppUser.AccessFailedCount (int) Required, 1], [Property: AppUser.Address (string) Required, 2], [Property: AppUser.BookingID (int) Required, 3], [Property: AppUser.CompanyName (string), 4], [Property: AppUser.ConcurrencyStamp (string) Concurrency, 5], [Property: AppUser.CreatedAt (DateTime) Required, 6], [Property: AppUser.Email (string) MaxLength(256), 7], [Property: AppUser.EmailConfirmed (bool) Required, 8], [Property: AppUser.FirstName (string) Required, 9], [Property: AppUser.HomeService (bool) Required, 10], [Property: AppUser.ImageUrl (string) Required, 11], [Property: AppUser.IsDeleted (bool) Required, 12], [Property: AppUser.LastLogin (DateTime) Required, 13], [Property: AppUser.Latitude (int) Required, 14], [Property: AppUser.LockoutEnabled (bool) Required, 15], [Property: AppUser.LockoutEnd (DateTimeOffset?), 16], [Property: AppUser.Longitude (int) Required, 17], [Property: AppUser.LoyaltyPoints (int) Required, 18], [Property: AppUser.NormalizedEmail (string) Index MaxLength(256), 19], [Property: AppUser.NormalizedUserName (string) Index MaxLength(256), 20], [Property: AppUser.PasswordHash (string), 21], [Property: AppUser.PasswordResetToken (string), 22], [Property: AppUser.PhoneNumber (string), 23], [Property: AppUser.PhoneNumberConfirmed (bool) Required, 24], [Property: AppUser.PromotionalOfferID (int) Required, 25], [Property: AppUser.ResetTokenExpires (DateTime?), 26], [Property: AppUser.SecurityStamp (string), 27], [Property: AppUser.Street (string), 28], [Property: AppUser.StylePortfolioID (string), 29], [Property: AppUser.Town (string), 30], [Property: AppUser.TwoFactorEnabled (bool) Required, 31], [Property: AppUser.UserName (string) MaxLength(256), 32] }
            SELECT TOP(1) a.Id, a.AccessFailedCount, a.Address, a.BookingID, a.CompanyName, a.ConcurrencyStamp, a.CreatedAt, a.Email, a.EmailConfirmed, a.FirstName, a.HomeService, a.ImageUrl, a.IsDeleted, a.LastLogin, a.Latitude, a.LockoutEnabled, a.LockoutEnd, a.Longitude, a.LoyaltyPoints, a.NormalizedEmail, a.NormalizedUserName, a.PasswordHash, a.PasswordResetToken, a.PhoneNumber, a.PhoneNumberConfirmed, a.PromotionalOfferID, a.ResetTokenExpires, a.SecurityStamp, a.Street, a.StylePortfolioID, a.Town, a.TwoFactorEnabled, a.UserName
            FROM AspNetUsers AS a
            WHERE a.NormalizedUserName == @__normalizedUserName_0) | Resolver: c => new RelationalCommandCache(
            c.Dependencies.MemoryCache, 
            c.RelationalDependencies.QuerySqlGeneratorFactory, 
            c.RelationalDependencies.RelationalParameterBasedSqlProcessorFactory, 
            Projection Mapping:
                EmptyProjectionMember -> Dictionary<IProperty, int> { [Property: AppUser.Id (string) Required PK AfterSave:Throw, 0], [Property: AppUser.AccessFailedCount (int) Required, 1], [Property: AppUser.Address (string) Required, 2], [Property: AppUser.BookingID (int) Required, 3], [Property: AppUser.CompanyName (string), 4], [Property: AppUser.ConcurrencyStamp (string) Concurrency, 5], [Property: AppUser.CreatedAt (DateTime) Required, 6], [Property: AppUser.Email (string) MaxLength(256), 7], [Property: AppUser.EmailConfirmed (bool) Required, 8], [Property: AppUser.FirstName (string) Required, 9], [Property: AppUser.HomeService (bool) Required, 10], [Property: AppUser.ImageUrl (string) Required, 11], [Property: AppUser.IsDeleted (bool) Required, 12], [Property: AppUser.LastLogin (DateTime) Required, 13], [Property: AppUser.Latitude (int) Required, 14], [Property: AppUser.LockoutEnabled (bool) Required, 15], [Property: AppUser.LockoutEnd (DateTimeOffset?), 16], [Property: AppUser.Longitude (int) Required, 17], [Property: AppUser.LoyaltyPoints (int) Required, 18], [Property: AppUser.NormalizedEmail (string) Index MaxLength(256), 19], [Property: AppUser.NormalizedUserName (string) Index MaxLength(256), 20], [Property: AppUser.PasswordHash (string), 21], [Property: AppUser.PasswordResetToken (string), 22], [Property: AppUser.PhoneNumber (string), 23], [Property: AppUser.PhoneNumberConfirmed (bool) Required, 24], [Property: AppUser.PromotionalOfferID (int) Required, 25], [Property: AppUser.ResetTokenExpires (DateTime?), 26], [Property: AppUser.SecurityStamp (string), 27], [Property: AppUser.Street (string), 28], [Property: AppUser.StylePortfolioID (string), 29], [Property: AppUser.Town (string), 30], [Property: AppUser.TwoFactorEnabled (bool) Required, 31], [Property: AppUser.UserName (string) MaxLength(256), 32] }
            SELECT TOP(1) a.Id, a.AccessFailedCount, a.Address, a.BookingID, a.CompanyName, a.ConcurrencyStamp, a.CreatedAt, a.Email, a.EmailConfirmed, a.FirstName, a.HomeService, a.ImageUrl, a.IsDeleted, a.LastLogin, a.Latitude, a.LockoutEnabled, a.LockoutEnd, a.Longitude, a.LoyaltyPoints, a.NormalizedEmail, a.NormalizedUserName, a.PasswordHash, a.PasswordResetToken, a.PhoneNumber, a.PhoneNumberConfirmed, a.PromotionalOfferID, a.ResetTokenExpires, a.SecurityStamp, a.Street, a.StylePortfolioID, a.Town, a.TwoFactorEnabled, a.UserName
            FROM AspNetUsers AS a
            WHERE a.NormalizedUserName == @__normalizedUserName_0, 
            False, 
            new HashSet<string>(
                new string[]{ }, 
                StringComparer.Ordinal
            )
        )].GetRelationalCommandTemplate(parameters), 
        readerColumns: null, 
        shaper: (queryContext, dataReader, resultContext, resultCoordinator) => 
        {
            AppUser entity;
            entity = 
            {
                MaterializationContext materializationContext1;
                IEntityType entityType1;
                AppUser instance1;
                InternalEntityEntry entry1;
                bool hasNullKey1;
                materializationContext1 = new MaterializationContext(
                    [LIFTABLE Constant: ValueBuffer | Resolver: _ => (object)ValueBuffer.Empty], 
                    queryContext.Context
                );
                instance1 = default(AppUser);
                entry1 = queryContext.TryGetEntry(
                    key: [LIFTABLE Constant: Key: AppUser.Id PK | Resolver: c => c.Dependencies.Model.FindEntityType("MiHairCareApp.Domain.Entities.AppUser").FindPrimaryKey()], 
                    keyValues: new object[]{ (object)dataReader.GetString(0) }, 
                    throwOnNullKey: True, 
                    hasNullKey: hasNullKey1);
                !(hasNullKey1) ? entry1 != default(InternalEntityEntry) ? 
                {
                    entityType1 = entry1.EntityType;
                    return instance1 = (AppUser)entry1.Entity;
                } : 
                {
                    ISnapshot shadowSnapshot1;
                    shadowSnapshot1 = [LIFTABLE Constant: Snapshot | Resolver: _ => Snapshot.Empty];
                    entityType1 = [LIFTABLE Constant: EntityType: AppUser | Resolver: namelessParameter{0} => namelessParameter{0}.Dependencies.Model.FindEntityType("MiHairCareApp.Domain.Entities.AppUser")];
                    instance1 = switch (entityType1)
                    {
                        case [LIFTABLE Constant: EntityType: AppUser | Resolver: namelessParameter{1} => namelessParameter{1}.Dependencies.Model.FindEntityType("MiHairCareApp.Domain.Entities.AppUser")]: 
                            {
                                return 
                                {
                                    AppUser instance;
                                    instance = new AppUser();
                                    instance.<Id>k__BackingField = dataReader.GetString(0);
                                    instance.<AccessFailedCount>k__BackingField = dataReader.GetInt32(1);
                                    instance.<Address>k__BackingField = dataReader.GetString(2);
                                    instance.<BookingID>k__BackingField = dataReader.GetInt32(3);
                                    instance.<CompanyName>k__BackingField = dataReader.IsDBNull(4) ? default(string) : dataReader.GetString(4);
                                    instance.<ConcurrencyStamp>k__BackingField = dataReader.IsDBNull(5) ? default(string) : dataReader.GetString(5);
                                    instance.<CreatedAt>k__BackingField = dataReader.GetDateTime(6);
                                    instance.<Email>k__BackingField = dataReader.IsDBNull(7) ? default(string) : dataReader.GetString(7);
                                    instance.<EmailConfirmed>k__BackingField = dataReader.GetBoolean(8);
                                    instance.<FirstName>k__BackingField = dataReader.GetString(9);
                                    instance.<HomeService>k__BackingField = dataReader.GetBoolean(10);
                                    instance.<ImageUrl>k__BackingField = dataReader.GetString(11);
                                    instance.<IsDeleted>k__BackingField = dataReader.GetBoolean(12);
                                    instance.<LastLogin>k__BackingField = dataReader.GetDateTime(13);
                                    instance.<Latitude>k__BackingField = dataReader.GetInt32(14);
                                    instance.<LockoutEnabled>k__BackingField = dataReader.GetBoolean(15);
                                    instance.<LockoutEnd>k__BackingField = dataReader.IsDBNull(16) ? default(DateTimeOffset?) : (DateTimeOffset?)dataReader.GetFieldValue<DateTimeOffset>(16);
                                    instance.<Longitude>k__BackingField = dataReader.GetInt32(17);
                                    instance.<LoyaltyPoints>k__BackingField = dataReader.GetInt32(18);
                                    instance.<NormalizedEmail>k__BackingField = dataReader.IsDBNull(19) ? default(string) : dataReader.GetString(19);
                                    instance.<NormalizedUserName>k__BackingField = dataReader.IsDBNull(20) ? default(string) : dataReader.GetString(20);
                                    instance.<PasswordHash>k__BackingField = dataReader.IsDBNull(21) ? default(string) : dataReader.GetString(21);
                                    instance.<PasswordResetToken>k__BackingField = dataReader.IsDBNull(22) ? default(string) : dataReader.GetString(22);
                                    instance.<PhoneNumber>k__BackingField = dataReader.IsDBNull(23) ? default(string) : dataReader.GetString(23);
                                    instance.<PhoneNumberConfirmed>k__BackingField = dataReader.GetBoolean(24);
                                    instance.<PromotionalOfferID>k__BackingField = dataReader.GetInt32(25);
                                    instance.<ResetTokenExpires>k__BackingField = dataReader.IsDBNull(26) ? default(DateTime?) : (DateTime?)dataReader.GetDateTime(26);
                                    instance.<SecurityStamp>k__BackingField = dataReader.IsDBNull(27) ? default(string) : dataReader.GetString(27);
                                    instance.<Street>k__BackingField = dataReader.IsDBNull(28) ? default(string) : dataReader.GetString(28);
                                    instance.<StylePortfolioID>k__BackingField = dataReader.IsDBNull(29) ? default(string) : dataReader.GetString(29);
                                    instance.<Town>k__BackingField = dataReader.IsDBNull(30) ? default(string) : dataReader.GetString(30);
                                    instance.<TwoFactorEnabled>k__BackingField = dataReader.GetBoolean(31);
                                    instance.<UserName>k__BackingField = dataReader.IsDBNull(32) ? default(string) : dataReader.GetString(32);
                                    (instance is IInjectableService) ? ((IInjectableService)instance).Injected(
                                        context: materializationContext1.Context, 
                                        entity: instance, 
                                        queryTrackingBehavior: TrackAll, 
                                        structuralType: [LIFTABLE Constant: EntityType: AppUser | Resolver: namelessParameter{2} => namelessParameter{2}.Dependencies.Model.FindEntityType("MiHairCareApp.Domain.Entities.AppUser")]) : default(void);
                                    return instance;
                                }}
                        default: 
                            default(AppUser)
                    }
                    ;
                    entry1 = entityType1 == default(IEntityType) ? default(InternalEntityEntry) : queryContext.StartTracking(
                        entityType: entityType1, 
                        entity: instance1, 
                        snapshot: shadowSnapshot1);
                    return instance1;
                } : default(void);
                return instance1;
            };
            return entity;
        }, 
        contextType: MiHairCareApp.Persistence.Context.StylistsDBContext, 
        standAloneStateManager: False, 
        detailedErrorsEnabled: False, 
        threadSafetyChecksEnabled: True), 
    cancellationToken: queryContext.CancellationToken)'
2025-09-04 17:04:56.0762|DEBUG|Microsoft.EntityFrameworkCore.Query|Compiling query expression: 
'DbSet<AppUser>()
    .SingleOrDefault(u => u.NormalizedEmail == __normalizedEmail_0)'
2025-09-04 17:04:56.0762|DEBUG|Microsoft.EntityFrameworkCore.Query|Generated query execution expression: 
'queryContext => ShapedQueryCompilingExpressionVisitor.SingleOrDefaultAsync<AppUser>(
    asyncEnumerable: SingleQueryingEnumerable.Create<AppUser>(
        relationalQueryContext: (RelationalQueryContext)queryContext, 
        relationalCommandResolver: parameters => [LIFTABLE Constant: RelationalCommandCache.QueryExpression(
            Projection Mapping:
                EmptyProjectionMember -> Dictionary<IProperty, int> { [Property: AppUser.Id (string) Required PK AfterSave:Throw, 0], [Property: AppUser.AccessFailedCount (int) Required, 1], [Property: AppUser.Address (string) Required, 2], [Property: AppUser.BookingID (int) Required, 3], [Property: AppUser.CompanyName (string), 4], [Property: AppUser.ConcurrencyStamp (string) Concurrency, 5], [Property: AppUser.CreatedAt (DateTime) Required, 6], [Property: AppUser.Email (string) MaxLength(256), 7], [Property: AppUser.EmailConfirmed (bool) Required, 8], [Property: AppUser.FirstName (string) Required, 9], [Property: AppUser.HomeService (bool) Required, 10], [Property: AppUser.ImageUrl (string) Required, 11], [Property: AppUser.IsDeleted (bool) Required, 12], [Property: AppUser.LastLogin (DateTime) Required, 13], [Property: AppUser.Latitude (int) Required, 14], [Property: AppUser.LockoutEnabled (bool) Required, 15], [Property: AppUser.LockoutEnd (DateTimeOffset?), 16], [Property: AppUser.Longitude (int) Required, 17], [Property: AppUser.LoyaltyPoints (int) Required, 18], [Property: AppUser.NormalizedEmail (string) Index MaxLength(256), 19], [Property: AppUser.NormalizedUserName (string) Index MaxLength(256), 20], [Property: AppUser.PasswordHash (string), 21], [Property: AppUser.PasswordResetToken (string), 22], [Property: AppUser.PhoneNumber (string), 23], [Property: AppUser.PhoneNumberConfirmed (bool) Required, 24], [Property: AppUser.PromotionalOfferID (int) Required, 25], [Property: AppUser.ResetTokenExpires (DateTime?), 26], [Property: AppUser.SecurityStamp (string), 27], [Property: AppUser.Street (string), 28], [Property: AppUser.StylePortfolioID (string), 29], [Property: AppUser.Town (string), 30], [Property: AppUser.TwoFactorEnabled (bool) Required, 31], [Property: AppUser.UserName (string) MaxLength(256), 32] }
            SELECT TOP(2) a.Id, a.AccessFailedCount, a.Address, a.BookingID, a.CompanyName, a.ConcurrencyStamp, a.CreatedAt, a.Email, a.EmailConfirmed, a.FirstName, a.HomeService, a.ImageUrl, a.IsDeleted, a.LastLogin, a.Latitude, a.LockoutEnabled, a.LockoutEnd, a.Longitude, a.LoyaltyPoints, a.NormalizedEmail, a.NormalizedUserName, a.PasswordHash, a.PasswordResetToken, a.PhoneNumber, a.PhoneNumberConfirmed, a.PromotionalOfferID, a.ResetTokenExpires, a.SecurityStamp, a.Street, a.StylePortfolioID, a.Town, a.TwoFactorEnabled, a.UserName
            FROM AspNetUsers AS a
            WHERE a.NormalizedEmail == @__normalizedEmail_0) | Resolver: c => new RelationalCommandCache(
            c.Dependencies.MemoryCache, 
            c.RelationalDependencies.QuerySqlGeneratorFactory, 
            c.RelationalDependencies.RelationalParameterBasedSqlProcessorFactory, 
            Projection Mapping:
                EmptyProjectionMember -> Dictionary<IProperty, int> { [Property: AppUser.Id (string) Required PK AfterSave:Throw, 0], [Property: AppUser.AccessFailedCount (int) Required, 1], [Property: AppUser.Address (string) Required, 2], [Property: AppUser.BookingID (int) Required, 3], [Property: AppUser.CompanyName (string), 4], [Property: AppUser.ConcurrencyStamp (string) Concurrency, 5], [Property: AppUser.CreatedAt (DateTime) Required, 6], [Property: AppUser.Email (string) MaxLength(256), 7], [Property: AppUser.EmailConfirmed (bool) Required, 8], [Property: AppUser.FirstName (string) Required, 9], [Property: AppUser.HomeService (bool) Required, 10], [Property: AppUser.ImageUrl (string) Required, 11], [Property: AppUser.IsDeleted (bool) Required, 12], [Property: AppUser.LastLogin (DateTime) Required, 13], [Property: AppUser.Latitude (int) Required, 14], [Property: AppUser.LockoutEnabled (bool) Required, 15], [Property: AppUser.LockoutEnd (DateTimeOffset?), 16], [Property: AppUser.Longitude (int) Required, 17], [Property: AppUser.LoyaltyPoints (int) Required, 18], [Property: AppUser.NormalizedEmail (string) Index MaxLength(256), 19], [Property: AppUser.NormalizedUserName (string) Index MaxLength(256), 20], [Property: AppUser.PasswordHash (string), 21], [Property: AppUser.PasswordResetToken (string), 22], [Property: AppUser.PhoneNumber (string), 23], [Property: AppUser.PhoneNumberConfirmed (bool) Required, 24], [Property: AppUser.PromotionalOfferID (int) Required, 25], [Property: AppUser.ResetTokenExpires (DateTime?), 26], [Property: AppUser.SecurityStamp (string), 27], [Property: AppUser.Street (string), 28], [Property: AppUser.StylePortfolioID (string), 29], [Property: AppUser.Town (string), 30], [Property: AppUser.TwoFactorEnabled (bool) Required, 31], [Property: AppUser.UserName (string) MaxLength(256), 32] }
            SELECT TOP(2) a.Id, a.AccessFailedCount, a.Address, a.BookingID, a.CompanyName, a.ConcurrencyStamp, a.CreatedAt, a.Email, a.EmailConfirmed, a.FirstName, a.HomeService, a.ImageUrl, a.IsDeleted, a.LastLogin, a.Latitude, a.LockoutEnabled, a.LockoutEnd, a.Longitude, a.LoyaltyPoints, a.NormalizedEmail, a.NormalizedUserName, a.PasswordHash, a.PasswordResetToken, a.PhoneNumber, a.PhoneNumberConfirmed, a.PromotionalOfferID, a.ResetTokenExpires, a.SecurityStamp, a.Street, a.StylePortfolioID, a.Town, a.TwoFactorEnabled, a.UserName
            FROM AspNetUsers AS a
            WHERE a.NormalizedEmail == @__normalizedEmail_0, 
            False, 
            new HashSet<string>(
                new string[]{ }, 
                StringComparer.Ordinal
            )
        )].GetRelationalCommandTemplate(parameters), 
        readerColumns: null, 
        shaper: (queryContext, dataReader, resultContext, resultCoordinator) => 
        {
            AppUser entity;
            entity = 
            {
                MaterializationContext materializationContext1;
                IEntityType entityType1;
                AppUser instance1;
                InternalEntityEntry entry1;
                bool hasNullKey1;
                materializationContext1 = new MaterializationContext(
                    [LIFTABLE Constant: ValueBuffer | Resolver: _ => (object)ValueBuffer.Empty], 
                    queryContext.Context
                );
                instance1 = default(AppUser);
                entry1 = queryContext.TryGetEntry(
                    key: [LIFTABLE Constant: Key: AppUser.Id PK | Resolver: c => c.Dependencies.Model.FindEntityType("MiHairCareApp.Domain.Entities.AppUser").FindPrimaryKey()], 
                    keyValues: new object[]{ (object)dataReader.GetString(0) }, 
                    throwOnNullKey: True, 
                    hasNullKey: hasNullKey1);
                !(hasNullKey1) ? entry1 != default(InternalEntityEntry) ? 
                {
                    entityType1 = entry1.EntityType;
                    return instance1 = (AppUser)entry1.Entity;
                } : 
                {
                    ISnapshot shadowSnapshot1;
                    shadowSnapshot1 = [LIFTABLE Constant: Snapshot | Resolver: _ => Snapshot.Empty];
                    entityType1 = [LIFTABLE Constant: EntityType: AppUser | Resolver: namelessParameter{0} => namelessParameter{0}.Dependencies.Model.FindEntityType("MiHairCareApp.Domain.Entities.AppUser")];
                    instance1 = switch (entityType1)
                    {
                        case [LIFTABLE Constant: EntityType: AppUser | Resolver: namelessParameter{1} => namelessParameter{1}.Dependencies.Model.FindEntityType("MiHairCareApp.Domain.Entities.AppUser")]: 
                            {
                                return 
                                {
                                    AppUser instance;
                                    instance = new AppUser();
                                    instance.<Id>k__BackingField = dataReader.GetString(0);
                                    instance.<AccessFailedCount>k__BackingField = dataReader.GetInt32(1);
                                    instance.<Address>k__BackingField = dataReader.GetString(2);
                                    instance.<BookingID>k__BackingField = dataReader.GetInt32(3);
                                    instance.<CompanyName>k__BackingField = dataReader.IsDBNull(4) ? default(string) : dataReader.GetString(4);
                                    instance.<ConcurrencyStamp>k__BackingField = dataReader.IsDBNull(5) ? default(string) : dataReader.GetString(5);
                                    instance.<CreatedAt>k__BackingField = dataReader.GetDateTime(6);
                                    instance.<Email>k__BackingField = dataReader.IsDBNull(7) ? default(string) : dataReader.GetString(7);
                                    instance.<EmailConfirmed>k__BackingField = dataReader.GetBoolean(8);
                                    instance.<FirstName>k__BackingField = dataReader.GetString(9);
                                    instance.<HomeService>k__BackingField = dataReader.GetBoolean(10);
                                    instance.<ImageUrl>k__BackingField = dataReader.GetString(11);
                                    instance.<IsDeleted>k__BackingField = dataReader.GetBoolean(12);
                                    instance.<LastLogin>k__BackingField = dataReader.GetDateTime(13);
                                    instance.<Latitude>k__BackingField = dataReader.GetInt32(14);
                                    instance.<LockoutEnabled>k__BackingField = dataReader.GetBoolean(15);
                                    instance.<LockoutEnd>k__BackingField = dataReader.IsDBNull(16) ? default(DateTimeOffset?) : (DateTimeOffset?)dataReader.GetFieldValue<DateTimeOffset>(16);
                                    instance.<Longitude>k__BackingField = dataReader.GetInt32(17);
                                    instance.<LoyaltyPoints>k__BackingField = dataReader.GetInt32(18);
                                    instance.<NormalizedEmail>k__BackingField = dataReader.IsDBNull(19) ? default(string) : dataReader.GetString(19);
                                    instance.<NormalizedUserName>k__BackingField = dataReader.IsDBNull(20) ? default(string) : dataReader.GetString(20);
                                    instance.<PasswordHash>k__BackingField = dataReader.IsDBNull(21) ? default(string) : dataReader.GetString(21);
                                    instance.<PasswordResetToken>k__BackingField = dataReader.IsDBNull(22) ? default(string) : dataReader.GetString(22);
                                    instance.<PhoneNumber>k__BackingField = dataReader.IsDBNull(23) ? default(string) : dataReader.GetString(23);
                                    instance.<PhoneNumberConfirmed>k__BackingField = dataReader.GetBoolean(24);
                                    instance.<PromotionalOfferID>k__BackingField = dataReader.GetInt32(25);
                                    instance.<ResetTokenExpires>k__BackingField = dataReader.IsDBNull(26) ? default(DateTime?) : (DateTime?)dataReader.GetDateTime(26);
                                    instance.<SecurityStamp>k__BackingField = dataReader.IsDBNull(27) ? default(string) : dataReader.GetString(27);
                                    instance.<Street>k__BackingField = dataReader.IsDBNull(28) ? default(string) : dataReader.GetString(28);
                                    instance.<StylePortfolioID>k__BackingField = dataReader.IsDBNull(29) ? default(string) : dataReader.GetString(29);
                                    instance.<Town>k__BackingField = dataReader.IsDBNull(30) ? default(string) : dataReader.GetString(30);
                                    instance.<TwoFactorEnabled>k__BackingField = dataReader.GetBoolean(31);
                                    instance.<UserName>k__BackingField = dataReader.IsDBNull(32) ? default(string) : dataReader.GetString(32);
                                    (instance is IInjectableService) ? ((IInjectableService)instance).Injected(
                                        context: materializationContext1.Context, 
                                        entity: instance, 
                                        queryTrackingBehavior: TrackAll, 
                                        structuralType: [LIFTABLE Constant: EntityType: AppUser | Resolver: namelessParameter{2} => namelessParameter{2}.Dependencies.Model.FindEntityType("MiHairCareApp.Domain.Entities.AppUser")]) : default(void);
                                    return instance;
                                }}
                        default: 
                            default(AppUser)
                    }
                    ;
                    entry1 = entityType1 == default(IEntityType) ? default(InternalEntityEntry) : queryContext.StartTracking(
                        entityType: entityType1, 
                        entity: instance1, 
                        snapshot: shadowSnapshot1);
                    return instance1;
                } : default(void);
                return instance1;
            };
            return entity;
        }, 
        contextType: MiHairCareApp.Persistence.Context.StylistsDBContext, 
        standAloneStateManager: False, 
        detailedErrorsEnabled: False, 
        threadSafetyChecksEnabled: True), 
    cancellationToken: queryContext.CancellationToken)'
2025-09-04 17:04:56.1379|DEBUG|Microsoft.EntityFrameworkCore.Query|Compiling query expression: 
'DbSet<AppUser>()
    .Where(x => x.PhoneNumber == __createStylistsDto_PhoneNumber_0)'
2025-09-04 17:04:56.1379|DEBUG|Microsoft.EntityFrameworkCore.Query|Generated query execution expression: 
'queryContext => SingleQueryingEnumerable.Create<AppUser>(
    relationalQueryContext: (RelationalQueryContext)queryContext, 
    relationalCommandResolver: parameters => [LIFTABLE Constant: RelationalCommandCache.QueryExpression(
        Projection Mapping:
            EmptyProjectionMember -> Dictionary<IProperty, int> { [Property: AppUser.Id (string) Required PK AfterSave:Throw, 0], [Property: AppUser.AccessFailedCount (int) Required, 1], [Property: AppUser.Address (string) Required, 2], [Property: AppUser.BookingID (int) Required, 3], [Property: AppUser.CompanyName (string), 4], [Property: AppUser.ConcurrencyStamp (string) Concurrency, 5], [Property: AppUser.CreatedAt (DateTime) Required, 6], [Property: AppUser.Email (string) MaxLength(256), 7], [Property: AppUser.EmailConfirmed (bool) Required, 8], [Property: AppUser.FirstName (string) Required, 9], [Property: AppUser.HomeService (bool) Required, 10], [Property: AppUser.ImageUrl (string) Required, 11], [Property: AppUser.IsDeleted (bool) Required, 12], [Property: AppUser.LastLogin (DateTime) Required, 13], [Property: AppUser.Latitude (int) Required, 14], [Property: AppUser.LockoutEnabled (bool) Required, 15], [Property: AppUser.LockoutEnd (DateTimeOffset?), 16], [Property: AppUser.Longitude (int) Required, 17], [Property: AppUser.LoyaltyPoints (int) Required, 18], [Property: AppUser.NormalizedEmail (string) Index MaxLength(256), 19], [Property: AppUser.NormalizedUserName (string) Index MaxLength(256), 20], [Property: AppUser.PasswordHash (string), 21], [Property: AppUser.PasswordResetToken (string), 22], [Property: AppUser.PhoneNumber (string), 23], [Property: AppUser.PhoneNumberConfirmed (bool) Required, 24], [Property: AppUser.PromotionalOfferID (int) Required, 25], [Property: AppUser.ResetTokenExpires (DateTime?), 26], [Property: AppUser.SecurityStamp (string), 27], [Property: AppUser.Street (string), 28], [Property: AppUser.StylePortfolioID (string), 29], [Property: AppUser.Town (string), 30], [Property: AppUser.TwoFactorEnabled (bool) Required, 31], [Property: AppUser.UserName (string) MaxLength(256), 32] }
        SELECT a.Id, a.AccessFailedCount, a.Address, a.BookingID, a.CompanyName, a.ConcurrencyStamp, a.CreatedAt, a.Email, a.EmailConfirmed, a.FirstName, a.HomeService, a.ImageUrl, a.IsDeleted, a.LastLogin, a.Latitude, a.LockoutEnabled, a.LockoutEnd, a.Longitude, a.LoyaltyPoints, a.NormalizedEmail, a.NormalizedUserName, a.PasswordHash, a.PasswordResetToken, a.PhoneNumber, a.PhoneNumberConfirmed, a.PromotionalOfferID, a.ResetTokenExpires, a.SecurityStamp, a.Street, a.StylePortfolioID, a.Town, a.TwoFactorEnabled, a.UserName
        FROM AspNetUsers AS a
        WHERE a.PhoneNumber == @__createStylistsDto_PhoneNumber_0) | Resolver: c => new RelationalCommandCache(
        c.Dependencies.MemoryCache, 
        c.RelationalDependencies.QuerySqlGeneratorFactory, 
        c.RelationalDependencies.RelationalParameterBasedSqlProcessorFactory, 
        Projection Mapping:
            EmptyProjectionMember -> Dictionary<IProperty, int> { [Property: AppUser.Id (string) Required PK AfterSave:Throw, 0], [Property: AppUser.AccessFailedCount (int) Required, 1], [Property: AppUser.Address (string) Required, 2], [Property: AppUser.BookingID (int) Required, 3], [Property: AppUser.CompanyName (string), 4], [Property: AppUser.ConcurrencyStamp (string) Concurrency, 5], [Property: AppUser.CreatedAt (DateTime) Required, 6], [Property: AppUser.Email (string) MaxLength(256), 7], [Property: AppUser.EmailConfirmed (bool) Required, 8], [Property: AppUser.FirstName (string) Required, 9], [Property: AppUser.HomeService (bool) Required, 10], [Property: AppUser.ImageUrl (string) Required, 11], [Property: AppUser.IsDeleted (bool) Required, 12], [Property: AppUser.LastLogin (DateTime) Required, 13], [Property: AppUser.Latitude (int) Required, 14], [Property: AppUser.LockoutEnabled (bool) Required, 15], [Property: AppUser.LockoutEnd (DateTimeOffset?), 16], [Property: AppUser.Longitude (int) Required, 17], [Property: AppUser.LoyaltyPoints (int) Required, 18], [Property: AppUser.NormalizedEmail (string) Index MaxLength(256), 19], [Property: AppUser.NormalizedUserName (string) Index MaxLength(256), 20], [Property: AppUser.PasswordHash (string), 21], [Property: AppUser.PasswordResetToken (string), 22], [Property: AppUser.PhoneNumber (string), 23], [Property: AppUser.PhoneNumberConfirmed (bool) Required, 24], [Property: AppUser.PromotionalOfferID (int) Required, 25], [Property: AppUser.ResetTokenExpires (DateTime?), 26], [Property: AppUser.SecurityStamp (string), 27], [Property: AppUser.Street (string), 28], [Property: AppUser.StylePortfolioID (string), 29], [Property: AppUser.Town (string), 30], [Property: AppUser.TwoFactorEnabled (bool) Required, 31], [Property: AppUser.UserName (string) MaxLength(256), 32] }
        SELECT a.Id, a.AccessFailedCount, a.Address, a.BookingID, a.CompanyName, a.ConcurrencyStamp, a.CreatedAt, a.Email, a.EmailConfirmed, a.FirstName, a.HomeService, a.ImageUrl, a.IsDeleted, a.LastLogin, a.Latitude, a.LockoutEnabled, a.LockoutEnd, a.Longitude, a.LoyaltyPoints, a.NormalizedEmail, a.NormalizedUserName, a.PasswordHash, a.PasswordResetToken, a.PhoneNumber, a.PhoneNumberConfirmed, a.PromotionalOfferID, a.ResetTokenExpires, a.SecurityStamp, a.Street, a.StylePortfolioID, a.Town, a.TwoFactorEnabled, a.UserName
        FROM AspNetUsers AS a
        WHERE a.PhoneNumber == @__createStylistsDto_PhoneNumber_0, 
        False, 
        new HashSet<string>(
            new string[]{ }, 
            StringComparer.Ordinal
        )
    )].GetRelationalCommandTemplate(parameters), 
    readerColumns: null, 
    shaper: (queryContext, dataReader, resultContext, resultCoordinator) => 
    {
        AppUser entity;
        entity = 
        {
            MaterializationContext materializationContext1;
            IEntityType entityType1;
            AppUser instance1;
            InternalEntityEntry entry1;
            bool hasNullKey1;
            materializationContext1 = new MaterializationContext(
                [LIFTABLE Constant: ValueBuffer | Resolver: _ => (object)ValueBuffer.Empty], 
                queryContext.Context
            );
            instance1 = default(AppUser);
            entry1 = queryContext.TryGetEntry(
                key: [LIFTABLE Constant: Key: AppUser.Id PK | Resolver: c => c.Dependencies.Model.FindEntityType("MiHairCareApp.Domain.Entities.AppUser").FindPrimaryKey()], 
                keyValues: new object[]{ (object)dataReader.GetString(0) }, 
                throwOnNullKey: True, 
                hasNullKey: hasNullKey1);
            !(hasNullKey1) ? entry1 != default(InternalEntityEntry) ? 
            {
                entityType1 = entry1.EntityType;
                return instance1 = (AppUser)entry1.Entity;
            } : 
            {
                ISnapshot shadowSnapshot1;
                shadowSnapshot1 = [LIFTABLE Constant: Snapshot | Resolver: _ => Snapshot.Empty];
                entityType1 = [LIFTABLE Constant: EntityType: AppUser | Resolver: namelessParameter{0} => namelessParameter{0}.Dependencies.Model.FindEntityType("MiHairCareApp.Domain.Entities.AppUser")];
                instance1 = switch (entityType1)
                {
                    case [LIFTABLE Constant: EntityType: AppUser | Resolver: namelessParameter{1} => namelessParameter{1}.Dependencies.Model.FindEntityType("MiHairCareApp.Domain.Entities.AppUser")]: 
                        {
                            return 
                            {
                                AppUser instance;
                                instance = new AppUser();
                                instance.<Id>k__BackingField = dataReader.GetString(0);
                                instance.<AccessFailedCount>k__BackingField = dataReader.GetInt32(1);
                                instance.<Address>k__BackingField = dataReader.GetString(2);
                                instance.<BookingID>k__BackingField = dataReader.GetInt32(3);
                                instance.<CompanyName>k__BackingField = dataReader.IsDBNull(4) ? default(string) : dataReader.GetString(4);
                                instance.<ConcurrencyStamp>k__BackingField = dataReader.IsDBNull(5) ? default(string) : dataReader.GetString(5);
                                instance.<CreatedAt>k__BackingField = dataReader.GetDateTime(6);
                                instance.<Email>k__BackingField = dataReader.IsDBNull(7) ? default(string) : dataReader.GetString(7);
                                instance.<EmailConfirmed>k__BackingField = dataReader.GetBoolean(8);
                                instance.<FirstName>k__BackingField = dataReader.GetString(9);
                                instance.<HomeService>k__BackingField = dataReader.GetBoolean(10);
                                instance.<ImageUrl>k__BackingField = dataReader.GetString(11);
                                instance.<IsDeleted>k__BackingField = dataReader.GetBoolean(12);
                                instance.<LastLogin>k__BackingField = dataReader.GetDateTime(13);
                                instance.<Latitude>k__BackingField = dataReader.GetInt32(14);
                                instance.<LockoutEnabled>k__BackingField = dataReader.GetBoolean(15);
                                instance.<LockoutEnd>k__BackingField = dataReader.IsDBNull(16) ? default(DateTimeOffset?) : (DateTimeOffset?)dataReader.GetFieldValue<DateTimeOffset>(16);
                                instance.<Longitude>k__BackingField = dataReader.GetInt32(17);
                                instance.<LoyaltyPoints>k__BackingField = dataReader.GetInt32(18);
                                instance.<NormalizedEmail>k__BackingField = dataReader.IsDBNull(19) ? default(string) : dataReader.GetString(19);
                                instance.<NormalizedUserName>k__BackingField = dataReader.IsDBNull(20) ? default(string) : dataReader.GetString(20);
                                instance.<PasswordHash>k__BackingField = dataReader.IsDBNull(21) ? default(string) : dataReader.GetString(21);
                                instance.<PasswordResetToken>k__BackingField = dataReader.IsDBNull(22) ? default(string) : dataReader.GetString(22);
                                instance.<PhoneNumber>k__BackingField = dataReader.IsDBNull(23) ? default(string) : dataReader.GetString(23);
                                instance.<PhoneNumberConfirmed>k__BackingField = dataReader.GetBoolean(24);
                                instance.<PromotionalOfferID>k__BackingField = dataReader.GetInt32(25);
                                instance.<ResetTokenExpires>k__BackingField = dataReader.IsDBNull(26) ? default(DateTime?) : (DateTime?)dataReader.GetDateTime(26);
                                instance.<SecurityStamp>k__BackingField = dataReader.IsDBNull(27) ? default(string) : dataReader.GetString(27);
                                instance.<Street>k__BackingField = dataReader.IsDBNull(28) ? default(string) : dataReader.GetString(28);
                                instance.<StylePortfolioID>k__BackingField = dataReader.IsDBNull(29) ? default(string) : dataReader.GetString(29);
                                instance.<Town>k__BackingField = dataReader.IsDBNull(30) ? default(string) : dataReader.GetString(30);
                                instance.<TwoFactorEnabled>k__BackingField = dataReader.GetBoolean(31);
                                instance.<UserName>k__BackingField = dataReader.IsDBNull(32) ? default(string) : dataReader.GetString(32);
                                (instance is IInjectableService) ? ((IInjectableService)instance).Injected(
                                    context: materializationContext1.Context, 
                                    entity: instance, 
                                    queryTrackingBehavior: TrackAll, 
                                    structuralType: [LIFTABLE Constant: EntityType: AppUser | Resolver: namelessParameter{2} => namelessParameter{2}.Dependencies.Model.FindEntityType("MiHairCareApp.Domain.Entities.AppUser")]) : default(void);
                                return instance;
                            }}
                    default: 
                        default(AppUser)
                }
                ;
                entry1 = entityType1 == default(IEntityType) ? default(InternalEntityEntry) : queryContext.StartTracking(
                    entityType: entityType1, 
                    entity: instance1, 
                    snapshot: shadowSnapshot1);
                return instance1;
            } : default(void);
            return instance1;
        };
        return entity;
    }, 
    contextType: MiHairCareApp.Persistence.Context.StylistsDBContext, 
    standAloneStateManager: False, 
    detailedErrorsEnabled: False, 
    threadSafetyChecksEnabled: True)'
