2024-06-13 00:09:25.9033|DEBUG|Microsoft.EntityFrameworkCore.Database.Command|Creating DbCommand for 'ExecuteReader'.
2024-06-13 00:09:25.9905|DEBUG|Microsoft.EntityFrameworkCore.Database.Command|Created DbCommand for 'ExecuteReader' (83ms).
2024-06-13 00:09:26.5199|DEBUG|Microsoft.EntityFrameworkCore.Database.Command|Executing DbCommand [Parameters=[@__normalizedName_0='?' (Size = 256)], CommandType='Text', CommandTimeout='30']
SELECT TOP(1) [a].[Id], [a].[ConcurrencyStamp], [a].[Name], [a].[NormalizedName]
FROM [AspNetRoles] AS [a]
WHERE [a].[NormalizedName] = @__normalizedName_0
2024-06-13 00:09:26.6316|INFO|Microsoft.EntityFrameworkCore.Database.Command|Executed DbCommand (120ms) [Parameters=[@__normalizedName_0='?' (Size = 256)], CommandType='Text', CommandTimeout='30']
SELECT TOP(1) [a].[Id], [a].[ConcurrencyStamp], [a].[Name], [a].[NormalizedName]
FROM [AspNetRoles] AS [a]
WHERE [a].[NormalizedName] = @__normalizedName_0
2024-06-13 00:09:26.7640|DEBUG|Microsoft.EntityFrameworkCore.Database.Command|A data reader was disposed.
2024-06-13 00:09:26.7877|DEBUG|Microsoft.EntityFrameworkCore.Database.Command|Creating DbCommand for 'ExecuteReader'.
2024-06-13 00:09:26.7877|DEBUG|Microsoft.EntityFrameworkCore.Database.Command|Created DbCommand for 'ExecuteReader' (0ms).
2024-06-13 00:09:26.7877|DEBUG|Microsoft.EntityFrameworkCore.Database.Command|Executing DbCommand [Parameters=[@__normalizedName_0='?' (Size = 256)], CommandType='Text', CommandTimeout='30']
SELECT TOP(1) [a].[Id], [a].[ConcurrencyStamp], [a].[Name], [a].[NormalizedName]
FROM [AspNetRoles] AS [a]
WHERE [a].[NormalizedName] = @__normalizedName_0
2024-06-13 00:09:26.7983|INFO|Microsoft.EntityFrameworkCore.Database.Command|Executed DbCommand (4ms) [Parameters=[@__normalizedName_0='?' (Size = 256)], CommandType='Text', CommandTimeout='30']
SELECT TOP(1) [a].[Id], [a].[ConcurrencyStamp], [a].[Name], [a].[NormalizedName]
FROM [AspNetRoles] AS [a]
WHERE [a].[NormalizedName] = @__normalizedName_0
2024-06-13 00:09:26.7983|DEBUG|Microsoft.EntityFrameworkCore.Database.Command|A data reader was disposed.
2024-06-13 00:09:26.8114|DEBUG|Microsoft.EntityFrameworkCore.Database.Command|Creating DbCommand for 'ExecuteReader'.
2024-06-13 00:09:26.8114|DEBUG|Microsoft.EntityFrameworkCore.Database.Command|Created DbCommand for 'ExecuteReader' (0ms).
2024-06-13 00:09:26.8114|DEBUG|Microsoft.EntityFrameworkCore.Database.Command|Executing DbCommand [Parameters=[@__normalizedUserName_0='?' (Size = 256)], CommandType='Text', CommandTimeout='30']
SELECT TOP(1) [a].[Id], [a].[AccessFailedCount], [a].[Address], [a].[BookingID], [a].[CompanyName], [a].[ConcurrencyStamp], [a].[CreatedAt], [a].[DistanceInKM], [a].[Email], [a].[EmailConfirmed], [a].[FirstName], [a].[HomeService], [a].[ImageUrl], [a].[IsDeleted], [a].[LastLogin], [a].[LockoutEnabled], [a].[LockoutEnd], [a].[LoyaltyPoints], [a].[NormalizedEmail], [a].[NormalizedUserName], [a].[Password], [a].[PasswordHash], [a].[PasswordResetToken], [a].[PhoneNumber], [a].[PhoneNumberConfirmed], [a].[PromotionalOfferID], [a].[ResetTokenExpires], [a].[SecurityStamp], [a].[Street], [a].[StylePortfolioID], [a].[Town], [a].[TwoFactorEnabled], [a].[UserName]
FROM [AspNetUsers] AS [a]
WHERE [a].[NormalizedUserName] = @__normalizedUserName_0
2024-06-13 00:09:26.8114|INFO|Microsoft.EntityFrameworkCore.Database.Command|Executed DbCommand (5ms) [Parameters=[@__normalizedUserName_0='?' (Size = 256)], CommandType='Text', CommandTimeout='30']
SELECT TOP(1) [a].[Id], [a].[AccessFailedCount], [a].[Address], [a].[BookingID], [a].[CompanyName], [a].[ConcurrencyStamp], [a].[CreatedAt], [a].[DistanceInKM], [a].[Email], [a].[EmailConfirmed], [a].[FirstName], [a].[HomeService], [a].[ImageUrl], [a].[IsDeleted], [a].[LastLogin], [a].[LockoutEnabled], [a].[LockoutEnd], [a].[LoyaltyPoints], [a].[NormalizedEmail], [a].[NormalizedUserName], [a].[Password], [a].[PasswordHash], [a].[PasswordResetToken], [a].[PhoneNumber], [a].[PhoneNumberConfirmed], [a].[PromotionalOfferID], [a].[ResetTokenExpires], [a].[SecurityStamp], [a].[Street], [a].[StylePortfolioID], [a].[Town], [a].[TwoFactorEnabled], [a].[UserName]
FROM [AspNetUsers] AS [a]
WHERE [a].[NormalizedUserName] = @__normalizedUserName_0
2024-06-13 00:09:26.9190|DEBUG|Microsoft.EntityFrameworkCore.Database.Command|A data reader was disposed.
2024-06-13 00:10:29.8811|DEBUG|Microsoft.EntityFrameworkCore.Database.Command|Creating DbCommand for 'ExecuteReader'.
2024-06-13 00:10:29.8811|DEBUG|Microsoft.EntityFrameworkCore.Database.Command|Created DbCommand for 'ExecuteReader' (0ms).
2024-06-13 00:10:29.8811|DEBUG|Microsoft.EntityFrameworkCore.Database.Command|Executing DbCommand [Parameters=[@__normalizedEmail_0='?' (Size = 256)], CommandType='Text', CommandTimeout='30']
SELECT TOP(2) [a].[Id], [a].[AccessFailedCount], [a].[Address], [a].[BookingID], [a].[CompanyName], [a].[ConcurrencyStamp], [a].[CreatedAt], [a].[DistanceInKM], [a].[Email], [a].[EmailConfirmed], [a].[FirstName], [a].[HomeService], [a].[ImageUrl], [a].[IsDeleted], [a].[LastLogin], [a].[LockoutEnabled], [a].[LockoutEnd], [a].[LoyaltyPoints], [a].[NormalizedEmail], [a].[NormalizedUserName], [a].[Password], [a].[PasswordHash], [a].[PasswordResetToken], [a].[PhoneNumber], [a].[PhoneNumberConfirmed], [a].[PromotionalOfferID], [a].[ResetTokenExpires], [a].[SecurityStamp], [a].[Street], [a].[StylePortfolioID], [a].[Town], [a].[TwoFactorEnabled], [a].[UserName]
FROM [AspNetUsers] AS [a]
WHERE [a].[NormalizedEmail] = @__normalizedEmail_0
2024-06-13 00:10:29.9008|INFO|Microsoft.EntityFrameworkCore.Database.Command|Executed DbCommand (8ms) [Parameters=[@__normalizedEmail_0='?' (Size = 256)], CommandType='Text', CommandTimeout='30']
SELECT TOP(2) [a].[Id], [a].[AccessFailedCount], [a].[Address], [a].[BookingID], [a].[CompanyName], [a].[ConcurrencyStamp], [a].[CreatedAt], [a].[DistanceInKM], [a].[Email], [a].[EmailConfirmed], [a].[FirstName], [a].[HomeService], [a].[ImageUrl], [a].[IsDeleted], [a].[LastLogin], [a].[LockoutEnabled], [a].[LockoutEnd], [a].[LoyaltyPoints], [a].[NormalizedEmail], [a].[NormalizedUserName], [a].[Password], [a].[PasswordHash], [a].[PasswordResetToken], [a].[PhoneNumber], [a].[PhoneNumberConfirmed], [a].[PromotionalOfferID], [a].[ResetTokenExpires], [a].[SecurityStamp], [a].[Street], [a].[StylePortfolioID], [a].[Town], [a].[TwoFactorEnabled], [a].[UserName]
FROM [AspNetUsers] AS [a]
WHERE [a].[NormalizedEmail] = @__normalizedEmail_0
2024-06-13 00:10:29.9008|DEBUG|Microsoft.EntityFrameworkCore.Database.Command|A data reader was disposed.
2024-06-13 00:10:30.1240|DEBUG|Microsoft.EntityFrameworkCore.Database.Command|Creating DbCommand for 'ExecuteReader'.
2024-06-13 00:10:30.1240|DEBUG|Microsoft.EntityFrameworkCore.Database.Command|Created DbCommand for 'ExecuteReader' (0ms).
2024-06-13 00:10:30.1240|DEBUG|Microsoft.EntityFrameworkCore.Database.Command|Executing DbCommand [Parameters=[@__userId_0='?' (Size = 450)], CommandType='Text', CommandTimeout='30']
SELECT [a0].[Name]
FROM [AspNetUserRoles] AS [a]
INNER JOIN [AspNetRoles] AS [a0] ON [a].[RoleId] = [a0].[Id]
WHERE [a].[UserId] = @__userId_0
2024-06-13 00:10:30.1382|INFO|Microsoft.EntityFrameworkCore.Database.Command|Executed DbCommand (9ms) [Parameters=[@__userId_0='?' (Size = 450)], CommandType='Text', CommandTimeout='30']
SELECT [a0].[Name]
FROM [AspNetUserRoles] AS [a]
INNER JOIN [AspNetRoles] AS [a0] ON [a].[RoleId] = [a0].[Id]
WHERE [a].[UserId] = @__userId_0
2024-06-13 00:10:30.1426|DEBUG|Microsoft.EntityFrameworkCore.Database.Command|A data reader was disposed.
2024-06-13 00:10:30.4439|DEBUG|Microsoft.EntityFrameworkCore.Database.Command|Creating DbCommand for 'ExecuteReader'.
2024-06-13 00:10:30.4439|DEBUG|Microsoft.EntityFrameworkCore.Database.Command|Created DbCommand for 'ExecuteReader' (0ms).
2024-06-13 00:10:30.4500|DEBUG|Microsoft.EntityFrameworkCore.Database.Command|Executing DbCommand [Parameters=[@p32='?' (Size = 450), @p0='?' (DbType = Int32), @p1='?' (Size = 4000), @p2='?' (DbType = Int32), @p3='?' (Size = 4000), @p4='?' (Size = 4000), @p33='?' (Size = 4000), @p5='?' (DbType = DateTime2), @p6='?' (DbType = Double), @p7='?' (Size = 256), @p8='?' (DbType = Boolean), @p9='?' (Size = 4000), @p10='?' (DbType = Boolean), @p11='?' (Size = 4000), @p12='?' (DbType = Boolean), @p13='?' (DbType = DateTime2), @p14='?' (DbType = Boolean), @p15='?' (DbType = DateTimeOffset), @p16='?' (DbType = Int32), @p17='?' (Size = 256), @p18='?' (Size = 256), @p19='?' (Size = 4000), @p20='?' (Size = 4000), @p21='?' (Size = 4000), @p22='?' (Size = 4000), @p23='?' (DbType = Boolean), @p24='?' (DbType = Int32), @p25='?' (DbType = DateTime2), @p26='?' (Size = 4000), @p27='?' (Size = 4000), @p28='?' (Size = 450), @p29='?' (Size = 4000), @p30='?' (DbType = Boolean), @p31='?' (Size = 256)], CommandType='Text', CommandTimeout='30']
SET NOCOUNT ON;
UPDATE [AspNetUsers] SET [AccessFailedCount] = @p0, [Address] = @p1, [BookingID] = @p2, [CompanyName] = @p3, [ConcurrencyStamp] = @p4, [CreatedAt] = @p5, [DistanceInKM] = @p6, [Email] = @p7, [EmailConfirmed] = @p8, [FirstName] = @p9, [HomeService] = @p10, [ImageUrl] = @p11, [IsDeleted] = @p12, [LastLogin] = @p13, [LockoutEnabled] = @p14, [LockoutEnd] = @p15, [LoyaltyPoints] = @p16, [NormalizedEmail] = @p17, [NormalizedUserName] = @p18, [Password] = @p19, [PasswordHash] = @p20, [PasswordResetToken] = @p21, [PhoneNumber] = @p22, [PhoneNumberConfirmed] = @p23, [PromotionalOfferID] = @p24, [ResetTokenExpires] = @p25, [SecurityStamp] = @p26, [Street] = @p27, [StylePortfolioID] = @p28, [Town] = @p29, [TwoFactorEnabled] = @p30, [UserName] = @p31
WHERE [Id] = @p32 AND [ConcurrencyStamp] = @p33;
SELECT @@ROWCOUNT;
2024-06-13 00:10:30.4500|INFO|Microsoft.EntityFrameworkCore.Database.Command|Executed DbCommand (19ms) [Parameters=[@p32='?' (Size = 450), @p0='?' (DbType = Int32), @p1='?' (Size = 4000), @p2='?' (DbType = Int32), @p3='?' (Size = 4000), @p4='?' (Size = 4000), @p33='?' (Size = 4000), @p5='?' (DbType = DateTime2), @p6='?' (DbType = Double), @p7='?' (Size = 256), @p8='?' (DbType = Boolean), @p9='?' (Size = 4000), @p10='?' (DbType = Boolean), @p11='?' (Size = 4000), @p12='?' (DbType = Boolean), @p13='?' (DbType = DateTime2), @p14='?' (DbType = Boolean), @p15='?' (DbType = DateTimeOffset), @p16='?' (DbType = Int32), @p17='?' (Size = 256), @p18='?' (Size = 256), @p19='?' (Size = 4000), @p20='?' (Size = 4000), @p21='?' (Size = 4000), @p22='?' (Size = 4000), @p23='?' (DbType = Boolean), @p24='?' (DbType = Int32), @p25='?' (DbType = DateTime2), @p26='?' (Size = 4000), @p27='?' (Size = 4000), @p28='?' (Size = 450), @p29='?' (Size = 4000), @p30='?' (DbType = Boolean), @p31='?' (Size = 256)], CommandType='Text', CommandTimeout='30']
SET NOCOUNT ON;
UPDATE [AspNetUsers] SET [AccessFailedCount] = @p0, [Address] = @p1, [BookingID] = @p2, [CompanyName] = @p3, [ConcurrencyStamp] = @p4, [CreatedAt] = @p5, [DistanceInKM] = @p6, [Email] = @p7, [EmailConfirmed] = @p8, [FirstName] = @p9, [HomeService] = @p10, [ImageUrl] = @p11, [IsDeleted] = @p12, [LastLogin] = @p13, [LockoutEnabled] = @p14, [LockoutEnd] = @p15, [LoyaltyPoints] = @p16, [NormalizedEmail] = @p17, [NormalizedUserName] = @p18, [Password] = @p19, [PasswordHash] = @p20, [PasswordResetToken] = @p21, [PhoneNumber] = @p22, [PhoneNumberConfirmed] = @p23, [PromotionalOfferID] = @p24, [ResetTokenExpires] = @p25, [SecurityStamp] = @p26, [Street] = @p27, [StylePortfolioID] = @p28, [Town] = @p29, [TwoFactorEnabled] = @p30, [UserName] = @p31
WHERE [Id] = @p32 AND [ConcurrencyStamp] = @p33;
SELECT @@ROWCOUNT;
2024-06-13 00:10:30.4813|DEBUG|Microsoft.EntityFrameworkCore.Database.Command|A data reader was disposed.
2024-06-13 01:05:36.0921|DEBUG|Microsoft.EntityFrameworkCore.Database.Command|Creating DbCommand for 'ExecuteReader'.
2024-06-13 01:05:36.1511|DEBUG|Microsoft.EntityFrameworkCore.Database.Command|Created DbCommand for 'ExecuteReader' (56ms).
2024-06-13 01:05:36.5154|DEBUG|Microsoft.EntityFrameworkCore.Database.Command|Executing DbCommand [Parameters=[@__normalizedName_0='?' (Size = 256)], CommandType='Text', CommandTimeout='30']
SELECT TOP(1) [a].[Id], [a].[ConcurrencyStamp], [a].[Name], [a].[NormalizedName]
FROM [AspNetRoles] AS [a]
WHERE [a].[NormalizedName] = @__normalizedName_0
2024-06-13 01:05:36.6177|INFO|Microsoft.EntityFrameworkCore.Database.Command|Executed DbCommand (108ms) [Parameters=[@__normalizedName_0='?' (Size = 256)], CommandType='Text', CommandTimeout='30']
SELECT TOP(1) [a].[Id], [a].[ConcurrencyStamp], [a].[Name], [a].[NormalizedName]
FROM [AspNetRoles] AS [a]
WHERE [a].[NormalizedName] = @__normalizedName_0
2024-06-13 01:05:36.7577|DEBUG|Microsoft.EntityFrameworkCore.Database.Command|A data reader was disposed.
2024-06-13 01:05:36.7892|DEBUG|Microsoft.EntityFrameworkCore.Database.Command|Creating DbCommand for 'ExecuteReader'.
2024-06-13 01:05:36.7892|DEBUG|Microsoft.EntityFrameworkCore.Database.Command|Created DbCommand for 'ExecuteReader' (0ms).
2024-06-13 01:05:36.7892|DEBUG|Microsoft.EntityFrameworkCore.Database.Command|Executing DbCommand [Parameters=[@__normalizedName_0='?' (Size = 256)], CommandType='Text', CommandTimeout='30']
SELECT TOP(1) [a].[Id], [a].[ConcurrencyStamp], [a].[Name], [a].[NormalizedName]
FROM [AspNetRoles] AS [a]
WHERE [a].[NormalizedName] = @__normalizedName_0
2024-06-13 01:05:36.8017|INFO|Microsoft.EntityFrameworkCore.Database.Command|Executed DbCommand (10ms) [Parameters=[@__normalizedName_0='?' (Size = 256)], CommandType='Text', CommandTimeout='30']
SELECT TOP(1) [a].[Id], [a].[ConcurrencyStamp], [a].[Name], [a].[NormalizedName]
FROM [AspNetRoles] AS [a]
WHERE [a].[NormalizedName] = @__normalizedName_0
2024-06-13 01:05:36.8109|DEBUG|Microsoft.EntityFrameworkCore.Database.Command|A data reader was disposed.
2024-06-13 01:05:36.8109|DEBUG|Microsoft.EntityFrameworkCore.Database.Command|Creating DbCommand for 'ExecuteReader'.
2024-06-13 01:05:36.8109|DEBUG|Microsoft.EntityFrameworkCore.Database.Command|Created DbCommand for 'ExecuteReader' (0ms).
2024-06-13 01:05:36.8109|DEBUG|Microsoft.EntityFrameworkCore.Database.Command|Executing DbCommand [Parameters=[@__normalizedUserName_0='?' (Size = 256)], CommandType='Text', CommandTimeout='30']
SELECT TOP(1) [a].[Id], [a].[AccessFailedCount], [a].[Address], [a].[BookingID], [a].[CompanyName], [a].[ConcurrencyStamp], [a].[CreatedAt], [a].[DistanceInKM], [a].[Email], [a].[EmailConfirmed], [a].[FirstName], [a].[HomeService], [a].[ImageUrl], [a].[IsDeleted], [a].[LastLogin], [a].[LockoutEnabled], [a].[LockoutEnd], [a].[LoyaltyPoints], [a].[NormalizedEmail], [a].[NormalizedUserName], [a].[Password], [a].[PasswordHash], [a].[PasswordResetToken], [a].[PhoneNumber], [a].[PhoneNumberConfirmed], [a].[PromotionalOfferID], [a].[ResetTokenExpires], [a].[SecurityStamp], [a].[Street], [a].[StylePortfolioID], [a].[Town], [a].[TwoFactorEnabled], [a].[UserName]
FROM [AspNetUsers] AS [a]
WHERE [a].[NormalizedUserName] = @__normalizedUserName_0
2024-06-13 01:05:36.8317|INFO|Microsoft.EntityFrameworkCore.Database.Command|Executed DbCommand (5ms) [Parameters=[@__normalizedUserName_0='?' (Size = 256)], CommandType='Text', CommandTimeout='30']
SELECT TOP(1) [a].[Id], [a].[AccessFailedCount], [a].[Address], [a].[BookingID], [a].[CompanyName], [a].[ConcurrencyStamp], [a].[CreatedAt], [a].[DistanceInKM], [a].[Email], [a].[EmailConfirmed], [a].[FirstName], [a].[HomeService], [a].[ImageUrl], [a].[IsDeleted], [a].[LastLogin], [a].[LockoutEnabled], [a].[LockoutEnd], [a].[LoyaltyPoints], [a].[NormalizedEmail], [a].[NormalizedUserName], [a].[Password], [a].[PasswordHash], [a].[PasswordResetToken], [a].[PhoneNumber], [a].[PhoneNumberConfirmed], [a].[PromotionalOfferID], [a].[ResetTokenExpires], [a].[SecurityStamp], [a].[Street], [a].[StylePortfolioID], [a].[Town], [a].[TwoFactorEnabled], [a].[UserName]
FROM [AspNetUsers] AS [a]
WHERE [a].[NormalizedUserName] = @__normalizedUserName_0
2024-06-13 01:05:36.9362|DEBUG|Microsoft.EntityFrameworkCore.Database.Command|A data reader was disposed.
2024-06-13 01:08:18.2558|DEBUG|Microsoft.EntityFrameworkCore.Database.Command|Creating DbCommand for 'ExecuteReader'.
2024-06-13 01:08:18.2558|DEBUG|Microsoft.EntityFrameworkCore.Database.Command|Created DbCommand for 'ExecuteReader' (3ms).
2024-06-13 01:08:18.2651|DEBUG|Microsoft.EntityFrameworkCore.Database.Command|Executing DbCommand [Parameters=[@__p_0='?' (Size = 450)], CommandType='Text', CommandTimeout='30']
SELECT TOP(1) [a].[Id], [a].[AccessFailedCount], [a].[Address], [a].[BookingID], [a].[CompanyName], [a].[ConcurrencyStamp], [a].[CreatedAt], [a].[DistanceInKM], [a].[Email], [a].[EmailConfirmed], [a].[FirstName], [a].[HomeService], [a].[ImageUrl], [a].[IsDeleted], [a].[LastLogin], [a].[LockoutEnabled], [a].[LockoutEnd], [a].[LoyaltyPoints], [a].[NormalizedEmail], [a].[NormalizedUserName], [a].[Password], [a].[PasswordHash], [a].[PasswordResetToken], [a].[PhoneNumber], [a].[PhoneNumberConfirmed], [a].[PromotionalOfferID], [a].[ResetTokenExpires], [a].[SecurityStamp], [a].[Street], [a].[StylePortfolioID], [a].[Town], [a].[TwoFactorEnabled], [a].[UserName]
FROM [AspNetUsers] AS [a]
WHERE [a].[Id] = @__p_0
2024-06-13 01:08:18.2651|INFO|Microsoft.EntityFrameworkCore.Database.Command|Executed DbCommand (6ms) [Parameters=[@__p_0='?' (Size = 450)], CommandType='Text', CommandTimeout='30']
SELECT TOP(1) [a].[Id], [a].[AccessFailedCount], [a].[Address], [a].[BookingID], [a].[CompanyName], [a].[ConcurrencyStamp], [a].[CreatedAt], [a].[DistanceInKM], [a].[Email], [a].[EmailConfirmed], [a].[FirstName], [a].[HomeService], [a].[ImageUrl], [a].[IsDeleted], [a].[LastLogin], [a].[LockoutEnabled], [a].[LockoutEnd], [a].[LoyaltyPoints], [a].[NormalizedEmail], [a].[NormalizedUserName], [a].[Password], [a].[PasswordHash], [a].[PasswordResetToken], [a].[PhoneNumber], [a].[PhoneNumberConfirmed], [a].[PromotionalOfferID], [a].[ResetTokenExpires], [a].[SecurityStamp], [a].[Street], [a].[StylePortfolioID], [a].[Town], [a].[TwoFactorEnabled], [a].[UserName]
FROM [AspNetUsers] AS [a]
WHERE [a].[Id] = @__p_0
2024-06-13 01:08:18.2651|DEBUG|Microsoft.EntityFrameworkCore.Database.Command|A data reader was disposed.
2024-06-13 01:18:00.6926|DEBUG|Microsoft.EntityFrameworkCore.Database.Command|Creating DbCommand for 'ExecuteReader'.
2024-06-13 01:18:00.7525|DEBUG|Microsoft.EntityFrameworkCore.Database.Command|Created DbCommand for 'ExecuteReader' (56ms).
2024-06-13 01:18:01.1026|DEBUG|Microsoft.EntityFrameworkCore.Database.Command|Executing DbCommand [Parameters=[@__normalizedName_0='?' (Size = 256)], CommandType='Text', CommandTimeout='30']
SELECT TOP(1) [a].[Id], [a].[ConcurrencyStamp], [a].[Name], [a].[NormalizedName]
FROM [AspNetRoles] AS [a]
WHERE [a].[NormalizedName] = @__normalizedName_0
2024-06-13 01:18:01.1946|INFO|Microsoft.EntityFrameworkCore.Database.Command|Executed DbCommand (97ms) [Parameters=[@__normalizedName_0='?' (Size = 256)], CommandType='Text', CommandTimeout='30']
SELECT TOP(1) [a].[Id], [a].[ConcurrencyStamp], [a].[Name], [a].[NormalizedName]
FROM [AspNetRoles] AS [a]
WHERE [a].[NormalizedName] = @__normalizedName_0
2024-06-13 01:18:01.2908|DEBUG|Microsoft.EntityFrameworkCore.Database.Command|A data reader was disposed.
2024-06-13 01:18:01.3091|DEBUG|Microsoft.EntityFrameworkCore.Database.Command|Creating DbCommand for 'ExecuteReader'.
2024-06-13 01:18:01.3091|DEBUG|Microsoft.EntityFrameworkCore.Database.Command|Created DbCommand for 'ExecuteReader' (0ms).
2024-06-13 01:18:01.3091|DEBUG|Microsoft.EntityFrameworkCore.Database.Command|Executing DbCommand [Parameters=[@__normalizedName_0='?' (Size = 256)], CommandType='Text', CommandTimeout='30']
SELECT TOP(1) [a].[Id], [a].[ConcurrencyStamp], [a].[Name], [a].[NormalizedName]
FROM [AspNetRoles] AS [a]
WHERE [a].[NormalizedName] = @__normalizedName_0
2024-06-13 01:18:01.3091|INFO|Microsoft.EntityFrameworkCore.Database.Command|Executed DbCommand (5ms) [Parameters=[@__normalizedName_0='?' (Size = 256)], CommandType='Text', CommandTimeout='30']
SELECT TOP(1) [a].[Id], [a].[ConcurrencyStamp], [a].[Name], [a].[NormalizedName]
FROM [AspNetRoles] AS [a]
WHERE [a].[NormalizedName] = @__normalizedName_0
2024-06-13 01:18:01.3263|DEBUG|Microsoft.EntityFrameworkCore.Database.Command|A data reader was disposed.
2024-06-13 01:18:01.3407|DEBUG|Microsoft.EntityFrameworkCore.Database.Command|Creating DbCommand for 'ExecuteReader'.
2024-06-13 01:18:01.3407|DEBUG|Microsoft.EntityFrameworkCore.Database.Command|Created DbCommand for 'ExecuteReader' (0ms).
2024-06-13 01:18:01.3407|DEBUG|Microsoft.EntityFrameworkCore.Database.Command|Executing DbCommand [Parameters=[@__normalizedUserName_0='?' (Size = 256)], CommandType='Text', CommandTimeout='30']
SELECT TOP(1) [a].[Id], [a].[AccessFailedCount], [a].[Address], [a].[BookingID], [a].[CompanyName], [a].[ConcurrencyStamp], [a].[CreatedAt], [a].[DistanceInKM], [a].[Email], [a].[EmailConfirmed], [a].[FirstName], [a].[HomeService], [a].[ImageUrl], [a].[IsDeleted], [a].[LastLogin], [a].[LockoutEnabled], [a].[LockoutEnd], [a].[LoyaltyPoints], [a].[NormalizedEmail], [a].[NormalizedUserName], [a].[Password], [a].[PasswordHash], [a].[PasswordResetToken], [a].[PhoneNumber], [a].[PhoneNumberConfirmed], [a].[PromotionalOfferID], [a].[ResetTokenExpires], [a].[SecurityStamp], [a].[Street], [a].[StylePortfolioID], [a].[Town], [a].[TwoFactorEnabled], [a].[UserName]
FROM [AspNetUsers] AS [a]
WHERE [a].[NormalizedUserName] = @__normalizedUserName_0
2024-06-13 01:18:01.3407|INFO|Microsoft.EntityFrameworkCore.Database.Command|Executed DbCommand (5ms) [Parameters=[@__normalizedUserName_0='?' (Size = 256)], CommandType='Text', CommandTimeout='30']
SELECT TOP(1) [a].[Id], [a].[AccessFailedCount], [a].[Address], [a].[BookingID], [a].[CompanyName], [a].[ConcurrencyStamp], [a].[CreatedAt], [a].[DistanceInKM], [a].[Email], [a].[EmailConfirmed], [a].[FirstName], [a].[HomeService], [a].[ImageUrl], [a].[IsDeleted], [a].[LastLogin], [a].[LockoutEnabled], [a].[LockoutEnd], [a].[LoyaltyPoints], [a].[NormalizedEmail], [a].[NormalizedUserName], [a].[Password], [a].[PasswordHash], [a].[PasswordResetToken], [a].[PhoneNumber], [a].[PhoneNumberConfirmed], [a].[PromotionalOfferID], [a].[ResetTokenExpires], [a].[SecurityStamp], [a].[Street], [a].[StylePortfolioID], [a].[Town], [a].[TwoFactorEnabled], [a].[UserName]
FROM [AspNetUsers] AS [a]
WHERE [a].[NormalizedUserName] = @__normalizedUserName_0
2024-06-13 01:18:01.4389|DEBUG|Microsoft.EntityFrameworkCore.Database.Command|A data reader was disposed.
2024-06-13 01:18:52.7753|DEBUG|Microsoft.EntityFrameworkCore.Database.Command|Creating DbCommand for 'ExecuteReader'.
2024-06-13 01:18:52.7753|DEBUG|Microsoft.EntityFrameworkCore.Database.Command|Created DbCommand for 'ExecuteReader' (1ms).
2024-06-13 01:18:52.7795|DEBUG|Microsoft.EntityFrameworkCore.Database.Command|Executing DbCommand [Parameters=[@__p_0='?' (Size = 450)], CommandType='Text', CommandTimeout='30']
SELECT TOP(1) [a].[Id], [a].[AccessFailedCount], [a].[Address], [a].[BookingID], [a].[CompanyName], [a].[ConcurrencyStamp], [a].[CreatedAt], [a].[DistanceInKM], [a].[Email], [a].[EmailConfirmed], [a].[FirstName], [a].[HomeService], [a].[ImageUrl], [a].[IsDeleted], [a].[LastLogin], [a].[LockoutEnabled], [a].[LockoutEnd], [a].[LoyaltyPoints], [a].[NormalizedEmail], [a].[NormalizedUserName], [a].[Password], [a].[PasswordHash], [a].[PasswordResetToken], [a].[PhoneNumber], [a].[PhoneNumberConfirmed], [a].[PromotionalOfferID], [a].[ResetTokenExpires], [a].[SecurityStamp], [a].[Street], [a].[StylePortfolioID], [a].[Town], [a].[TwoFactorEnabled], [a].[UserName]
FROM [AspNetUsers] AS [a]
WHERE [a].[Id] = @__p_0
2024-06-13 01:18:52.7795|INFO|Microsoft.EntityFrameworkCore.Database.Command|Executed DbCommand (4ms) [Parameters=[@__p_0='?' (Size = 450)], CommandType='Text', CommandTimeout='30']
SELECT TOP(1) [a].[Id], [a].[AccessFailedCount], [a].[Address], [a].[BookingID], [a].[CompanyName], [a].[ConcurrencyStamp], [a].[CreatedAt], [a].[DistanceInKM], [a].[Email], [a].[EmailConfirmed], [a].[FirstName], [a].[HomeService], [a].[ImageUrl], [a].[IsDeleted], [a].[LastLogin], [a].[LockoutEnabled], [a].[LockoutEnd], [a].[LoyaltyPoints], [a].[NormalizedEmail], [a].[NormalizedUserName], [a].[Password], [a].[PasswordHash], [a].[PasswordResetToken], [a].[PhoneNumber], [a].[PhoneNumberConfirmed], [a].[PromotionalOfferID], [a].[ResetTokenExpires], [a].[SecurityStamp], [a].[Street], [a].[StylePortfolioID], [a].[Town], [a].[TwoFactorEnabled], [a].[UserName]
FROM [AspNetUsers] AS [a]
WHERE [a].[Id] = @__p_0
2024-06-13 01:18:52.7795|DEBUG|Microsoft.EntityFrameworkCore.Database.Command|A data reader was disposed.
2024-06-13 01:20:34.0909|DEBUG|Microsoft.EntityFrameworkCore.Database.Command|Creating DbCommand for 'ExecuteReader'.
2024-06-13 01:20:34.1483|DEBUG|Microsoft.EntityFrameworkCore.Database.Command|Created DbCommand for 'ExecuteReader' (54ms).
2024-06-13 01:20:34.5836|DEBUG|Microsoft.EntityFrameworkCore.Database.Command|Executing DbCommand [Parameters=[@__normalizedName_0='?' (Size = 256)], CommandType='Text', CommandTimeout='30']
SELECT TOP(1) [a].[Id], [a].[ConcurrencyStamp], [a].[Name], [a].[NormalizedName]
FROM [AspNetRoles] AS [a]
WHERE [a].[NormalizedName] = @__normalizedName_0
2024-06-13 01:20:34.6907|INFO|Microsoft.EntityFrameworkCore.Database.Command|Executed DbCommand (97ms) [Parameters=[@__normalizedName_0='?' (Size = 256)], CommandType='Text', CommandTimeout='30']
SELECT TOP(1) [a].[Id], [a].[ConcurrencyStamp], [a].[Name], [a].[NormalizedName]
FROM [AspNetRoles] AS [a]
WHERE [a].[NormalizedName] = @__normalizedName_0
2024-06-13 01:20:34.7809|DEBUG|Microsoft.EntityFrameworkCore.Database.Command|A data reader was disposed.
2024-06-13 01:20:34.7981|DEBUG|Microsoft.EntityFrameworkCore.Database.Command|Creating DbCommand for 'ExecuteReader'.
2024-06-13 01:20:34.7981|DEBUG|Microsoft.EntityFrameworkCore.Database.Command|Created DbCommand for 'ExecuteReader' (0ms).
2024-06-13 01:20:34.7981|DEBUG|Microsoft.EntityFrameworkCore.Database.Command|Executing DbCommand [Parameters=[@__normalizedName_0='?' (Size = 256)], CommandType='Text', CommandTimeout='30']
SELECT TOP(1) [a].[Id], [a].[ConcurrencyStamp], [a].[Name], [a].[NormalizedName]
FROM [AspNetRoles] AS [a]
WHERE [a].[NormalizedName] = @__normalizedName_0
2024-06-13 01:20:34.8109|INFO|Microsoft.EntityFrameworkCore.Database.Command|Executed DbCommand (6ms) [Parameters=[@__normalizedName_0='?' (Size = 256)], CommandType='Text', CommandTimeout='30']
SELECT TOP(1) [a].[Id], [a].[ConcurrencyStamp], [a].[Name], [a].[NormalizedName]
FROM [AspNetRoles] AS [a]
WHERE [a].[NormalizedName] = @__normalizedName_0
2024-06-13 01:20:34.8109|DEBUG|Microsoft.EntityFrameworkCore.Database.Command|A data reader was disposed.
2024-06-13 01:20:34.8261|DEBUG|Microsoft.EntityFrameworkCore.Database.Command|Creating DbCommand for 'ExecuteReader'.
2024-06-13 01:20:34.8261|DEBUG|Microsoft.EntityFrameworkCore.Database.Command|Created DbCommand for 'ExecuteReader' (0ms).
2024-06-13 01:20:34.8261|DEBUG|Microsoft.EntityFrameworkCore.Database.Command|Executing DbCommand [Parameters=[@__normalizedUserName_0='?' (Size = 256)], CommandType='Text', CommandTimeout='30']
SELECT TOP(1) [a].[Id], [a].[AccessFailedCount], [a].[Address], [a].[BookingID], [a].[CompanyName], [a].[ConcurrencyStamp], [a].[CreatedAt], [a].[DistanceInKM], [a].[Email], [a].[EmailConfirmed], [a].[FirstName], [a].[HomeService], [a].[ImageUrl], [a].[IsDeleted], [a].[LastLogin], [a].[LockoutEnabled], [a].[LockoutEnd], [a].[LoyaltyPoints], [a].[NormalizedEmail], [a].[NormalizedUserName], [a].[Password], [a].[PasswordHash], [a].[PasswordResetToken], [a].[PhoneNumber], [a].[PhoneNumberConfirmed], [a].[PromotionalOfferID], [a].[ResetTokenExpires], [a].[SecurityStamp], [a].[Street], [a].[StylePortfolioID], [a].[Town], [a].[TwoFactorEnabled], [a].[UserName]
FROM [AspNetUsers] AS [a]
WHERE [a].[NormalizedUserName] = @__normalizedUserName_0
2024-06-13 01:20:34.8261|INFO|Microsoft.EntityFrameworkCore.Database.Command|Executed DbCommand (4ms) [Parameters=[@__normalizedUserName_0='?' (Size = 256)], CommandType='Text', CommandTimeout='30']
SELECT TOP(1) [a].[Id], [a].[AccessFailedCount], [a].[Address], [a].[BookingID], [a].[CompanyName], [a].[ConcurrencyStamp], [a].[CreatedAt], [a].[DistanceInKM], [a].[Email], [a].[EmailConfirmed], [a].[FirstName], [a].[HomeService], [a].[ImageUrl], [a].[IsDeleted], [a].[LastLogin], [a].[LockoutEnabled], [a].[LockoutEnd], [a].[LoyaltyPoints], [a].[NormalizedEmail], [a].[NormalizedUserName], [a].[Password], [a].[PasswordHash], [a].[PasswordResetToken], [a].[PhoneNumber], [a].[PhoneNumberConfirmed], [a].[PromotionalOfferID], [a].[ResetTokenExpires], [a].[SecurityStamp], [a].[Street], [a].[StylePortfolioID], [a].[Town], [a].[TwoFactorEnabled], [a].[UserName]
FROM [AspNetUsers] AS [a]
WHERE [a].[NormalizedUserName] = @__normalizedUserName_0
2024-06-13 01:20:34.9384|DEBUG|Microsoft.EntityFrameworkCore.Database.Command|A data reader was disposed.
2024-06-13 01:20:55.1000|DEBUG|Microsoft.EntityFrameworkCore.Database.Command|Creating DbCommand for 'ExecuteReader'.
2024-06-13 01:20:55.1000|DEBUG|Microsoft.EntityFrameworkCore.Database.Command|Created DbCommand for 'ExecuteReader' (0ms).
2024-06-13 01:20:55.1000|DEBUG|Microsoft.EntityFrameworkCore.Database.Command|Executing DbCommand [Parameters=[@__p_0='?' (Size = 450)], CommandType='Text', CommandTimeout='30']
SELECT TOP(1) [a].[Id], [a].[AccessFailedCount], [a].[Address], [a].[BookingID], [a].[CompanyName], [a].[ConcurrencyStamp], [a].[CreatedAt], [a].[DistanceInKM], [a].[Email], [a].[EmailConfirmed], [a].[FirstName], [a].[HomeService], [a].[ImageUrl], [a].[IsDeleted], [a].[LastLogin], [a].[LockoutEnabled], [a].[LockoutEnd], [a].[LoyaltyPoints], [a].[NormalizedEmail], [a].[NormalizedUserName], [a].[Password], [a].[PasswordHash], [a].[PasswordResetToken], [a].[PhoneNumber], [a].[PhoneNumberConfirmed], [a].[PromotionalOfferID], [a].[ResetTokenExpires], [a].[SecurityStamp], [a].[Street], [a].[StylePortfolioID], [a].[Town], [a].[TwoFactorEnabled], [a].[UserName]
FROM [AspNetUsers] AS [a]
WHERE [a].[Id] = @__p_0
2024-06-13 01:20:55.1102|INFO|Microsoft.EntityFrameworkCore.Database.Command|Executed DbCommand (6ms) [Parameters=[@__p_0='?' (Size = 450)], CommandType='Text', CommandTimeout='30']
SELECT TOP(1) [a].[Id], [a].[AccessFailedCount], [a].[Address], [a].[BookingID], [a].[CompanyName], [a].[ConcurrencyStamp], [a].[CreatedAt], [a].[DistanceInKM], [a].[Email], [a].[EmailConfirmed], [a].[FirstName], [a].[HomeService], [a].[ImageUrl], [a].[IsDeleted], [a].[LastLogin], [a].[LockoutEnabled], [a].[LockoutEnd], [a].[LoyaltyPoints], [a].[NormalizedEmail], [a].[NormalizedUserName], [a].[Password], [a].[PasswordHash], [a].[PasswordResetToken], [a].[PhoneNumber], [a].[PhoneNumberConfirmed], [a].[PromotionalOfferID], [a].[ResetTokenExpires], [a].[SecurityStamp], [a].[Street], [a].[StylePortfolioID], [a].[Town], [a].[TwoFactorEnabled], [a].[UserName]
FROM [AspNetUsers] AS [a]
WHERE [a].[Id] = @__p_0
2024-06-13 01:20:55.1102|DEBUG|Microsoft.EntityFrameworkCore.Database.Command|A data reader was disposed.
2024-06-13 01:25:12.9193|DEBUG|Microsoft.EntityFrameworkCore.Database.Command|Creating DbCommand for 'ExecuteReader'.
2024-06-13 01:25:12.9796|DEBUG|Microsoft.EntityFrameworkCore.Database.Command|Created DbCommand for 'ExecuteReader' (56ms).
2024-06-13 01:25:13.3438|DEBUG|Microsoft.EntityFrameworkCore.Database.Command|Executing DbCommand [Parameters=[@__normalizedName_0='?' (Size = 256)], CommandType='Text', CommandTimeout='30']
SELECT TOP(1) [a].[Id], [a].[ConcurrencyStamp], [a].[Name], [a].[NormalizedName]
FROM [AspNetRoles] AS [a]
WHERE [a].[NormalizedName] = @__normalizedName_0
2024-06-13 01:25:13.4342|INFO|Microsoft.EntityFrameworkCore.Database.Command|Executed DbCommand (97ms) [Parameters=[@__normalizedName_0='?' (Size = 256)], CommandType='Text', CommandTimeout='30']
SELECT TOP(1) [a].[Id], [a].[ConcurrencyStamp], [a].[Name], [a].[NormalizedName]
FROM [AspNetRoles] AS [a]
WHERE [a].[NormalizedName] = @__normalizedName_0
2024-06-13 01:25:13.5982|DEBUG|Microsoft.EntityFrameworkCore.Database.Command|A data reader was disposed.
2024-06-13 01:25:13.6431|DEBUG|Microsoft.EntityFrameworkCore.Database.Command|Creating DbCommand for 'ExecuteReader'.
2024-06-13 01:25:13.6431|DEBUG|Microsoft.EntityFrameworkCore.Database.Command|Created DbCommand for 'ExecuteReader' (0ms).
2024-06-13 01:25:13.6431|DEBUG|Microsoft.EntityFrameworkCore.Database.Command|Executing DbCommand [Parameters=[@__normalizedName_0='?' (Size = 256)], CommandType='Text', CommandTimeout='30']
SELECT TOP(1) [a].[Id], [a].[ConcurrencyStamp], [a].[Name], [a].[NormalizedName]
FROM [AspNetRoles] AS [a]
WHERE [a].[NormalizedName] = @__normalizedName_0
2024-06-13 01:25:13.6563|INFO|Microsoft.EntityFrameworkCore.Database.Command|Executed DbCommand (5ms) [Parameters=[@__normalizedName_0='?' (Size = 256)], CommandType='Text', CommandTimeout='30']
SELECT TOP(1) [a].[Id], [a].[ConcurrencyStamp], [a].[Name], [a].[NormalizedName]
FROM [AspNetRoles] AS [a]
WHERE [a].[NormalizedName] = @__normalizedName_0
2024-06-13 01:25:13.6563|DEBUG|Microsoft.EntityFrameworkCore.Database.Command|A data reader was disposed.
2024-06-13 01:25:13.6715|DEBUG|Microsoft.EntityFrameworkCore.Database.Command|Creating DbCommand for 'ExecuteReader'.
2024-06-13 01:25:13.6715|DEBUG|Microsoft.EntityFrameworkCore.Database.Command|Created DbCommand for 'ExecuteReader' (0ms).
2024-06-13 01:25:13.6715|DEBUG|Microsoft.EntityFrameworkCore.Database.Command|Executing DbCommand [Parameters=[@__normalizedUserName_0='?' (Size = 256)], CommandType='Text', CommandTimeout='30']
SELECT TOP(1) [a].[Id], [a].[AccessFailedCount], [a].[Address], [a].[BookingID], [a].[CompanyName], [a].[ConcurrencyStamp], [a].[CreatedAt], [a].[DistanceInKM], [a].[Email], [a].[EmailConfirmed], [a].[FirstName], [a].[HomeService], [a].[ImageUrl], [a].[IsDeleted], [a].[LastLogin], [a].[LockoutEnabled], [a].[LockoutEnd], [a].[LoyaltyPoints], [a].[NormalizedEmail], [a].[NormalizedUserName], [a].[Password], [a].[PasswordHash], [a].[PasswordResetToken], [a].[PhoneNumber], [a].[PhoneNumberConfirmed], [a].[PromotionalOfferID], [a].[ResetTokenExpires], [a].[SecurityStamp], [a].[Street], [a].[StylePortfolioID], [a].[Town], [a].[TwoFactorEnabled], [a].[UserName]
FROM [AspNetUsers] AS [a]
WHERE [a].[NormalizedUserName] = @__normalizedUserName_0
2024-06-13 01:25:13.6715|INFO|Microsoft.EntityFrameworkCore.Database.Command|Executed DbCommand (5ms) [Parameters=[@__normalizedUserName_0='?' (Size = 256)], CommandType='Text', CommandTimeout='30']
SELECT TOP(1) [a].[Id], [a].[AccessFailedCount], [a].[Address], [a].[BookingID], [a].[CompanyName], [a].[ConcurrencyStamp], [a].[CreatedAt], [a].[DistanceInKM], [a].[Email], [a].[EmailConfirmed], [a].[FirstName], [a].[HomeService], [a].[ImageUrl], [a].[IsDeleted], [a].[LastLogin], [a].[LockoutEnabled], [a].[LockoutEnd], [a].[LoyaltyPoints], [a].[NormalizedEmail], [a].[NormalizedUserName], [a].[Password], [a].[PasswordHash], [a].[PasswordResetToken], [a].[PhoneNumber], [a].[PhoneNumberConfirmed], [a].[PromotionalOfferID], [a].[ResetTokenExpires], [a].[SecurityStamp], [a].[Street], [a].[StylePortfolioID], [a].[Town], [a].[TwoFactorEnabled], [a].[UserName]
FROM [AspNetUsers] AS [a]
WHERE [a].[NormalizedUserName] = @__normalizedUserName_0
2024-06-13 01:25:13.7778|DEBUG|Microsoft.EntityFrameworkCore.Database.Command|A data reader was disposed.
2024-06-13 01:26:21.2797|DEBUG|Microsoft.EntityFrameworkCore.Database.Command|Creating DbCommand for 'ExecuteReader'.
2024-06-13 01:26:21.3433|DEBUG|Microsoft.EntityFrameworkCore.Database.Command|Created DbCommand for 'ExecuteReader' (59ms).
2024-06-13 01:26:21.7179|DEBUG|Microsoft.EntityFrameworkCore.Database.Command|Executing DbCommand [Parameters=[@__normalizedName_0='?' (Size = 256)], CommandType='Text', CommandTimeout='30']
SELECT TOP(1) [a].[Id], [a].[ConcurrencyStamp], [a].[Name], [a].[NormalizedName]
FROM [AspNetRoles] AS [a]
WHERE [a].[NormalizedName] = @__normalizedName_0
2024-06-13 01:26:21.8101|INFO|Microsoft.EntityFrameworkCore.Database.Command|Executed DbCommand (99ms) [Parameters=[@__normalizedName_0='?' (Size = 256)], CommandType='Text', CommandTimeout='30']
SELECT TOP(1) [a].[Id], [a].[ConcurrencyStamp], [a].[Name], [a].[NormalizedName]
FROM [AspNetRoles] AS [a]
WHERE [a].[NormalizedName] = @__normalizedName_0
2024-06-13 01:26:21.8979|DEBUG|Microsoft.EntityFrameworkCore.Database.Command|A data reader was disposed.
2024-06-13 01:26:21.9052|DEBUG|Microsoft.EntityFrameworkCore.Database.Command|Creating DbCommand for 'ExecuteReader'.
2024-06-13 01:26:21.9052|DEBUG|Microsoft.EntityFrameworkCore.Database.Command|Created DbCommand for 'ExecuteReader' (0ms).
2024-06-13 01:26:21.9052|DEBUG|Microsoft.EntityFrameworkCore.Database.Command|Executing DbCommand [Parameters=[@__normalizedName_0='?' (Size = 256)], CommandType='Text', CommandTimeout='30']
SELECT TOP(1) [a].[Id], [a].[ConcurrencyStamp], [a].[Name], [a].[NormalizedName]
FROM [AspNetRoles] AS [a]
WHERE [a].[NormalizedName] = @__normalizedName_0
2024-06-13 01:26:21.9298|INFO|Microsoft.EntityFrameworkCore.Database.Command|Executed DbCommand (5ms) [Parameters=[@__normalizedName_0='?' (Size = 256)], CommandType='Text', CommandTimeout='30']
SELECT TOP(1) [a].[Id], [a].[ConcurrencyStamp], [a].[Name], [a].[NormalizedName]
FROM [AspNetRoles] AS [a]
WHERE [a].[NormalizedName] = @__normalizedName_0
2024-06-13 01:26:21.9390|DEBUG|Microsoft.EntityFrameworkCore.Database.Command|A data reader was disposed.
2024-06-13 01:26:21.9390|DEBUG|Microsoft.EntityFrameworkCore.Database.Command|Creating DbCommand for 'ExecuteReader'.
2024-06-13 01:26:21.9390|DEBUG|Microsoft.EntityFrameworkCore.Database.Command|Created DbCommand for 'ExecuteReader' (0ms).
2024-06-13 01:26:21.9390|DEBUG|Microsoft.EntityFrameworkCore.Database.Command|Executing DbCommand [Parameters=[@__normalizedUserName_0='?' (Size = 256)], CommandType='Text', CommandTimeout='30']
SELECT TOP(1) [a].[Id], [a].[AccessFailedCount], [a].[Address], [a].[BookingID], [a].[CompanyName], [a].[ConcurrencyStamp], [a].[CreatedAt], [a].[DistanceInKM], [a].[Email], [a].[EmailConfirmed], [a].[FirstName], [a].[HomeService], [a].[ImageUrl], [a].[IsDeleted], [a].[LastLogin], [a].[LockoutEnabled], [a].[LockoutEnd], [a].[LoyaltyPoints], [a].[NormalizedEmail], [a].[NormalizedUserName], [a].[Password], [a].[PasswordHash], [a].[PasswordResetToken], [a].[PhoneNumber], [a].[PhoneNumberConfirmed], [a].[PromotionalOfferID], [a].[ResetTokenExpires], [a].[SecurityStamp], [a].[Street], [a].[StylePortfolioID], [a].[Town], [a].[TwoFactorEnabled], [a].[UserName]
FROM [AspNetUsers] AS [a]
WHERE [a].[NormalizedUserName] = @__normalizedUserName_0
2024-06-13 01:26:21.9618|INFO|Microsoft.EntityFrameworkCore.Database.Command|Executed DbCommand (6ms) [Parameters=[@__normalizedUserName_0='?' (Size = 256)], CommandType='Text', CommandTimeout='30']
SELECT TOP(1) [a].[Id], [a].[AccessFailedCount], [a].[Address], [a].[BookingID], [a].[CompanyName], [a].[ConcurrencyStamp], [a].[CreatedAt], [a].[DistanceInKM], [a].[Email], [a].[EmailConfirmed], [a].[FirstName], [a].[HomeService], [a].[ImageUrl], [a].[IsDeleted], [a].[LastLogin], [a].[LockoutEnabled], [a].[LockoutEnd], [a].[LoyaltyPoints], [a].[NormalizedEmail], [a].[NormalizedUserName], [a].[Password], [a].[PasswordHash], [a].[PasswordResetToken], [a].[PhoneNumber], [a].[PhoneNumberConfirmed], [a].[PromotionalOfferID], [a].[ResetTokenExpires], [a].[SecurityStamp], [a].[Street], [a].[StylePortfolioID], [a].[Town], [a].[TwoFactorEnabled], [a].[UserName]
FROM [AspNetUsers] AS [a]
WHERE [a].[NormalizedUserName] = @__normalizedUserName_0
2024-06-13 01:26:22.0539|DEBUG|Microsoft.EntityFrameworkCore.Database.Command|A data reader was disposed.
2024-06-13 01:26:46.1847|DEBUG|Microsoft.EntityFrameworkCore.Database.Command|Creating DbCommand for 'ExecuteReader'.
2024-06-13 01:26:46.1847|DEBUG|Microsoft.EntityFrameworkCore.Database.Command|Created DbCommand for 'ExecuteReader' (1ms).
2024-06-13 01:26:46.1847|DEBUG|Microsoft.EntityFrameworkCore.Database.Command|Executing DbCommand [Parameters=[], CommandType='Text', CommandTimeout='30']
SELECT [a].[Id], [a].[AccessFailedCount], [a].[Address], [a].[BookingID], [a].[CompanyName], [a].[ConcurrencyStamp], [a].[CreatedAt], [a].[DistanceInKM], [a].[Email], [a].[EmailConfirmed], [a].[FirstName], [a].[HomeService], [a].[ImageUrl], [a].[IsDeleted], [a].[LastLogin], [a].[LockoutEnabled], [a].[LockoutEnd], [a].[LoyaltyPoints], [a].[NormalizedEmail], [a].[NormalizedUserName], [a].[Password], [a].[PasswordHash], [a].[PasswordResetToken], [a].[PhoneNumber], [a].[PhoneNumberConfirmed], [a].[PromotionalOfferID], [a].[ResetTokenExpires], [a].[SecurityStamp], [a].[Street], [a].[StylePortfolioID], [a].[Town], [a].[TwoFactorEnabled], [a].[UserName]
FROM [AspNetUsers] AS [a]
2024-06-13 01:26:46.1847|INFO|Microsoft.EntityFrameworkCore.Database.Command|Executed DbCommand (11ms) [Parameters=[], CommandType='Text', CommandTimeout='30']
SELECT [a].[Id], [a].[AccessFailedCount], [a].[Address], [a].[BookingID], [a].[CompanyName], [a].[ConcurrencyStamp], [a].[CreatedAt], [a].[DistanceInKM], [a].[Email], [a].[EmailConfirmed], [a].[FirstName], [a].[HomeService], [a].[ImageUrl], [a].[IsDeleted], [a].[LastLogin], [a].[LockoutEnabled], [a].[LockoutEnd], [a].[LoyaltyPoints], [a].[NormalizedEmail], [a].[NormalizedUserName], [a].[Password], [a].[PasswordHash], [a].[PasswordResetToken], [a].[PhoneNumber], [a].[PhoneNumberConfirmed], [a].[PromotionalOfferID], [a].[ResetTokenExpires], [a].[SecurityStamp], [a].[Street], [a].[StylePortfolioID], [a].[Town], [a].[TwoFactorEnabled], [a].[UserName]
FROM [AspNetUsers] AS [a]
2024-06-13 01:26:46.2034|DEBUG|Microsoft.EntityFrameworkCore.Database.Command|A data reader was disposed.
2024-06-13 02:24:53.5451|DEBUG|Microsoft.EntityFrameworkCore.Database.Command|Creating DbCommand for 'ExecuteReader'.
2024-06-13 02:24:53.6027|DEBUG|Microsoft.EntityFrameworkCore.Database.Command|Created DbCommand for 'ExecuteReader' (55ms).
2024-06-13 02:24:53.9665|DEBUG|Microsoft.EntityFrameworkCore.Database.Command|Executing DbCommand [Parameters=[@__normalizedName_0='?' (Size = 256)], CommandType='Text', CommandTimeout='30']
SELECT TOP(1) [a].[Id], [a].[ConcurrencyStamp], [a].[Name], [a].[NormalizedName]
FROM [AspNetRoles] AS [a]
WHERE [a].[NormalizedName] = @__normalizedName_0
2024-06-13 02:24:54.0543|INFO|Microsoft.EntityFrameworkCore.Database.Command|Executed DbCommand (97ms) [Parameters=[@__normalizedName_0='?' (Size = 256)], CommandType='Text', CommandTimeout='30']
SELECT TOP(1) [a].[Id], [a].[ConcurrencyStamp], [a].[Name], [a].[NormalizedName]
FROM [AspNetRoles] AS [a]
WHERE [a].[NormalizedName] = @__normalizedName_0
2024-06-13 02:24:54.1395|DEBUG|Microsoft.EntityFrameworkCore.Database.Command|A data reader was disposed.
2024-06-13 02:24:54.1620|DEBUG|Microsoft.EntityFrameworkCore.Database.Command|Creating DbCommand for 'ExecuteReader'.
2024-06-13 02:24:54.1620|DEBUG|Microsoft.EntityFrameworkCore.Database.Command|Created DbCommand for 'ExecuteReader' (0ms).
2024-06-13 02:24:54.1620|DEBUG|Microsoft.EntityFrameworkCore.Database.Command|Executing DbCommand [Parameters=[@__normalizedName_0='?' (Size = 256)], CommandType='Text', CommandTimeout='30']
SELECT TOP(1) [a].[Id], [a].[ConcurrencyStamp], [a].[Name], [a].[NormalizedName]
FROM [AspNetRoles] AS [a]
WHERE [a].[NormalizedName] = @__normalizedName_0
2024-06-13 02:24:54.1620|INFO|Microsoft.EntityFrameworkCore.Database.Command|Executed DbCommand (5ms) [Parameters=[@__normalizedName_0='?' (Size = 256)], CommandType='Text', CommandTimeout='30']
SELECT TOP(1) [a].[Id], [a].[ConcurrencyStamp], [a].[Name], [a].[NormalizedName]
FROM [AspNetRoles] AS [a]
WHERE [a].[NormalizedName] = @__normalizedName_0
2024-06-13 02:24:54.1702|DEBUG|Microsoft.EntityFrameworkCore.Database.Command|A data reader was disposed.
2024-06-13 02:24:54.1702|DEBUG|Microsoft.EntityFrameworkCore.Database.Command|Creating DbCommand for 'ExecuteReader'.
2024-06-13 02:24:54.1702|DEBUG|Microsoft.EntityFrameworkCore.Database.Command|Created DbCommand for 'ExecuteReader' (0ms).
2024-06-13 02:24:54.1702|DEBUG|Microsoft.EntityFrameworkCore.Database.Command|Executing DbCommand [Parameters=[@__normalizedUserName_0='?' (Size = 256)], CommandType='Text', CommandTimeout='30']
SELECT TOP(1) [a].[Id], [a].[AccessFailedCount], [a].[Address], [a].[BookingID], [a].[CompanyName], [a].[ConcurrencyStamp], [a].[CreatedAt], [a].[DistanceInKM], [a].[Email], [a].[EmailConfirmed], [a].[FirstName], [a].[HomeService], [a].[ImageUrl], [a].[IsDeleted], [a].[LastLogin], [a].[LockoutEnabled], [a].[LockoutEnd], [a].[LoyaltyPoints], [a].[NormalizedEmail], [a].[NormalizedUserName], [a].[Password], [a].[PasswordHash], [a].[PasswordResetToken], [a].[PhoneNumber], [a].[PhoneNumberConfirmed], [a].[PromotionalOfferID], [a].[ResetTokenExpires], [a].[SecurityStamp], [a].[Street], [a].[StylePortfolioID], [a].[Town], [a].[TwoFactorEnabled], [a].[UserName]
FROM [AspNetUsers] AS [a]
WHERE [a].[NormalizedUserName] = @__normalizedUserName_0
2024-06-13 02:24:54.1911|INFO|Microsoft.EntityFrameworkCore.Database.Command|Executed DbCommand (5ms) [Parameters=[@__normalizedUserName_0='?' (Size = 256)], CommandType='Text', CommandTimeout='30']
SELECT TOP(1) [a].[Id], [a].[AccessFailedCount], [a].[Address], [a].[BookingID], [a].[CompanyName], [a].[ConcurrencyStamp], [a].[CreatedAt], [a].[DistanceInKM], [a].[Email], [a].[EmailConfirmed], [a].[FirstName], [a].[HomeService], [a].[ImageUrl], [a].[IsDeleted], [a].[LastLogin], [a].[LockoutEnabled], [a].[LockoutEnd], [a].[LoyaltyPoints], [a].[NormalizedEmail], [a].[NormalizedUserName], [a].[Password], [a].[PasswordHash], [a].[PasswordResetToken], [a].[PhoneNumber], [a].[PhoneNumberConfirmed], [a].[PromotionalOfferID], [a].[ResetTokenExpires], [a].[SecurityStamp], [a].[Street], [a].[StylePortfolioID], [a].[Town], [a].[TwoFactorEnabled], [a].[UserName]
FROM [AspNetUsers] AS [a]
WHERE [a].[NormalizedUserName] = @__normalizedUserName_0
2024-06-13 02:24:54.2840|DEBUG|Microsoft.EntityFrameworkCore.Database.Command|A data reader was disposed.
2024-06-13 02:25:18.3315|DEBUG|Microsoft.EntityFrameworkCore.Database.Command|Creating DbCommand for 'ExecuteReader'.
2024-06-13 02:25:18.3315|DEBUG|Microsoft.EntityFrameworkCore.Database.Command|Created DbCommand for 'ExecuteReader' (0ms).
2024-06-13 02:25:18.3315|DEBUG|Microsoft.EntityFrameworkCore.Database.Command|Executing DbCommand [Parameters=[], CommandType='Text', CommandTimeout='30']
SELECT [a].[Id], [a].[AccessFailedCount], [a].[Address], [a].[BookingID], [a].[CompanyName], [a].[ConcurrencyStamp], [a].[CreatedAt], [a].[DistanceInKM], [a].[Email], [a].[EmailConfirmed], [a].[FirstName], [a].[HomeService], [a].[ImageUrl], [a].[IsDeleted], [a].[LastLogin], [a].[LockoutEnabled], [a].[LockoutEnd], [a].[LoyaltyPoints], [a].[NormalizedEmail], [a].[NormalizedUserName], [a].[Password], [a].[PasswordHash], [a].[PasswordResetToken], [a].[PhoneNumber], [a].[PhoneNumberConfirmed], [a].[PromotionalOfferID], [a].[ResetTokenExpires], [a].[SecurityStamp], [a].[Street], [a].[StylePortfolioID], [a].[Town], [a].[TwoFactorEnabled], [a].[UserName]
FROM [AspNetUsers] AS [a]
WHERE [a].[CompanyName] IS NULL
2024-06-13 02:25:18.3506|INFO|Microsoft.EntityFrameworkCore.Database.Command|Executed DbCommand (10ms) [Parameters=[], CommandType='Text', CommandTimeout='30']
SELECT [a].[Id], [a].[AccessFailedCount], [a].[Address], [a].[BookingID], [a].[CompanyName], [a].[ConcurrencyStamp], [a].[CreatedAt], [a].[DistanceInKM], [a].[Email], [a].[EmailConfirmed], [a].[FirstName], [a].[HomeService], [a].[ImageUrl], [a].[IsDeleted], [a].[LastLogin], [a].[LockoutEnabled], [a].[LockoutEnd], [a].[LoyaltyPoints], [a].[NormalizedEmail], [a].[NormalizedUserName], [a].[Password], [a].[PasswordHash], [a].[PasswordResetToken], [a].[PhoneNumber], [a].[PhoneNumberConfirmed], [a].[PromotionalOfferID], [a].[ResetTokenExpires], [a].[SecurityStamp], [a].[Street], [a].[StylePortfolioID], [a].[Town], [a].[TwoFactorEnabled], [a].[UserName]
FROM [AspNetUsers] AS [a]
WHERE [a].[CompanyName] IS NULL
2024-06-13 02:25:18.3506|DEBUG|Microsoft.EntityFrameworkCore.Database.Command|A data reader was disposed.
2024-06-13 02:25:55.1400|DEBUG|Microsoft.EntityFrameworkCore.Database.Command|Creating DbCommand for 'ExecuteReader'.
2024-06-13 02:25:55.1400|DEBUG|Microsoft.EntityFrameworkCore.Database.Command|Created DbCommand for 'ExecuteReader' (0ms).
2024-06-13 02:25:55.1400|DEBUG|Microsoft.EntityFrameworkCore.Database.Command|Executing DbCommand [Parameters=[], CommandType='Text', CommandTimeout='30']
SELECT [a].[Id], [a].[AccessFailedCount], [a].[Address], [a].[BookingID], [a].[CompanyName], [a].[ConcurrencyStamp], [a].[CreatedAt], [a].[DistanceInKM], [a].[Email], [a].[EmailConfirmed], [a].[FirstName], [a].[HomeService], [a].[ImageUrl], [a].[IsDeleted], [a].[LastLogin], [a].[LockoutEnabled], [a].[LockoutEnd], [a].[LoyaltyPoints], [a].[NormalizedEmail], [a].[NormalizedUserName], [a].[Password], [a].[PasswordHash], [a].[PasswordResetToken], [a].[PhoneNumber], [a].[PhoneNumberConfirmed], [a].[PromotionalOfferID], [a].[ResetTokenExpires], [a].[SecurityStamp], [a].[Street], [a].[StylePortfolioID], [a].[Town], [a].[TwoFactorEnabled], [a].[UserName]
FROM [AspNetUsers] AS [a]
WHERE [a].[CompanyName] IS NOT NULL
2024-06-13 02:25:55.1400|INFO|Microsoft.EntityFrameworkCore.Database.Command|Executed DbCommand (4ms) [Parameters=[], CommandType='Text', CommandTimeout='30']
SELECT [a].[Id], [a].[AccessFailedCount], [a].[Address], [a].[BookingID], [a].[CompanyName], [a].[ConcurrencyStamp], [a].[CreatedAt], [a].[DistanceInKM], [a].[Email], [a].[EmailConfirmed], [a].[FirstName], [a].[HomeService], [a].[ImageUrl], [a].[IsDeleted], [a].[LastLogin], [a].[LockoutEnabled], [a].[LockoutEnd], [a].[LoyaltyPoints], [a].[NormalizedEmail], [a].[NormalizedUserName], [a].[Password], [a].[PasswordHash], [a].[PasswordResetToken], [a].[PhoneNumber], [a].[PhoneNumberConfirmed], [a].[PromotionalOfferID], [a].[ResetTokenExpires], [a].[SecurityStamp], [a].[Street], [a].[StylePortfolioID], [a].[Town], [a].[TwoFactorEnabled], [a].[UserName]
FROM [AspNetUsers] AS [a]
WHERE [a].[CompanyName] IS NOT NULL
2024-06-13 02:25:55.1400|DEBUG|Microsoft.EntityFrameworkCore.Database.Command|A data reader was disposed.
2024-06-13 16:48:50.9221|DEBUG|Microsoft.EntityFrameworkCore.Database.Command|Creating DbCommand for 'ExecuteReader'.
2024-06-13 16:48:50.9944|DEBUG|Microsoft.EntityFrameworkCore.Database.Command|Created DbCommand for 'ExecuteReader' (69ms).
2024-06-13 16:48:51.4937|DEBUG|Microsoft.EntityFrameworkCore.Database.Command|Executing DbCommand [Parameters=[@__normalizedName_0='?' (Size = 256)], CommandType='Text', CommandTimeout='30']
SELECT TOP(1) [a].[Id], [a].[ConcurrencyStamp], [a].[Name], [a].[NormalizedName]
FROM [AspNetRoles] AS [a]
WHERE [a].[NormalizedName] = @__normalizedName_0
2024-06-13 16:48:51.5986|INFO|Microsoft.EntityFrameworkCore.Database.Command|Executed DbCommand (112ms) [Parameters=[@__normalizedName_0='?' (Size = 256)], CommandType='Text', CommandTimeout='30']
SELECT TOP(1) [a].[Id], [a].[ConcurrencyStamp], [a].[Name], [a].[NormalizedName]
FROM [AspNetRoles] AS [a]
WHERE [a].[NormalizedName] = @__normalizedName_0
2024-06-13 16:48:51.7107|DEBUG|Microsoft.EntityFrameworkCore.Database.Command|A data reader was disposed.
2024-06-13 16:48:51.7309|DEBUG|Microsoft.EntityFrameworkCore.Database.Command|Creating DbCommand for 'ExecuteReader'.
2024-06-13 16:48:51.7309|DEBUG|Microsoft.EntityFrameworkCore.Database.Command|Created DbCommand for 'ExecuteReader' (0ms).
2024-06-13 16:48:51.7383|DEBUG|Microsoft.EntityFrameworkCore.Database.Command|Executing DbCommand [Parameters=[@__normalizedName_0='?' (Size = 256)], CommandType='Text', CommandTimeout='30']
SELECT TOP(1) [a].[Id], [a].[ConcurrencyStamp], [a].[Name], [a].[NormalizedName]
FROM [AspNetRoles] AS [a]
WHERE [a].[NormalizedName] = @__normalizedName_0
2024-06-13 16:48:51.7383|INFO|Microsoft.EntityFrameworkCore.Database.Command|Executed DbCommand (11ms) [Parameters=[@__normalizedName_0='?' (Size = 256)], CommandType='Text', CommandTimeout='30']
SELECT TOP(1) [a].[Id], [a].[ConcurrencyStamp], [a].[Name], [a].[NormalizedName]
FROM [AspNetRoles] AS [a]
WHERE [a].[NormalizedName] = @__normalizedName_0
2024-06-13 16:48:51.7383|DEBUG|Microsoft.EntityFrameworkCore.Database.Command|A data reader was disposed.
2024-06-13 16:48:51.7558|DEBUG|Microsoft.EntityFrameworkCore.Database.Command|Creating DbCommand for 'ExecuteReader'.
2024-06-13 16:48:51.7558|DEBUG|Microsoft.EntityFrameworkCore.Database.Command|Created DbCommand for 'ExecuteReader' (0ms).
2024-06-13 16:48:51.7558|DEBUG|Microsoft.EntityFrameworkCore.Database.Command|Executing DbCommand [Parameters=[@__normalizedUserName_0='?' (Size = 256)], CommandType='Text', CommandTimeout='30']
SELECT TOP(1) [a].[Id], [a].[AccessFailedCount], [a].[Address], [a].[BookingID], [a].[CompanyName], [a].[ConcurrencyStamp], [a].[CreatedAt], [a].[DistanceInKM], [a].[Email], [a].[EmailConfirmed], [a].[FirstName], [a].[HomeService], [a].[ImageUrl], [a].[IsDeleted], [a].[LastLogin], [a].[LockoutEnabled], [a].[LockoutEnd], [a].[LoyaltyPoints], [a].[NormalizedEmail], [a].[NormalizedUserName], [a].[Password], [a].[PasswordHash], [a].[PasswordResetToken], [a].[PhoneNumber], [a].[PhoneNumberConfirmed], [a].[PromotionalOfferID], [a].[ResetTokenExpires], [a].[SecurityStamp], [a].[Street], [a].[StylePortfolioID], [a].[Town], [a].[TwoFactorEnabled], [a].[UserName]
FROM [AspNetUsers] AS [a]
WHERE [a].[NormalizedUserName] = @__normalizedUserName_0
2024-06-13 16:48:51.7810|INFO|Microsoft.EntityFrameworkCore.Database.Command|Executed DbCommand (12ms) [Parameters=[@__normalizedUserName_0='?' (Size = 256)], CommandType='Text', CommandTimeout='30']
SELECT TOP(1) [a].[Id], [a].[AccessFailedCount], [a].[Address], [a].[BookingID], [a].[CompanyName], [a].[ConcurrencyStamp], [a].[CreatedAt], [a].[DistanceInKM], [a].[Email], [a].[EmailConfirmed], [a].[FirstName], [a].[HomeService], [a].[ImageUrl], [a].[IsDeleted], [a].[LastLogin], [a].[LockoutEnabled], [a].[LockoutEnd], [a].[LoyaltyPoints], [a].[NormalizedEmail], [a].[NormalizedUserName], [a].[Password], [a].[PasswordHash], [a].[PasswordResetToken], [a].[PhoneNumber], [a].[PhoneNumberConfirmed], [a].[PromotionalOfferID], [a].[ResetTokenExpires], [a].[SecurityStamp], [a].[Street], [a].[StylePortfolioID], [a].[Town], [a].[TwoFactorEnabled], [a].[UserName]
FROM [AspNetUsers] AS [a]
WHERE [a].[NormalizedUserName] = @__normalizedUserName_0
2024-06-13 16:48:51.9219|DEBUG|Microsoft.EntityFrameworkCore.Database.Command|A data reader was disposed.
2024-06-13 16:52:23.5833|DEBUG|Microsoft.EntityFrameworkCore.Database.Command|Creating DbCommand for 'ExecuteReader'.
2024-06-13 16:52:23.5833|DEBUG|Microsoft.EntityFrameworkCore.Database.Command|Created DbCommand for 'ExecuteReader' (1ms).
2024-06-13 16:52:23.5911|DEBUG|Microsoft.EntityFrameworkCore.Database.Command|Executing DbCommand [Parameters=[@__normalizedEmail_0='?' (Size = 256)], CommandType='Text', CommandTimeout='30']
SELECT TOP(2) [a].[Id], [a].[AccessFailedCount], [a].[Address], [a].[BookingID], [a].[CompanyName], [a].[ConcurrencyStamp], [a].[CreatedAt], [a].[DistanceInKM], [a].[Email], [a].[EmailConfirmed], [a].[FirstName], [a].[HomeService], [a].[ImageUrl], [a].[IsDeleted], [a].[LastLogin], [a].[LockoutEnabled], [a].[LockoutEnd], [a].[LoyaltyPoints], [a].[NormalizedEmail], [a].[NormalizedUserName], [a].[Password], [a].[PasswordHash], [a].[PasswordResetToken], [a].[PhoneNumber], [a].[PhoneNumberConfirmed], [a].[PromotionalOfferID], [a].[ResetTokenExpires], [a].[SecurityStamp], [a].[Street], [a].[StylePortfolioID], [a].[Town], [a].[TwoFactorEnabled], [a].[UserName]
FROM [AspNetUsers] AS [a]
WHERE [a].[NormalizedEmail] = @__normalizedEmail_0
2024-06-13 16:52:23.5911|INFO|Microsoft.EntityFrameworkCore.Database.Command|Executed DbCommand (7ms) [Parameters=[@__normalizedEmail_0='?' (Size = 256)], CommandType='Text', CommandTimeout='30']
SELECT TOP(2) [a].[Id], [a].[AccessFailedCount], [a].[Address], [a].[BookingID], [a].[CompanyName], [a].[ConcurrencyStamp], [a].[CreatedAt], [a].[DistanceInKM], [a].[Email], [a].[EmailConfirmed], [a].[FirstName], [a].[HomeService], [a].[ImageUrl], [a].[IsDeleted], [a].[LastLogin], [a].[LockoutEnabled], [a].[LockoutEnd], [a].[LoyaltyPoints], [a].[NormalizedEmail], [a].[NormalizedUserName], [a].[Password], [a].[PasswordHash], [a].[PasswordResetToken], [a].[PhoneNumber], [a].[PhoneNumberConfirmed], [a].[PromotionalOfferID], [a].[ResetTokenExpires], [a].[SecurityStamp], [a].[Street], [a].[StylePortfolioID], [a].[Town], [a].[TwoFactorEnabled], [a].[UserName]
FROM [AspNetUsers] AS [a]
WHERE [a].[NormalizedEmail] = @__normalizedEmail_0
2024-06-13 16:52:23.5911|DEBUG|Microsoft.EntityFrameworkCore.Database.Command|A data reader was disposed.
2024-06-13 16:52:23.6321|DEBUG|Microsoft.EntityFrameworkCore.Database.Command|Creating DbCommand for 'ExecuteReader'.
2024-06-13 16:52:23.6321|DEBUG|Microsoft.EntityFrameworkCore.Database.Command|Created DbCommand for 'ExecuteReader' (0ms).
2024-06-13 16:52:23.6321|DEBUG|Microsoft.EntityFrameworkCore.Database.Command|Executing DbCommand [Parameters=[@__normalizedUserName_0='?' (Size = 256)], CommandType='Text', CommandTimeout='30']
SELECT TOP(1) [a].[Id], [a].[AccessFailedCount], [a].[Address], [a].[BookingID], [a].[CompanyName], [a].[ConcurrencyStamp], [a].[CreatedAt], [a].[DistanceInKM], [a].[Email], [a].[EmailConfirmed], [a].[FirstName], [a].[HomeService], [a].[ImageUrl], [a].[IsDeleted], [a].[LastLogin], [a].[LockoutEnabled], [a].[LockoutEnd], [a].[LoyaltyPoints], [a].[NormalizedEmail], [a].[NormalizedUserName], [a].[Password], [a].[PasswordHash], [a].[PasswordResetToken], [a].[PhoneNumber], [a].[PhoneNumberConfirmed], [a].[PromotionalOfferID], [a].[ResetTokenExpires], [a].[SecurityStamp], [a].[Street], [a].[StylePortfolioID], [a].[Town], [a].[TwoFactorEnabled], [a].[UserName]
FROM [AspNetUsers] AS [a]
WHERE [a].[NormalizedUserName] = @__normalizedUserName_0
2024-06-13 16:52:23.6321|INFO|Microsoft.EntityFrameworkCore.Database.Command|Executed DbCommand (5ms) [Parameters=[@__normalizedUserName_0='?' (Size = 256)], CommandType='Text', CommandTimeout='30']
SELECT TOP(1) [a].[Id], [a].[AccessFailedCount], [a].[Address], [a].[BookingID], [a].[CompanyName], [a].[ConcurrencyStamp], [a].[CreatedAt], [a].[DistanceInKM], [a].[Email], [a].[EmailConfirmed], [a].[FirstName], [a].[HomeService], [a].[ImageUrl], [a].[IsDeleted], [a].[LastLogin], [a].[LockoutEnabled], [a].[LockoutEnd], [a].[LoyaltyPoints], [a].[NormalizedEmail], [a].[NormalizedUserName], [a].[Password], [a].[PasswordHash], [a].[PasswordResetToken], [a].[PhoneNumber], [a].[PhoneNumberConfirmed], [a].[PromotionalOfferID], [a].[ResetTokenExpires], [a].[SecurityStamp], [a].[Street], [a].[StylePortfolioID], [a].[Town], [a].[TwoFactorEnabled], [a].[UserName]
FROM [AspNetUsers] AS [a]
WHERE [a].[NormalizedUserName] = @__normalizedUserName_0
2024-06-13 16:52:23.6397|DEBUG|Microsoft.EntityFrameworkCore.Database.Command|A data reader was disposed.
2024-06-13 16:52:23.6397|DEBUG|Microsoft.EntityFrameworkCore.Database.Command|Creating DbCommand for 'ExecuteReader'.
2024-06-13 16:52:23.6397|DEBUG|Microsoft.EntityFrameworkCore.Database.Command|Created DbCommand for 'ExecuteReader' (0ms).
2024-06-13 16:52:23.6397|DEBUG|Microsoft.EntityFrameworkCore.Database.Command|Executing DbCommand [Parameters=[@__normalizedEmail_0='?' (Size = 256)], CommandType='Text', CommandTimeout='30']
SELECT TOP(2) [a].[Id], [a].[AccessFailedCount], [a].[Address], [a].[BookingID], [a].[CompanyName], [a].[ConcurrencyStamp], [a].[CreatedAt], [a].[DistanceInKM], [a].[Email], [a].[EmailConfirmed], [a].[FirstName], [a].[HomeService], [a].[ImageUrl], [a].[IsDeleted], [a].[LastLogin], [a].[LockoutEnabled], [a].[LockoutEnd], [a].[LoyaltyPoints], [a].[NormalizedEmail], [a].[NormalizedUserName], [a].[Password], [a].[PasswordHash], [a].[PasswordResetToken], [a].[PhoneNumber], [a].[PhoneNumberConfirmed], [a].[PromotionalOfferID], [a].[ResetTokenExpires], [a].[SecurityStamp], [a].[Street], [a].[StylePortfolioID], [a].[Town], [a].[TwoFactorEnabled], [a].[UserName]
FROM [AspNetUsers] AS [a]
WHERE [a].[NormalizedEmail] = @__normalizedEmail_0
2024-06-13 16:52:23.6397|INFO|Microsoft.EntityFrameworkCore.Database.Command|Executed DbCommand (2ms) [Parameters=[@__normalizedEmail_0='?' (Size = 256)], CommandType='Text', CommandTimeout='30']
SELECT TOP(2) [a].[Id], [a].[AccessFailedCount], [a].[Address], [a].[BookingID], [a].[CompanyName], [a].[ConcurrencyStamp], [a].[CreatedAt], [a].[DistanceInKM], [a].[Email], [a].[EmailConfirmed], [a].[FirstName], [a].[HomeService], [a].[ImageUrl], [a].[IsDeleted], [a].[LastLogin], [a].[LockoutEnabled], [a].[LockoutEnd], [a].[LoyaltyPoints], [a].[NormalizedEmail], [a].[NormalizedUserName], [a].[Password], [a].[PasswordHash], [a].[PasswordResetToken], [a].[PhoneNumber], [a].[PhoneNumberConfirmed], [a].[PromotionalOfferID], [a].[ResetTokenExpires], [a].[SecurityStamp], [a].[Street], [a].[StylePortfolioID], [a].[Town], [a].[TwoFactorEnabled], [a].[UserName]
FROM [AspNetUsers] AS [a]
WHERE [a].[NormalizedEmail] = @__normalizedEmail_0
2024-06-13 16:52:23.6397|DEBUG|Microsoft.EntityFrameworkCore.Database.Command|A data reader was disposed.
2024-06-13 16:52:23.9666|DEBUG|Microsoft.EntityFrameworkCore.Database.Command|Creating DbCommand for 'ExecuteReader'.
2024-06-13 16:52:23.9666|DEBUG|Microsoft.EntityFrameworkCore.Database.Command|Created DbCommand for 'ExecuteReader' (0ms).
2024-06-13 16:52:23.9733|DEBUG|Microsoft.EntityFrameworkCore.Database.Command|Executing DbCommand [Parameters=[@p32='?' (Size = 450), @p0='?' (DbType = Int32), @p1='?' (Size = 4000), @p2='?' (DbType = Int32), @p3='?' (Size = 4000), @p4='?' (Size = 4000), @p33='?' (Size = 4000), @p5='?' (DbType = DateTime2), @p6='?' (DbType = Double), @p7='?' (Size = 256), @p8='?' (DbType = Boolean), @p9='?' (Size = 4000), @p10='?' (DbType = Boolean), @p11='?' (Size = 4000), @p12='?' (DbType = Boolean), @p13='?' (DbType = DateTime2), @p14='?' (DbType = Boolean), @p15='?' (DbType = DateTimeOffset), @p16='?' (DbType = Int32), @p17='?' (Size = 256), @p18='?' (Size = 256), @p19='?' (Size = 4000), @p20='?' (Size = 4000), @p21='?' (Size = 4000), @p22='?' (Size = 4000), @p23='?' (DbType = Boolean), @p24='?' (DbType = Int32), @p25='?' (DbType = DateTime2), @p26='?' (Size = 4000), @p27='?' (Size = 4000), @p28='?' (Size = 450), @p29='?' (Size = 4000), @p30='?' (DbType = Boolean), @p31='?' (Size = 256)], CommandType='Text', CommandTimeout='30']
SET NOCOUNT ON;
UPDATE [AspNetUsers] SET [AccessFailedCount] = @p0, [Address] = @p1, [BookingID] = @p2, [CompanyName] = @p3, [ConcurrencyStamp] = @p4, [CreatedAt] = @p5, [DistanceInKM] = @p6, [Email] = @p7, [EmailConfirmed] = @p8, [FirstName] = @p9, [HomeService] = @p10, [ImageUrl] = @p11, [IsDeleted] = @p12, [LastLogin] = @p13, [LockoutEnabled] = @p14, [LockoutEnd] = @p15, [LoyaltyPoints] = @p16, [NormalizedEmail] = @p17, [NormalizedUserName] = @p18, [Password] = @p19, [PasswordHash] = @p20, [PasswordResetToken] = @p21, [PhoneNumber] = @p22, [PhoneNumberConfirmed] = @p23, [PromotionalOfferID] = @p24, [ResetTokenExpires] = @p25, [SecurityStamp] = @p26, [Street] = @p27, [StylePortfolioID] = @p28, [Town] = @p29, [TwoFactorEnabled] = @p30, [UserName] = @p31
WHERE [Id] = @p32 AND [ConcurrencyStamp] = @p33;
SELECT @@ROWCOUNT;
2024-06-13 16:52:23.9954|INFO|Microsoft.EntityFrameworkCore.Database.Command|Executed DbCommand (25ms) [Parameters=[@p32='?' (Size = 450), @p0='?' (DbType = Int32), @p1='?' (Size = 4000), @p2='?' (DbType = Int32), @p3='?' (Size = 4000), @p4='?' (Size = 4000), @p33='?' (Size = 4000), @p5='?' (DbType = DateTime2), @p6='?' (DbType = Double), @p7='?' (Size = 256), @p8='?' (DbType = Boolean), @p9='?' (Size = 4000), @p10='?' (DbType = Boolean), @p11='?' (Size = 4000), @p12='?' (DbType = Boolean), @p13='?' (DbType = DateTime2), @p14='?' (DbType = Boolean), @p15='?' (DbType = DateTimeOffset), @p16='?' (DbType = Int32), @p17='?' (Size = 256), @p18='?' (Size = 256), @p19='?' (Size = 4000), @p20='?' (Size = 4000), @p21='?' (Size = 4000), @p22='?' (Size = 4000), @p23='?' (DbType = Boolean), @p24='?' (DbType = Int32), @p25='?' (DbType = DateTime2), @p26='?' (Size = 4000), @p27='?' (Size = 4000), @p28='?' (Size = 450), @p29='?' (Size = 4000), @p30='?' (DbType = Boolean), @p31='?' (Size = 256)], CommandType='Text', CommandTimeout='30']
SET NOCOUNT ON;
UPDATE [AspNetUsers] SET [AccessFailedCount] = @p0, [Address] = @p1, [BookingID] = @p2, [CompanyName] = @p3, [ConcurrencyStamp] = @p4, [CreatedAt] = @p5, [DistanceInKM] = @p6, [Email] = @p7, [EmailConfirmed] = @p8, [FirstName] = @p9, [HomeService] = @p10, [ImageUrl] = @p11, [IsDeleted] = @p12, [LastLogin] = @p13, [LockoutEnabled] = @p14, [LockoutEnd] = @p15, [LoyaltyPoints] = @p16, [NormalizedEmail] = @p17, [NormalizedUserName] = @p18, [Password] = @p19, [PasswordHash] = @p20, [PasswordResetToken] = @p21, [PhoneNumber] = @p22, [PhoneNumberConfirmed] = @p23, [PromotionalOfferID] = @p24, [ResetTokenExpires] = @p25, [SecurityStamp] = @p26, [Street] = @p27, [StylePortfolioID] = @p28, [Town] = @p29, [TwoFactorEnabled] = @p30, [UserName] = @p31
WHERE [Id] = @p32 AND [ConcurrencyStamp] = @p33;
SELECT @@ROWCOUNT;
2024-06-13 16:52:24.0095|DEBUG|Microsoft.EntityFrameworkCore.Database.Command|A data reader was disposed.
2024-06-13 17:02:41.3389|DEBUG|Microsoft.EntityFrameworkCore.Database.Command|Creating DbCommand for 'ExecuteReader'.
2024-06-13 17:02:41.3975|DEBUG|Microsoft.EntityFrameworkCore.Database.Command|Created DbCommand for 'ExecuteReader' (56ms).
2024-06-13 17:02:41.8671|DEBUG|Microsoft.EntityFrameworkCore.Database.Command|Executing DbCommand [Parameters=[@__normalizedName_0='?' (Size = 256)], CommandType='Text', CommandTimeout='30']
SELECT TOP(1) [a].[Id], [a].[ConcurrencyStamp], [a].[Name], [a].[NormalizedName]
FROM [AspNetRoles] AS [a]
WHERE [a].[NormalizedName] = @__normalizedName_0
2024-06-13 17:02:42.0102|INFO|Microsoft.EntityFrameworkCore.Database.Command|Executed DbCommand (160ms) [Parameters=[@__normalizedName_0='?' (Size = 256)], CommandType='Text', CommandTimeout='30']
SELECT TOP(1) [a].[Id], [a].[ConcurrencyStamp], [a].[Name], [a].[NormalizedName]
FROM [AspNetRoles] AS [a]
WHERE [a].[NormalizedName] = @__normalizedName_0
2024-06-13 17:02:42.1154|DEBUG|Microsoft.EntityFrameworkCore.Database.Command|A data reader was disposed.
2024-06-13 17:02:42.1239|DEBUG|Microsoft.EntityFrameworkCore.Database.Command|Creating DbCommand for 'ExecuteReader'.
2024-06-13 17:02:42.1239|DEBUG|Microsoft.EntityFrameworkCore.Database.Command|Created DbCommand for 'ExecuteReader' (0ms).
2024-06-13 17:02:42.1430|DEBUG|Microsoft.EntityFrameworkCore.Database.Command|Executing DbCommand [Parameters=[@__normalizedName_0='?' (Size = 256)], CommandType='Text', CommandTimeout='30']
SELECT TOP(1) [a].[Id], [a].[ConcurrencyStamp], [a].[Name], [a].[NormalizedName]
FROM [AspNetRoles] AS [a]
WHERE [a].[NormalizedName] = @__normalizedName_0
2024-06-13 17:02:42.1430|INFO|Microsoft.EntityFrameworkCore.Database.Command|Executed DbCommand (3ms) [Parameters=[@__normalizedName_0='?' (Size = 256)], CommandType='Text', CommandTimeout='30']
SELECT TOP(1) [a].[Id], [a].[ConcurrencyStamp], [a].[Name], [a].[NormalizedName]
FROM [AspNetRoles] AS [a]
WHERE [a].[NormalizedName] = @__normalizedName_0
2024-06-13 17:02:42.1430|DEBUG|Microsoft.EntityFrameworkCore.Database.Command|A data reader was disposed.
2024-06-13 17:02:42.1594|DEBUG|Microsoft.EntityFrameworkCore.Database.Command|Creating DbCommand for 'ExecuteReader'.
2024-06-13 17:02:42.1594|DEBUG|Microsoft.EntityFrameworkCore.Database.Command|Created DbCommand for 'ExecuteReader' (0ms).
2024-06-13 17:02:42.1594|DEBUG|Microsoft.EntityFrameworkCore.Database.Command|Executing DbCommand [Parameters=[@__normalizedUserName_0='?' (Size = 256)], CommandType='Text', CommandTimeout='30']
SELECT TOP(1) [a].[Id], [a].[AccessFailedCount], [a].[Address], [a].[BookingID], [a].[CompanyName], [a].[ConcurrencyStamp], [a].[CreatedAt], [a].[DistanceInKM], [a].[Email], [a].[EmailConfirmed], [a].[FirstName], [a].[HomeService], [a].[ImageUrl], [a].[IsDeleted], [a].[LastLogin], [a].[LockoutEnabled], [a].[LockoutEnd], [a].[LoyaltyPoints], [a].[NormalizedEmail], [a].[NormalizedUserName], [a].[Password], [a].[PasswordHash], [a].[PasswordResetToken], [a].[PhoneNumber], [a].[PhoneNumberConfirmed], [a].[PromotionalOfferID], [a].[ResetTokenExpires], [a].[SecurityStamp], [a].[Street], [a].[StylePortfolioID], [a].[Town], [a].[TwoFactorEnabled], [a].[UserName]
FROM [AspNetUsers] AS [a]
WHERE [a].[NormalizedUserName] = @__normalizedUserName_0
2024-06-13 17:02:42.1594|INFO|Microsoft.EntityFrameworkCore.Database.Command|Executed DbCommand (5ms) [Parameters=[@__normalizedUserName_0='?' (Size = 256)], CommandType='Text', CommandTimeout='30']
SELECT TOP(1) [a].[Id], [a].[AccessFailedCount], [a].[Address], [a].[BookingID], [a].[CompanyName], [a].[ConcurrencyStamp], [a].[CreatedAt], [a].[DistanceInKM], [a].[Email], [a].[EmailConfirmed], [a].[FirstName], [a].[HomeService], [a].[ImageUrl], [a].[IsDeleted], [a].[LastLogin], [a].[LockoutEnabled], [a].[LockoutEnd], [a].[LoyaltyPoints], [a].[NormalizedEmail], [a].[NormalizedUserName], [a].[Password], [a].[PasswordHash], [a].[PasswordResetToken], [a].[PhoneNumber], [a].[PhoneNumberConfirmed], [a].[PromotionalOfferID], [a].[ResetTokenExpires], [a].[SecurityStamp], [a].[Street], [a].[StylePortfolioID], [a].[Town], [a].[TwoFactorEnabled], [a].[UserName]
FROM [AspNetUsers] AS [a]
WHERE [a].[NormalizedUserName] = @__normalizedUserName_0
2024-06-13 17:02:42.2797|DEBUG|Microsoft.EntityFrameworkCore.Database.Command|A data reader was disposed.
2024-06-13 17:03:29.8385|DEBUG|Microsoft.EntityFrameworkCore.Database.Command|Creating DbCommand for 'ExecuteReader'.
2024-06-13 17:03:29.8385|DEBUG|Microsoft.EntityFrameworkCore.Database.Command|Created DbCommand for 'ExecuteReader' (1ms).
2024-06-13 17:03:29.8510|DEBUG|Microsoft.EntityFrameworkCore.Database.Command|Executing DbCommand [Parameters=[@__normalizedEmail_0='?' (Size = 256)], CommandType='Text', CommandTimeout='30']
SELECT TOP(2) [a].[Id], [a].[AccessFailedCount], [a].[Address], [a].[BookingID], [a].[CompanyName], [a].[ConcurrencyStamp], [a].[CreatedAt], [a].[DistanceInKM], [a].[Email], [a].[EmailConfirmed], [a].[FirstName], [a].[HomeService], [a].[ImageUrl], [a].[IsDeleted], [a].[LastLogin], [a].[LockoutEnabled], [a].[LockoutEnd], [a].[LoyaltyPoints], [a].[NormalizedEmail], [a].[NormalizedUserName], [a].[Password], [a].[PasswordHash], [a].[PasswordResetToken], [a].[PhoneNumber], [a].[PhoneNumberConfirmed], [a].[PromotionalOfferID], [a].[ResetTokenExpires], [a].[SecurityStamp], [a].[Street], [a].[StylePortfolioID], [a].[Town], [a].[TwoFactorEnabled], [a].[UserName]
FROM [AspNetUsers] AS [a]
WHERE [a].[NormalizedEmail] = @__normalizedEmail_0
2024-06-13 17:03:29.8510|INFO|Microsoft.EntityFrameworkCore.Database.Command|Executed DbCommand (5ms) [Parameters=[@__normalizedEmail_0='?' (Size = 256)], CommandType='Text', CommandTimeout='30']
SELECT TOP(2) [a].[Id], [a].[AccessFailedCount], [a].[Address], [a].[BookingID], [a].[CompanyName], [a].[ConcurrencyStamp], [a].[CreatedAt], [a].[DistanceInKM], [a].[Email], [a].[EmailConfirmed], [a].[FirstName], [a].[HomeService], [a].[ImageUrl], [a].[IsDeleted], [a].[LastLogin], [a].[LockoutEnabled], [a].[LockoutEnd], [a].[LoyaltyPoints], [a].[NormalizedEmail], [a].[NormalizedUserName], [a].[Password], [a].[PasswordHash], [a].[PasswordResetToken], [a].[PhoneNumber], [a].[PhoneNumberConfirmed], [a].[PromotionalOfferID], [a].[ResetTokenExpires], [a].[SecurityStamp], [a].[Street], [a].[StylePortfolioID], [a].[Town], [a].[TwoFactorEnabled], [a].[UserName]
FROM [AspNetUsers] AS [a]
WHERE [a].[NormalizedEmail] = @__normalizedEmail_0
2024-06-13 17:03:29.8510|DEBUG|Microsoft.EntityFrameworkCore.Database.Command|A data reader was disposed.
2024-06-13 17:03:29.8707|DEBUG|Microsoft.EntityFrameworkCore.Database.Command|Creating DbCommand for 'ExecuteReader'.
2024-06-13 17:03:29.8707|DEBUG|Microsoft.EntityFrameworkCore.Database.Command|Created DbCommand for 'ExecuteReader' (0ms).
2024-06-13 17:03:29.8707|DEBUG|Microsoft.EntityFrameworkCore.Database.Command|Executing DbCommand [Parameters=[@__normalizedUserName_0='?' (Size = 256)], CommandType='Text', CommandTimeout='30']
SELECT TOP(1) [a].[Id], [a].[AccessFailedCount], [a].[Address], [a].[BookingID], [a].[CompanyName], [a].[ConcurrencyStamp], [a].[CreatedAt], [a].[DistanceInKM], [a].[Email], [a].[EmailConfirmed], [a].[FirstName], [a].[HomeService], [a].[ImageUrl], [a].[IsDeleted], [a].[LastLogin], [a].[LockoutEnabled], [a].[LockoutEnd], [a].[LoyaltyPoints], [a].[NormalizedEmail], [a].[NormalizedUserName], [a].[Password], [a].[PasswordHash], [a].[PasswordResetToken], [a].[PhoneNumber], [a].[PhoneNumberConfirmed], [a].[PromotionalOfferID], [a].[ResetTokenExpires], [a].[SecurityStamp], [a].[Street], [a].[StylePortfolioID], [a].[Town], [a].[TwoFactorEnabled], [a].[UserName]
FROM [AspNetUsers] AS [a]
WHERE [a].[NormalizedUserName] = @__normalizedUserName_0
2024-06-13 17:03:29.8707|INFO|Microsoft.EntityFrameworkCore.Database.Command|Executed DbCommand (1ms) [Parameters=[@__normalizedUserName_0='?' (Size = 256)], CommandType='Text', CommandTimeout='30']
SELECT TOP(1) [a].[Id], [a].[AccessFailedCount], [a].[Address], [a].[BookingID], [a].[CompanyName], [a].[ConcurrencyStamp], [a].[CreatedAt], [a].[DistanceInKM], [a].[Email], [a].[EmailConfirmed], [a].[FirstName], [a].[HomeService], [a].[ImageUrl], [a].[IsDeleted], [a].[LastLogin], [a].[LockoutEnabled], [a].[LockoutEnd], [a].[LoyaltyPoints], [a].[NormalizedEmail], [a].[NormalizedUserName], [a].[Password], [a].[PasswordHash], [a].[PasswordResetToken], [a].[PhoneNumber], [a].[PhoneNumberConfirmed], [a].[PromotionalOfferID], [a].[ResetTokenExpires], [a].[SecurityStamp], [a].[Street], [a].[StylePortfolioID], [a].[Town], [a].[TwoFactorEnabled], [a].[UserName]
FROM [AspNetUsers] AS [a]
WHERE [a].[NormalizedUserName] = @__normalizedUserName_0
2024-06-13 17:03:29.8707|DEBUG|Microsoft.EntityFrameworkCore.Database.Command|A data reader was disposed.
2024-06-13 17:03:29.8897|DEBUG|Microsoft.EntityFrameworkCore.Database.Command|Creating DbCommand for 'ExecuteReader'.
2024-06-13 17:03:29.8897|DEBUG|Microsoft.EntityFrameworkCore.Database.Command|Created DbCommand for 'ExecuteReader' (0ms).
2024-06-13 17:03:29.8897|DEBUG|Microsoft.EntityFrameworkCore.Database.Command|Executing DbCommand [Parameters=[@__normalizedEmail_0='?' (Size = 256)], CommandType='Text', CommandTimeout='30']
SELECT TOP(2) [a].[Id], [a].[AccessFailedCount], [a].[Address], [a].[BookingID], [a].[CompanyName], [a].[ConcurrencyStamp], [a].[CreatedAt], [a].[DistanceInKM], [a].[Email], [a].[EmailConfirmed], [a].[FirstName], [a].[HomeService], [a].[ImageUrl], [a].[IsDeleted], [a].[LastLogin], [a].[LockoutEnabled], [a].[LockoutEnd], [a].[LoyaltyPoints], [a].[NormalizedEmail], [a].[NormalizedUserName], [a].[Password], [a].[PasswordHash], [a].[PasswordResetToken], [a].[PhoneNumber], [a].[PhoneNumberConfirmed], [a].[PromotionalOfferID], [a].[ResetTokenExpires], [a].[SecurityStamp], [a].[Street], [a].[StylePortfolioID], [a].[Town], [a].[TwoFactorEnabled], [a].[UserName]
FROM [AspNetUsers] AS [a]
WHERE [a].[NormalizedEmail] = @__normalizedEmail_0
2024-06-13 17:03:29.8897|INFO|Microsoft.EntityFrameworkCore.Database.Command|Executed DbCommand (1ms) [Parameters=[@__normalizedEmail_0='?' (Size = 256)], CommandType='Text', CommandTimeout='30']
SELECT TOP(2) [a].[Id], [a].[AccessFailedCount], [a].[Address], [a].[BookingID], [a].[CompanyName], [a].[ConcurrencyStamp], [a].[CreatedAt], [a].[DistanceInKM], [a].[Email], [a].[EmailConfirmed], [a].[FirstName], [a].[HomeService], [a].[ImageUrl], [a].[IsDeleted], [a].[LastLogin], [a].[LockoutEnabled], [a].[LockoutEnd], [a].[LoyaltyPoints], [a].[NormalizedEmail], [a].[NormalizedUserName], [a].[Password], [a].[PasswordHash], [a].[PasswordResetToken], [a].[PhoneNumber], [a].[PhoneNumberConfirmed], [a].[PromotionalOfferID], [a].[ResetTokenExpires], [a].[SecurityStamp], [a].[Street], [a].[StylePortfolioID], [a].[Town], [a].[TwoFactorEnabled], [a].[UserName]
FROM [AspNetUsers] AS [a]
WHERE [a].[NormalizedEmail] = @__normalizedEmail_0
2024-06-13 17:03:29.8897|DEBUG|Microsoft.EntityFrameworkCore.Database.Command|A data reader was disposed.
2024-06-13 17:03:30.1079|DEBUG|Microsoft.EntityFrameworkCore.Database.Command|Creating DbCommand for 'ExecuteReader'.
2024-06-13 17:03:30.1079|DEBUG|Microsoft.EntityFrameworkCore.Database.Command|Created DbCommand for 'ExecuteReader' (0ms).
2024-06-13 17:03:30.1079|DEBUG|Microsoft.EntityFrameworkCore.Database.Command|Executing DbCommand [Parameters=[@p32='?' (Size = 450), @p0='?' (DbType = Int32), @p1='?' (Size = 4000), @p2='?' (DbType = Int32), @p3='?' (Size = 4000), @p4='?' (Size = 4000), @p33='?' (Size = 4000), @p5='?' (DbType = DateTime2), @p6='?' (DbType = Double), @p7='?' (Size = 256), @p8='?' (DbType = Boolean), @p9='?' (Size = 4000), @p10='?' (DbType = Boolean), @p11='?' (Size = 4000), @p12='?' (DbType = Boolean), @p13='?' (DbType = DateTime2), @p14='?' (DbType = Boolean), @p15='?' (DbType = DateTimeOffset), @p16='?' (DbType = Int32), @p17='?' (Size = 256), @p18='?' (Size = 256), @p19='?' (Size = 4000), @p20='?' (Size = 4000), @p21='?' (Size = 4000), @p22='?' (Size = 4000), @p23='?' (DbType = Boolean), @p24='?' (DbType = Int32), @p25='?' (DbType = DateTime2), @p26='?' (Size = 4000), @p27='?' (Size = 4000), @p28='?' (Size = 450), @p29='?' (Size = 4000), @p30='?' (DbType = Boolean), @p31='?' (Size = 256)], CommandType='Text', CommandTimeout='30']
SET NOCOUNT ON;
UPDATE [AspNetUsers] SET [AccessFailedCount] = @p0, [Address] = @p1, [BookingID] = @p2, [CompanyName] = @p3, [ConcurrencyStamp] = @p4, [CreatedAt] = @p5, [DistanceInKM] = @p6, [Email] = @p7, [EmailConfirmed] = @p8, [FirstName] = @p9, [HomeService] = @p10, [ImageUrl] = @p11, [IsDeleted] = @p12, [LastLogin] = @p13, [LockoutEnabled] = @p14, [LockoutEnd] = @p15, [LoyaltyPoints] = @p16, [NormalizedEmail] = @p17, [NormalizedUserName] = @p18, [Password] = @p19, [PasswordHash] = @p20, [PasswordResetToken] = @p21, [PhoneNumber] = @p22, [PhoneNumberConfirmed] = @p23, [PromotionalOfferID] = @p24, [ResetTokenExpires] = @p25, [SecurityStamp] = @p26, [Street] = @p27, [StylePortfolioID] = @p28, [Town] = @p29, [TwoFactorEnabled] = @p30, [UserName] = @p31
WHERE [Id] = @p32 AND [ConcurrencyStamp] = @p33;
SELECT @@ROWCOUNT;
2024-06-13 17:03:30.1247|INFO|Microsoft.EntityFrameworkCore.Database.Command|Executed DbCommand (14ms) [Parameters=[@p32='?' (Size = 450), @p0='?' (DbType = Int32), @p1='?' (Size = 4000), @p2='?' (DbType = Int32), @p3='?' (Size = 4000), @p4='?' (Size = 4000), @p33='?' (Size = 4000), @p5='?' (DbType = DateTime2), @p6='?' (DbType = Double), @p7='?' (Size = 256), @p8='?' (DbType = Boolean), @p9='?' (Size = 4000), @p10='?' (DbType = Boolean), @p11='?' (Size = 4000), @p12='?' (DbType = Boolean), @p13='?' (DbType = DateTime2), @p14='?' (DbType = Boolean), @p15='?' (DbType = DateTimeOffset), @p16='?' (DbType = Int32), @p17='?' (Size = 256), @p18='?' (Size = 256), @p19='?' (Size = 4000), @p20='?' (Size = 4000), @p21='?' (Size = 4000), @p22='?' (Size = 4000), @p23='?' (DbType = Boolean), @p24='?' (DbType = Int32), @p25='?' (DbType = DateTime2), @p26='?' (Size = 4000), @p27='?' (Size = 4000), @p28='?' (Size = 450), @p29='?' (Size = 4000), @p30='?' (DbType = Boolean), @p31='?' (Size = 256)], CommandType='Text', CommandTimeout='30']
SET NOCOUNT ON;
UPDATE [AspNetUsers] SET [AccessFailedCount] = @p0, [Address] = @p1, [BookingID] = @p2, [CompanyName] = @p3, [ConcurrencyStamp] = @p4, [CreatedAt] = @p5, [DistanceInKM] = @p6, [Email] = @p7, [EmailConfirmed] = @p8, [FirstName] = @p9, [HomeService] = @p10, [ImageUrl] = @p11, [IsDeleted] = @p12, [LastLogin] = @p13, [LockoutEnabled] = @p14, [LockoutEnd] = @p15, [LoyaltyPoints] = @p16, [NormalizedEmail] = @p17, [NormalizedUserName] = @p18, [Password] = @p19, [PasswordHash] = @p20, [PasswordResetToken] = @p21, [PhoneNumber] = @p22, [PhoneNumberConfirmed] = @p23, [PromotionalOfferID] = @p24, [ResetTokenExpires] = @p25, [SecurityStamp] = @p26, [Street] = @p27, [StylePortfolioID] = @p28, [Town] = @p29, [TwoFactorEnabled] = @p30, [UserName] = @p31
WHERE [Id] = @p32 AND [ConcurrencyStamp] = @p33;
SELECT @@ROWCOUNT;
2024-06-13 17:03:30.1247|DEBUG|Microsoft.EntityFrameworkCore.Database.Command|A data reader was disposed.
2024-06-13 17:05:32.5417|DEBUG|Microsoft.EntityFrameworkCore.Database.Command|Creating DbCommand for 'ExecuteReader'.
2024-06-13 17:05:32.5417|DEBUG|Microsoft.EntityFrameworkCore.Database.Command|Created DbCommand for 'ExecuteReader' (0ms).
2024-06-13 17:05:32.5417|DEBUG|Microsoft.EntityFrameworkCore.Database.Command|Executing DbCommand [Parameters=[@__normalizedEmail_0='?' (Size = 256)], CommandType='Text', CommandTimeout='30']
SELECT TOP(2) [a].[Id], [a].[AccessFailedCount], [a].[Address], [a].[BookingID], [a].[CompanyName], [a].[ConcurrencyStamp], [a].[CreatedAt], [a].[DistanceInKM], [a].[Email], [a].[EmailConfirmed], [a].[FirstName], [a].[HomeService], [a].[ImageUrl], [a].[IsDeleted], [a].[LastLogin], [a].[LockoutEnabled], [a].[LockoutEnd], [a].[LoyaltyPoints], [a].[NormalizedEmail], [a].[NormalizedUserName], [a].[Password], [a].[PasswordHash], [a].[PasswordResetToken], [a].[PhoneNumber], [a].[PhoneNumberConfirmed], [a].[PromotionalOfferID], [a].[ResetTokenExpires], [a].[SecurityStamp], [a].[Street], [a].[StylePortfolioID], [a].[Town], [a].[TwoFactorEnabled], [a].[UserName]
FROM [AspNetUsers] AS [a]
WHERE [a].[NormalizedEmail] = @__normalizedEmail_0
2024-06-13 17:05:32.5417|INFO|Microsoft.EntityFrameworkCore.Database.Command|Executed DbCommand (2ms) [Parameters=[@__normalizedEmail_0='?' (Size = 256)], CommandType='Text', CommandTimeout='30']
SELECT TOP(2) [a].[Id], [a].[AccessFailedCount], [a].[Address], [a].[BookingID], [a].[CompanyName], [a].[ConcurrencyStamp], [a].[CreatedAt], [a].[DistanceInKM], [a].[Email], [a].[EmailConfirmed], [a].[FirstName], [a].[HomeService], [a].[ImageUrl], [a].[IsDeleted], [a].[LastLogin], [a].[LockoutEnabled], [a].[LockoutEnd], [a].[LoyaltyPoints], [a].[NormalizedEmail], [a].[NormalizedUserName], [a].[Password], [a].[PasswordHash], [a].[PasswordResetToken], [a].[PhoneNumber], [a].[PhoneNumberConfirmed], [a].[PromotionalOfferID], [a].[ResetTokenExpires], [a].[SecurityStamp], [a].[Street], [a].[StylePortfolioID], [a].[Town], [a].[TwoFactorEnabled], [a].[UserName]
FROM [AspNetUsers] AS [a]
WHERE [a].[NormalizedEmail] = @__normalizedEmail_0
2024-06-13 17:05:32.5471|DEBUG|Microsoft.EntityFrameworkCore.Database.Command|A data reader was disposed.
2024-06-13 17:06:04.6828|DEBUG|Microsoft.EntityFrameworkCore.Database.Command|Creating DbCommand for 'ExecuteReader'.
2024-06-13 17:06:04.6828|DEBUG|Microsoft.EntityFrameworkCore.Database.Command|Created DbCommand for 'ExecuteReader' (0ms).
2024-06-13 17:06:04.6845|DEBUG|Microsoft.EntityFrameworkCore.Database.Command|Executing DbCommand [Parameters=[@__normalizedUserName_0='?' (Size = 256)], CommandType='Text', CommandTimeout='30']
SELECT TOP(1) [a].[Id], [a].[AccessFailedCount], [a].[Address], [a].[BookingID], [a].[CompanyName], [a].[ConcurrencyStamp], [a].[CreatedAt], [a].[DistanceInKM], [a].[Email], [a].[EmailConfirmed], [a].[FirstName], [a].[HomeService], [a].[ImageUrl], [a].[IsDeleted], [a].[LastLogin], [a].[LockoutEnabled], [a].[LockoutEnd], [a].[LoyaltyPoints], [a].[NormalizedEmail], [a].[NormalizedUserName], [a].[Password], [a].[PasswordHash], [a].[PasswordResetToken], [a].[PhoneNumber], [a].[PhoneNumberConfirmed], [a].[PromotionalOfferID], [a].[ResetTokenExpires], [a].[SecurityStamp], [a].[Street], [a].[StylePortfolioID], [a].[Town], [a].[TwoFactorEnabled], [a].[UserName]
FROM [AspNetUsers] AS [a]
WHERE [a].[NormalizedUserName] = @__normalizedUserName_0
2024-06-13 17:06:04.6845|INFO|Microsoft.EntityFrameworkCore.Database.Command|Executed DbCommand (3ms) [Parameters=[@__normalizedUserName_0='?' (Size = 256)], CommandType='Text', CommandTimeout='30']
SELECT TOP(1) [a].[Id], [a].[AccessFailedCount], [a].[Address], [a].[BookingID], [a].[CompanyName], [a].[ConcurrencyStamp], [a].[CreatedAt], [a].[DistanceInKM], [a].[Email], [a].[EmailConfirmed], [a].[FirstName], [a].[HomeService], [a].[ImageUrl], [a].[IsDeleted], [a].[LastLogin], [a].[LockoutEnabled], [a].[LockoutEnd], [a].[LoyaltyPoints], [a].[NormalizedEmail], [a].[NormalizedUserName], [a].[Password], [a].[PasswordHash], [a].[PasswordResetToken], [a].[PhoneNumber], [a].[PhoneNumberConfirmed], [a].[PromotionalOfferID], [a].[ResetTokenExpires], [a].[SecurityStamp], [a].[Street], [a].[StylePortfolioID], [a].[Town], [a].[TwoFactorEnabled], [a].[UserName]
FROM [AspNetUsers] AS [a]
WHERE [a].[NormalizedUserName] = @__normalizedUserName_0
2024-06-13 17:06:04.6845|DEBUG|Microsoft.EntityFrameworkCore.Database.Command|A data reader was disposed.
2024-06-13 17:06:04.6845|DEBUG|Microsoft.EntityFrameworkCore.Database.Command|Creating DbCommand for 'ExecuteReader'.
2024-06-13 17:06:04.6845|DEBUG|Microsoft.EntityFrameworkCore.Database.Command|Created DbCommand for 'ExecuteReader' (0ms).
2024-06-13 17:06:04.6845|DEBUG|Microsoft.EntityFrameworkCore.Database.Command|Executing DbCommand [Parameters=[@__normalizedEmail_0='?' (Size = 256)], CommandType='Text', CommandTimeout='30']
SELECT TOP(2) [a].[Id], [a].[AccessFailedCount], [a].[Address], [a].[BookingID], [a].[CompanyName], [a].[ConcurrencyStamp], [a].[CreatedAt], [a].[DistanceInKM], [a].[Email], [a].[EmailConfirmed], [a].[FirstName], [a].[HomeService], [a].[ImageUrl], [a].[IsDeleted], [a].[LastLogin], [a].[LockoutEnabled], [a].[LockoutEnd], [a].[LoyaltyPoints], [a].[NormalizedEmail], [a].[NormalizedUserName], [a].[Password], [a].[PasswordHash], [a].[PasswordResetToken], [a].[PhoneNumber], [a].[PhoneNumberConfirmed], [a].[PromotionalOfferID], [a].[ResetTokenExpires], [a].[SecurityStamp], [a].[Street], [a].[StylePortfolioID], [a].[Town], [a].[TwoFactorEnabled], [a].[UserName]
FROM [AspNetUsers] AS [a]
WHERE [a].[NormalizedEmail] = @__normalizedEmail_0
2024-06-13 17:06:04.6845|INFO|Microsoft.EntityFrameworkCore.Database.Command|Executed DbCommand (3ms) [Parameters=[@__normalizedEmail_0='?' (Size = 256)], CommandType='Text', CommandTimeout='30']
SELECT TOP(2) [a].[Id], [a].[AccessFailedCount], [a].[Address], [a].[BookingID], [a].[CompanyName], [a].[ConcurrencyStamp], [a].[CreatedAt], [a].[DistanceInKM], [a].[Email], [a].[EmailConfirmed], [a].[FirstName], [a].[HomeService], [a].[ImageUrl], [a].[IsDeleted], [a].[LastLogin], [a].[LockoutEnabled], [a].[LockoutEnd], [a].[LoyaltyPoints], [a].[NormalizedEmail], [a].[NormalizedUserName], [a].[Password], [a].[PasswordHash], [a].[PasswordResetToken], [a].[PhoneNumber], [a].[PhoneNumberConfirmed], [a].[PromotionalOfferID], [a].[ResetTokenExpires], [a].[SecurityStamp], [a].[Street], [a].[StylePortfolioID], [a].[Town], [a].[TwoFactorEnabled], [a].[UserName]
FROM [AspNetUsers] AS [a]
WHERE [a].[NormalizedEmail] = @__normalizedEmail_0
2024-06-13 17:06:04.6845|DEBUG|Microsoft.EntityFrameworkCore.Database.Command|A data reader was disposed.
2024-06-13 17:06:04.7080|DEBUG|Microsoft.EntityFrameworkCore.Database.Command|Creating DbCommand for 'ExecuteReader'.
2024-06-13 17:06:04.7080|DEBUG|Microsoft.EntityFrameworkCore.Database.Command|Created DbCommand for 'ExecuteReader' (0ms).
2024-06-13 17:06:04.7080|DEBUG|Microsoft.EntityFrameworkCore.Database.Command|Executing DbCommand [Parameters=[@p32='?' (Size = 450), @p0='?' (DbType = Int32), @p1='?' (Size = 4000), @p2='?' (DbType = Int32), @p3='?' (Size = 4000), @p4='?' (Size = 4000), @p33='?' (Size = 4000), @p5='?' (DbType = DateTime2), @p6='?' (DbType = Double), @p7='?' (Size = 256), @p8='?' (DbType = Boolean), @p9='?' (Size = 4000), @p10='?' (DbType = Boolean), @p11='?' (Size = 4000), @p12='?' (DbType = Boolean), @p13='?' (DbType = DateTime2), @p14='?' (DbType = Boolean), @p15='?' (DbType = DateTimeOffset), @p16='?' (DbType = Int32), @p17='?' (Size = 256), @p18='?' (Size = 256), @p19='?' (Size = 4000), @p20='?' (Size = 4000), @p21='?' (Size = 4000), @p22='?' (Size = 4000), @p23='?' (DbType = Boolean), @p24='?' (DbType = Int32), @p25='?' (DbType = DateTime2), @p26='?' (Size = 4000), @p27='?' (Size = 4000), @p28='?' (Size = 450), @p29='?' (Size = 4000), @p30='?' (DbType = Boolean), @p31='?' (Size = 256)], CommandType='Text', CommandTimeout='30']
SET NOCOUNT ON;
UPDATE [AspNetUsers] SET [AccessFailedCount] = @p0, [Address] = @p1, [BookingID] = @p2, [CompanyName] = @p3, [ConcurrencyStamp] = @p4, [CreatedAt] = @p5, [DistanceInKM] = @p6, [Email] = @p7, [EmailConfirmed] = @p8, [FirstName] = @p9, [HomeService] = @p10, [ImageUrl] = @p11, [IsDeleted] = @p12, [LastLogin] = @p13, [LockoutEnabled] = @p14, [LockoutEnd] = @p15, [LoyaltyPoints] = @p16, [NormalizedEmail] = @p17, [NormalizedUserName] = @p18, [Password] = @p19, [PasswordHash] = @p20, [PasswordResetToken] = @p21, [PhoneNumber] = @p22, [PhoneNumberConfirmed] = @p23, [PromotionalOfferID] = @p24, [ResetTokenExpires] = @p25, [SecurityStamp] = @p26, [Street] = @p27, [StylePortfolioID] = @p28, [Town] = @p29, [TwoFactorEnabled] = @p30, [UserName] = @p31
WHERE [Id] = @p32 AND [ConcurrencyStamp] = @p33;
SELECT @@ROWCOUNT;
2024-06-13 17:06:04.7080|INFO|Microsoft.EntityFrameworkCore.Database.Command|Executed DbCommand (2ms) [Parameters=[@p32='?' (Size = 450), @p0='?' (DbType = Int32), @p1='?' (Size = 4000), @p2='?' (DbType = Int32), @p3='?' (Size = 4000), @p4='?' (Size = 4000), @p33='?' (Size = 4000), @p5='?' (DbType = DateTime2), @p6='?' (DbType = Double), @p7='?' (Size = 256), @p8='?' (DbType = Boolean), @p9='?' (Size = 4000), @p10='?' (DbType = Boolean), @p11='?' (Size = 4000), @p12='?' (DbType = Boolean), @p13='?' (DbType = DateTime2), @p14='?' (DbType = Boolean), @p15='?' (DbType = DateTimeOffset), @p16='?' (DbType = Int32), @p17='?' (Size = 256), @p18='?' (Size = 256), @p19='?' (Size = 4000), @p20='?' (Size = 4000), @p21='?' (Size = 4000), @p22='?' (Size = 4000), @p23='?' (DbType = Boolean), @p24='?' (DbType = Int32), @p25='?' (DbType = DateTime2), @p26='?' (Size = 4000), @p27='?' (Size = 4000), @p28='?' (Size = 450), @p29='?' (Size = 4000), @p30='?' (DbType = Boolean), @p31='?' (Size = 256)], CommandType='Text', CommandTimeout='30']
SET NOCOUNT ON;
UPDATE [AspNetUsers] SET [AccessFailedCount] = @p0, [Address] = @p1, [BookingID] = @p2, [CompanyName] = @p3, [ConcurrencyStamp] = @p4, [CreatedAt] = @p5, [DistanceInKM] = @p6, [Email] = @p7, [EmailConfirmed] = @p8, [FirstName] = @p9, [HomeService] = @p10, [ImageUrl] = @p11, [IsDeleted] = @p12, [LastLogin] = @p13, [LockoutEnabled] = @p14, [LockoutEnd] = @p15, [LoyaltyPoints] = @p16, [NormalizedEmail] = @p17, [NormalizedUserName] = @p18, [Password] = @p19, [PasswordHash] = @p20, [PasswordResetToken] = @p21, [PhoneNumber] = @p22, [PhoneNumberConfirmed] = @p23, [PromotionalOfferID] = @p24, [ResetTokenExpires] = @p25, [SecurityStamp] = @p26, [Street] = @p27, [StylePortfolioID] = @p28, [Town] = @p29, [TwoFactorEnabled] = @p30, [UserName] = @p31
WHERE [Id] = @p32 AND [ConcurrencyStamp] = @p33;
SELECT @@ROWCOUNT;
2024-06-13 17:06:04.7080|DEBUG|Microsoft.EntityFrameworkCore.Database.Command|A data reader was disposed.
2024-06-13 17:06:42.5238|DEBUG|Microsoft.EntityFrameworkCore.Database.Command|Creating DbCommand for 'ExecuteReader'.
2024-06-13 17:06:42.5238|DEBUG|Microsoft.EntityFrameworkCore.Database.Command|Created DbCommand for 'ExecuteReader' (0ms).
2024-06-13 17:06:42.5238|DEBUG|Microsoft.EntityFrameworkCore.Database.Command|Executing DbCommand [Parameters=[@__normalizedUserName_0='?' (Size = 256)], CommandType='Text', CommandTimeout='30']
SELECT TOP(1) [a].[Id], [a].[AccessFailedCount], [a].[Address], [a].[BookingID], [a].[CompanyName], [a].[ConcurrencyStamp], [a].[CreatedAt], [a].[DistanceInKM], [a].[Email], [a].[EmailConfirmed], [a].[FirstName], [a].[HomeService], [a].[ImageUrl], [a].[IsDeleted], [a].[LastLogin], [a].[LockoutEnabled], [a].[LockoutEnd], [a].[LoyaltyPoints], [a].[NormalizedEmail], [a].[NormalizedUserName], [a].[Password], [a].[PasswordHash], [a].[PasswordResetToken], [a].[PhoneNumber], [a].[PhoneNumberConfirmed], [a].[PromotionalOfferID], [a].[ResetTokenExpires], [a].[SecurityStamp], [a].[Street], [a].[StylePortfolioID], [a].[Town], [a].[TwoFactorEnabled], [a].[UserName]
FROM [AspNetUsers] AS [a]
WHERE [a].[NormalizedUserName] = @__normalizedUserName_0
2024-06-13 17:06:42.5238|INFO|Microsoft.EntityFrameworkCore.Database.Command|Executed DbCommand (2ms) [Parameters=[@__normalizedUserName_0='?' (Size = 256)], CommandType='Text', CommandTimeout='30']
SELECT TOP(1) [a].[Id], [a].[AccessFailedCount], [a].[Address], [a].[BookingID], [a].[CompanyName], [a].[ConcurrencyStamp], [a].[CreatedAt], [a].[DistanceInKM], [a].[Email], [a].[EmailConfirmed], [a].[FirstName], [a].[HomeService], [a].[ImageUrl], [a].[IsDeleted], [a].[LastLogin], [a].[LockoutEnabled], [a].[LockoutEnd], [a].[LoyaltyPoints], [a].[NormalizedEmail], [a].[NormalizedUserName], [a].[Password], [a].[PasswordHash], [a].[PasswordResetToken], [a].[PhoneNumber], [a].[PhoneNumberConfirmed], [a].[PromotionalOfferID], [a].[ResetTokenExpires], [a].[SecurityStamp], [a].[Street], [a].[StylePortfolioID], [a].[Town], [a].[TwoFactorEnabled], [a].[UserName]
FROM [AspNetUsers] AS [a]
WHERE [a].[NormalizedUserName] = @__normalizedUserName_0
2024-06-13 17:06:42.5238|DEBUG|Microsoft.EntityFrameworkCore.Database.Command|A data reader was disposed.
2024-06-13 17:06:42.5238|DEBUG|Microsoft.EntityFrameworkCore.Database.Command|Creating DbCommand for 'ExecuteReader'.
2024-06-13 17:06:42.5238|DEBUG|Microsoft.EntityFrameworkCore.Database.Command|Created DbCommand for 'ExecuteReader' (0ms).
2024-06-13 17:06:42.5532|DEBUG|Microsoft.EntityFrameworkCore.Database.Command|Executing DbCommand [Parameters=[@__normalizedEmail_0='?' (Size = 256)], CommandType='Text', CommandTimeout='30']
SELECT TOP(2) [a].[Id], [a].[AccessFailedCount], [a].[Address], [a].[BookingID], [a].[CompanyName], [a].[ConcurrencyStamp], [a].[CreatedAt], [a].[DistanceInKM], [a].[Email], [a].[EmailConfirmed], [a].[FirstName], [a].[HomeService], [a].[ImageUrl], [a].[IsDeleted], [a].[LastLogin], [a].[LockoutEnabled], [a].[LockoutEnd], [a].[LoyaltyPoints], [a].[NormalizedEmail], [a].[NormalizedUserName], [a].[Password], [a].[PasswordHash], [a].[PasswordResetToken], [a].[PhoneNumber], [a].[PhoneNumberConfirmed], [a].[PromotionalOfferID], [a].[ResetTokenExpires], [a].[SecurityStamp], [a].[Street], [a].[StylePortfolioID], [a].[Town], [a].[TwoFactorEnabled], [a].[UserName]
FROM [AspNetUsers] AS [a]
WHERE [a].[NormalizedEmail] = @__normalizedEmail_0
2024-06-13 17:06:42.5554|INFO|Microsoft.EntityFrameworkCore.Database.Command|Executed DbCommand (2ms) [Parameters=[@__normalizedEmail_0='?' (Size = 256)], CommandType='Text', CommandTimeout='30']
SELECT TOP(2) [a].[Id], [a].[AccessFailedCount], [a].[Address], [a].[BookingID], [a].[CompanyName], [a].[ConcurrencyStamp], [a].[CreatedAt], [a].[DistanceInKM], [a].[Email], [a].[EmailConfirmed], [a].[FirstName], [a].[HomeService], [a].[ImageUrl], [a].[IsDeleted], [a].[LastLogin], [a].[LockoutEnabled], [a].[LockoutEnd], [a].[LoyaltyPoints], [a].[NormalizedEmail], [a].[NormalizedUserName], [a].[Password], [a].[PasswordHash], [a].[PasswordResetToken], [a].[PhoneNumber], [a].[PhoneNumberConfirmed], [a].[PromotionalOfferID], [a].[ResetTokenExpires], [a].[SecurityStamp], [a].[Street], [a].[StylePortfolioID], [a].[Town], [a].[TwoFactorEnabled], [a].[UserName]
FROM [AspNetUsers] AS [a]
WHERE [a].[NormalizedEmail] = @__normalizedEmail_0
2024-06-13 17:06:42.5554|DEBUG|Microsoft.EntityFrameworkCore.Database.Command|A data reader was disposed.
2024-06-13 17:06:42.5554|DEBUG|Microsoft.EntityFrameworkCore.Database.Command|Creating DbCommand for 'ExecuteReader'.
2024-06-13 17:06:42.5554|DEBUG|Microsoft.EntityFrameworkCore.Database.Command|Created DbCommand for 'ExecuteReader' (0ms).
2024-06-13 17:06:42.5554|DEBUG|Microsoft.EntityFrameworkCore.Database.Command|Executing DbCommand [Parameters=[@p32='?' (Size = 450), @p0='?' (DbType = Int32), @p1='?' (Size = 4000), @p2='?' (DbType = Int32), @p3='?' (Size = 4000), @p4='?' (Size = 4000), @p33='?' (Size = 4000), @p5='?' (DbType = DateTime2), @p6='?' (DbType = Double), @p7='?' (Size = 256), @p8='?' (DbType = Boolean), @p9='?' (Size = 4000), @p10='?' (DbType = Boolean), @p11='?' (Size = 4000), @p12='?' (DbType = Boolean), @p13='?' (DbType = DateTime2), @p14='?' (DbType = Boolean), @p15='?' (DbType = DateTimeOffset), @p16='?' (DbType = Int32), @p17='?' (Size = 256), @p18='?' (Size = 256), @p19='?' (Size = 4000), @p20='?' (Size = 4000), @p21='?' (Size = 4000), @p22='?' (Size = 4000), @p23='?' (DbType = Boolean), @p24='?' (DbType = Int32), @p25='?' (DbType = DateTime2), @p26='?' (Size = 4000), @p27='?' (Size = 4000), @p28='?' (Size = 450), @p29='?' (Size = 4000), @p30='?' (DbType = Boolean), @p31='?' (Size = 256)], CommandType='Text', CommandTimeout='30']
SET NOCOUNT ON;
UPDATE [AspNetUsers] SET [AccessFailedCount] = @p0, [Address] = @p1, [BookingID] = @p2, [CompanyName] = @p3, [ConcurrencyStamp] = @p4, [CreatedAt] = @p5, [DistanceInKM] = @p6, [Email] = @p7, [EmailConfirmed] = @p8, [FirstName] = @p9, [HomeService] = @p10, [ImageUrl] = @p11, [IsDeleted] = @p12, [LastLogin] = @p13, [LockoutEnabled] = @p14, [LockoutEnd] = @p15, [LoyaltyPoints] = @p16, [NormalizedEmail] = @p17, [NormalizedUserName] = @p18, [Password] = @p19, [PasswordHash] = @p20, [PasswordResetToken] = @p21, [PhoneNumber] = @p22, [PhoneNumberConfirmed] = @p23, [PromotionalOfferID] = @p24, [ResetTokenExpires] = @p25, [SecurityStamp] = @p26, [Street] = @p27, [StylePortfolioID] = @p28, [Town] = @p29, [TwoFactorEnabled] = @p30, [UserName] = @p31
WHERE [Id] = @p32 AND [ConcurrencyStamp] = @p33;
SELECT @@ROWCOUNT;
2024-06-13 17:06:42.5748|ERROR|Microsoft.EntityFrameworkCore.Database.Command|Failed executing DbCommand (13ms) [Parameters=[@p32='?' (Size = 450), @p0='?' (DbType = Int32), @p1='?' (Size = 4000), @p2='?' (DbType = Int32), @p3='?' (Size = 4000), @p4='?' (Size = 4000), @p33='?' (Size = 4000), @p5='?' (DbType = DateTime2), @p6='?' (DbType = Double), @p7='?' (Size = 256), @p8='?' (DbType = Boolean), @p9='?' (Size = 4000), @p10='?' (DbType = Boolean), @p11='?' (Size = 4000), @p12='?' (DbType = Boolean), @p13='?' (DbType = DateTime2), @p14='?' (DbType = Boolean), @p15='?' (DbType = DateTimeOffset), @p16='?' (DbType = Int32), @p17='?' (Size = 256), @p18='?' (Size = 256), @p19='?' (Size = 4000), @p20='?' (Size = 4000), @p21='?' (Size = 4000), @p22='?' (Size = 4000), @p23='?' (DbType = Boolean), @p24='?' (DbType = Int32), @p25='?' (DbType = DateTime2), @p26='?' (Size = 4000), @p27='?' (Size = 4000), @p28='?' (Size = 450), @p29='?' (Size = 4000), @p30='?' (DbType = Boolean), @p31='?' (Size = 256)], CommandType='Text', CommandTimeout='30']
SET NOCOUNT ON;
UPDATE [AspNetUsers] SET [AccessFailedCount] = @p0, [Address] = @p1, [BookingID] = @p2, [CompanyName] = @p3, [ConcurrencyStamp] = @p4, [CreatedAt] = @p5, [DistanceInKM] = @p6, [Email] = @p7, [EmailConfirmed] = @p8, [FirstName] = @p9, [HomeService] = @p10, [ImageUrl] = @p11, [IsDeleted] = @p12, [LastLogin] = @p13, [LockoutEnabled] = @p14, [LockoutEnd] = @p15, [LoyaltyPoints] = @p16, [NormalizedEmail] = @p17, [NormalizedUserName] = @p18, [Password] = @p19, [PasswordHash] = @p20, [PasswordResetToken] = @p21, [PhoneNumber] = @p22, [PhoneNumberConfirmed] = @p23, [PromotionalOfferID] = @p24, [ResetTokenExpires] = @p25, [SecurityStamp] = @p26, [Street] = @p27, [StylePortfolioID] = @p28, [Town] = @p29, [TwoFactorEnabled] = @p30, [UserName] = @p31
WHERE [Id] = @p32 AND [ConcurrencyStamp] = @p33;
SELECT @@ROWCOUNT;
