2024-05-20 01:19:07.5326|DEBUG|Microsoft.EntityFrameworkCore.Database.Command|Creating DbCommand for 'ExecuteReader'.
2024-05-20 01:19:07.6913|DEBUG|Microsoft.EntityFrameworkCore.Database.Command|Created DbCommand for 'ExecuteReader' (146ms).
2024-05-20 01:19:08.8412|DEBUG|Microsoft.EntityFrameworkCore.Database.Command|Executing DbCommand [Parameters=[@__normalizedName_0='?' (Size = 256)], CommandType='Text', CommandTimeout='30']
SELECT TOP(1) [a].[Id], [a].[ConcurrencyStamp], [a].[Name], [a].[NormalizedName]
FROM [AspNetRoles] AS [a]
WHERE [a].[NormalizedName] = @__normalizedName_0
2024-05-20 01:19:09.1436|INFO|Microsoft.EntityFrameworkCore.Database.Command|Executed DbCommand (313ms) [Parameters=[@__normalizedName_0='?' (Size = 256)], CommandType='Text', CommandTimeout='30']
SELECT TOP(1) [a].[Id], [a].[ConcurrencyStamp], [a].[Name], [a].[NormalizedName]
FROM [AspNetRoles] AS [a]
WHERE [a].[NormalizedName] = @__normalizedName_0
2024-05-20 01:19:09.2423|DEBUG|Microsoft.EntityFrameworkCore.Database.Command|A data reader was disposed.
2024-05-20 01:19:09.3177|DEBUG|Microsoft.EntityFrameworkCore.Database.Command|Creating DbCommand for 'ExecuteReader'.
2024-05-20 01:19:09.3177|DEBUG|Microsoft.EntityFrameworkCore.Database.Command|Created DbCommand for 'ExecuteReader' (0ms).
2024-05-20 01:19:09.3231|DEBUG|Microsoft.EntityFrameworkCore.Database.Command|Executing DbCommand [Parameters=[@__normalizedName_0='?' (Size = 256)], CommandType='Text', CommandTimeout='30']
SELECT TOP(1) [a].[Id], [a].[ConcurrencyStamp], [a].[Name], [a].[NormalizedName]
FROM [AspNetRoles] AS [a]
WHERE [a].[NormalizedName] = @__normalizedName_0
2024-05-20 01:19:09.3396|INFO|Microsoft.EntityFrameworkCore.Database.Command|Executed DbCommand (15ms) [Parameters=[@__normalizedName_0='?' (Size = 256)], CommandType='Text', CommandTimeout='30']
SELECT TOP(1) [a].[Id], [a].[ConcurrencyStamp], [a].[Name], [a].[NormalizedName]
FROM [AspNetRoles] AS [a]
WHERE [a].[NormalizedName] = @__normalizedName_0
2024-05-20 01:19:09.3396|DEBUG|Microsoft.EntityFrameworkCore.Database.Command|A data reader was disposed.
2024-05-20 01:19:09.8993|DEBUG|Microsoft.EntityFrameworkCore.Database.Command|Creating DbCommand for 'ExecuteReader'.
2024-05-20 01:19:09.8993|DEBUG|Microsoft.EntityFrameworkCore.Database.Command|Created DbCommand for 'ExecuteReader' (0ms).
2024-05-20 01:19:09.8993|DEBUG|Microsoft.EntityFrameworkCore.Database.Command|Executing DbCommand [Parameters=[@p0='?' (Size = 450), @p1='?' (Size = 4000), @p2='?' (Size = 256), @p3='?' (Size = 256)], CommandType='Text', CommandTimeout='30']
SET NOCOUNT ON;
INSERT INTO [AspNetRoles] ([Id], [ConcurrencyStamp], [Name], [NormalizedName])
VALUES (@p0, @p1, @p2, @p3);
2024-05-20 01:19:09.9615|INFO|Microsoft.EntityFrameworkCore.Database.Command|Executed DbCommand (59ms) [Parameters=[@p0='?' (Size = 450), @p1='?' (Size = 4000), @p2='?' (Size = 256), @p3='?' (Size = 256)], CommandType='Text', CommandTimeout='30']
SET NOCOUNT ON;
INSERT INTO [AspNetRoles] ([Id], [ConcurrencyStamp], [Name], [NormalizedName])
VALUES (@p0, @p1, @p2, @p3);
2024-05-20 01:19:09.9615|DEBUG|Microsoft.EntityFrameworkCore.Database.Command|A data reader was disposed.
2024-05-20 01:19:10.0730|DEBUG|Microsoft.EntityFrameworkCore.Database.Command|Creating DbCommand for 'ExecuteReader'.
2024-05-20 01:19:10.0730|DEBUG|Microsoft.EntityFrameworkCore.Database.Command|Created DbCommand for 'ExecuteReader' (0ms).
2024-05-20 01:19:10.0730|DEBUG|Microsoft.EntityFrameworkCore.Database.Command|Executing DbCommand [Parameters=[@__normalizedName_0='?' (Size = 256)], CommandType='Text', CommandTimeout='30']
SELECT TOP(1) [a].[Id], [a].[ConcurrencyStamp], [a].[Name], [a].[NormalizedName]
FROM [AspNetRoles] AS [a]
WHERE [a].[NormalizedName] = @__normalizedName_0
2024-05-20 01:19:10.1072|INFO|Microsoft.EntityFrameworkCore.Database.Command|Executed DbCommand (25ms) [Parameters=[@__normalizedName_0='?' (Size = 256)], CommandType='Text', CommandTimeout='30']
SELECT TOP(1) [a].[Id], [a].[ConcurrencyStamp], [a].[Name], [a].[NormalizedName]
FROM [AspNetRoles] AS [a]
WHERE [a].[NormalizedName] = @__normalizedName_0
2024-05-20 01:19:10.1072|DEBUG|Microsoft.EntityFrameworkCore.Database.Command|A data reader was disposed.
2024-05-20 01:19:10.1072|DEBUG|Microsoft.EntityFrameworkCore.Database.Command|Creating DbCommand for 'ExecuteReader'.
2024-05-20 01:19:10.1072|DEBUG|Microsoft.EntityFrameworkCore.Database.Command|Created DbCommand for 'ExecuteReader' (0ms).
2024-05-20 01:19:10.1072|DEBUG|Microsoft.EntityFrameworkCore.Database.Command|Executing DbCommand [Parameters=[@__normalizedName_0='?' (Size = 256)], CommandType='Text', CommandTimeout='30']
SELECT TOP(1) [a].[Id], [a].[ConcurrencyStamp], [a].[Name], [a].[NormalizedName]
FROM [AspNetRoles] AS [a]
WHERE [a].[NormalizedName] = @__normalizedName_0
2024-05-20 01:19:10.1072|INFO|Microsoft.EntityFrameworkCore.Database.Command|Executed DbCommand (3ms) [Parameters=[@__normalizedName_0='?' (Size = 256)], CommandType='Text', CommandTimeout='30']
SELECT TOP(1) [a].[Id], [a].[ConcurrencyStamp], [a].[Name], [a].[NormalizedName]
FROM [AspNetRoles] AS [a]
WHERE [a].[NormalizedName] = @__normalizedName_0
2024-05-20 01:19:10.1072|DEBUG|Microsoft.EntityFrameworkCore.Database.Command|A data reader was disposed.
2024-05-20 01:19:10.1250|DEBUG|Microsoft.EntityFrameworkCore.Database.Command|Creating DbCommand for 'ExecuteReader'.
2024-05-20 01:19:10.1250|DEBUG|Microsoft.EntityFrameworkCore.Database.Command|Created DbCommand for 'ExecuteReader' (0ms).
2024-05-20 01:19:10.1250|DEBUG|Microsoft.EntityFrameworkCore.Database.Command|Executing DbCommand [Parameters=[@p0='?' (Size = 450), @p1='?' (Size = 4000), @p2='?' (Size = 256), @p3='?' (Size = 256)], CommandType='Text', CommandTimeout='30']
SET NOCOUNT ON;
INSERT INTO [AspNetRoles] ([Id], [ConcurrencyStamp], [Name], [NormalizedName])
VALUES (@p0, @p1, @p2, @p3);
2024-05-20 01:19:10.1344|INFO|Microsoft.EntityFrameworkCore.Database.Command|Executed DbCommand (6ms) [Parameters=[@p0='?' (Size = 450), @p1='?' (Size = 4000), @p2='?' (Size = 256), @p3='?' (Size = 256)], CommandType='Text', CommandTimeout='30']
SET NOCOUNT ON;
INSERT INTO [AspNetRoles] ([Id], [ConcurrencyStamp], [Name], [NormalizedName])
VALUES (@p0, @p1, @p2, @p3);
2024-05-20 01:19:10.1344|DEBUG|Microsoft.EntityFrameworkCore.Database.Command|A data reader was disposed.
2024-05-20 01:19:10.2174|DEBUG|Microsoft.EntityFrameworkCore.Database.Command|Creating DbCommand for 'ExecuteReader'.
2024-05-20 01:19:10.2174|DEBUG|Microsoft.EntityFrameworkCore.Database.Command|Created DbCommand for 'ExecuteReader' (0ms).
2024-05-20 01:19:10.2174|DEBUG|Microsoft.EntityFrameworkCore.Database.Command|Executing DbCommand [Parameters=[@__normalizedUserName_0='?' (Size = 256)], CommandType='Text', CommandTimeout='30']
SELECT TOP(1) [a].[Id], [a].[AccessFailedCount], [a].[ConcurrencyStamp], [a].[Email], [a].[EmailConfirmed], [a].[LockoutEnabled], [a].[LockoutEnd], [a].[NormalizedEmail], [a].[NormalizedUserName], [a].[PasswordHash], [a].[PhoneNumber], [a].[PhoneNumberConfirmed], [a].[SecurityStamp], [a].[TwoFactorEnabled], [a].[UserName], [a].[UserType], [a].[AppUser_Address], [a].[CreatedAt], [a].[FirstName], [a].[AppUser_ImageUrl], [a].[IsDeleted], [a].[AppUser_LastLogin], [a].[LoyaltyPoints], [a].[Password], [a].[AppUser_PasswordResetToken], [a].[ResetTokenExpires]
FROM [AppUsers] AS [a]
WHERE ([a].[UserType] = N'AppUser') AND ([a].[NormalizedUserName] = @__normalizedUserName_0)
2024-05-20 01:19:10.2324|INFO|Microsoft.EntityFrameworkCore.Database.Command|Executed DbCommand (14ms) [Parameters=[@__normalizedUserName_0='?' (Size = 256)], CommandType='Text', CommandTimeout='30']
SELECT TOP(1) [a].[Id], [a].[AccessFailedCount], [a].[ConcurrencyStamp], [a].[Email], [a].[EmailConfirmed], [a].[LockoutEnabled], [a].[LockoutEnd], [a].[NormalizedEmail], [a].[NormalizedUserName], [a].[PasswordHash], [a].[PhoneNumber], [a].[PhoneNumberConfirmed], [a].[SecurityStamp], [a].[TwoFactorEnabled], [a].[UserName], [a].[UserType], [a].[AppUser_Address], [a].[CreatedAt], [a].[FirstName], [a].[AppUser_ImageUrl], [a].[IsDeleted], [a].[AppUser_LastLogin], [a].[LoyaltyPoints], [a].[Password], [a].[AppUser_PasswordResetToken], [a].[ResetTokenExpires]
FROM [AppUsers] AS [a]
WHERE ([a].[UserType] = N'AppUser') AND ([a].[NormalizedUserName] = @__normalizedUserName_0)
2024-05-20 01:19:10.2324|DEBUG|Microsoft.EntityFrameworkCore.Database.Command|A data reader was disposed.
2024-05-20 01:19:10.3084|DEBUG|Microsoft.EntityFrameworkCore.Database.Command|Creating DbCommand for 'ExecuteReader'.
2024-05-20 01:19:10.3084|DEBUG|Microsoft.EntityFrameworkCore.Database.Command|Created DbCommand for 'ExecuteReader' (0ms).
2024-05-20 01:19:10.3084|DEBUG|Microsoft.EntityFrameworkCore.Database.Command|Executing DbCommand [Parameters=[@__normalizedUserName_0='?' (Size = 256)], CommandType='Text', CommandTimeout='30']
SELECT TOP(1) [a].[Id], [a].[AccessFailedCount], [a].[ConcurrencyStamp], [a].[Email], [a].[EmailConfirmed], [a].[LockoutEnabled], [a].[LockoutEnd], [a].[NormalizedEmail], [a].[NormalizedUserName], [a].[PasswordHash], [a].[PhoneNumber], [a].[PhoneNumberConfirmed], [a].[SecurityStamp], [a].[TwoFactorEnabled], [a].[UserName], [a].[UserType], [a].[AppUser_Address], [a].[CreatedAt], [a].[FirstName], [a].[AppUser_ImageUrl], [a].[IsDeleted], [a].[AppUser_LastLogin], [a].[LoyaltyPoints], [a].[Password], [a].[AppUser_PasswordResetToken], [a].[ResetTokenExpires]
FROM [AppUsers] AS [a]
WHERE ([a].[UserType] = N'AppUser') AND ([a].[NormalizedUserName] = @__normalizedUserName_0)
2024-05-20 01:19:10.3084|INFO|Microsoft.EntityFrameworkCore.Database.Command|Executed DbCommand (10ms) [Parameters=[@__normalizedUserName_0='?' (Size = 256)], CommandType='Text', CommandTimeout='30']
SELECT TOP(1) [a].[Id], [a].[AccessFailedCount], [a].[ConcurrencyStamp], [a].[Email], [a].[EmailConfirmed], [a].[LockoutEnabled], [a].[LockoutEnd], [a].[NormalizedEmail], [a].[NormalizedUserName], [a].[PasswordHash], [a].[PhoneNumber], [a].[PhoneNumberConfirmed], [a].[SecurityStamp], [a].[TwoFactorEnabled], [a].[UserName], [a].[UserType], [a].[AppUser_Address], [a].[CreatedAt], [a].[FirstName], [a].[AppUser_ImageUrl], [a].[IsDeleted], [a].[AppUser_LastLogin], [a].[LoyaltyPoints], [a].[Password], [a].[AppUser_PasswordResetToken], [a].[ResetTokenExpires]
FROM [AppUsers] AS [a]
WHERE ([a].[UserType] = N'AppUser') AND ([a].[NormalizedUserName] = @__normalizedUserName_0)
2024-05-20 01:19:10.3207|DEBUG|Microsoft.EntityFrameworkCore.Database.Command|A data reader was disposed.
2024-05-20 01:19:10.7129|DEBUG|Microsoft.EntityFrameworkCore.Database.Command|Creating DbCommand for 'ExecuteReader'.
2024-05-20 01:19:10.7129|DEBUG|Microsoft.EntityFrameworkCore.Database.Command|Created DbCommand for 'ExecuteReader' (0ms).
2024-05-20 01:19:10.7129|DEBUG|Microsoft.EntityFrameworkCore.Database.Command|Executing DbCommand [Parameters=[@p0='?' (Size = 450), @p1='?' (DbType = Int32), @p2='?' (Size = 100), @p3='?' (Size = 4000), @p4='?' (DbType = DateTime2), @p5='?' (Size = 256), @p6='?' (DbType = Boolean), @p7='?' (Size = 50), @p8='?' (Size = 255), @p9='?' (DbType = Boolean), @p10='?' (DbType = DateTime2), @p11='?' (DbType = Boolean), @p12='?' (DbType = DateTimeOffset), @p13='?' (DbType = Int32), @p14='?' (Size = 256), @p15='?' (Size = 256), @p16='?' (Size = 100), @p17='?' (Size = 4000), @p18='?' (Size = 100), @p19='?' (Size = 20), @p20='?' (DbType = Boolean), @p21='?' (DbType = DateTime2), @p22='?' (Size = 4000), @p23='?' (DbType = Boolean), @p24='?' (Size = 256), @p25='?' (Size = 4000)], CommandType='Text', CommandTimeout='30']
SET NOCOUNT ON;
INSERT INTO [AppUsers] ([Id], [AccessFailedCount], [AppUser_Address], [ConcurrencyStamp], [CreatedAt], [Email], [EmailConfirmed], [FirstName], [AppUser_ImageUrl], [IsDeleted], [AppUser_LastLogin], [LockoutEnabled], [LockoutEnd], [LoyaltyPoints], [NormalizedEmail], [NormalizedUserName], [Password], [PasswordHash], [AppUser_PasswordResetToken], [PhoneNumber], [PhoneNumberConfirmed], [ResetTokenExpires], [SecurityStamp], [TwoFactorEnabled], [UserName], [UserType])
VALUES (@p0, @p1, @p2, @p3, @p4, @p5, @p6, @p7, @p8, @p9, @p10, @p11, @p12, @p13, @p14, @p15, @p16, @p17, @p18, @p19, @p20, @p21, @p22, @p23, @p24, @p25);
2024-05-20 01:19:10.7854|INFO|Microsoft.EntityFrameworkCore.Database.Command|Executed DbCommand (67ms) [Parameters=[@p0='?' (Size = 450), @p1='?' (DbType = Int32), @p2='?' (Size = 100), @p3='?' (Size = 4000), @p4='?' (DbType = DateTime2), @p5='?' (Size = 256), @p6='?' (DbType = Boolean), @p7='?' (Size = 50), @p8='?' (Size = 255), @p9='?' (DbType = Boolean), @p10='?' (DbType = DateTime2), @p11='?' (DbType = Boolean), @p12='?' (DbType = DateTimeOffset), @p13='?' (DbType = Int32), @p14='?' (Size = 256), @p15='?' (Size = 256), @p16='?' (Size = 100), @p17='?' (Size = 4000), @p18='?' (Size = 100), @p19='?' (Size = 20), @p20='?' (DbType = Boolean), @p21='?' (DbType = DateTime2), @p22='?' (Size = 4000), @p23='?' (DbType = Boolean), @p24='?' (Size = 256), @p25='?' (Size = 4000)], CommandType='Text', CommandTimeout='30']
SET NOCOUNT ON;
INSERT INTO [AppUsers] ([Id], [AccessFailedCount], [AppUser_Address], [ConcurrencyStamp], [CreatedAt], [Email], [EmailConfirmed], [FirstName], [AppUser_ImageUrl], [IsDeleted], [AppUser_LastLogin], [LockoutEnabled], [LockoutEnd], [LoyaltyPoints], [NormalizedEmail], [NormalizedUserName], [Password], [PasswordHash], [AppUser_PasswordResetToken], [PhoneNumber], [PhoneNumberConfirmed], [ResetTokenExpires], [SecurityStamp], [TwoFactorEnabled], [UserName], [UserType])
VALUES (@p0, @p1, @p2, @p3, @p4, @p5, @p6, @p7, @p8, @p9, @p10, @p11, @p12, @p13, @p14, @p15, @p16, @p17, @p18, @p19, @p20, @p21, @p22, @p23, @p24, @p25);
2024-05-20 01:19:10.7854|DEBUG|Microsoft.EntityFrameworkCore.Database.Command|A data reader was disposed.
2024-05-20 01:19:10.8097|DEBUG|Microsoft.EntityFrameworkCore.Database.Command|Creating DbCommand for 'ExecuteReader'.
2024-05-20 01:19:10.8097|DEBUG|Microsoft.EntityFrameworkCore.Database.Command|Created DbCommand for 'ExecuteReader' (0ms).
2024-05-20 01:19:10.8097|DEBUG|Microsoft.EntityFrameworkCore.Database.Command|Executing DbCommand [Parameters=[@__normalizedRoleName_0='?' (Size = 256)], CommandType='Text', CommandTimeout='30']
SELECT TOP(2) [a].[Id], [a].[ConcurrencyStamp], [a].[Name], [a].[NormalizedName]
FROM [AspNetRoles] AS [a]
WHERE [a].[NormalizedName] = @__normalizedRoleName_0
2024-05-20 01:19:10.8254|INFO|Microsoft.EntityFrameworkCore.Database.Command|Executed DbCommand (6ms) [Parameters=[@__normalizedRoleName_0='?' (Size = 256)], CommandType='Text', CommandTimeout='30']
SELECT TOP(2) [a].[Id], [a].[ConcurrencyStamp], [a].[Name], [a].[NormalizedName]
FROM [AspNetRoles] AS [a]
WHERE [a].[NormalizedName] = @__normalizedRoleName_0
2024-05-20 01:19:10.8497|DEBUG|Microsoft.EntityFrameworkCore.Database.Command|A data reader was disposed.
2024-05-20 01:19:10.9024|DEBUG|Microsoft.EntityFrameworkCore.Database.Command|Creating DbCommand for 'ExecuteReader'.
2024-05-20 01:19:10.9024|DEBUG|Microsoft.EntityFrameworkCore.Database.Command|Created DbCommand for 'ExecuteReader' (0ms).
2024-05-20 01:19:10.9024|DEBUG|Microsoft.EntityFrameworkCore.Database.Command|Executing DbCommand [Parameters=[@__p_0='?' (Size = 450), @__p_1='?' (Size = 450)], CommandType='Text', CommandTimeout='30']
SELECT TOP(1) [a].[UserId], [a].[RoleId]
FROM [AspNetUserRoles] AS [a]
WHERE ([a].[UserId] = @__p_0) AND ([a].[RoleId] = @__p_1)
2024-05-20 01:19:10.9024|INFO|Microsoft.EntityFrameworkCore.Database.Command|Executed DbCommand (6ms) [Parameters=[@__p_0='?' (Size = 450), @__p_1='?' (Size = 450)], CommandType='Text', CommandTimeout='30']
SELECT TOP(1) [a].[UserId], [a].[RoleId]
FROM [AspNetUserRoles] AS [a]
WHERE ([a].[UserId] = @__p_0) AND ([a].[RoleId] = @__p_1)
2024-05-20 01:19:10.9140|DEBUG|Microsoft.EntityFrameworkCore.Database.Command|A data reader was disposed.
2024-05-20 01:19:10.9140|DEBUG|Microsoft.EntityFrameworkCore.Database.Command|Creating DbCommand for 'ExecuteReader'.
2024-05-20 01:19:10.9140|DEBUG|Microsoft.EntityFrameworkCore.Database.Command|Created DbCommand for 'ExecuteReader' (0ms).
2024-05-20 01:19:10.9140|DEBUG|Microsoft.EntityFrameworkCore.Database.Command|Executing DbCommand [Parameters=[@__normalizedRoleName_0='?' (Size = 256)], CommandType='Text', CommandTimeout='30']
SELECT TOP(2) [a].[Id], [a].[ConcurrencyStamp], [a].[Name], [a].[NormalizedName]
FROM [AspNetRoles] AS [a]
WHERE [a].[NormalizedName] = @__normalizedRoleName_0
2024-05-20 01:19:10.9311|INFO|Microsoft.EntityFrameworkCore.Database.Command|Executed DbCommand (3ms) [Parameters=[@__normalizedRoleName_0='?' (Size = 256)], CommandType='Text', CommandTimeout='30']
SELECT TOP(2) [a].[Id], [a].[ConcurrencyStamp], [a].[Name], [a].[NormalizedName]
FROM [AspNetRoles] AS [a]
WHERE [a].[NormalizedName] = @__normalizedRoleName_0
2024-05-20 01:19:10.9311|DEBUG|Microsoft.EntityFrameworkCore.Database.Command|A data reader was disposed.
2024-05-20 01:19:10.9729|DEBUG|Microsoft.EntityFrameworkCore.Database.Command|Creating DbCommand for 'ExecuteReader'.
2024-05-20 01:19:10.9729|DEBUG|Microsoft.EntityFrameworkCore.Database.Command|Created DbCommand for 'ExecuteReader' (0ms).
2024-05-20 01:19:10.9729|DEBUG|Microsoft.EntityFrameworkCore.Database.Command|Executing DbCommand [Parameters=[@__normalizedUserName_0='?' (Size = 256)], CommandType='Text', CommandTimeout='30']
SELECT TOP(1) [a].[Id], [a].[AccessFailedCount], [a].[ConcurrencyStamp], [a].[Email], [a].[EmailConfirmed], [a].[LockoutEnabled], [a].[LockoutEnd], [a].[NormalizedEmail], [a].[NormalizedUserName], [a].[PasswordHash], [a].[PhoneNumber], [a].[PhoneNumberConfirmed], [a].[SecurityStamp], [a].[TwoFactorEnabled], [a].[UserName], [a].[UserType], [a].[AppUser_Address], [a].[CreatedAt], [a].[FirstName], [a].[AppUser_ImageUrl], [a].[IsDeleted], [a].[AppUser_LastLogin], [a].[LoyaltyPoints], [a].[Password], [a].[AppUser_PasswordResetToken], [a].[ResetTokenExpires]
FROM [AppUsers] AS [a]
WHERE ([a].[UserType] = N'AppUser') AND ([a].[NormalizedUserName] = @__normalizedUserName_0)
2024-05-20 01:19:11.0026|INFO|Microsoft.EntityFrameworkCore.Database.Command|Executed DbCommand (26ms) [Parameters=[@__normalizedUserName_0='?' (Size = 256)], CommandType='Text', CommandTimeout='30']
SELECT TOP(1) [a].[Id], [a].[AccessFailedCount], [a].[ConcurrencyStamp], [a].[Email], [a].[EmailConfirmed], [a].[LockoutEnabled], [a].[LockoutEnd], [a].[NormalizedEmail], [a].[NormalizedUserName], [a].[PasswordHash], [a].[PhoneNumber], [a].[PhoneNumberConfirmed], [a].[SecurityStamp], [a].[TwoFactorEnabled], [a].[UserName], [a].[UserType], [a].[AppUser_Address], [a].[CreatedAt], [a].[FirstName], [a].[AppUser_ImageUrl], [a].[IsDeleted], [a].[AppUser_LastLogin], [a].[LoyaltyPoints], [a].[Password], [a].[AppUser_PasswordResetToken], [a].[ResetTokenExpires]
FROM [AppUsers] AS [a]
WHERE ([a].[UserType] = N'AppUser') AND ([a].[NormalizedUserName] = @__normalizedUserName_0)
2024-05-20 01:19:11.0124|DEBUG|Microsoft.EntityFrameworkCore.Database.Command|A data reader was disposed.
2024-05-20 01:19:11.0645|DEBUG|Microsoft.EntityFrameworkCore.Database.Command|Creating DbCommand for 'ExecuteReader'.
2024-05-20 01:19:11.0645|DEBUG|Microsoft.EntityFrameworkCore.Database.Command|Created DbCommand for 'ExecuteReader' (0ms).
2024-05-20 01:19:11.0645|DEBUG|Microsoft.EntityFrameworkCore.Database.Command|Executing DbCommand [Parameters=[@p24='?' (Size = 450), @p0='?' (DbType = Int32), @p1='?' (Size = 100), @p2='?' (Size = 4000), @p25='?' (Size = 4000), @p3='?' (DbType = DateTime2), @p4='?' (Size = 256), @p5='?' (DbType = Boolean), @p6='?' (Size = 50), @p7='?' (Size = 255), @p8='?' (DbType = Boolean), @p9='?' (DbType = DateTime2), @p10='?' (DbType = Boolean), @p11='?' (DbType = DateTimeOffset), @p12='?' (DbType = Int32), @p13='?' (Size = 256), @p14='?' (Size = 256), @p15='?' (Size = 100), @p16='?' (Size = 4000), @p17='?' (Size = 100), @p18='?' (Size = 20), @p19='?' (DbType = Boolean), @p20='?' (DbType = DateTime2), @p21='?' (Size = 4000), @p22='?' (DbType = Boolean), @p23='?' (Size = 256)], CommandType='Text', CommandTimeout='30']
SET NOCOUNT ON;
UPDATE [AppUsers] SET [AccessFailedCount] = @p0, [AppUser_Address] = @p1, [ConcurrencyStamp] = @p2, [CreatedAt] = @p3, [Email] = @p4, [EmailConfirmed] = @p5, [FirstName] = @p6, [AppUser_ImageUrl] = @p7, [IsDeleted] = @p8, [AppUser_LastLogin] = @p9, [LockoutEnabled] = @p10, [LockoutEnd] = @p11, [LoyaltyPoints] = @p12, [NormalizedEmail] = @p13, [NormalizedUserName] = @p14, [Password] = @p15, [PasswordHash] = @p16, [AppUser_PasswordResetToken] = @p17, [PhoneNumber] = @p18, [PhoneNumberConfirmed] = @p19, [ResetTokenExpires] = @p20, [SecurityStamp] = @p21, [TwoFactorEnabled] = @p22, [UserName] = @p23
WHERE [Id] = @p24 AND [ConcurrencyStamp] = @p25;
SELECT @@ROWCOUNT;
2024-05-20 01:19:11.0934|INFO|Microsoft.EntityFrameworkCore.Database.Command|Executed DbCommand (28ms) [Parameters=[@p24='?' (Size = 450), @p0='?' (DbType = Int32), @p1='?' (Size = 100), @p2='?' (Size = 4000), @p25='?' (Size = 4000), @p3='?' (DbType = DateTime2), @p4='?' (Size = 256), @p5='?' (DbType = Boolean), @p6='?' (Size = 50), @p7='?' (Size = 255), @p8='?' (DbType = Boolean), @p9='?' (DbType = DateTime2), @p10='?' (DbType = Boolean), @p11='?' (DbType = DateTimeOffset), @p12='?' (DbType = Int32), @p13='?' (Size = 256), @p14='?' (Size = 256), @p15='?' (Size = 100), @p16='?' (Size = 4000), @p17='?' (Size = 100), @p18='?' (Size = 20), @p19='?' (DbType = Boolean), @p20='?' (DbType = DateTime2), @p21='?' (Size = 4000), @p22='?' (DbType = Boolean), @p23='?' (Size = 256)], CommandType='Text', CommandTimeout='30']
SET NOCOUNT ON;
UPDATE [AppUsers] SET [AccessFailedCount] = @p0, [AppUser_Address] = @p1, [ConcurrencyStamp] = @p2, [CreatedAt] = @p3, [Email] = @p4, [EmailConfirmed] = @p5, [FirstName] = @p6, [AppUser_ImageUrl] = @p7, [IsDeleted] = @p8, [AppUser_LastLogin] = @p9, [LockoutEnabled] = @p10, [LockoutEnd] = @p11, [LoyaltyPoints] = @p12, [NormalizedEmail] = @p13, [NormalizedUserName] = @p14, [Password] = @p15, [PasswordHash] = @p16, [AppUser_PasswordResetToken] = @p17, [PhoneNumber] = @p18, [PhoneNumberConfirmed] = @p19, [ResetTokenExpires] = @p20, [SecurityStamp] = @p21, [TwoFactorEnabled] = @p22, [UserName] = @p23
WHERE [Id] = @p24 AND [ConcurrencyStamp] = @p25;
SELECT @@ROWCOUNT;
2024-05-20 01:19:11.0934|DEBUG|Microsoft.EntityFrameworkCore.Database.Command|A data reader was disposed.
2024-05-20 01:19:11.0934|DEBUG|Microsoft.EntityFrameworkCore.Database.Command|Creating DbCommand for 'ExecuteReader'.
2024-05-20 01:19:11.0934|DEBUG|Microsoft.EntityFrameworkCore.Database.Command|Created DbCommand for 'ExecuteReader' (0ms).
2024-05-20 01:19:11.0934|DEBUG|Microsoft.EntityFrameworkCore.Database.Command|Executing DbCommand [Parameters=[@p0='?' (Size = 450), @p1='?' (Size = 450)], CommandType='Text', CommandTimeout='30']
SET NOCOUNT ON;
INSERT INTO [AspNetUserRoles] ([RoleId], [UserId])
VALUES (@p0, @p1);
2024-05-20 01:19:11.1034|INFO|Microsoft.EntityFrameworkCore.Database.Command|Executed DbCommand (3ms) [Parameters=[@p0='?' (Size = 450), @p1='?' (Size = 450)], CommandType='Text', CommandTimeout='30']
SET NOCOUNT ON;
INSERT INTO [AspNetUserRoles] ([RoleId], [UserId])
VALUES (@p0, @p1);
2024-05-20 01:19:11.1034|DEBUG|Microsoft.EntityFrameworkCore.Database.Command|A data reader was disposed.
2024-05-20 21:36:06.9329|DEBUG|Microsoft.EntityFrameworkCore.Database.Command|Creating DbCommand for 'ExecuteReader'.
2024-05-20 21:36:07.0273|DEBUG|Microsoft.EntityFrameworkCore.Database.Command|Created DbCommand for 'ExecuteReader' (86ms).
2024-05-20 21:36:07.9152|DEBUG|Microsoft.EntityFrameworkCore.Database.Command|Executing DbCommand [Parameters=[@__normalizedName_0='?' (Size = 256)], CommandType='Text', CommandTimeout='30']
SELECT TOP(1) [a].[Id], [a].[ConcurrencyStamp], [a].[Name], [a].[NormalizedName]
FROM [AspNetRoles] AS [a]
WHERE [a].[NormalizedName] = @__normalizedName_0
2024-05-20 21:36:08.0544|INFO|Microsoft.EntityFrameworkCore.Database.Command|Executed DbCommand (150ms) [Parameters=[@__normalizedName_0='?' (Size = 256)], CommandType='Text', CommandTimeout='30']
SELECT TOP(1) [a].[Id], [a].[ConcurrencyStamp], [a].[Name], [a].[NormalizedName]
FROM [AspNetRoles] AS [a]
WHERE [a].[NormalizedName] = @__normalizedName_0
2024-05-20 21:36:08.2141|DEBUG|Microsoft.EntityFrameworkCore.Database.Command|A data reader was disposed.
2024-05-20 21:36:08.2437|DEBUG|Microsoft.EntityFrameworkCore.Database.Command|Creating DbCommand for 'ExecuteReader'.
2024-05-20 21:36:08.2437|DEBUG|Microsoft.EntityFrameworkCore.Database.Command|Created DbCommand for 'ExecuteReader' (0ms).
2024-05-20 21:36:08.2437|DEBUG|Microsoft.EntityFrameworkCore.Database.Command|Executing DbCommand [Parameters=[@__normalizedName_0='?' (Size = 256)], CommandType='Text', CommandTimeout='30']
SELECT TOP(1) [a].[Id], [a].[ConcurrencyStamp], [a].[Name], [a].[NormalizedName]
FROM [AspNetRoles] AS [a]
WHERE [a].[NormalizedName] = @__normalizedName_0
2024-05-20 21:36:08.2437|INFO|Microsoft.EntityFrameworkCore.Database.Command|Executed DbCommand (4ms) [Parameters=[@__normalizedName_0='?' (Size = 256)], CommandType='Text', CommandTimeout='30']
SELECT TOP(1) [a].[Id], [a].[ConcurrencyStamp], [a].[Name], [a].[NormalizedName]
FROM [AspNetRoles] AS [a]
WHERE [a].[NormalizedName] = @__normalizedName_0
2024-05-20 21:36:08.2437|DEBUG|Microsoft.EntityFrameworkCore.Database.Command|A data reader was disposed.
2024-05-20 21:36:08.2927|DEBUG|Microsoft.EntityFrameworkCore.Database.Command|Creating DbCommand for 'ExecuteReader'.
2024-05-20 21:36:08.2927|DEBUG|Microsoft.EntityFrameworkCore.Database.Command|Created DbCommand for 'ExecuteReader' (0ms).
2024-05-20 21:36:08.2927|DEBUG|Microsoft.EntityFrameworkCore.Database.Command|Executing DbCommand [Parameters=[@__normalizedUserName_0='?' (Size = 256)], CommandType='Text', CommandTimeout='30']
SELECT TOP(1) [a].[Id], [a].[AccessFailedCount], [a].[ConcurrencyStamp], [a].[Email], [a].[EmailConfirmed], [a].[LockoutEnabled], [a].[LockoutEnd], [a].[NormalizedEmail], [a].[NormalizedUserName], [a].[PasswordHash], [a].[PhoneNumber], [a].[PhoneNumberConfirmed], [a].[SecurityStamp], [a].[TwoFactorEnabled], [a].[UserName], [a].[UserType], [a].[AppUser_Address], [a].[CreatedAt], [a].[FirstName], [a].[AppUser_ImageUrl], [a].[IsDeleted], [a].[AppUser_LastLogin], [a].[LoyaltyPoints], [a].[Password], [a].[AppUser_PasswordResetToken], [a].[ResetTokenExpires]
FROM [AppUsers] AS [a]
WHERE ([a].[UserType] = N'AppUser') AND ([a].[NormalizedUserName] = @__normalizedUserName_0)
2024-05-20 21:36:08.2927|INFO|Microsoft.EntityFrameworkCore.Database.Command|Executed DbCommand (8ms) [Parameters=[@__normalizedUserName_0='?' (Size = 256)], CommandType='Text', CommandTimeout='30']
SELECT TOP(1) [a].[Id], [a].[AccessFailedCount], [a].[ConcurrencyStamp], [a].[Email], [a].[EmailConfirmed], [a].[LockoutEnabled], [a].[LockoutEnd], [a].[NormalizedEmail], [a].[NormalizedUserName], [a].[PasswordHash], [a].[PhoneNumber], [a].[PhoneNumberConfirmed], [a].[SecurityStamp], [a].[TwoFactorEnabled], [a].[UserName], [a].[UserType], [a].[AppUser_Address], [a].[CreatedAt], [a].[FirstName], [a].[AppUser_ImageUrl], [a].[IsDeleted], [a].[AppUser_LastLogin], [a].[LoyaltyPoints], [a].[Password], [a].[AppUser_PasswordResetToken], [a].[ResetTokenExpires]
FROM [AppUsers] AS [a]
WHERE ([a].[UserType] = N'AppUser') AND ([a].[NormalizedUserName] = @__normalizedUserName_0)
2024-05-20 21:36:08.4237|DEBUG|Microsoft.EntityFrameworkCore.Database.Command|A data reader was disposed.
