2024-07-08 16:48:07.2101|DEBUG|Microsoft.EntityFrameworkCore.Database.Command|Creating DbCommand for 'ExecuteReader'.
2024-07-08 16:48:07.3545|DEBUG|Microsoft.EntityFrameworkCore.Database.Command|Created DbCommand for 'ExecuteReader' (138ms).
2024-07-08 16:48:08.9045|DEBUG|Microsoft.EntityFrameworkCore.Database.Command|Executing DbCommand [Parameters=[@__normalizedName_0='?' (Size = 256)], CommandType='Text', CommandTimeout='30']
SELECT TOP(1) [a].[Id], [a].[ConcurrencyStamp], [a].[Name], [a].[NormalizedName]
FROM [AspNetRoles] AS [a]
WHERE [a].[NormalizedName] = @__normalizedName_0
2024-07-08 16:48:09.2051|INFO|Microsoft.EntityFrameworkCore.Database.Command|Executed DbCommand (321ms) [Parameters=[@__normalizedName_0='?' (Size = 256)], CommandType='Text', CommandTimeout='30']
SELECT TOP(1) [a].[Id], [a].[ConcurrencyStamp], [a].[Name], [a].[NormalizedName]
FROM [AspNetRoles] AS [a]
WHERE [a].[NormalizedName] = @__normalizedName_0
2024-07-08 16:48:09.4876|DEBUG|Microsoft.EntityFrameworkCore.Database.Command|A data reader was disposed.
2024-07-08 16:48:09.5278|DEBUG|Microsoft.EntityFrameworkCore.Database.Command|Creating DbCommand for 'ExecuteReader'.
2024-07-08 16:48:09.5278|DEBUG|Microsoft.EntityFrameworkCore.Database.Command|Created DbCommand for 'ExecuteReader' (0ms).
2024-07-08 16:48:09.5411|DEBUG|Microsoft.EntityFrameworkCore.Database.Command|Executing DbCommand [Parameters=[@__normalizedName_0='?' (Size = 256)], CommandType='Text', CommandTimeout='30']
SELECT TOP(1) [a].[Id], [a].[ConcurrencyStamp], [a].[Name], [a].[NormalizedName]
FROM [AspNetRoles] AS [a]
WHERE [a].[NormalizedName] = @__normalizedName_0
2024-07-08 16:48:09.5411|INFO|Microsoft.EntityFrameworkCore.Database.Command|Executed DbCommand (7ms) [Parameters=[@__normalizedName_0='?' (Size = 256)], CommandType='Text', CommandTimeout='30']
SELECT TOP(1) [a].[Id], [a].[ConcurrencyStamp], [a].[Name], [a].[NormalizedName]
FROM [AspNetRoles] AS [a]
WHERE [a].[NormalizedName] = @__normalizedName_0
2024-07-08 16:48:09.5411|DEBUG|Microsoft.EntityFrameworkCore.Database.Command|A data reader was disposed.
2024-07-08 16:48:09.5926|DEBUG|Microsoft.EntityFrameworkCore.Database.Command|Creating DbCommand for 'ExecuteReader'.
2024-07-08 16:48:09.5926|DEBUG|Microsoft.EntityFrameworkCore.Database.Command|Created DbCommand for 'ExecuteReader' (0ms).
2024-07-08 16:48:09.5926|DEBUG|Microsoft.EntityFrameworkCore.Database.Command|Executing DbCommand [Parameters=[@__normalizedUserName_0='?' (Size = 256)], CommandType='Text', CommandTimeout='30']
SELECT TOP(1) [a].[Id], [a].[AccessFailedCount], [a].[Address], [a].[BookingID], [a].[CompanyName], [a].[ConcurrencyStamp], [a].[CreatedAt], [a].[DistanceInKM], [a].[Email], [a].[EmailConfirmed], [a].[FirstName], [a].[HomeService], [a].[ImageUrl], [a].[IsDeleted], [a].[LastLogin], [a].[LockoutEnabled], [a].[LockoutEnd], [a].[LoyaltyPoints], [a].[NormalizedEmail], [a].[NormalizedUserName], [a].[Password], [a].[PasswordHash], [a].[PasswordResetToken], [a].[PhoneNumber], [a].[PhoneNumberConfirmed], [a].[PromotionalOfferID], [a].[ResetTokenExpires], [a].[SecurityStamp], [a].[Street], [a].[StylePortfolioID], [a].[Town], [a].[TwoFactorEnabled], [a].[UserName]
FROM [AspNetUsers] AS [a]
WHERE [a].[NormalizedUserName] = @__normalizedUserName_0
2024-07-08 16:48:09.6214|INFO|Microsoft.EntityFrameworkCore.Database.Command|Executed DbCommand (23ms) [Parameters=[@__normalizedUserName_0='?' (Size = 256)], CommandType='Text', CommandTimeout='30']
SELECT TOP(1) [a].[Id], [a].[AccessFailedCount], [a].[Address], [a].[BookingID], [a].[CompanyName], [a].[ConcurrencyStamp], [a].[CreatedAt], [a].[DistanceInKM], [a].[Email], [a].[EmailConfirmed], [a].[FirstName], [a].[HomeService], [a].[ImageUrl], [a].[IsDeleted], [a].[LastLogin], [a].[LockoutEnabled], [a].[LockoutEnd], [a].[LoyaltyPoints], [a].[NormalizedEmail], [a].[NormalizedUserName], [a].[Password], [a].[PasswordHash], [a].[PasswordResetToken], [a].[PhoneNumber], [a].[PhoneNumberConfirmed], [a].[PromotionalOfferID], [a].[ResetTokenExpires], [a].[SecurityStamp], [a].[Street], [a].[StylePortfolioID], [a].[Town], [a].[TwoFactorEnabled], [a].[UserName]
FROM [AspNetUsers] AS [a]
WHERE [a].[NormalizedUserName] = @__normalizedUserName_0
2024-07-08 16:48:09.9179|DEBUG|Microsoft.EntityFrameworkCore.Database.Command|A data reader was disposed.
2024-07-08 16:52:23.4830|DEBUG|Microsoft.EntityFrameworkCore.Database.Command|Creating DbCommand for 'ExecuteReader'.
2024-07-08 16:52:23.6078|DEBUG|Microsoft.EntityFrameworkCore.Database.Command|Created DbCommand for 'ExecuteReader' (119ms).
2024-07-08 16:52:24.4713|DEBUG|Microsoft.EntityFrameworkCore.Database.Command|Executing DbCommand [Parameters=[@__normalizedName_0='?' (Size = 256)], CommandType='Text', CommandTimeout='30']
SELECT TOP(1) [a].[Id], [a].[ConcurrencyStamp], [a].[Name], [a].[NormalizedName]
FROM [AspNetRoles] AS [a]
WHERE [a].[NormalizedName] = @__normalizedName_0
2024-07-08 16:52:24.7435|INFO|Microsoft.EntityFrameworkCore.Database.Command|Executed DbCommand (286ms) [Parameters=[@__normalizedName_0='?' (Size = 256)], CommandType='Text', CommandTimeout='30']
SELECT TOP(1) [a].[Id], [a].[ConcurrencyStamp], [a].[Name], [a].[NormalizedName]
FROM [AspNetRoles] AS [a]
WHERE [a].[NormalizedName] = @__normalizedName_0
2024-07-08 16:52:24.9833|DEBUG|Microsoft.EntityFrameworkCore.Database.Command|A data reader was disposed.
2024-07-08 16:52:25.0366|DEBUG|Microsoft.EntityFrameworkCore.Database.Command|Creating DbCommand for 'ExecuteReader'.
2024-07-08 16:52:25.0366|DEBUG|Microsoft.EntityFrameworkCore.Database.Command|Created DbCommand for 'ExecuteReader' (0ms).
2024-07-08 16:52:25.0366|DEBUG|Microsoft.EntityFrameworkCore.Database.Command|Executing DbCommand [Parameters=[@__normalizedName_0='?' (Size = 256)], CommandType='Text', CommandTimeout='30']
SELECT TOP(1) [a].[Id], [a].[ConcurrencyStamp], [a].[Name], [a].[NormalizedName]
FROM [AspNetRoles] AS [a]
WHERE [a].[NormalizedName] = @__normalizedName_0
2024-07-08 16:52:25.0545|INFO|Microsoft.EntityFrameworkCore.Database.Command|Executed DbCommand (13ms) [Parameters=[@__normalizedName_0='?' (Size = 256)], CommandType='Text', CommandTimeout='30']
SELECT TOP(1) [a].[Id], [a].[ConcurrencyStamp], [a].[Name], [a].[NormalizedName]
FROM [AspNetRoles] AS [a]
WHERE [a].[NormalizedName] = @__normalizedName_0
2024-07-08 16:52:25.0545|DEBUG|Microsoft.EntityFrameworkCore.Database.Command|A data reader was disposed.
2024-07-08 16:52:25.0914|DEBUG|Microsoft.EntityFrameworkCore.Database.Command|Creating DbCommand for 'ExecuteReader'.
2024-07-08 16:52:25.0914|DEBUG|Microsoft.EntityFrameworkCore.Database.Command|Created DbCommand for 'ExecuteReader' (0ms).
2024-07-08 16:52:25.0914|DEBUG|Microsoft.EntityFrameworkCore.Database.Command|Executing DbCommand [Parameters=[@__normalizedUserName_0='?' (Size = 256)], CommandType='Text', CommandTimeout='30']
SELECT TOP(1) [a].[Id], [a].[AccessFailedCount], [a].[Address], [a].[BookingID], [a].[CompanyName], [a].[ConcurrencyStamp], [a].[CreatedAt], [a].[DistanceInKM], [a].[Email], [a].[EmailConfirmed], [a].[FirstName], [a].[HomeService], [a].[ImageUrl], [a].[IsDeleted], [a].[LastLogin], [a].[LockoutEnabled], [a].[LockoutEnd], [a].[LoyaltyPoints], [a].[NormalizedEmail], [a].[NormalizedUserName], [a].[Password], [a].[PasswordHash], [a].[PasswordResetToken], [a].[PhoneNumber], [a].[PhoneNumberConfirmed], [a].[PromotionalOfferID], [a].[ResetTokenExpires], [a].[SecurityStamp], [a].[Street], [a].[StylePortfolioID], [a].[Town], [a].[TwoFactorEnabled], [a].[UserName]
FROM [AspNetUsers] AS [a]
WHERE [a].[NormalizedUserName] = @__normalizedUserName_0
2024-07-08 16:52:25.1119|INFO|Microsoft.EntityFrameworkCore.Database.Command|Executed DbCommand (14ms) [Parameters=[@__normalizedUserName_0='?' (Size = 256)], CommandType='Text', CommandTimeout='30']
SELECT TOP(1) [a].[Id], [a].[AccessFailedCount], [a].[Address], [a].[BookingID], [a].[CompanyName], [a].[ConcurrencyStamp], [a].[CreatedAt], [a].[DistanceInKM], [a].[Email], [a].[EmailConfirmed], [a].[FirstName], [a].[HomeService], [a].[ImageUrl], [a].[IsDeleted], [a].[LastLogin], [a].[LockoutEnabled], [a].[LockoutEnd], [a].[LoyaltyPoints], [a].[NormalizedEmail], [a].[NormalizedUserName], [a].[Password], [a].[PasswordHash], [a].[PasswordResetToken], [a].[PhoneNumber], [a].[PhoneNumberConfirmed], [a].[PromotionalOfferID], [a].[ResetTokenExpires], [a].[SecurityStamp], [a].[Street], [a].[StylePortfolioID], [a].[Town], [a].[TwoFactorEnabled], [a].[UserName]
FROM [AspNetUsers] AS [a]
WHERE [a].[NormalizedUserName] = @__normalizedUserName_0
2024-07-08 16:52:25.3616|DEBUG|Microsoft.EntityFrameworkCore.Database.Command|A data reader was disposed.
2024-07-08 16:53:51.8170|DEBUG|Microsoft.EntityFrameworkCore.Database.Command|Creating DbCommand for 'ExecuteReader'.
2024-07-08 16:53:51.8240|DEBUG|Microsoft.EntityFrameworkCore.Database.Command|Created DbCommand for 'ExecuteReader' (1ms).
2024-07-08 16:53:51.8240|DEBUG|Microsoft.EntityFrameworkCore.Database.Command|Executing DbCommand [Parameters=[@__p_0='?' (Size = 450)], CommandType='Text', CommandTimeout='30']
SELECT TOP(1) [a].[Id], [a].[AccessFailedCount], [a].[Address], [a].[BookingID], [a].[CompanyName], [a].[ConcurrencyStamp], [a].[CreatedAt], [a].[DistanceInKM], [a].[Email], [a].[EmailConfirmed], [a].[FirstName], [a].[HomeService], [a].[ImageUrl], [a].[IsDeleted], [a].[LastLogin], [a].[LockoutEnabled], [a].[LockoutEnd], [a].[LoyaltyPoints], [a].[NormalizedEmail], [a].[NormalizedUserName], [a].[Password], [a].[PasswordHash], [a].[PasswordResetToken], [a].[PhoneNumber], [a].[PhoneNumberConfirmed], [a].[PromotionalOfferID], [a].[ResetTokenExpires], [a].[SecurityStamp], [a].[Street], [a].[StylePortfolioID], [a].[Town], [a].[TwoFactorEnabled], [a].[UserName]
FROM [AspNetUsers] AS [a]
WHERE [a].[Id] = @__p_0
2024-07-08 16:53:51.8932|INFO|Microsoft.EntityFrameworkCore.Database.Command|Executed DbCommand (68ms) [Parameters=[@__p_0='?' (Size = 450)], CommandType='Text', CommandTimeout='30']
SELECT TOP(1) [a].[Id], [a].[AccessFailedCount], [a].[Address], [a].[BookingID], [a].[CompanyName], [a].[ConcurrencyStamp], [a].[CreatedAt], [a].[DistanceInKM], [a].[Email], [a].[EmailConfirmed], [a].[FirstName], [a].[HomeService], [a].[ImageUrl], [a].[IsDeleted], [a].[LastLogin], [a].[LockoutEnabled], [a].[LockoutEnd], [a].[LoyaltyPoints], [a].[NormalizedEmail], [a].[NormalizedUserName], [a].[Password], [a].[PasswordHash], [a].[PasswordResetToken], [a].[PhoneNumber], [a].[PhoneNumberConfirmed], [a].[PromotionalOfferID], [a].[ResetTokenExpires], [a].[SecurityStamp], [a].[Street], [a].[StylePortfolioID], [a].[Town], [a].[TwoFactorEnabled], [a].[UserName]
FROM [AspNetUsers] AS [a]
WHERE [a].[Id] = @__p_0
2024-07-08 16:53:51.9023|DEBUG|Microsoft.EntityFrameworkCore.Database.Command|A data reader was disposed.
2024-07-08 16:55:58.7088|DEBUG|Microsoft.EntityFrameworkCore.Database.Command|Creating DbCommand for 'ExecuteReader'.
2024-07-08 16:55:58.7088|DEBUG|Microsoft.EntityFrameworkCore.Database.Command|Created DbCommand for 'ExecuteReader' (4ms).
2024-07-08 16:55:58.7329|DEBUG|Microsoft.EntityFrameworkCore.Database.Command|Executing DbCommand [Parameters=[@p32='?' (Size = 450), @p0='?' (DbType = Int32), @p1='?' (Size = 4000), @p2='?' (DbType = Int32), @p3='?' (Size = 4000), @p4='?' (Size = 4000), @p33='?' (Size = 4000), @p5='?' (DbType = DateTime2), @p6='?' (DbType = Double), @p7='?' (Size = 256), @p8='?' (DbType = Boolean), @p9='?' (Size = 4000), @p10='?' (DbType = Boolean), @p11='?' (Size = 4000), @p12='?' (DbType = Boolean), @p13='?' (DbType = DateTime2), @p14='?' (DbType = Boolean), @p15='?' (DbType = DateTimeOffset), @p16='?' (DbType = Int32), @p17='?' (Size = 256), @p18='?' (Size = 256), @p19='?' (Size = 4000), @p20='?' (Size = 4000), @p21='?' (Size = 4000), @p22='?' (Size = 4000), @p23='?' (DbType = Boolean), @p24='?' (DbType = Int32), @p25='?' (DbType = DateTime2), @p26='?' (Size = 4000), @p27='?' (Size = 4000), @p28='?' (Size = 450), @p29='?' (Size = 4000), @p30='?' (DbType = Boolean), @p31='?' (Size = 256)], CommandType='Text', CommandTimeout='30']
SET NOCOUNT ON;
UPDATE [AspNetUsers] SET [AccessFailedCount] = @p0, [Address] = @p1, [BookingID] = @p2, [CompanyName] = @p3, [ConcurrencyStamp] = @p4, [CreatedAt] = @p5, [DistanceInKM] = @p6, [Email] = @p7, [EmailConfirmed] = @p8, [FirstName] = @p9, [HomeService] = @p10, [ImageUrl] = @p11, [IsDeleted] = @p12, [LastLogin] = @p13, [LockoutEnabled] = @p14, [LockoutEnd] = @p15, [LoyaltyPoints] = @p16, [NormalizedEmail] = @p17, [NormalizedUserName] = @p18, [Password] = @p19, [PasswordHash] = @p20, [PasswordResetToken] = @p21, [PhoneNumber] = @p22, [PhoneNumberConfirmed] = @p23, [PromotionalOfferID] = @p24, [ResetTokenExpires] = @p25, [SecurityStamp] = @p26, [Street] = @p27, [StylePortfolioID] = @p28, [Town] = @p29, [TwoFactorEnabled] = @p30, [UserName] = @p31
WHERE [Id] = @p32 AND [ConcurrencyStamp] = @p33;
SELECT @@ROWCOUNT;
2024-07-08 16:55:58.8137|INFO|Microsoft.EntityFrameworkCore.Database.Command|Executed DbCommand (85ms) [Parameters=[@p32='?' (Size = 450), @p0='?' (DbType = Int32), @p1='?' (Size = 4000), @p2='?' (DbType = Int32), @p3='?' (Size = 4000), @p4='?' (Size = 4000), @p33='?' (Size = 4000), @p5='?' (DbType = DateTime2), @p6='?' (DbType = Double), @p7='?' (Size = 256), @p8='?' (DbType = Boolean), @p9='?' (Size = 4000), @p10='?' (DbType = Boolean), @p11='?' (Size = 4000), @p12='?' (DbType = Boolean), @p13='?' (DbType = DateTime2), @p14='?' (DbType = Boolean), @p15='?' (DbType = DateTimeOffset), @p16='?' (DbType = Int32), @p17='?' (Size = 256), @p18='?' (Size = 256), @p19='?' (Size = 4000), @p20='?' (Size = 4000), @p21='?' (Size = 4000), @p22='?' (Size = 4000), @p23='?' (DbType = Boolean), @p24='?' (DbType = Int32), @p25='?' (DbType = DateTime2), @p26='?' (Size = 4000), @p27='?' (Size = 4000), @p28='?' (Size = 450), @p29='?' (Size = 4000), @p30='?' (DbType = Boolean), @p31='?' (Size = 256)], CommandType='Text', CommandTimeout='30']
SET NOCOUNT ON;
UPDATE [AspNetUsers] SET [AccessFailedCount] = @p0, [Address] = @p1, [BookingID] = @p2, [CompanyName] = @p3, [ConcurrencyStamp] = @p4, [CreatedAt] = @p5, [DistanceInKM] = @p6, [Email] = @p7, [EmailConfirmed] = @p8, [FirstName] = @p9, [HomeService] = @p10, [ImageUrl] = @p11, [IsDeleted] = @p12, [LastLogin] = @p13, [LockoutEnabled] = @p14, [LockoutEnd] = @p15, [LoyaltyPoints] = @p16, [NormalizedEmail] = @p17, [NormalizedUserName] = @p18, [Password] = @p19, [PasswordHash] = @p20, [PasswordResetToken] = @p21, [PhoneNumber] = @p22, [PhoneNumberConfirmed] = @p23, [PromotionalOfferID] = @p24, [ResetTokenExpires] = @p25, [SecurityStamp] = @p26, [Street] = @p27, [StylePortfolioID] = @p28, [Town] = @p29, [TwoFactorEnabled] = @p30, [UserName] = @p31
WHERE [Id] = @p32 AND [ConcurrencyStamp] = @p33;
SELECT @@ROWCOUNT;
2024-07-08 16:55:58.8323|DEBUG|Microsoft.EntityFrameworkCore.Database.Command|A data reader was disposed.
2024-07-08 17:21:58.2065|DEBUG|Microsoft.EntityFrameworkCore.Database.Command|Creating DbCommand for 'ExecuteReader'.
2024-07-08 17:21:58.2624|DEBUG|Microsoft.EntityFrameworkCore.Database.Command|Created DbCommand for 'ExecuteReader' (51ms).
2024-07-08 17:21:58.6109|DEBUG|Microsoft.EntityFrameworkCore.Database.Command|Executing DbCommand [Parameters=[@__normalizedName_0='?' (Size = 256)], CommandType='Text', CommandTimeout='30']
SELECT TOP(1) [a].[Id], [a].[ConcurrencyStamp], [a].[Name], [a].[NormalizedName]
FROM [AspNetRoles] AS [a]
WHERE [a].[NormalizedName] = @__normalizedName_0
2024-07-08 17:21:58.7322|INFO|Microsoft.EntityFrameworkCore.Database.Command|Executed DbCommand (107ms) [Parameters=[@__normalizedName_0='?' (Size = 256)], CommandType='Text', CommandTimeout='30']
SELECT TOP(1) [a].[Id], [a].[ConcurrencyStamp], [a].[Name], [a].[NormalizedName]
FROM [AspNetRoles] AS [a]
WHERE [a].[NormalizedName] = @__normalizedName_0
2024-07-08 17:21:58.8285|DEBUG|Microsoft.EntityFrameworkCore.Database.Command|A data reader was disposed.
2024-07-08 17:21:58.8454|DEBUG|Microsoft.EntityFrameworkCore.Database.Command|Creating DbCommand for 'ExecuteReader'.
2024-07-08 17:21:58.8454|DEBUG|Microsoft.EntityFrameworkCore.Database.Command|Created DbCommand for 'ExecuteReader' (0ms).
2024-07-08 17:21:58.8454|DEBUG|Microsoft.EntityFrameworkCore.Database.Command|Executing DbCommand [Parameters=[@__normalizedName_0='?' (Size = 256)], CommandType='Text', CommandTimeout='30']
SELECT TOP(1) [a].[Id], [a].[ConcurrencyStamp], [a].[Name], [a].[NormalizedName]
FROM [AspNetRoles] AS [a]
WHERE [a].[NormalizedName] = @__normalizedName_0
2024-07-08 17:21:58.8578|INFO|Microsoft.EntityFrameworkCore.Database.Command|Executed DbCommand (5ms) [Parameters=[@__normalizedName_0='?' (Size = 256)], CommandType='Text', CommandTimeout='30']
SELECT TOP(1) [a].[Id], [a].[ConcurrencyStamp], [a].[Name], [a].[NormalizedName]
FROM [AspNetRoles] AS [a]
WHERE [a].[NormalizedName] = @__normalizedName_0
2024-07-08 17:21:58.8578|DEBUG|Microsoft.EntityFrameworkCore.Database.Command|A data reader was disposed.
2024-07-08 17:21:58.8748|DEBUG|Microsoft.EntityFrameworkCore.Database.Command|Creating DbCommand for 'ExecuteReader'.
2024-07-08 17:21:58.8748|DEBUG|Microsoft.EntityFrameworkCore.Database.Command|Created DbCommand for 'ExecuteReader' (0ms).
2024-07-08 17:21:58.8748|DEBUG|Microsoft.EntityFrameworkCore.Database.Command|Executing DbCommand [Parameters=[@__normalizedUserName_0='?' (Size = 256)], CommandType='Text', CommandTimeout='30']
SELECT TOP(1) [a].[Id], [a].[AccessFailedCount], [a].[Address], [a].[BookingID], [a].[CompanyName], [a].[ConcurrencyStamp], [a].[CreatedAt], [a].[DistanceInKM], [a].[Email], [a].[EmailConfirmed], [a].[FirstName], [a].[HomeService], [a].[ImageUrl], [a].[IsDeleted], [a].[LastLogin], [a].[LockoutEnabled], [a].[LockoutEnd], [a].[LoyaltyPoints], [a].[NormalizedEmail], [a].[NormalizedUserName], [a].[Password], [a].[PasswordHash], [a].[PasswordResetToken], [a].[PhoneNumber], [a].[PhoneNumberConfirmed], [a].[PromotionalOfferID], [a].[ResetTokenExpires], [a].[SecurityStamp], [a].[Street], [a].[StylePortfolioID], [a].[Town], [a].[TwoFactorEnabled], [a].[UserName]
FROM [AspNetUsers] AS [a]
WHERE [a].[NormalizedUserName] = @__normalizedUserName_0
2024-07-08 17:21:58.8748|INFO|Microsoft.EntityFrameworkCore.Database.Command|Executed DbCommand (4ms) [Parameters=[@__normalizedUserName_0='?' (Size = 256)], CommandType='Text', CommandTimeout='30']
SELECT TOP(1) [a].[Id], [a].[AccessFailedCount], [a].[Address], [a].[BookingID], [a].[CompanyName], [a].[ConcurrencyStamp], [a].[CreatedAt], [a].[DistanceInKM], [a].[Email], [a].[EmailConfirmed], [a].[FirstName], [a].[HomeService], [a].[ImageUrl], [a].[IsDeleted], [a].[LastLogin], [a].[LockoutEnabled], [a].[LockoutEnd], [a].[LoyaltyPoints], [a].[NormalizedEmail], [a].[NormalizedUserName], [a].[Password], [a].[PasswordHash], [a].[PasswordResetToken], [a].[PhoneNumber], [a].[PhoneNumberConfirmed], [a].[PromotionalOfferID], [a].[ResetTokenExpires], [a].[SecurityStamp], [a].[Street], [a].[StylePortfolioID], [a].[Town], [a].[TwoFactorEnabled], [a].[UserName]
FROM [AspNetUsers] AS [a]
WHERE [a].[NormalizedUserName] = @__normalizedUserName_0
2024-07-08 17:21:58.9764|DEBUG|Microsoft.EntityFrameworkCore.Database.Command|A data reader was disposed.
2024-07-08 17:22:57.0481|DEBUG|Microsoft.EntityFrameworkCore.Database.Command|Creating DbCommand for 'ExecuteReader'.
2024-07-08 17:22:57.0481|DEBUG|Microsoft.EntityFrameworkCore.Database.Command|Created DbCommand for 'ExecuteReader' (1ms).
2024-07-08 17:22:57.0481|DEBUG|Microsoft.EntityFrameworkCore.Database.Command|Executing DbCommand [Parameters=[@__p_0='?' (Size = 450)], CommandType='Text', CommandTimeout='30']
SELECT TOP(1) [a].[Id], [a].[AccessFailedCount], [a].[Address], [a].[BookingID], [a].[CompanyName], [a].[ConcurrencyStamp], [a].[CreatedAt], [a].[DistanceInKM], [a].[Email], [a].[EmailConfirmed], [a].[FirstName], [a].[HomeService], [a].[ImageUrl], [a].[IsDeleted], [a].[LastLogin], [a].[LockoutEnabled], [a].[LockoutEnd], [a].[LoyaltyPoints], [a].[NormalizedEmail], [a].[NormalizedUserName], [a].[Password], [a].[PasswordHash], [a].[PasswordResetToken], [a].[PhoneNumber], [a].[PhoneNumberConfirmed], [a].[PromotionalOfferID], [a].[ResetTokenExpires], [a].[SecurityStamp], [a].[Street], [a].[StylePortfolioID], [a].[Town], [a].[TwoFactorEnabled], [a].[UserName]
FROM [AspNetUsers] AS [a]
WHERE [a].[Id] = @__p_0
2024-07-08 17:22:57.0481|INFO|Microsoft.EntityFrameworkCore.Database.Command|Executed DbCommand (6ms) [Parameters=[@__p_0='?' (Size = 450)], CommandType='Text', CommandTimeout='30']
SELECT TOP(1) [a].[Id], [a].[AccessFailedCount], [a].[Address], [a].[BookingID], [a].[CompanyName], [a].[ConcurrencyStamp], [a].[CreatedAt], [a].[DistanceInKM], [a].[Email], [a].[EmailConfirmed], [a].[FirstName], [a].[HomeService], [a].[ImageUrl], [a].[IsDeleted], [a].[LastLogin], [a].[LockoutEnabled], [a].[LockoutEnd], [a].[LoyaltyPoints], [a].[NormalizedEmail], [a].[NormalizedUserName], [a].[Password], [a].[PasswordHash], [a].[PasswordResetToken], [a].[PhoneNumber], [a].[PhoneNumberConfirmed], [a].[PromotionalOfferID], [a].[ResetTokenExpires], [a].[SecurityStamp], [a].[Street], [a].[StylePortfolioID], [a].[Town], [a].[TwoFactorEnabled], [a].[UserName]
FROM [AspNetUsers] AS [a]
WHERE [a].[Id] = @__p_0
2024-07-08 17:22:57.0481|DEBUG|Microsoft.EntityFrameworkCore.Database.Command|A data reader was disposed.
2024-07-08 19:25:50.0780|DEBUG|Microsoft.EntityFrameworkCore.Database.Command|Creating DbCommand for 'ExecuteReader'.
2024-07-08 19:25:50.2358|DEBUG|Microsoft.EntityFrameworkCore.Database.Command|Created DbCommand for 'ExecuteReader' (150ms).
2024-07-08 19:25:51.1731|DEBUG|Microsoft.EntityFrameworkCore.Database.Command|Executing DbCommand [Parameters=[@__normalizedName_0='?' (Size = 256)], CommandType='Text', CommandTimeout='30']
SELECT TOP(1) [a].[Id], [a].[ConcurrencyStamp], [a].[Name], [a].[NormalizedName]
FROM [AspNetRoles] AS [a]
WHERE [a].[NormalizedName] = @__normalizedName_0
2024-07-08 19:25:51.4070|INFO|Microsoft.EntityFrameworkCore.Database.Command|Executed DbCommand (245ms) [Parameters=[@__normalizedName_0='?' (Size = 256)], CommandType='Text', CommandTimeout='30']
SELECT TOP(1) [a].[Id], [a].[ConcurrencyStamp], [a].[Name], [a].[NormalizedName]
FROM [AspNetRoles] AS [a]
WHERE [a].[NormalizedName] = @__normalizedName_0
2024-07-08 19:25:51.6260|DEBUG|Microsoft.EntityFrameworkCore.Database.Command|A data reader was disposed.
2024-07-08 19:25:51.6680|DEBUG|Microsoft.EntityFrameworkCore.Database.Command|Creating DbCommand for 'ExecuteReader'.
2024-07-08 19:25:51.6680|DEBUG|Microsoft.EntityFrameworkCore.Database.Command|Created DbCommand for 'ExecuteReader' (0ms).
2024-07-08 19:25:51.6680|DEBUG|Microsoft.EntityFrameworkCore.Database.Command|Executing DbCommand [Parameters=[@__normalizedName_0='?' (Size = 256)], CommandType='Text', CommandTimeout='30']
SELECT TOP(1) [a].[Id], [a].[ConcurrencyStamp], [a].[Name], [a].[NormalizedName]
FROM [AspNetRoles] AS [a]
WHERE [a].[NormalizedName] = @__normalizedName_0
2024-07-08 19:25:51.6909|INFO|Microsoft.EntityFrameworkCore.Database.Command|Executed DbCommand (8ms) [Parameters=[@__normalizedName_0='?' (Size = 256)], CommandType='Text', CommandTimeout='30']
SELECT TOP(1) [a].[Id], [a].[ConcurrencyStamp], [a].[Name], [a].[NormalizedName]
FROM [AspNetRoles] AS [a]
WHERE [a].[NormalizedName] = @__normalizedName_0
2024-07-08 19:25:51.6909|DEBUG|Microsoft.EntityFrameworkCore.Database.Command|A data reader was disposed.
2024-07-08 19:25:51.7171|DEBUG|Microsoft.EntityFrameworkCore.Database.Command|Creating DbCommand for 'ExecuteReader'.
2024-07-08 19:25:51.7171|DEBUG|Microsoft.EntityFrameworkCore.Database.Command|Created DbCommand for 'ExecuteReader' (0ms).
2024-07-08 19:25:51.7171|DEBUG|Microsoft.EntityFrameworkCore.Database.Command|Executing DbCommand [Parameters=[@__normalizedUserName_0='?' (Size = 256)], CommandType='Text', CommandTimeout='30']
SELECT TOP(1) [a].[Id], [a].[AccessFailedCount], [a].[Address], [a].[BookingID], [a].[CompanyName], [a].[ConcurrencyStamp], [a].[CreatedAt], [a].[DistanceInKM], [a].[Email], [a].[EmailConfirmed], [a].[FirstName], [a].[HomeService], [a].[ImageUrl], [a].[IsDeleted], [a].[LastLogin], [a].[LockoutEnabled], [a].[LockoutEnd], [a].[LoyaltyPoints], [a].[NormalizedEmail], [a].[NormalizedUserName], [a].[Password], [a].[PasswordHash], [a].[PasswordResetToken], [a].[PhoneNumber], [a].[PhoneNumberConfirmed], [a].[PromotionalOfferID], [a].[ResetTokenExpires], [a].[SecurityStamp], [a].[Street], [a].[StylePortfolioID], [a].[Town], [a].[TwoFactorEnabled], [a].[UserName]
FROM [AspNetUsers] AS [a]
WHERE [a].[NormalizedUserName] = @__normalizedUserName_0
2024-07-08 19:25:51.7524|INFO|Microsoft.EntityFrameworkCore.Database.Command|Executed DbCommand (29ms) [Parameters=[@__normalizedUserName_0='?' (Size = 256)], CommandType='Text', CommandTimeout='30']
SELECT TOP(1) [a].[Id], [a].[AccessFailedCount], [a].[Address], [a].[BookingID], [a].[CompanyName], [a].[ConcurrencyStamp], [a].[CreatedAt], [a].[DistanceInKM], [a].[Email], [a].[EmailConfirmed], [a].[FirstName], [a].[HomeService], [a].[ImageUrl], [a].[IsDeleted], [a].[LastLogin], [a].[LockoutEnabled], [a].[LockoutEnd], [a].[LoyaltyPoints], [a].[NormalizedEmail], [a].[NormalizedUserName], [a].[Password], [a].[PasswordHash], [a].[PasswordResetToken], [a].[PhoneNumber], [a].[PhoneNumberConfirmed], [a].[PromotionalOfferID], [a].[ResetTokenExpires], [a].[SecurityStamp], [a].[Street], [a].[StylePortfolioID], [a].[Town], [a].[TwoFactorEnabled], [a].[UserName]
FROM [AspNetUsers] AS [a]
WHERE [a].[NormalizedUserName] = @__normalizedUserName_0
2024-07-08 19:25:52.0152|DEBUG|Microsoft.EntityFrameworkCore.Database.Command|A data reader was disposed.
2024-07-08 19:27:13.7874|DEBUG|Microsoft.EntityFrameworkCore.Database.Command|Creating DbCommand for 'ExecuteReader'.
2024-07-08 19:27:13.7944|DEBUG|Microsoft.EntityFrameworkCore.Database.Command|Created DbCommand for 'ExecuteReader' (2ms).
2024-07-08 19:27:13.7944|DEBUG|Microsoft.EntityFrameworkCore.Database.Command|Executing DbCommand [Parameters=[@__p_0='?' (Size = 450)], CommandType='Text', CommandTimeout='30']
SELECT TOP(1) [a].[Id], [a].[AccessFailedCount], [a].[Address], [a].[BookingID], [a].[CompanyName], [a].[ConcurrencyStamp], [a].[CreatedAt], [a].[DistanceInKM], [a].[Email], [a].[EmailConfirmed], [a].[FirstName], [a].[HomeService], [a].[ImageUrl], [a].[IsDeleted], [a].[LastLogin], [a].[LockoutEnabled], [a].[LockoutEnd], [a].[LoyaltyPoints], [a].[NormalizedEmail], [a].[NormalizedUserName], [a].[Password], [a].[PasswordHash], [a].[PasswordResetToken], [a].[PhoneNumber], [a].[PhoneNumberConfirmed], [a].[PromotionalOfferID], [a].[ResetTokenExpires], [a].[SecurityStamp], [a].[Street], [a].[StylePortfolioID], [a].[Town], [a].[TwoFactorEnabled], [a].[UserName]
FROM [AspNetUsers] AS [a]
WHERE [a].[Id] = @__p_0
2024-07-08 19:27:13.8616|INFO|Microsoft.EntityFrameworkCore.Database.Command|Executed DbCommand (65ms) [Parameters=[@__p_0='?' (Size = 450)], CommandType='Text', CommandTimeout='30']
SELECT TOP(1) [a].[Id], [a].[AccessFailedCount], [a].[Address], [a].[BookingID], [a].[CompanyName], [a].[ConcurrencyStamp], [a].[CreatedAt], [a].[DistanceInKM], [a].[Email], [a].[EmailConfirmed], [a].[FirstName], [a].[HomeService], [a].[ImageUrl], [a].[IsDeleted], [a].[LastLogin], [a].[LockoutEnabled], [a].[LockoutEnd], [a].[LoyaltyPoints], [a].[NormalizedEmail], [a].[NormalizedUserName], [a].[Password], [a].[PasswordHash], [a].[PasswordResetToken], [a].[PhoneNumber], [a].[PhoneNumberConfirmed], [a].[PromotionalOfferID], [a].[ResetTokenExpires], [a].[SecurityStamp], [a].[Street], [a].[StylePortfolioID], [a].[Town], [a].[TwoFactorEnabled], [a].[UserName]
FROM [AspNetUsers] AS [a]
WHERE [a].[Id] = @__p_0
2024-07-08 19:27:13.8616|DEBUG|Microsoft.EntityFrameworkCore.Database.Command|A data reader was disposed.
2024-07-08 22:44:01.8170|DEBUG|Microsoft.EntityFrameworkCore.Database.Command|Creating DbCommand for 'ExecuteReader'.
2024-07-08 22:44:01.9499|DEBUG|Microsoft.EntityFrameworkCore.Database.Command|Created DbCommand for 'ExecuteReader' (133ms).
2024-07-08 22:44:02.9000|DEBUG|Microsoft.EntityFrameworkCore.Database.Command|Executing DbCommand [Parameters=[@__normalizedName_0='?' (Size = 256)], CommandType='Text', CommandTimeout='30']
SELECT TOP(1) [a].[Id], [a].[ConcurrencyStamp], [a].[Name], [a].[NormalizedName]
FROM [AspNetRoles] AS [a]
WHERE [a].[NormalizedName] = @__normalizedName_0
2024-07-08 22:44:03.1881|INFO|Microsoft.EntityFrameworkCore.Database.Command|Executed DbCommand (312ms) [Parameters=[@__normalizedName_0='?' (Size = 256)], CommandType='Text', CommandTimeout='30']
SELECT TOP(1) [a].[Id], [a].[ConcurrencyStamp], [a].[Name], [a].[NormalizedName]
FROM [AspNetRoles] AS [a]
WHERE [a].[NormalizedName] = @__normalizedName_0
2024-07-08 22:44:03.3922|DEBUG|Microsoft.EntityFrameworkCore.Database.Command|A data reader was disposed.
2024-07-08 22:44:03.4424|DEBUG|Microsoft.EntityFrameworkCore.Database.Command|Creating DbCommand for 'ExecuteReader'.
2024-07-08 22:44:03.4424|DEBUG|Microsoft.EntityFrameworkCore.Database.Command|Created DbCommand for 'ExecuteReader' (0ms).
2024-07-08 22:44:03.4424|DEBUG|Microsoft.EntityFrameworkCore.Database.Command|Executing DbCommand [Parameters=[@__normalizedName_0='?' (Size = 256)], CommandType='Text', CommandTimeout='30']
SELECT TOP(1) [a].[Id], [a].[ConcurrencyStamp], [a].[Name], [a].[NormalizedName]
FROM [AspNetRoles] AS [a]
WHERE [a].[NormalizedName] = @__normalizedName_0
2024-07-08 22:44:03.4588|INFO|Microsoft.EntityFrameworkCore.Database.Command|Executed DbCommand (11ms) [Parameters=[@__normalizedName_0='?' (Size = 256)], CommandType='Text', CommandTimeout='30']
SELECT TOP(1) [a].[Id], [a].[ConcurrencyStamp], [a].[Name], [a].[NormalizedName]
FROM [AspNetRoles] AS [a]
WHERE [a].[NormalizedName] = @__normalizedName_0
2024-07-08 22:44:03.4769|DEBUG|Microsoft.EntityFrameworkCore.Database.Command|A data reader was disposed.
2024-07-08 22:44:03.5158|DEBUG|Microsoft.EntityFrameworkCore.Database.Command|Creating DbCommand for 'ExecuteReader'.
2024-07-08 22:44:03.5158|DEBUG|Microsoft.EntityFrameworkCore.Database.Command|Created DbCommand for 'ExecuteReader' (0ms).
2024-07-08 22:44:03.5158|DEBUG|Microsoft.EntityFrameworkCore.Database.Command|Executing DbCommand [Parameters=[@__normalizedUserName_0='?' (Size = 256)], CommandType='Text', CommandTimeout='30']
SELECT TOP(1) [a].[Id], [a].[AccessFailedCount], [a].[Address], [a].[BookingID], [a].[CompanyName], [a].[ConcurrencyStamp], [a].[CreatedAt], [a].[DistanceInKM], [a].[Email], [a].[EmailConfirmed], [a].[FirstName], [a].[HomeService], [a].[ImageUrl], [a].[IsDeleted], [a].[LastLogin], [a].[LockoutEnabled], [a].[LockoutEnd], [a].[LoyaltyPoints], [a].[NormalizedEmail], [a].[NormalizedUserName], [a].[Password], [a].[PasswordHash], [a].[PasswordResetToken], [a].[PhoneNumber], [a].[PhoneNumberConfirmed], [a].[PromotionalOfferID], [a].[ResetTokenExpires], [a].[SecurityStamp], [a].[Street], [a].[StylePortfolioID], [a].[Town], [a].[TwoFactorEnabled], [a].[UserName]
FROM [AspNetUsers] AS [a]
WHERE [a].[NormalizedUserName] = @__normalizedUserName_0
2024-07-08 22:44:03.5422|INFO|Microsoft.EntityFrameworkCore.Database.Command|Executed DbCommand (19ms) [Parameters=[@__normalizedUserName_0='?' (Size = 256)], CommandType='Text', CommandTimeout='30']
SELECT TOP(1) [a].[Id], [a].[AccessFailedCount], [a].[Address], [a].[BookingID], [a].[CompanyName], [a].[ConcurrencyStamp], [a].[CreatedAt], [a].[DistanceInKM], [a].[Email], [a].[EmailConfirmed], [a].[FirstName], [a].[HomeService], [a].[ImageUrl], [a].[IsDeleted], [a].[LastLogin], [a].[LockoutEnabled], [a].[LockoutEnd], [a].[LoyaltyPoints], [a].[NormalizedEmail], [a].[NormalizedUserName], [a].[Password], [a].[PasswordHash], [a].[PasswordResetToken], [a].[PhoneNumber], [a].[PhoneNumberConfirmed], [a].[PromotionalOfferID], [a].[ResetTokenExpires], [a].[SecurityStamp], [a].[Street], [a].[StylePortfolioID], [a].[Town], [a].[TwoFactorEnabled], [a].[UserName]
FROM [AspNetUsers] AS [a]
WHERE [a].[NormalizedUserName] = @__normalizedUserName_0
2024-07-08 22:44:03.8132|DEBUG|Microsoft.EntityFrameworkCore.Database.Command|A data reader was disposed.
2024-07-08 22:47:46.2697|DEBUG|Microsoft.EntityFrameworkCore.Database.Command|Creating DbCommand for 'ExecuteReader'.
2024-07-08 22:47:46.4667|DEBUG|Microsoft.EntityFrameworkCore.Database.Command|Created DbCommand for 'ExecuteReader' (184ms).
2024-07-08 22:47:47.4484|DEBUG|Microsoft.EntityFrameworkCore.Database.Command|Executing DbCommand [Parameters=[@__normalizedName_0='?' (Size = 256)], CommandType='Text', CommandTimeout='30']
SELECT TOP(1) [a].[Id], [a].[ConcurrencyStamp], [a].[Name], [a].[NormalizedName]
FROM [AspNetRoles] AS [a]
WHERE [a].[NormalizedName] = @__normalizedName_0
2024-07-08 22:47:47.7339|INFO|Microsoft.EntityFrameworkCore.Database.Command|Executed DbCommand (309ms) [Parameters=[@__normalizedName_0='?' (Size = 256)], CommandType='Text', CommandTimeout='30']
SELECT TOP(1) [a].[Id], [a].[ConcurrencyStamp], [a].[Name], [a].[NormalizedName]
FROM [AspNetRoles] AS [a]
WHERE [a].[NormalizedName] = @__normalizedName_0
2024-07-08 22:47:47.9920|DEBUG|Microsoft.EntityFrameworkCore.Database.Command|A data reader was disposed.
2024-07-08 22:47:48.0547|DEBUG|Microsoft.EntityFrameworkCore.Database.Command|Creating DbCommand for 'ExecuteReader'.
2024-07-08 22:47:48.0547|DEBUG|Microsoft.EntityFrameworkCore.Database.Command|Created DbCommand for 'ExecuteReader' (0ms).
2024-07-08 22:47:48.0547|DEBUG|Microsoft.EntityFrameworkCore.Database.Command|Executing DbCommand [Parameters=[@__normalizedName_0='?' (Size = 256)], CommandType='Text', CommandTimeout='30']
SELECT TOP(1) [a].[Id], [a].[ConcurrencyStamp], [a].[Name], [a].[NormalizedName]
FROM [AspNetRoles] AS [a]
WHERE [a].[NormalizedName] = @__normalizedName_0
2024-07-08 22:47:48.0685|INFO|Microsoft.EntityFrameworkCore.Database.Command|Executed DbCommand (9ms) [Parameters=[@__normalizedName_0='?' (Size = 256)], CommandType='Text', CommandTimeout='30']
SELECT TOP(1) [a].[Id], [a].[ConcurrencyStamp], [a].[Name], [a].[NormalizedName]
FROM [AspNetRoles] AS [a]
WHERE [a].[NormalizedName] = @__normalizedName_0
2024-07-08 22:47:48.0685|DEBUG|Microsoft.EntityFrameworkCore.Database.Command|A data reader was disposed.
2024-07-08 22:47:48.1076|DEBUG|Microsoft.EntityFrameworkCore.Database.Command|Creating DbCommand for 'ExecuteReader'.
2024-07-08 22:47:48.1076|DEBUG|Microsoft.EntityFrameworkCore.Database.Command|Created DbCommand for 'ExecuteReader' (0ms).
2024-07-08 22:47:48.1076|DEBUG|Microsoft.EntityFrameworkCore.Database.Command|Executing DbCommand [Parameters=[@__normalizedUserName_0='?' (Size = 256)], CommandType='Text', CommandTimeout='30']
SELECT TOP(1) [a].[Id], [a].[AccessFailedCount], [a].[Address], [a].[BookingID], [a].[CompanyName], [a].[ConcurrencyStamp], [a].[CreatedAt], [a].[DistanceInKM], [a].[Email], [a].[EmailConfirmed], [a].[FirstName], [a].[HomeService], [a].[ImageUrl], [a].[IsDeleted], [a].[LastLogin], [a].[LockoutEnabled], [a].[LockoutEnd], [a].[LoyaltyPoints], [a].[NormalizedEmail], [a].[NormalizedUserName], [a].[Password], [a].[PasswordHash], [a].[PasswordResetToken], [a].[PhoneNumber], [a].[PhoneNumberConfirmed], [a].[PromotionalOfferID], [a].[ResetTokenExpires], [a].[SecurityStamp], [a].[Street], [a].[StylePortfolioID], [a].[Town], [a].[TwoFactorEnabled], [a].[UserName]
FROM [AspNetUsers] AS [a]
WHERE [a].[NormalizedUserName] = @__normalizedUserName_0
2024-07-08 22:47:48.1834|INFO|Microsoft.EntityFrameworkCore.Database.Command|Executed DbCommand (69ms) [Parameters=[@__normalizedUserName_0='?' (Size = 256)], CommandType='Text', CommandTimeout='30']
SELECT TOP(1) [a].[Id], [a].[AccessFailedCount], [a].[Address], [a].[BookingID], [a].[CompanyName], [a].[ConcurrencyStamp], [a].[CreatedAt], [a].[DistanceInKM], [a].[Email], [a].[EmailConfirmed], [a].[FirstName], [a].[HomeService], [a].[ImageUrl], [a].[IsDeleted], [a].[LastLogin], [a].[LockoutEnabled], [a].[LockoutEnd], [a].[LoyaltyPoints], [a].[NormalizedEmail], [a].[NormalizedUserName], [a].[Password], [a].[PasswordHash], [a].[PasswordResetToken], [a].[PhoneNumber], [a].[PhoneNumberConfirmed], [a].[PromotionalOfferID], [a].[ResetTokenExpires], [a].[SecurityStamp], [a].[Street], [a].[StylePortfolioID], [a].[Town], [a].[TwoFactorEnabled], [a].[UserName]
FROM [AspNetUsers] AS [a]
WHERE [a].[NormalizedUserName] = @__normalizedUserName_0
2024-07-08 22:47:48.4543|DEBUG|Microsoft.EntityFrameworkCore.Database.Command|A data reader was disposed.
2024-07-08 22:48:45.0426|DEBUG|Microsoft.EntityFrameworkCore.Database.Command|Creating DbCommand for 'ExecuteReader'.
2024-07-08 22:48:45.0426|DEBUG|Microsoft.EntityFrameworkCore.Database.Command|Created DbCommand for 'ExecuteReader' (1ms).
2024-07-08 22:48:45.0426|DEBUG|Microsoft.EntityFrameworkCore.Database.Command|Executing DbCommand [Parameters=[@__p_0='?' (Size = 450)], CommandType='Text', CommandTimeout='30']
SELECT TOP(1) [a].[Id], [a].[AccessFailedCount], [a].[Address], [a].[BookingID], [a].[CompanyName], [a].[ConcurrencyStamp], [a].[CreatedAt], [a].[DistanceInKM], [a].[Email], [a].[EmailConfirmed], [a].[FirstName], [a].[HomeService], [a].[ImageUrl], [a].[IsDeleted], [a].[LastLogin], [a].[LockoutEnabled], [a].[LockoutEnd], [a].[LoyaltyPoints], [a].[NormalizedEmail], [a].[NormalizedUserName], [a].[Password], [a].[PasswordHash], [a].[PasswordResetToken], [a].[PhoneNumber], [a].[PhoneNumberConfirmed], [a].[PromotionalOfferID], [a].[ResetTokenExpires], [a].[SecurityStamp], [a].[Street], [a].[StylePortfolioID], [a].[Town], [a].[TwoFactorEnabled], [a].[UserName]
FROM [AspNetUsers] AS [a]
WHERE [a].[Id] = @__p_0
2024-07-08 22:48:45.0678|INFO|Microsoft.EntityFrameworkCore.Database.Command|Executed DbCommand (23ms) [Parameters=[@__p_0='?' (Size = 450)], CommandType='Text', CommandTimeout='30']
SELECT TOP(1) [a].[Id], [a].[AccessFailedCount], [a].[Address], [a].[BookingID], [a].[CompanyName], [a].[ConcurrencyStamp], [a].[CreatedAt], [a].[DistanceInKM], [a].[Email], [a].[EmailConfirmed], [a].[FirstName], [a].[HomeService], [a].[ImageUrl], [a].[IsDeleted], [a].[LastLogin], [a].[LockoutEnabled], [a].[LockoutEnd], [a].[LoyaltyPoints], [a].[NormalizedEmail], [a].[NormalizedUserName], [a].[Password], [a].[PasswordHash], [a].[PasswordResetToken], [a].[PhoneNumber], [a].[PhoneNumberConfirmed], [a].[PromotionalOfferID], [a].[ResetTokenExpires], [a].[SecurityStamp], [a].[Street], [a].[StylePortfolioID], [a].[Town], [a].[TwoFactorEnabled], [a].[UserName]
FROM [AspNetUsers] AS [a]
WHERE [a].[Id] = @__p_0
2024-07-08 22:48:45.0691|DEBUG|Microsoft.EntityFrameworkCore.Database.Command|A data reader was disposed.
2024-07-08 22:52:38.6360|DEBUG|Microsoft.EntityFrameworkCore.Database.Command|Creating DbCommand for 'ExecuteReader'.
2024-07-08 22:52:38.7615|DEBUG|Microsoft.EntityFrameworkCore.Database.Command|Created DbCommand for 'ExecuteReader' (117ms).
2024-07-08 22:52:39.7044|DEBUG|Microsoft.EntityFrameworkCore.Database.Command|Executing DbCommand [Parameters=[@__normalizedName_0='?' (Size = 256)], CommandType='Text', CommandTimeout='30']
SELECT TOP(1) [a].[Id], [a].[ConcurrencyStamp], [a].[Name], [a].[NormalizedName]
FROM [AspNetRoles] AS [a]
WHERE [a].[NormalizedName] = @__normalizedName_0
2024-07-08 22:52:39.9989|INFO|Microsoft.EntityFrameworkCore.Database.Command|Executed DbCommand (323ms) [Parameters=[@__normalizedName_0='?' (Size = 256)], CommandType='Text', CommandTimeout='30']
SELECT TOP(1) [a].[Id], [a].[ConcurrencyStamp], [a].[Name], [a].[NormalizedName]
FROM [AspNetRoles] AS [a]
WHERE [a].[NormalizedName] = @__normalizedName_0
2024-07-08 22:52:40.2702|DEBUG|Microsoft.EntityFrameworkCore.Database.Command|A data reader was disposed.
2024-07-08 22:52:40.3391|DEBUG|Microsoft.EntityFrameworkCore.Database.Command|Creating DbCommand for 'ExecuteReader'.
2024-07-08 22:52:40.3391|DEBUG|Microsoft.EntityFrameworkCore.Database.Command|Created DbCommand for 'ExecuteReader' (0ms).
2024-07-08 22:52:40.3391|DEBUG|Microsoft.EntityFrameworkCore.Database.Command|Executing DbCommand [Parameters=[@__normalizedName_0='?' (Size = 256)], CommandType='Text', CommandTimeout='30']
SELECT TOP(1) [a].[Id], [a].[ConcurrencyStamp], [a].[Name], [a].[NormalizedName]
FROM [AspNetRoles] AS [a]
WHERE [a].[NormalizedName] = @__normalizedName_0
2024-07-08 22:52:40.3553|INFO|Microsoft.EntityFrameworkCore.Database.Command|Executed DbCommand (11ms) [Parameters=[@__normalizedName_0='?' (Size = 256)], CommandType='Text', CommandTimeout='30']
SELECT TOP(1) [a].[Id], [a].[ConcurrencyStamp], [a].[Name], [a].[NormalizedName]
FROM [AspNetRoles] AS [a]
WHERE [a].[NormalizedName] = @__normalizedName_0
2024-07-08 22:52:40.3553|DEBUG|Microsoft.EntityFrameworkCore.Database.Command|A data reader was disposed.
2024-07-08 22:52:40.3967|DEBUG|Microsoft.EntityFrameworkCore.Database.Command|Creating DbCommand for 'ExecuteReader'.
2024-07-08 22:52:40.3967|DEBUG|Microsoft.EntityFrameworkCore.Database.Command|Created DbCommand for 'ExecuteReader' (0ms).
2024-07-08 22:52:40.3967|DEBUG|Microsoft.EntityFrameworkCore.Database.Command|Executing DbCommand [Parameters=[@__normalizedUserName_0='?' (Size = 256)], CommandType='Text', CommandTimeout='30']
SELECT TOP(1) [a].[Id], [a].[AccessFailedCount], [a].[Address], [a].[BookingID], [a].[CompanyName], [a].[ConcurrencyStamp], [a].[CreatedAt], [a].[DistanceInKM], [a].[Email], [a].[EmailConfirmed], [a].[FirstName], [a].[HomeService], [a].[ImageUrl], [a].[IsDeleted], [a].[LastLogin], [a].[LockoutEnabled], [a].[LockoutEnd], [a].[LoyaltyPoints], [a].[NormalizedEmail], [a].[NormalizedUserName], [a].[Password], [a].[PasswordHash], [a].[PasswordResetToken], [a].[PhoneNumber], [a].[PhoneNumberConfirmed], [a].[PromotionalOfferID], [a].[ResetTokenExpires], [a].[SecurityStamp], [a].[Street], [a].[StylePortfolioID], [a].[Town], [a].[TwoFactorEnabled], [a].[UserName]
FROM [AspNetUsers] AS [a]
WHERE [a].[NormalizedUserName] = @__normalizedUserName_0
2024-07-08 22:52:40.4674|INFO|Microsoft.EntityFrameworkCore.Database.Command|Executed DbCommand (61ms) [Parameters=[@__normalizedUserName_0='?' (Size = 256)], CommandType='Text', CommandTimeout='30']
SELECT TOP(1) [a].[Id], [a].[AccessFailedCount], [a].[Address], [a].[BookingID], [a].[CompanyName], [a].[ConcurrencyStamp], [a].[CreatedAt], [a].[DistanceInKM], [a].[Email], [a].[EmailConfirmed], [a].[FirstName], [a].[HomeService], [a].[ImageUrl], [a].[IsDeleted], [a].[LastLogin], [a].[LockoutEnabled], [a].[LockoutEnd], [a].[LoyaltyPoints], [a].[NormalizedEmail], [a].[NormalizedUserName], [a].[Password], [a].[PasswordHash], [a].[PasswordResetToken], [a].[PhoneNumber], [a].[PhoneNumberConfirmed], [a].[PromotionalOfferID], [a].[ResetTokenExpires], [a].[SecurityStamp], [a].[Street], [a].[StylePortfolioID], [a].[Town], [a].[TwoFactorEnabled], [a].[UserName]
FROM [AspNetUsers] AS [a]
WHERE [a].[NormalizedUserName] = @__normalizedUserName_0
2024-07-08 22:52:40.7598|DEBUG|Microsoft.EntityFrameworkCore.Database.Command|A data reader was disposed.
2024-07-08 22:53:23.4316|DEBUG|Microsoft.EntityFrameworkCore.Database.Command|Creating DbCommand for 'ExecuteReader'.
2024-07-08 22:53:23.4316|DEBUG|Microsoft.EntityFrameworkCore.Database.Command|Created DbCommand for 'ExecuteReader' (2ms).
2024-07-08 22:53:23.4316|DEBUG|Microsoft.EntityFrameworkCore.Database.Command|Executing DbCommand [Parameters=[@__p_0='?' (Size = 450)], CommandType='Text', CommandTimeout='30']
SELECT TOP(1) [a].[Id], [a].[AccessFailedCount], [a].[Address], [a].[BookingID], [a].[CompanyName], [a].[ConcurrencyStamp], [a].[CreatedAt], [a].[DistanceInKM], [a].[Email], [a].[EmailConfirmed], [a].[FirstName], [a].[HomeService], [a].[ImageUrl], [a].[IsDeleted], [a].[LastLogin], [a].[LockoutEnabled], [a].[LockoutEnd], [a].[LoyaltyPoints], [a].[NormalizedEmail], [a].[NormalizedUserName], [a].[Password], [a].[PasswordHash], [a].[PasswordResetToken], [a].[PhoneNumber], [a].[PhoneNumberConfirmed], [a].[PromotionalOfferID], [a].[ResetTokenExpires], [a].[SecurityStamp], [a].[Street], [a].[StylePortfolioID], [a].[Town], [a].[TwoFactorEnabled], [a].[UserName]
FROM [AspNetUsers] AS [a]
WHERE [a].[Id] = @__p_0
2024-07-08 22:53:23.4460|INFO|Microsoft.EntityFrameworkCore.Database.Command|Executed DbCommand (6ms) [Parameters=[@__p_0='?' (Size = 450)], CommandType='Text', CommandTimeout='30']
SELECT TOP(1) [a].[Id], [a].[AccessFailedCount], [a].[Address], [a].[BookingID], [a].[CompanyName], [a].[ConcurrencyStamp], [a].[CreatedAt], [a].[DistanceInKM], [a].[Email], [a].[EmailConfirmed], [a].[FirstName], [a].[HomeService], [a].[ImageUrl], [a].[IsDeleted], [a].[LastLogin], [a].[LockoutEnabled], [a].[LockoutEnd], [a].[LoyaltyPoints], [a].[NormalizedEmail], [a].[NormalizedUserName], [a].[Password], [a].[PasswordHash], [a].[PasswordResetToken], [a].[PhoneNumber], [a].[PhoneNumberConfirmed], [a].[PromotionalOfferID], [a].[ResetTokenExpires], [a].[SecurityStamp], [a].[Street], [a].[StylePortfolioID], [a].[Town], [a].[TwoFactorEnabled], [a].[UserName]
FROM [AspNetUsers] AS [a]
WHERE [a].[Id] = @__p_0
2024-07-08 22:53:23.4460|DEBUG|Microsoft.EntityFrameworkCore.Database.Command|A data reader was disposed.
2024-07-08 22:53:26.8330|DEBUG|Microsoft.EntityFrameworkCore.Database.Command|Creating DbCommand for 'ExecuteReader'.
2024-07-08 22:53:26.8330|DEBUG|Microsoft.EntityFrameworkCore.Database.Command|Created DbCommand for 'ExecuteReader' (0ms).
2024-07-08 22:53:26.8413|DEBUG|Microsoft.EntityFrameworkCore.Database.Command|Executing DbCommand [Parameters=[@p0='?' (Size = 450), @p1='?' (Size = 450), @p2='?' (DbType = DateTime2), @p3='?' (DbType = Boolean), @p4='?' (DbType = Boolean), @p5='?' (DbType = DateTime2), @p6='?' (Size = 4000), @p7='?' (Size = 4000), @p8='?' (Size = 4000)], CommandType='Text', CommandTimeout='30']
SET NOCOUNT ON;
INSERT INTO [Photos] ([Id], [AppUserId], [CreatedAt], [IsDeleted], [IsMain], [ModifiedAt], [PublicId], [Url], [UserId])
VALUES (@p0, @p1, @p2, @p3, @p4, @p5, @p6, @p7, @p8);
2024-07-08 22:53:26.8998|INFO|Microsoft.EntityFrameworkCore.Database.Command|Executed DbCommand (62ms) [Parameters=[@p0='?' (Size = 450), @p1='?' (Size = 450), @p2='?' (DbType = DateTime2), @p3='?' (DbType = Boolean), @p4='?' (DbType = Boolean), @p5='?' (DbType = DateTime2), @p6='?' (Size = 4000), @p7='?' (Size = 4000), @p8='?' (Size = 4000)], CommandType='Text', CommandTimeout='30']
SET NOCOUNT ON;
INSERT INTO [Photos] ([Id], [AppUserId], [CreatedAt], [IsDeleted], [IsMain], [ModifiedAt], [PublicId], [Url], [UserId])
VALUES (@p0, @p1, @p2, @p3, @p4, @p5, @p6, @p7, @p8);
2024-07-08 22:53:26.9158|DEBUG|Microsoft.EntityFrameworkCore.Database.Command|A data reader was disposed.
2024-07-08 22:54:06.4942|DEBUG|Microsoft.EntityFrameworkCore.Database.Command|Creating DbCommand for 'ExecuteReader'.
2024-07-08 22:54:06.4942|DEBUG|Microsoft.EntityFrameworkCore.Database.Command|Created DbCommand for 'ExecuteReader' (0ms).
2024-07-08 22:54:06.4942|DEBUG|Microsoft.EntityFrameworkCore.Database.Command|Executing DbCommand [Parameters=[@__p_0='?' (Size = 450)], CommandType='Text', CommandTimeout='30']
SELECT TOP(1) [p].[Id], [p].[AppUserId], [p].[CreatedAt], [p].[IsDeleted], [p].[IsMain], [p].[ModifiedAt], [p].[PublicId], [p].[Url], [p].[UserId]
FROM [Photos] AS [p]
WHERE [p].[Id] = @__p_0
2024-07-08 22:54:06.5527|INFO|Microsoft.EntityFrameworkCore.Database.Command|Executed DbCommand (56ms) [Parameters=[@__p_0='?' (Size = 450)], CommandType='Text', CommandTimeout='30']
SELECT TOP(1) [p].[Id], [p].[AppUserId], [p].[CreatedAt], [p].[IsDeleted], [p].[IsMain], [p].[ModifiedAt], [p].[PublicId], [p].[Url], [p].[UserId]
FROM [Photos] AS [p]
WHERE [p].[Id] = @__p_0
2024-07-08 22:54:06.5527|DEBUG|Microsoft.EntityFrameworkCore.Database.Command|A data reader was disposed.
2024-07-08 22:56:19.6531|DEBUG|Microsoft.EntityFrameworkCore.Database.Command|Creating DbCommand for 'ExecuteReader'.
2024-07-08 22:56:19.6614|DEBUG|Microsoft.EntityFrameworkCore.Database.Command|Created DbCommand for 'ExecuteReader' (0ms).
2024-07-08 22:56:19.6614|DEBUG|Microsoft.EntityFrameworkCore.Database.Command|Executing DbCommand [Parameters=[@__p_0='?' (Size = 450)], CommandType='Text', CommandTimeout='30']
SELECT TOP(1) [p].[Id], [p].[AppUserId], [p].[CreatedAt], [p].[IsDeleted], [p].[IsMain], [p].[ModifiedAt], [p].[PublicId], [p].[Url], [p].[UserId]
FROM [Photos] AS [p]
WHERE [p].[Id] = @__p_0
2024-07-08 22:56:19.6614|INFO|Microsoft.EntityFrameworkCore.Database.Command|Executed DbCommand (7ms) [Parameters=[@__p_0='?' (Size = 450)], CommandType='Text', CommandTimeout='30']
SELECT TOP(1) [p].[Id], [p].[AppUserId], [p].[CreatedAt], [p].[IsDeleted], [p].[IsMain], [p].[ModifiedAt], [p].[PublicId], [p].[Url], [p].[UserId]
FROM [Photos] AS [p]
WHERE [p].[Id] = @__p_0
2024-07-08 22:56:19.6847|DEBUG|Microsoft.EntityFrameworkCore.Database.Command|A data reader was disposed.
