2024-06-27 00:09:16.9948|DEBUG|Microsoft.EntityFrameworkCore.Database.Command|Creating DbCommand for 'ExecuteReader'.
2024-06-27 00:09:17.0783|DEBUG|Microsoft.EntityFrameworkCore.Database.Command|Created DbCommand for 'ExecuteReader' (77ms).
2024-06-27 00:09:17.6089|DEBUG|Microsoft.EntityFrameworkCore.Database.Command|Executing DbCommand [Parameters=[@__normalizedName_0='?' (Size = 256)], CommandType='Text', CommandTimeout='30']
SELECT TOP(1) [a].[Id], [a].[ConcurrencyStamp], [a].[Name], [a].[NormalizedName]
FROM [AspNetRoles] AS [a]
WHERE [a].[NormalizedName] = @__normalizedName_0
2024-06-27 00:09:17.7553|INFO|Microsoft.EntityFrameworkCore.Database.Command|Executed DbCommand (154ms) [Parameters=[@__normalizedName_0='?' (Size = 256)], CommandType='Text', CommandTimeout='30']
SELECT TOP(1) [a].[Id], [a].[ConcurrencyStamp], [a].[Name], [a].[NormalizedName]
FROM [AspNetRoles] AS [a]
WHERE [a].[NormalizedName] = @__normalizedName_0
2024-06-27 00:09:17.8884|DEBUG|Microsoft.EntityFrameworkCore.Database.Command|A data reader was disposed.
2024-06-27 00:09:17.9168|DEBUG|Microsoft.EntityFrameworkCore.Database.Command|Creating DbCommand for 'ExecuteReader'.
2024-06-27 00:09:17.9168|DEBUG|Microsoft.EntityFrameworkCore.Database.Command|Created DbCommand for 'ExecuteReader' (0ms).
2024-06-27 00:09:17.9168|DEBUG|Microsoft.EntityFrameworkCore.Database.Command|Executing DbCommand [Parameters=[@__normalizedName_0='?' (Size = 256)], CommandType='Text', CommandTimeout='30']
SELECT TOP(1) [a].[Id], [a].[ConcurrencyStamp], [a].[Name], [a].[NormalizedName]
FROM [AspNetRoles] AS [a]
WHERE [a].[NormalizedName] = @__normalizedName_0
2024-06-27 00:09:17.9168|INFO|Microsoft.EntityFrameworkCore.Database.Command|Executed DbCommand (4ms) [Parameters=[@__normalizedName_0='?' (Size = 256)], CommandType='Text', CommandTimeout='30']
SELECT TOP(1) [a].[Id], [a].[ConcurrencyStamp], [a].[Name], [a].[NormalizedName]
FROM [AspNetRoles] AS [a]
WHERE [a].[NormalizedName] = @__normalizedName_0
2024-06-27 00:09:17.9168|DEBUG|Microsoft.EntityFrameworkCore.Database.Command|A data reader was disposed.
2024-06-27 00:09:17.9444|DEBUG|Microsoft.EntityFrameworkCore.Database.Command|Creating DbCommand for 'ExecuteReader'.
2024-06-27 00:09:17.9444|DEBUG|Microsoft.EntityFrameworkCore.Database.Command|Created DbCommand for 'ExecuteReader' (0ms).
2024-06-27 00:09:17.9597|DEBUG|Microsoft.EntityFrameworkCore.Database.Command|Executing DbCommand [Parameters=[@__normalizedUserName_0='?' (Size = 256)], CommandType='Text', CommandTimeout='30']
SELECT TOP(1) [a].[Id], [a].[AccessFailedCount], [a].[Address], [a].[BookingID], [a].[CompanyName], [a].[ConcurrencyStamp], [a].[CreatedAt], [a].[DistanceInKM], [a].[Email], [a].[EmailConfirmed], [a].[FirstName], [a].[HomeService], [a].[ImageUrl], [a].[IsDeleted], [a].[LastLogin], [a].[LockoutEnabled], [a].[LockoutEnd], [a].[LoyaltyPoints], [a].[NormalizedEmail], [a].[NormalizedUserName], [a].[Password], [a].[PasswordHash], [a].[PasswordResetToken], [a].[PhoneNumber], [a].[PhoneNumberConfirmed], [a].[PromotionalOfferID], [a].[ResetTokenExpires], [a].[SecurityStamp], [a].[Street], [a].[StylePortfolioID], [a].[Town], [a].[TwoFactorEnabled], [a].[UserName]
FROM [AspNetUsers] AS [a]
WHERE [a].[NormalizedUserName] = @__normalizedUserName_0
2024-06-27 00:09:17.9836|INFO|Microsoft.EntityFrameworkCore.Database.Command|Executed DbCommand (16ms) [Parameters=[@__normalizedUserName_0='?' (Size = 256)], CommandType='Text', CommandTimeout='30']
SELECT TOP(1) [a].[Id], [a].[AccessFailedCount], [a].[Address], [a].[BookingID], [a].[CompanyName], [a].[ConcurrencyStamp], [a].[CreatedAt], [a].[DistanceInKM], [a].[Email], [a].[EmailConfirmed], [a].[FirstName], [a].[HomeService], [a].[ImageUrl], [a].[IsDeleted], [a].[LastLogin], [a].[LockoutEnabled], [a].[LockoutEnd], [a].[LoyaltyPoints], [a].[NormalizedEmail], [a].[NormalizedUserName], [a].[Password], [a].[PasswordHash], [a].[PasswordResetToken], [a].[PhoneNumber], [a].[PhoneNumberConfirmed], [a].[PromotionalOfferID], [a].[ResetTokenExpires], [a].[SecurityStamp], [a].[Street], [a].[StylePortfolioID], [a].[Town], [a].[TwoFactorEnabled], [a].[UserName]
FROM [AspNetUsers] AS [a]
WHERE [a].[NormalizedUserName] = @__normalizedUserName_0
2024-06-27 00:09:18.1408|DEBUG|Microsoft.EntityFrameworkCore.Database.Command|A data reader was disposed.
2024-06-27 00:11:08.4512|DEBUG|Microsoft.EntityFrameworkCore.Database.Command|Creating DbCommand for 'ExecuteReader'.
2024-06-27 00:11:08.4512|DEBUG|Microsoft.EntityFrameworkCore.Database.Command|Created DbCommand for 'ExecuteReader' (0ms).
2024-06-27 00:11:08.4617|DEBUG|Microsoft.EntityFrameworkCore.Database.Command|Executing DbCommand [Parameters=[@p0='?' (Size = 450), @p1='?' (Size = 4000), @p2='?' (DbType = DateTime2), @p3='?' (Size = 4000), @p4='?' (Size = 4000), @p5='?' (DbType = Boolean), @p6='?' (DbType = DateTime2), @p7='?' (Precision = 18) (Scale = 2) (DbType = Decimal), @p8='?' (Size = 4000), @p9='?' (DbType = Int32)], CommandType='Text', CommandTimeout='30']
SET NOCOUNT ON;
INSERT INTO [HaircareProducts] ([Id], [Brand], [CreatedAt], [Description], [ImageUrl], [IsDeleted], [ModifiedAt], [Price], [ProductName], [StockQuantity])
VALUES (@p0, @p1, @p2, @p3, @p4, @p5, @p6, @p7, @p8, @p9);
2024-06-27 00:11:08.4833|INFO|Microsoft.EntityFrameworkCore.Database.Command|Executed DbCommand (25ms) [Parameters=[@p0='?' (Size = 450), @p1='?' (Size = 4000), @p2='?' (DbType = DateTime2), @p3='?' (Size = 4000), @p4='?' (Size = 4000), @p5='?' (DbType = Boolean), @p6='?' (DbType = DateTime2), @p7='?' (Precision = 18) (Scale = 2) (DbType = Decimal), @p8='?' (Size = 4000), @p9='?' (DbType = Int32)], CommandType='Text', CommandTimeout='30']
SET NOCOUNT ON;
INSERT INTO [HaircareProducts] ([Id], [Brand], [CreatedAt], [Description], [ImageUrl], [IsDeleted], [ModifiedAt], [Price], [ProductName], [StockQuantity])
VALUES (@p0, @p1, @p2, @p3, @p4, @p5, @p6, @p7, @p8, @p9);
2024-06-27 00:11:08.4959|DEBUG|Microsoft.EntityFrameworkCore.Database.Command|A data reader was disposed.
2024-06-27 00:13:06.3347|DEBUG|Microsoft.EntityFrameworkCore.Database.Command|Creating DbCommand for 'ExecuteReader'.
2024-06-27 00:13:06.3347|DEBUG|Microsoft.EntityFrameworkCore.Database.Command|Created DbCommand for 'ExecuteReader' (1ms).
2024-06-27 00:13:06.3347|DEBUG|Microsoft.EntityFrameworkCore.Database.Command|Executing DbCommand [Parameters=[@__id_0='?' (Size = 450)], CommandType='Text', CommandTimeout='30']
SELECT [h].[Id], [h].[Brand], [h].[CreatedAt], [h].[Description], [h].[ImageUrl], [h].[IsDeleted], [h].[ModifiedAt], [h].[Price], [h].[ProductName], [h].[StockQuantity]
FROM [HaircareProducts] AS [h]
WHERE [h].[Id] = @__id_0
2024-06-27 00:13:06.3347|INFO|Microsoft.EntityFrameworkCore.Database.Command|Executed DbCommand (4ms) [Parameters=[@__id_0='?' (Size = 450)], CommandType='Text', CommandTimeout='30']
SELECT [h].[Id], [h].[Brand], [h].[CreatedAt], [h].[Description], [h].[ImageUrl], [h].[IsDeleted], [h].[ModifiedAt], [h].[Price], [h].[ProductName], [h].[StockQuantity]
FROM [HaircareProducts] AS [h]
WHERE [h].[Id] = @__id_0
2024-06-27 00:13:06.3562|DEBUG|Microsoft.EntityFrameworkCore.Database.Command|A data reader was disposed.
2024-06-27 00:22:33.9526|DEBUG|Microsoft.EntityFrameworkCore.Database.Command|Creating DbCommand for 'ExecuteReader'.
2024-06-27 00:22:34.2049|DEBUG|Microsoft.EntityFrameworkCore.Database.Command|Created DbCommand for 'ExecuteReader' (229ms).
2024-06-27 00:22:35.4138|DEBUG|Microsoft.EntityFrameworkCore.Database.Command|Executing DbCommand [Parameters=[@__normalizedName_0='?' (Size = 256)], CommandType='Text', CommandTimeout='30']
SELECT TOP(1) [a].[Id], [a].[ConcurrencyStamp], [a].[Name], [a].[NormalizedName]
FROM [AspNetRoles] AS [a]
WHERE [a].[NormalizedName] = @__normalizedName_0
2024-06-27 00:22:35.8368|INFO|Microsoft.EntityFrameworkCore.Database.Command|Executed DbCommand (423ms) [Parameters=[@__normalizedName_0='?' (Size = 256)], CommandType='Text', CommandTimeout='30']
SELECT TOP(1) [a].[Id], [a].[ConcurrencyStamp], [a].[Name], [a].[NormalizedName]
FROM [AspNetRoles] AS [a]
WHERE [a].[NormalizedName] = @__normalizedName_0
2024-06-27 00:22:36.0876|DEBUG|Microsoft.EntityFrameworkCore.Database.Command|A data reader was disposed.
2024-06-27 00:22:36.1837|DEBUG|Microsoft.EntityFrameworkCore.Database.Command|Creating DbCommand for 'ExecuteReader'.
2024-06-27 00:22:36.1837|DEBUG|Microsoft.EntityFrameworkCore.Database.Command|Created DbCommand for 'ExecuteReader' (0ms).
2024-06-27 00:22:36.1837|DEBUG|Microsoft.EntityFrameworkCore.Database.Command|Executing DbCommand [Parameters=[@__normalizedName_0='?' (Size = 256)], CommandType='Text', CommandTimeout='30']
SELECT TOP(1) [a].[Id], [a].[ConcurrencyStamp], [a].[Name], [a].[NormalizedName]
FROM [AspNetRoles] AS [a]
WHERE [a].[NormalizedName] = @__normalizedName_0
2024-06-27 00:22:36.2015|INFO|Microsoft.EntityFrameworkCore.Database.Command|Executed DbCommand (12ms) [Parameters=[@__normalizedName_0='?' (Size = 256)], CommandType='Text', CommandTimeout='30']
SELECT TOP(1) [a].[Id], [a].[ConcurrencyStamp], [a].[Name], [a].[NormalizedName]
FROM [AspNetRoles] AS [a]
WHERE [a].[NormalizedName] = @__normalizedName_0
2024-06-27 00:22:36.2015|DEBUG|Microsoft.EntityFrameworkCore.Database.Command|A data reader was disposed.
2024-06-27 00:22:36.2371|DEBUG|Microsoft.EntityFrameworkCore.Database.Command|Creating DbCommand for 'ExecuteReader'.
2024-06-27 00:22:36.2371|DEBUG|Microsoft.EntityFrameworkCore.Database.Command|Created DbCommand for 'ExecuteReader' (0ms).
2024-06-27 00:22:36.2371|DEBUG|Microsoft.EntityFrameworkCore.Database.Command|Executing DbCommand [Parameters=[@__normalizedUserName_0='?' (Size = 256)], CommandType='Text', CommandTimeout='30']
SELECT TOP(1) [a].[Id], [a].[AccessFailedCount], [a].[Address], [a].[BookingID], [a].[CompanyName], [a].[ConcurrencyStamp], [a].[CreatedAt], [a].[DistanceInKM], [a].[Email], [a].[EmailConfirmed], [a].[FirstName], [a].[HomeService], [a].[ImageUrl], [a].[IsDeleted], [a].[LastLogin], [a].[LockoutEnabled], [a].[LockoutEnd], [a].[LoyaltyPoints], [a].[NormalizedEmail], [a].[NormalizedUserName], [a].[Password], [a].[PasswordHash], [a].[PasswordResetToken], [a].[PhoneNumber], [a].[PhoneNumberConfirmed], [a].[PromotionalOfferID], [a].[ResetTokenExpires], [a].[SecurityStamp], [a].[Street], [a].[StylePortfolioID], [a].[Town], [a].[TwoFactorEnabled], [a].[UserName]
FROM [AspNetUsers] AS [a]
WHERE [a].[NormalizedUserName] = @__normalizedUserName_0
2024-06-27 00:22:36.2507|INFO|Microsoft.EntityFrameworkCore.Database.Command|Executed DbCommand (10ms) [Parameters=[@__normalizedUserName_0='?' (Size = 256)], CommandType='Text', CommandTimeout='30']
SELECT TOP(1) [a].[Id], [a].[AccessFailedCount], [a].[Address], [a].[BookingID], [a].[CompanyName], [a].[ConcurrencyStamp], [a].[CreatedAt], [a].[DistanceInKM], [a].[Email], [a].[EmailConfirmed], [a].[FirstName], [a].[HomeService], [a].[ImageUrl], [a].[IsDeleted], [a].[LastLogin], [a].[LockoutEnabled], [a].[LockoutEnd], [a].[LoyaltyPoints], [a].[NormalizedEmail], [a].[NormalizedUserName], [a].[Password], [a].[PasswordHash], [a].[PasswordResetToken], [a].[PhoneNumber], [a].[PhoneNumberConfirmed], [a].[PromotionalOfferID], [a].[ResetTokenExpires], [a].[SecurityStamp], [a].[Street], [a].[StylePortfolioID], [a].[Town], [a].[TwoFactorEnabled], [a].[UserName]
FROM [AspNetUsers] AS [a]
WHERE [a].[NormalizedUserName] = @__normalizedUserName_0
2024-06-27 00:22:36.5036|DEBUG|Microsoft.EntityFrameworkCore.Database.Command|A data reader was disposed.
2024-06-27 00:23:47.1725|DEBUG|Microsoft.EntityFrameworkCore.Database.Command|Creating DbCommand for 'ExecuteReader'.
2024-06-27 00:23:47.1725|DEBUG|Microsoft.EntityFrameworkCore.Database.Command|Created DbCommand for 'ExecuteReader' (1ms).
2024-06-27 00:23:47.1848|DEBUG|Microsoft.EntityFrameworkCore.Database.Command|Executing DbCommand [Parameters=[], CommandType='Text', CommandTimeout='30']
SELECT [h].[Id], [h].[Brand], [h].[CreatedAt], [h].[Description], [h].[ImageUrl], [h].[IsDeleted], [h].[ModifiedAt], [h].[Price], [h].[ProductName], [h].[StockQuantity]
FROM [HaircareProducts] AS [h]
2024-06-27 00:23:47.1980|INFO|Microsoft.EntityFrameworkCore.Database.Command|Executed DbCommand (11ms) [Parameters=[], CommandType='Text', CommandTimeout='30']
SELECT [h].[Id], [h].[Brand], [h].[CreatedAt], [h].[Description], [h].[ImageUrl], [h].[IsDeleted], [h].[ModifiedAt], [h].[Price], [h].[ProductName], [h].[StockQuantity]
FROM [HaircareProducts] AS [h]
2024-06-27 00:23:47.2823|DEBUG|Microsoft.EntityFrameworkCore.Database.Command|A data reader was disposed.
2024-06-27 00:26:08.5244|DEBUG|Microsoft.EntityFrameworkCore.Database.Command|Creating DbCommand for 'ExecuteReader'.
2024-06-27 00:26:08.5244|DEBUG|Microsoft.EntityFrameworkCore.Database.Command|Created DbCommand for 'ExecuteReader' (0ms).
2024-06-27 00:26:08.5244|DEBUG|Microsoft.EntityFrameworkCore.Database.Command|Executing DbCommand [Parameters=[@__id_0='?' (Size = 450)], CommandType='Text', CommandTimeout='30']
SELECT [h].[Id], [h].[Brand], [h].[CreatedAt], [h].[Description], [h].[ImageUrl], [h].[IsDeleted], [h].[ModifiedAt], [h].[Price], [h].[ProductName], [h].[StockQuantity]
FROM [HaircareProducts] AS [h]
WHERE [h].[Id] = @__id_0
2024-06-27 00:26:08.5244|INFO|Microsoft.EntityFrameworkCore.Database.Command|Executed DbCommand (7ms) [Parameters=[@__id_0='?' (Size = 450)], CommandType='Text', CommandTimeout='30']
SELECT [h].[Id], [h].[Brand], [h].[CreatedAt], [h].[Description], [h].[ImageUrl], [h].[IsDeleted], [h].[ModifiedAt], [h].[Price], [h].[ProductName], [h].[StockQuantity]
FROM [HaircareProducts] AS [h]
WHERE [h].[Id] = @__id_0
2024-06-27 00:26:08.5244|DEBUG|Microsoft.EntityFrameworkCore.Database.Command|A data reader was disposed.
2024-06-27 00:28:52.2835|DEBUG|Microsoft.EntityFrameworkCore.Database.Command|Creating DbCommand for 'ExecuteReader'.
2024-06-27 00:28:52.4098|DEBUG|Microsoft.EntityFrameworkCore.Database.Command|Created DbCommand for 'ExecuteReader' (120ms).
2024-06-27 00:28:53.3664|DEBUG|Microsoft.EntityFrameworkCore.Database.Command|Executing DbCommand [Parameters=[@__normalizedName_0='?' (Size = 256)], CommandType='Text', CommandTimeout='30']
SELECT TOP(1) [a].[Id], [a].[ConcurrencyStamp], [a].[Name], [a].[NormalizedName]
FROM [AspNetRoles] AS [a]
WHERE [a].[NormalizedName] = @__normalizedName_0
2024-06-27 00:28:53.6775|INFO|Microsoft.EntityFrameworkCore.Database.Command|Executed DbCommand (365ms) [Parameters=[@__normalizedName_0='?' (Size = 256)], CommandType='Text', CommandTimeout='30']
SELECT TOP(1) [a].[Id], [a].[ConcurrencyStamp], [a].[Name], [a].[NormalizedName]
FROM [AspNetRoles] AS [a]
WHERE [a].[NormalizedName] = @__normalizedName_0
2024-06-27 00:28:54.0594|DEBUG|Microsoft.EntityFrameworkCore.Database.Command|A data reader was disposed.
2024-06-27 00:28:54.1160|DEBUG|Microsoft.EntityFrameworkCore.Database.Command|Creating DbCommand for 'ExecuteReader'.
2024-06-27 00:28:54.1160|DEBUG|Microsoft.EntityFrameworkCore.Database.Command|Created DbCommand for 'ExecuteReader' (0ms).
2024-06-27 00:28:54.1344|DEBUG|Microsoft.EntityFrameworkCore.Database.Command|Executing DbCommand [Parameters=[@__normalizedName_0='?' (Size = 256)], CommandType='Text', CommandTimeout='30']
SELECT TOP(1) [a].[Id], [a].[ConcurrencyStamp], [a].[Name], [a].[NormalizedName]
FROM [AspNetRoles] AS [a]
WHERE [a].[NormalizedName] = @__normalizedName_0
2024-06-27 00:28:54.1344|INFO|Microsoft.EntityFrameworkCore.Database.Command|Executed DbCommand (11ms) [Parameters=[@__normalizedName_0='?' (Size = 256)], CommandType='Text', CommandTimeout='30']
SELECT TOP(1) [a].[Id], [a].[ConcurrencyStamp], [a].[Name], [a].[NormalizedName]
FROM [AspNetRoles] AS [a]
WHERE [a].[NormalizedName] = @__normalizedName_0
2024-06-27 00:28:54.1344|DEBUG|Microsoft.EntityFrameworkCore.Database.Command|A data reader was disposed.
2024-06-27 00:28:54.1949|DEBUG|Microsoft.EntityFrameworkCore.Database.Command|Creating DbCommand for 'ExecuteReader'.
2024-06-27 00:28:54.1949|DEBUG|Microsoft.EntityFrameworkCore.Database.Command|Created DbCommand for 'ExecuteReader' (0ms).
2024-06-27 00:28:54.1949|DEBUG|Microsoft.EntityFrameworkCore.Database.Command|Executing DbCommand [Parameters=[@__normalizedUserName_0='?' (Size = 256)], CommandType='Text', CommandTimeout='30']
SELECT TOP(1) [a].[Id], [a].[AccessFailedCount], [a].[Address], [a].[BookingID], [a].[CompanyName], [a].[ConcurrencyStamp], [a].[CreatedAt], [a].[DistanceInKM], [a].[Email], [a].[EmailConfirmed], [a].[FirstName], [a].[HomeService], [a].[ImageUrl], [a].[IsDeleted], [a].[LastLogin], [a].[LockoutEnabled], [a].[LockoutEnd], [a].[LoyaltyPoints], [a].[NormalizedEmail], [a].[NormalizedUserName], [a].[Password], [a].[PasswordHash], [a].[PasswordResetToken], [a].[PhoneNumber], [a].[PhoneNumberConfirmed], [a].[PromotionalOfferID], [a].[ResetTokenExpires], [a].[SecurityStamp], [a].[Street], [a].[StylePortfolioID], [a].[Town], [a].[TwoFactorEnabled], [a].[UserName]
FROM [AspNetUsers] AS [a]
WHERE [a].[NormalizedUserName] = @__normalizedUserName_0
2024-06-27 00:28:54.2156|INFO|Microsoft.EntityFrameworkCore.Database.Command|Executed DbCommand (20ms) [Parameters=[@__normalizedUserName_0='?' (Size = 256)], CommandType='Text', CommandTimeout='30']
SELECT TOP(1) [a].[Id], [a].[AccessFailedCount], [a].[Address], [a].[BookingID], [a].[CompanyName], [a].[ConcurrencyStamp], [a].[CreatedAt], [a].[DistanceInKM], [a].[Email], [a].[EmailConfirmed], [a].[FirstName], [a].[HomeService], [a].[ImageUrl], [a].[IsDeleted], [a].[LastLogin], [a].[LockoutEnabled], [a].[LockoutEnd], [a].[LoyaltyPoints], [a].[NormalizedEmail], [a].[NormalizedUserName], [a].[Password], [a].[PasswordHash], [a].[PasswordResetToken], [a].[PhoneNumber], [a].[PhoneNumberConfirmed], [a].[PromotionalOfferID], [a].[ResetTokenExpires], [a].[SecurityStamp], [a].[Street], [a].[StylePortfolioID], [a].[Town], [a].[TwoFactorEnabled], [a].[UserName]
FROM [AspNetUsers] AS [a]
WHERE [a].[NormalizedUserName] = @__normalizedUserName_0
2024-06-27 00:28:54.5720|DEBUG|Microsoft.EntityFrameworkCore.Database.Command|A data reader was disposed.
2024-06-27 00:32:56.8200|DEBUG|Microsoft.EntityFrameworkCore.Database.Command|Creating DbCommand for 'ExecuteReader'.
2024-06-27 00:32:56.9624|DEBUG|Microsoft.EntityFrameworkCore.Database.Command|Created DbCommand for 'ExecuteReader' (138ms).
2024-06-27 00:32:57.7796|DEBUG|Microsoft.EntityFrameworkCore.Database.Command|Executing DbCommand [Parameters=[@__normalizedName_0='?' (Size = 256)], CommandType='Text', CommandTimeout='30']
SELECT TOP(1) [a].[Id], [a].[ConcurrencyStamp], [a].[Name], [a].[NormalizedName]
FROM [AspNetRoles] AS [a]
WHERE [a].[NormalizedName] = @__normalizedName_0
2024-06-27 00:32:58.0349|INFO|Microsoft.EntityFrameworkCore.Database.Command|Executed DbCommand (268ms) [Parameters=[@__normalizedName_0='?' (Size = 256)], CommandType='Text', CommandTimeout='30']
SELECT TOP(1) [a].[Id], [a].[ConcurrencyStamp], [a].[Name], [a].[NormalizedName]
FROM [AspNetRoles] AS [a]
WHERE [a].[NormalizedName] = @__normalizedName_0
2024-06-27 00:32:58.2913|DEBUG|Microsoft.EntityFrameworkCore.Database.Command|A data reader was disposed.
2024-06-27 00:32:58.3404|DEBUG|Microsoft.EntityFrameworkCore.Database.Command|Creating DbCommand for 'ExecuteReader'.
2024-06-27 00:32:58.3404|DEBUG|Microsoft.EntityFrameworkCore.Database.Command|Created DbCommand for 'ExecuteReader' (0ms).
2024-06-27 00:32:58.3404|DEBUG|Microsoft.EntityFrameworkCore.Database.Command|Executing DbCommand [Parameters=[@__normalizedName_0='?' (Size = 256)], CommandType='Text', CommandTimeout='30']
SELECT TOP(1) [a].[Id], [a].[ConcurrencyStamp], [a].[Name], [a].[NormalizedName]
FROM [AspNetRoles] AS [a]
WHERE [a].[NormalizedName] = @__normalizedName_0
2024-06-27 00:32:58.3554|INFO|Microsoft.EntityFrameworkCore.Database.Command|Executed DbCommand (10ms) [Parameters=[@__normalizedName_0='?' (Size = 256)], CommandType='Text', CommandTimeout='30']
SELECT TOP(1) [a].[Id], [a].[ConcurrencyStamp], [a].[Name], [a].[NormalizedName]
FROM [AspNetRoles] AS [a]
WHERE [a].[NormalizedName] = @__normalizedName_0
2024-06-27 00:32:58.3554|DEBUG|Microsoft.EntityFrameworkCore.Database.Command|A data reader was disposed.
2024-06-27 00:32:58.3824|DEBUG|Microsoft.EntityFrameworkCore.Database.Command|Creating DbCommand for 'ExecuteReader'.
2024-06-27 00:32:58.3824|DEBUG|Microsoft.EntityFrameworkCore.Database.Command|Created DbCommand for 'ExecuteReader' (0ms).
2024-06-27 00:32:58.3824|DEBUG|Microsoft.EntityFrameworkCore.Database.Command|Executing DbCommand [Parameters=[@__normalizedUserName_0='?' (Size = 256)], CommandType='Text', CommandTimeout='30']
SELECT TOP(1) [a].[Id], [a].[AccessFailedCount], [a].[Address], [a].[BookingID], [a].[CompanyName], [a].[ConcurrencyStamp], [a].[CreatedAt], [a].[DistanceInKM], [a].[Email], [a].[EmailConfirmed], [a].[FirstName], [a].[HomeService], [a].[ImageUrl], [a].[IsDeleted], [a].[LastLogin], [a].[LockoutEnabled], [a].[LockoutEnd], [a].[LoyaltyPoints], [a].[NormalizedEmail], [a].[NormalizedUserName], [a].[Password], [a].[PasswordHash], [a].[PasswordResetToken], [a].[PhoneNumber], [a].[PhoneNumberConfirmed], [a].[PromotionalOfferID], [a].[ResetTokenExpires], [a].[SecurityStamp], [a].[Street], [a].[StylePortfolioID], [a].[Town], [a].[TwoFactorEnabled], [a].[UserName]
FROM [AspNetUsers] AS [a]
WHERE [a].[NormalizedUserName] = @__normalizedUserName_0
2024-06-27 00:32:58.3999|INFO|Microsoft.EntityFrameworkCore.Database.Command|Executed DbCommand (12ms) [Parameters=[@__normalizedUserName_0='?' (Size = 256)], CommandType='Text', CommandTimeout='30']
SELECT TOP(1) [a].[Id], [a].[AccessFailedCount], [a].[Address], [a].[BookingID], [a].[CompanyName], [a].[ConcurrencyStamp], [a].[CreatedAt], [a].[DistanceInKM], [a].[Email], [a].[EmailConfirmed], [a].[FirstName], [a].[HomeService], [a].[ImageUrl], [a].[IsDeleted], [a].[LastLogin], [a].[LockoutEnabled], [a].[LockoutEnd], [a].[LoyaltyPoints], [a].[NormalizedEmail], [a].[NormalizedUserName], [a].[Password], [a].[PasswordHash], [a].[PasswordResetToken], [a].[PhoneNumber], [a].[PhoneNumberConfirmed], [a].[PromotionalOfferID], [a].[ResetTokenExpires], [a].[SecurityStamp], [a].[Street], [a].[StylePortfolioID], [a].[Town], [a].[TwoFactorEnabled], [a].[UserName]
FROM [AspNetUsers] AS [a]
WHERE [a].[NormalizedUserName] = @__normalizedUserName_0
2024-06-27 00:32:58.6690|DEBUG|Microsoft.EntityFrameworkCore.Database.Command|A data reader was disposed.
2024-06-27 00:33:36.5099|DEBUG|Microsoft.EntityFrameworkCore.Database.Command|Creating DbCommand for 'ExecuteReader'.
2024-06-27 00:33:36.5099|DEBUG|Microsoft.EntityFrameworkCore.Database.Command|Created DbCommand for 'ExecuteReader' (1ms).
2024-06-27 00:33:36.5099|DEBUG|Microsoft.EntityFrameworkCore.Database.Command|Executing DbCommand [Parameters=[@__id_0='?' (Size = 450)], CommandType='Text', CommandTimeout='30']
SELECT [h].[Id], [h].[Brand], [h].[CreatedAt], [h].[Description], [h].[ImageUrl], [h].[IsDeleted], [h].[ModifiedAt], [h].[Price], [h].[ProductName], [h].[StockQuantity]
FROM [HaircareProducts] AS [h]
WHERE [h].[Id] = @__id_0
2024-06-27 00:33:36.5229|INFO|Microsoft.EntityFrameworkCore.Database.Command|Executed DbCommand (4ms) [Parameters=[@__id_0='?' (Size = 450)], CommandType='Text', CommandTimeout='30']
SELECT [h].[Id], [h].[Brand], [h].[CreatedAt], [h].[Description], [h].[ImageUrl], [h].[IsDeleted], [h].[ModifiedAt], [h].[Price], [h].[ProductName], [h].[StockQuantity]
FROM [HaircareProducts] AS [h]
WHERE [h].[Id] = @__id_0
2024-06-27 00:33:36.5950|DEBUG|Microsoft.EntityFrameworkCore.Database.Command|A data reader was disposed.
2024-06-27 00:33:56.2907|DEBUG|Microsoft.EntityFrameworkCore.Database.Command|Creating DbCommand for 'ExecuteReader'.
2024-06-27 00:33:56.3077|DEBUG|Microsoft.EntityFrameworkCore.Database.Command|Created DbCommand for 'ExecuteReader' (2ms).
2024-06-27 00:33:56.3077|DEBUG|Microsoft.EntityFrameworkCore.Database.Command|Executing DbCommand [Parameters=[], CommandType='Text', CommandTimeout='30']
SELECT [h].[Id], [h].[Brand], [h].[CreatedAt], [h].[Description], [h].[ImageUrl], [h].[IsDeleted], [h].[ModifiedAt], [h].[Price], [h].[ProductName], [h].[StockQuantity]
FROM [HaircareProducts] AS [h]
2024-06-27 00:33:56.3077|INFO|Microsoft.EntityFrameworkCore.Database.Command|Executed DbCommand (9ms) [Parameters=[], CommandType='Text', CommandTimeout='30']
SELECT [h].[Id], [h].[Brand], [h].[CreatedAt], [h].[Description], [h].[ImageUrl], [h].[IsDeleted], [h].[ModifiedAt], [h].[Price], [h].[ProductName], [h].[StockQuantity]
FROM [HaircareProducts] AS [h]
2024-06-27 00:33:56.3077|DEBUG|Microsoft.EntityFrameworkCore.Database.Command|A data reader was disposed.
2024-06-27 00:35:46.7194|DEBUG|Microsoft.EntityFrameworkCore.Database.Command|Creating DbCommand for 'ExecuteReader'.
2024-06-27 00:35:46.8427|DEBUG|Microsoft.EntityFrameworkCore.Database.Command|Created DbCommand for 'ExecuteReader' (114ms).
2024-06-27 00:35:47.6485|DEBUG|Microsoft.EntityFrameworkCore.Database.Command|Executing DbCommand [Parameters=[@__normalizedName_0='?' (Size = 256)], CommandType='Text', CommandTimeout='30']
SELECT TOP(1) [a].[Id], [a].[ConcurrencyStamp], [a].[Name], [a].[NormalizedName]
FROM [AspNetRoles] AS [a]
WHERE [a].[NormalizedName] = @__normalizedName_0
2024-06-27 00:35:47.8556|INFO|Microsoft.EntityFrameworkCore.Database.Command|Executed DbCommand (231ms) [Parameters=[@__normalizedName_0='?' (Size = 256)], CommandType='Text', CommandTimeout='30']
SELECT TOP(1) [a].[Id], [a].[ConcurrencyStamp], [a].[Name], [a].[NormalizedName]
FROM [AspNetRoles] AS [a]
WHERE [a].[NormalizedName] = @__normalizedName_0
2024-06-27 00:35:48.1451|DEBUG|Microsoft.EntityFrameworkCore.Database.Command|A data reader was disposed.
2024-06-27 00:35:48.2180|DEBUG|Microsoft.EntityFrameworkCore.Database.Command|Creating DbCommand for 'ExecuteReader'.
2024-06-27 00:35:48.2180|DEBUG|Microsoft.EntityFrameworkCore.Database.Command|Created DbCommand for 'ExecuteReader' (0ms).
2024-06-27 00:35:48.2180|DEBUG|Microsoft.EntityFrameworkCore.Database.Command|Executing DbCommand [Parameters=[@__normalizedName_0='?' (Size = 256)], CommandType='Text', CommandTimeout='30']
SELECT TOP(1) [a].[Id], [a].[ConcurrencyStamp], [a].[Name], [a].[NormalizedName]
FROM [AspNetRoles] AS [a]
WHERE [a].[NormalizedName] = @__normalizedName_0
2024-06-27 00:35:48.2327|INFO|Microsoft.EntityFrameworkCore.Database.Command|Executed DbCommand (9ms) [Parameters=[@__normalizedName_0='?' (Size = 256)], CommandType='Text', CommandTimeout='30']
SELECT TOP(1) [a].[Id], [a].[ConcurrencyStamp], [a].[Name], [a].[NormalizedName]
FROM [AspNetRoles] AS [a]
WHERE [a].[NormalizedName] = @__normalizedName_0
2024-06-27 00:35:48.2327|DEBUG|Microsoft.EntityFrameworkCore.Database.Command|A data reader was disposed.
2024-06-27 00:35:48.2638|DEBUG|Microsoft.EntityFrameworkCore.Database.Command|Creating DbCommand for 'ExecuteReader'.
2024-06-27 00:35:48.2638|DEBUG|Microsoft.EntityFrameworkCore.Database.Command|Created DbCommand for 'ExecuteReader' (0ms).
2024-06-27 00:35:48.2638|DEBUG|Microsoft.EntityFrameworkCore.Database.Command|Executing DbCommand [Parameters=[@__normalizedUserName_0='?' (Size = 256)], CommandType='Text', CommandTimeout='30']
SELECT TOP(1) [a].[Id], [a].[AccessFailedCount], [a].[Address], [a].[BookingID], [a].[CompanyName], [a].[ConcurrencyStamp], [a].[CreatedAt], [a].[DistanceInKM], [a].[Email], [a].[EmailConfirmed], [a].[FirstName], [a].[HomeService], [a].[ImageUrl], [a].[IsDeleted], [a].[LastLogin], [a].[LockoutEnabled], [a].[LockoutEnd], [a].[LoyaltyPoints], [a].[NormalizedEmail], [a].[NormalizedUserName], [a].[Password], [a].[PasswordHash], [a].[PasswordResetToken], [a].[PhoneNumber], [a].[PhoneNumberConfirmed], [a].[PromotionalOfferID], [a].[ResetTokenExpires], [a].[SecurityStamp], [a].[Street], [a].[StylePortfolioID], [a].[Town], [a].[TwoFactorEnabled], [a].[UserName]
FROM [AspNetUsers] AS [a]
WHERE [a].[NormalizedUserName] = @__normalizedUserName_0
2024-06-27 00:35:48.2824|INFO|Microsoft.EntityFrameworkCore.Database.Command|Executed DbCommand (12ms) [Parameters=[@__normalizedUserName_0='?' (Size = 256)], CommandType='Text', CommandTimeout='30']
SELECT TOP(1) [a].[Id], [a].[AccessFailedCount], [a].[Address], [a].[BookingID], [a].[CompanyName], [a].[ConcurrencyStamp], [a].[CreatedAt], [a].[DistanceInKM], [a].[Email], [a].[EmailConfirmed], [a].[FirstName], [a].[HomeService], [a].[ImageUrl], [a].[IsDeleted], [a].[LastLogin], [a].[LockoutEnabled], [a].[LockoutEnd], [a].[LoyaltyPoints], [a].[NormalizedEmail], [a].[NormalizedUserName], [a].[Password], [a].[PasswordHash], [a].[PasswordResetToken], [a].[PhoneNumber], [a].[PhoneNumberConfirmed], [a].[PromotionalOfferID], [a].[ResetTokenExpires], [a].[SecurityStamp], [a].[Street], [a].[StylePortfolioID], [a].[Town], [a].[TwoFactorEnabled], [a].[UserName]
FROM [AspNetUsers] AS [a]
WHERE [a].[NormalizedUserName] = @__normalizedUserName_0
2024-06-27 00:35:48.5425|DEBUG|Microsoft.EntityFrameworkCore.Database.Command|A data reader was disposed.
2024-06-27 08:50:46.9621|DEBUG|Microsoft.EntityFrameworkCore.Database.Command|Creating DbCommand for 'ExecuteReader'.
2024-06-27 08:50:47.0377|DEBUG|Microsoft.EntityFrameworkCore.Database.Command|Created DbCommand for 'ExecuteReader' (70ms).
2024-06-27 08:50:47.5932|DEBUG|Microsoft.EntityFrameworkCore.Database.Command|Executing DbCommand [Parameters=[@__normalizedName_0='?' (Size = 256)], CommandType='Text', CommandTimeout='30']
SELECT TOP(1) [a].[Id], [a].[ConcurrencyStamp], [a].[Name], [a].[NormalizedName]
FROM [AspNetRoles] AS [a]
WHERE [a].[NormalizedName] = @__normalizedName_0
2024-06-27 08:50:47.7332|INFO|Microsoft.EntityFrameworkCore.Database.Command|Executed DbCommand (163ms) [Parameters=[@__normalizedName_0='?' (Size = 256)], CommandType='Text', CommandTimeout='30']
SELECT TOP(1) [a].[Id], [a].[ConcurrencyStamp], [a].[Name], [a].[NormalizedName]
FROM [AspNetRoles] AS [a]
WHERE [a].[NormalizedName] = @__normalizedName_0
2024-06-27 08:50:47.8410|DEBUG|Microsoft.EntityFrameworkCore.Database.Command|A data reader was disposed.
2024-06-27 08:50:47.8654|DEBUG|Microsoft.EntityFrameworkCore.Database.Command|Creating DbCommand for 'ExecuteReader'.
2024-06-27 08:50:47.8654|DEBUG|Microsoft.EntityFrameworkCore.Database.Command|Created DbCommand for 'ExecuteReader' (0ms).
2024-06-27 08:50:47.8654|DEBUG|Microsoft.EntityFrameworkCore.Database.Command|Executing DbCommand [Parameters=[@__normalizedName_0='?' (Size = 256)], CommandType='Text', CommandTimeout='30']
SELECT TOP(1) [a].[Id], [a].[ConcurrencyStamp], [a].[Name], [a].[NormalizedName]
FROM [AspNetRoles] AS [a]
WHERE [a].[NormalizedName] = @__normalizedName_0
2024-06-27 08:50:47.8654|INFO|Microsoft.EntityFrameworkCore.Database.Command|Executed DbCommand (4ms) [Parameters=[@__normalizedName_0='?' (Size = 256)], CommandType='Text', CommandTimeout='30']
SELECT TOP(1) [a].[Id], [a].[ConcurrencyStamp], [a].[Name], [a].[NormalizedName]
FROM [AspNetRoles] AS [a]
WHERE [a].[NormalizedName] = @__normalizedName_0
2024-06-27 08:50:47.8654|DEBUG|Microsoft.EntityFrameworkCore.Database.Command|A data reader was disposed.
2024-06-27 08:50:47.8905|DEBUG|Microsoft.EntityFrameworkCore.Database.Command|Creating DbCommand for 'ExecuteReader'.
2024-06-27 08:50:47.8905|DEBUG|Microsoft.EntityFrameworkCore.Database.Command|Created DbCommand for 'ExecuteReader' (0ms).
2024-06-27 08:50:47.8905|DEBUG|Microsoft.EntityFrameworkCore.Database.Command|Executing DbCommand [Parameters=[@__normalizedUserName_0='?' (Size = 256)], CommandType='Text', CommandTimeout='30']
SELECT TOP(1) [a].[Id], [a].[AccessFailedCount], [a].[Address], [a].[BookingID], [a].[CompanyName], [a].[ConcurrencyStamp], [a].[CreatedAt], [a].[DistanceInKM], [a].[Email], [a].[EmailConfirmed], [a].[FirstName], [a].[HomeService], [a].[ImageUrl], [a].[IsDeleted], [a].[LastLogin], [a].[LockoutEnabled], [a].[LockoutEnd], [a].[LoyaltyPoints], [a].[NormalizedEmail], [a].[NormalizedUserName], [a].[Password], [a].[PasswordHash], [a].[PasswordResetToken], [a].[PhoneNumber], [a].[PhoneNumberConfirmed], [a].[PromotionalOfferID], [a].[ResetTokenExpires], [a].[SecurityStamp], [a].[Street], [a].[StylePortfolioID], [a].[Town], [a].[TwoFactorEnabled], [a].[UserName]
FROM [AspNetUsers] AS [a]
WHERE [a].[NormalizedUserName] = @__normalizedUserName_0
2024-06-27 08:50:47.9009|INFO|Microsoft.EntityFrameworkCore.Database.Command|Executed DbCommand (8ms) [Parameters=[@__normalizedUserName_0='?' (Size = 256)], CommandType='Text', CommandTimeout='30']
SELECT TOP(1) [a].[Id], [a].[AccessFailedCount], [a].[Address], [a].[BookingID], [a].[CompanyName], [a].[ConcurrencyStamp], [a].[CreatedAt], [a].[DistanceInKM], [a].[Email], [a].[EmailConfirmed], [a].[FirstName], [a].[HomeService], [a].[ImageUrl], [a].[IsDeleted], [a].[LastLogin], [a].[LockoutEnabled], [a].[LockoutEnd], [a].[LoyaltyPoints], [a].[NormalizedEmail], [a].[NormalizedUserName], [a].[Password], [a].[PasswordHash], [a].[PasswordResetToken], [a].[PhoneNumber], [a].[PhoneNumberConfirmed], [a].[PromotionalOfferID], [a].[ResetTokenExpires], [a].[SecurityStamp], [a].[Street], [a].[StylePortfolioID], [a].[Town], [a].[TwoFactorEnabled], [a].[UserName]
FROM [AspNetUsers] AS [a]
WHERE [a].[NormalizedUserName] = @__normalizedUserName_0
2024-06-27 08:50:48.0158|DEBUG|Microsoft.EntityFrameworkCore.Database.Command|A data reader was disposed.
2024-06-27 08:52:55.7773|DEBUG|Microsoft.EntityFrameworkCore.Database.Command|Creating DbCommand for 'ExecuteReader'.
2024-06-27 08:52:55.7773|DEBUG|Microsoft.EntityFrameworkCore.Database.Command|Created DbCommand for 'ExecuteReader' (0ms).
2024-06-27 08:52:55.7923|DEBUG|Microsoft.EntityFrameworkCore.Database.Command|Executing DbCommand [Parameters=[@p0='?' (Size = 450), @p1='?' (Size = 4000), @p2='?' (DbType = DateTime2), @p3='?' (Size = 4000), @p4='?' (Size = 4000), @p5='?' (DbType = Boolean), @p6='?' (DbType = DateTime2), @p7='?' (Precision = 18) (Scale = 2) (DbType = Decimal), @p8='?' (Size = 4000), @p9='?' (DbType = Int32)], CommandType='Text', CommandTimeout='30']
SET NOCOUNT ON;
INSERT INTO [HaircareProducts] ([Id], [Brand], [CreatedAt], [Description], [ImageUrl], [IsDeleted], [ModifiedAt], [Price], [ProductName], [StockQuantity])
VALUES (@p0, @p1, @p2, @p3, @p4, @p5, @p6, @p7, @p8, @p9);
2024-06-27 08:52:55.7923|INFO|Microsoft.EntityFrameworkCore.Database.Command|Executed DbCommand (13ms) [Parameters=[@p0='?' (Size = 450), @p1='?' (Size = 4000), @p2='?' (DbType = DateTime2), @p3='?' (Size = 4000), @p4='?' (Size = 4000), @p5='?' (DbType = Boolean), @p6='?' (DbType = DateTime2), @p7='?' (Precision = 18) (Scale = 2) (DbType = Decimal), @p8='?' (Size = 4000), @p9='?' (DbType = Int32)], CommandType='Text', CommandTimeout='30']
SET NOCOUNT ON;
INSERT INTO [HaircareProducts] ([Id], [Brand], [CreatedAt], [Description], [ImageUrl], [IsDeleted], [ModifiedAt], [Price], [ProductName], [StockQuantity])
VALUES (@p0, @p1, @p2, @p3, @p4, @p5, @p6, @p7, @p8, @p9);
2024-06-27 08:52:55.8191|DEBUG|Microsoft.EntityFrameworkCore.Database.Command|A data reader was disposed.
2024-06-27 08:54:47.4899|DEBUG|Microsoft.EntityFrameworkCore.Database.Command|Creating DbCommand for 'ExecuteReader'.
2024-06-27 08:54:47.4899|DEBUG|Microsoft.EntityFrameworkCore.Database.Command|Created DbCommand for 'ExecuteReader' (1ms).
2024-06-27 08:54:47.4899|DEBUG|Microsoft.EntityFrameworkCore.Database.Command|Executing DbCommand [Parameters=[], CommandType='Text', CommandTimeout='30']
SELECT [h].[Id], [h].[Brand], [h].[CreatedAt], [h].[Description], [h].[ImageUrl], [h].[IsDeleted], [h].[ModifiedAt], [h].[Price], [h].[ProductName], [h].[StockQuantity]
FROM [HaircareProducts] AS [h]
2024-06-27 08:54:47.4899|INFO|Microsoft.EntityFrameworkCore.Database.Command|Executed DbCommand (6ms) [Parameters=[], CommandType='Text', CommandTimeout='30']
SELECT [h].[Id], [h].[Brand], [h].[CreatedAt], [h].[Description], [h].[ImageUrl], [h].[IsDeleted], [h].[ModifiedAt], [h].[Price], [h].[ProductName], [h].[StockQuantity]
FROM [HaircareProducts] AS [h]
2024-06-27 08:54:47.5083|DEBUG|Microsoft.EntityFrameworkCore.Database.Command|A data reader was disposed.
2024-06-27 08:59:13.4901|DEBUG|Microsoft.EntityFrameworkCore.Database.Command|Creating DbCommand for 'ExecuteReader'.
2024-06-27 08:59:13.4901|DEBUG|Microsoft.EntityFrameworkCore.Database.Command|Created DbCommand for 'ExecuteReader' (0ms).
2024-06-27 08:59:13.4901|DEBUG|Microsoft.EntityFrameworkCore.Database.Command|Executing DbCommand [Parameters=[@__id_0='?' (Size = 450)], CommandType='Text', CommandTimeout='30']
SELECT TOP(1) [h].[Id], [h].[Brand], [h].[CreatedAt], [h].[Description], [h].[ImageUrl], [h].[IsDeleted], [h].[ModifiedAt], [h].[Price], [h].[ProductName], [h].[StockQuantity]
FROM [HaircareProducts] AS [h]
WHERE [h].[Id] = @__id_0
2024-06-27 08:59:13.4901|INFO|Microsoft.EntityFrameworkCore.Database.Command|Executed DbCommand (4ms) [Parameters=[@__id_0='?' (Size = 450)], CommandType='Text', CommandTimeout='30']
SELECT TOP(1) [h].[Id], [h].[Brand], [h].[CreatedAt], [h].[Description], [h].[ImageUrl], [h].[IsDeleted], [h].[ModifiedAt], [h].[Price], [h].[ProductName], [h].[StockQuantity]
FROM [HaircareProducts] AS [h]
WHERE [h].[Id] = @__id_0
2024-06-27 08:59:13.4901|DEBUG|Microsoft.EntityFrameworkCore.Database.Command|A data reader was disposed.
2024-06-27 09:00:46.6090|DEBUG|Microsoft.EntityFrameworkCore.Database.Command|Creating DbCommand for 'ExecuteReader'.
2024-06-27 09:00:46.6090|DEBUG|Microsoft.EntityFrameworkCore.Database.Command|Created DbCommand for 'ExecuteReader' (1ms).
2024-06-27 09:00:46.6090|DEBUG|Microsoft.EntityFrameworkCore.Database.Command|Executing DbCommand [Parameters=[@__id_0='?' (Size = 450)], CommandType='Text', CommandTimeout='30']
SELECT [h].[Id], [h].[Brand], [h].[CreatedAt], [h].[Description], [h].[ImageUrl], [h].[IsDeleted], [h].[ModifiedAt], [h].[Price], [h].[ProductName], [h].[StockQuantity]
FROM [HaircareProducts] AS [h]
WHERE [h].[Id] = @__id_0
2024-06-27 09:00:46.6215|INFO|Microsoft.EntityFrameworkCore.Database.Command|Executed DbCommand (6ms) [Parameters=[@__id_0='?' (Size = 450)], CommandType='Text', CommandTimeout='30']
SELECT [h].[Id], [h].[Brand], [h].[CreatedAt], [h].[Description], [h].[ImageUrl], [h].[IsDeleted], [h].[ModifiedAt], [h].[Price], [h].[ProductName], [h].[StockQuantity]
FROM [HaircareProducts] AS [h]
WHERE [h].[Id] = @__id_0
2024-06-27 09:00:46.6215|DEBUG|Microsoft.EntityFrameworkCore.Database.Command|A data reader was disposed.
2024-06-27 09:01:53.6335|DEBUG|Microsoft.EntityFrameworkCore.Database.Command|Creating DbCommand for 'ExecuteReader'.
2024-06-27 09:01:53.6335|DEBUG|Microsoft.EntityFrameworkCore.Database.Command|Created DbCommand for 'ExecuteReader' (0ms).
2024-06-27 09:01:53.6335|DEBUG|Microsoft.EntityFrameworkCore.Database.Command|Executing DbCommand [Parameters=[@__id_0='?' (Size = 450)], CommandType='Text', CommandTimeout='30']
SELECT [h].[Id], [h].[Brand], [h].[CreatedAt], [h].[Description], [h].[ImageUrl], [h].[IsDeleted], [h].[ModifiedAt], [h].[Price], [h].[ProductName], [h].[StockQuantity]
FROM [HaircareProducts] AS [h]
WHERE [h].[Id] = @__id_0
2024-06-27 09:01:53.6335|INFO|Microsoft.EntityFrameworkCore.Database.Command|Executed DbCommand (3ms) [Parameters=[@__id_0='?' (Size = 450)], CommandType='Text', CommandTimeout='30']
SELECT [h].[Id], [h].[Brand], [h].[CreatedAt], [h].[Description], [h].[ImageUrl], [h].[IsDeleted], [h].[ModifiedAt], [h].[Price], [h].[ProductName], [h].[StockQuantity]
FROM [HaircareProducts] AS [h]
WHERE [h].[Id] = @__id_0
2024-06-27 09:01:53.6335|DEBUG|Microsoft.EntityFrameworkCore.Database.Command|A data reader was disposed.
2024-06-27 09:29:13.3582|DEBUG|Microsoft.EntityFrameworkCore.Database.Command|Creating DbCommand for 'ExecuteReader'.
2024-06-27 09:29:13.4187|DEBUG|Microsoft.EntityFrameworkCore.Database.Command|Created DbCommand for 'ExecuteReader' (60ms).
2024-06-27 09:29:13.7869|DEBUG|Microsoft.EntityFrameworkCore.Database.Command|Executing DbCommand [Parameters=[@__normalizedName_0='?' (Size = 256)], CommandType='Text', CommandTimeout='30']
SELECT TOP(1) [a].[Id], [a].[ConcurrencyStamp], [a].[Name], [a].[NormalizedName]
FROM [AspNetRoles] AS [a]
WHERE [a].[NormalizedName] = @__normalizedName_0
2024-06-27 09:29:13.8827|INFO|Microsoft.EntityFrameworkCore.Database.Command|Executed DbCommand (101ms) [Parameters=[@__normalizedName_0='?' (Size = 256)], CommandType='Text', CommandTimeout='30']
SELECT TOP(1) [a].[Id], [a].[ConcurrencyStamp], [a].[Name], [a].[NormalizedName]
FROM [AspNetRoles] AS [a]
WHERE [a].[NormalizedName] = @__normalizedName_0
2024-06-27 09:29:13.9802|DEBUG|Microsoft.EntityFrameworkCore.Database.Command|A data reader was disposed.
2024-06-27 09:29:13.9988|DEBUG|Microsoft.EntityFrameworkCore.Database.Command|Creating DbCommand for 'ExecuteReader'.
2024-06-27 09:29:13.9988|DEBUG|Microsoft.EntityFrameworkCore.Database.Command|Created DbCommand for 'ExecuteReader' (0ms).
2024-06-27 09:29:14.0054|DEBUG|Microsoft.EntityFrameworkCore.Database.Command|Executing DbCommand [Parameters=[@__normalizedName_0='?' (Size = 256)], CommandType='Text', CommandTimeout='30']
SELECT TOP(1) [a].[Id], [a].[ConcurrencyStamp], [a].[Name], [a].[NormalizedName]
FROM [AspNetRoles] AS [a]
WHERE [a].[NormalizedName] = @__normalizedName_0
2024-06-27 09:29:14.0054|INFO|Microsoft.EntityFrameworkCore.Database.Command|Executed DbCommand (6ms) [Parameters=[@__normalizedName_0='?' (Size = 256)], CommandType='Text', CommandTimeout='30']
SELECT TOP(1) [a].[Id], [a].[ConcurrencyStamp], [a].[Name], [a].[NormalizedName]
FROM [AspNetRoles] AS [a]
WHERE [a].[NormalizedName] = @__normalizedName_0
2024-06-27 09:29:14.0054|DEBUG|Microsoft.EntityFrameworkCore.Database.Command|A data reader was disposed.
2024-06-27 09:29:14.0246|DEBUG|Microsoft.EntityFrameworkCore.Database.Command|Creating DbCommand for 'ExecuteReader'.
2024-06-27 09:29:14.0246|DEBUG|Microsoft.EntityFrameworkCore.Database.Command|Created DbCommand for 'ExecuteReader' (0ms).
2024-06-27 09:29:14.0246|DEBUG|Microsoft.EntityFrameworkCore.Database.Command|Executing DbCommand [Parameters=[@__normalizedUserName_0='?' (Size = 256)], CommandType='Text', CommandTimeout='30']
SELECT TOP(1) [a].[Id], [a].[AccessFailedCount], [a].[Address], [a].[BookingID], [a].[CompanyName], [a].[ConcurrencyStamp], [a].[CreatedAt], [a].[DistanceInKM], [a].[Email], [a].[EmailConfirmed], [a].[FirstName], [a].[HomeService], [a].[ImageUrl], [a].[IsDeleted], [a].[LastLogin], [a].[LockoutEnabled], [a].[LockoutEnd], [a].[LoyaltyPoints], [a].[NormalizedEmail], [a].[NormalizedUserName], [a].[Password], [a].[PasswordHash], [a].[PasswordResetToken], [a].[PhoneNumber], [a].[PhoneNumberConfirmed], [a].[PromotionalOfferID], [a].[ResetTokenExpires], [a].[SecurityStamp], [a].[Street], [a].[StylePortfolioID], [a].[Town], [a].[TwoFactorEnabled], [a].[UserName]
FROM [AspNetUsers] AS [a]
WHERE [a].[NormalizedUserName] = @__normalizedUserName_0
2024-06-27 09:29:14.0404|INFO|Microsoft.EntityFrameworkCore.Database.Command|Executed DbCommand (5ms) [Parameters=[@__normalizedUserName_0='?' (Size = 256)], CommandType='Text', CommandTimeout='30']
SELECT TOP(1) [a].[Id], [a].[AccessFailedCount], [a].[Address], [a].[BookingID], [a].[CompanyName], [a].[ConcurrencyStamp], [a].[CreatedAt], [a].[DistanceInKM], [a].[Email], [a].[EmailConfirmed], [a].[FirstName], [a].[HomeService], [a].[ImageUrl], [a].[IsDeleted], [a].[LastLogin], [a].[LockoutEnabled], [a].[LockoutEnd], [a].[LoyaltyPoints], [a].[NormalizedEmail], [a].[NormalizedUserName], [a].[Password], [a].[PasswordHash], [a].[PasswordResetToken], [a].[PhoneNumber], [a].[PhoneNumberConfirmed], [a].[PromotionalOfferID], [a].[ResetTokenExpires], [a].[SecurityStamp], [a].[Street], [a].[StylePortfolioID], [a].[Town], [a].[TwoFactorEnabled], [a].[UserName]
FROM [AspNetUsers] AS [a]
WHERE [a].[NormalizedUserName] = @__normalizedUserName_0
2024-06-27 09:29:14.1413|DEBUG|Microsoft.EntityFrameworkCore.Database.Command|A data reader was disposed.
2024-06-27 09:31:44.3794|DEBUG|Microsoft.EntityFrameworkCore.Database.Command|Creating DbCommand for 'ExecuteReader'.
2024-06-27 09:31:44.3794|DEBUG|Microsoft.EntityFrameworkCore.Database.Command|Created DbCommand for 'ExecuteReader' (0ms).
2024-06-27 09:31:44.3854|DEBUG|Microsoft.EntityFrameworkCore.Database.Command|Executing DbCommand [Parameters=[@p0='?' (Size = 450), @p1='?' (Size = 4000), @p2='?' (DbType = DateTime2), @p3='?' (Size = 4000), @p4='?' (Size = 4000), @p5='?' (DbType = Boolean), @p6='?' (DbType = DateTime2), @p7='?' (Precision = 18) (Scale = 2) (DbType = Decimal), @p8='?' (Size = 4000), @p9='?' (DbType = Int32)], CommandType='Text', CommandTimeout='30']
SET NOCOUNT ON;
INSERT INTO [HaircareProducts] ([Id], [Brand], [CreatedAt], [Description], [ImageUrl], [IsDeleted], [ModifiedAt], [Price], [ProductName], [StockQuantity])
VALUES (@p0, @p1, @p2, @p3, @p4, @p5, @p6, @p7, @p8, @p9);
2024-06-27 09:31:44.3959|INFO|Microsoft.EntityFrameworkCore.Database.Command|Executed DbCommand (12ms) [Parameters=[@p0='?' (Size = 450), @p1='?' (Size = 4000), @p2='?' (DbType = DateTime2), @p3='?' (Size = 4000), @p4='?' (Size = 4000), @p5='?' (DbType = Boolean), @p6='?' (DbType = DateTime2), @p7='?' (Precision = 18) (Scale = 2) (DbType = Decimal), @p8='?' (Size = 4000), @p9='?' (DbType = Int32)], CommandType='Text', CommandTimeout='30']
SET NOCOUNT ON;
INSERT INTO [HaircareProducts] ([Id], [Brand], [CreatedAt], [Description], [ImageUrl], [IsDeleted], [ModifiedAt], [Price], [ProductName], [StockQuantity])
VALUES (@p0, @p1, @p2, @p3, @p4, @p5, @p6, @p7, @p8, @p9);
2024-06-27 09:31:44.3959|DEBUG|Microsoft.EntityFrameworkCore.Database.Command|A data reader was disposed.
2024-06-27 09:33:13.0844|DEBUG|Microsoft.EntityFrameworkCore.Database.Command|Creating DbCommand for 'ExecuteReader'.
2024-06-27 09:33:13.0844|DEBUG|Microsoft.EntityFrameworkCore.Database.Command|Created DbCommand for 'ExecuteReader' (0ms).
2024-06-27 09:33:13.0844|DEBUG|Microsoft.EntityFrameworkCore.Database.Command|Executing DbCommand [Parameters=[@__id_0='?' (Size = 450)], CommandType='Text', CommandTimeout='30']
SELECT [h].[Id], [h].[Brand], [h].[CreatedAt], [h].[Description], [h].[ImageUrl], [h].[IsDeleted], [h].[ModifiedAt], [h].[Price], [h].[ProductName], [h].[StockQuantity]
FROM [HaircareProducts] AS [h]
WHERE [h].[Id] = @__id_0
2024-06-27 09:33:13.0844|INFO|Microsoft.EntityFrameworkCore.Database.Command|Executed DbCommand (2ms) [Parameters=[@__id_0='?' (Size = 450)], CommandType='Text', CommandTimeout='30']
SELECT [h].[Id], [h].[Brand], [h].[CreatedAt], [h].[Description], [h].[ImageUrl], [h].[IsDeleted], [h].[ModifiedAt], [h].[Price], [h].[ProductName], [h].[StockQuantity]
FROM [HaircareProducts] AS [h]
WHERE [h].[Id] = @__id_0
2024-06-27 09:33:13.0844|DEBUG|Microsoft.EntityFrameworkCore.Database.Command|A data reader was disposed.
2024-06-27 09:35:42.5708|DEBUG|Microsoft.EntityFrameworkCore.Database.Command|Creating DbCommand for 'ExecuteReader'.
2024-06-27 09:35:42.5870|DEBUG|Microsoft.EntityFrameworkCore.Database.Command|Created DbCommand for 'ExecuteReader' (8ms).
2024-06-27 09:35:42.5870|DEBUG|Microsoft.EntityFrameworkCore.Database.Command|Executing DbCommand [Parameters=[@p0='?' (Size = 450), @p1='?' (Size = 4000), @p2='?' (DbType = DateTime2), @p3='?' (Size = 4000), @p4='?' (Size = 4000), @p5='?' (DbType = Boolean), @p6='?' (DbType = DateTime2), @p7='?' (Precision = 18) (Scale = 2) (DbType = Decimal), @p8='?' (Size = 4000), @p9='?' (DbType = Int32)], CommandType='Text', CommandTimeout='30']
SET NOCOUNT ON;
INSERT INTO [HaircareProducts] ([Id], [Brand], [CreatedAt], [Description], [ImageUrl], [IsDeleted], [ModifiedAt], [Price], [ProductName], [StockQuantity])
VALUES (@p0, @p1, @p2, @p3, @p4, @p5, @p6, @p7, @p8, @p9);
2024-06-27 09:35:42.5870|INFO|Microsoft.EntityFrameworkCore.Database.Command|Executed DbCommand (5ms) [Parameters=[@p0='?' (Size = 450), @p1='?' (Size = 4000), @p2='?' (DbType = DateTime2), @p3='?' (Size = 4000), @p4='?' (Size = 4000), @p5='?' (DbType = Boolean), @p6='?' (DbType = DateTime2), @p7='?' (Precision = 18) (Scale = 2) (DbType = Decimal), @p8='?' (Size = 4000), @p9='?' (DbType = Int32)], CommandType='Text', CommandTimeout='30']
SET NOCOUNT ON;
INSERT INTO [HaircareProducts] ([Id], [Brand], [CreatedAt], [Description], [ImageUrl], [IsDeleted], [ModifiedAt], [Price], [ProductName], [StockQuantity])
VALUES (@p0, @p1, @p2, @p3, @p4, @p5, @p6, @p7, @p8, @p9);
2024-06-27 09:35:42.5870|DEBUG|Microsoft.EntityFrameworkCore.Database.Command|A data reader was disposed.
2024-06-27 09:36:15.8974|DEBUG|Microsoft.EntityFrameworkCore.Database.Command|Creating DbCommand for 'ExecuteReader'.
2024-06-27 09:36:15.8974|DEBUG|Microsoft.EntityFrameworkCore.Database.Command|Created DbCommand for 'ExecuteReader' (1ms).
2024-06-27 09:36:15.8974|DEBUG|Microsoft.EntityFrameworkCore.Database.Command|Executing DbCommand [Parameters=[@__id_0='?' (Size = 450)], CommandType='Text', CommandTimeout='30']
SELECT [h].[Id], [h].[Brand], [h].[CreatedAt], [h].[Description], [h].[ImageUrl], [h].[IsDeleted], [h].[ModifiedAt], [h].[Price], [h].[ProductName], [h].[StockQuantity]
FROM [HaircareProducts] AS [h]
WHERE [h].[Id] = @__id_0
2024-06-27 09:36:15.8974|INFO|Microsoft.EntityFrameworkCore.Database.Command|Executed DbCommand (5ms) [Parameters=[@__id_0='?' (Size = 450)], CommandType='Text', CommandTimeout='30']
SELECT [h].[Id], [h].[Brand], [h].[CreatedAt], [h].[Description], [h].[ImageUrl], [h].[IsDeleted], [h].[ModifiedAt], [h].[Price], [h].[ProductName], [h].[StockQuantity]
FROM [HaircareProducts] AS [h]
WHERE [h].[Id] = @__id_0
2024-06-27 09:36:15.9124|DEBUG|Microsoft.EntityFrameworkCore.Database.Command|A data reader was disposed.
2024-06-27 09:36:15.9435|DEBUG|Microsoft.EntityFrameworkCore.Database.Command|Creating DbCommand for 'ExecuteReader'.
2024-06-27 09:36:15.9435|DEBUG|Microsoft.EntityFrameworkCore.Database.Command|Created DbCommand for 'ExecuteReader' (0ms).
2024-06-27 09:36:15.9435|DEBUG|Microsoft.EntityFrameworkCore.Database.Command|Executing DbCommand [Parameters=[@p0='?' (Size = 450)], CommandType='Text', CommandTimeout='30']
SET NOCOUNT ON;
DELETE FROM [HaircareProducts]
WHERE [Id] = @p0;
SELECT @@ROWCOUNT;
2024-06-27 09:36:15.9639|INFO|Microsoft.EntityFrameworkCore.Database.Command|Executed DbCommand (20ms) [Parameters=[@p0='?' (Size = 450)], CommandType='Text', CommandTimeout='30']
SET NOCOUNT ON;
DELETE FROM [HaircareProducts]
WHERE [Id] = @p0;
SELECT @@ROWCOUNT;
2024-06-27 09:36:15.9639|DEBUG|Microsoft.EntityFrameworkCore.Database.Command|A data reader was disposed.
2024-06-27 09:36:54.2396|DEBUG|Microsoft.EntityFrameworkCore.Database.Command|Creating DbCommand for 'ExecuteReader'.
2024-06-27 09:36:54.2396|DEBUG|Microsoft.EntityFrameworkCore.Database.Command|Created DbCommand for 'ExecuteReader' (0ms).
2024-06-27 09:36:54.2396|DEBUG|Microsoft.EntityFrameworkCore.Database.Command|Executing DbCommand [Parameters=[@p0='?' (Size = 450), @p1='?' (Size = 4000), @p2='?' (DbType = DateTime2), @p3='?' (Size = 4000), @p4='?' (Size = 4000), @p5='?' (DbType = Boolean), @p6='?' (DbType = DateTime2), @p7='?' (Precision = 18) (Scale = 2) (DbType = Decimal), @p8='?' (Size = 4000), @p9='?' (DbType = Int32)], CommandType='Text', CommandTimeout='30']
SET NOCOUNT ON;
INSERT INTO [HaircareProducts] ([Id], [Brand], [CreatedAt], [Description], [ImageUrl], [IsDeleted], [ModifiedAt], [Price], [ProductName], [StockQuantity])
VALUES (@p0, @p1, @p2, @p3, @p4, @p5, @p6, @p7, @p8, @p9);
2024-06-27 09:36:54.2396|INFO|Microsoft.EntityFrameworkCore.Database.Command|Executed DbCommand (6ms) [Parameters=[@p0='?' (Size = 450), @p1='?' (Size = 4000), @p2='?' (DbType = DateTime2), @p3='?' (Size = 4000), @p4='?' (Size = 4000), @p5='?' (DbType = Boolean), @p6='?' (DbType = DateTime2), @p7='?' (Precision = 18) (Scale = 2) (DbType = Decimal), @p8='?' (Size = 4000), @p9='?' (DbType = Int32)], CommandType='Text', CommandTimeout='30']
SET NOCOUNT ON;
INSERT INTO [HaircareProducts] ([Id], [Brand], [CreatedAt], [Description], [ImageUrl], [IsDeleted], [ModifiedAt], [Price], [ProductName], [StockQuantity])
VALUES (@p0, @p1, @p2, @p3, @p4, @p5, @p6, @p7, @p8, @p9);
2024-06-27 09:36:54.2396|DEBUG|Microsoft.EntityFrameworkCore.Database.Command|A data reader was disposed.
2024-06-27 09:38:37.0466|DEBUG|Microsoft.EntityFrameworkCore.Database.Command|Creating DbCommand for 'ExecuteReader'.
2024-06-27 09:38:37.0466|DEBUG|Microsoft.EntityFrameworkCore.Database.Command|Created DbCommand for 'ExecuteReader' (0ms).
2024-06-27 09:38:37.0466|DEBUG|Microsoft.EntityFrameworkCore.Database.Command|Executing DbCommand [Parameters=[@__id_0='?' (Size = 450)], CommandType='Text', CommandTimeout='30']
SELECT [h].[Id], [h].[Brand], [h].[CreatedAt], [h].[Description], [h].[ImageUrl], [h].[IsDeleted], [h].[ModifiedAt], [h].[Price], [h].[ProductName], [h].[StockQuantity]
FROM [HaircareProducts] AS [h]
WHERE [h].[Id] = @__id_0
2024-06-27 09:38:37.0466|INFO|Microsoft.EntityFrameworkCore.Database.Command|Executed DbCommand (4ms) [Parameters=[@__id_0='?' (Size = 450)], CommandType='Text', CommandTimeout='30']
SELECT [h].[Id], [h].[Brand], [h].[CreatedAt], [h].[Description], [h].[ImageUrl], [h].[IsDeleted], [h].[ModifiedAt], [h].[Price], [h].[ProductName], [h].[StockQuantity]
FROM [HaircareProducts] AS [h]
WHERE [h].[Id] = @__id_0
2024-06-27 09:38:37.0793|DEBUG|Microsoft.EntityFrameworkCore.Database.Command|A data reader was disposed.
2024-06-27 09:46:16.9393|DEBUG|Microsoft.EntityFrameworkCore.Database.Command|Creating DbCommand for 'ExecuteReader'.
2024-06-27 09:46:16.9977|DEBUG|Microsoft.EntityFrameworkCore.Database.Command|Created DbCommand for 'ExecuteReader' (57ms).
2024-06-27 09:46:17.3873|DEBUG|Microsoft.EntityFrameworkCore.Database.Command|Executing DbCommand [Parameters=[@__normalizedName_0='?' (Size = 256)], CommandType='Text', CommandTimeout='30']
SELECT TOP(1) [a].[Id], [a].[ConcurrencyStamp], [a].[Name], [a].[NormalizedName]
FROM [AspNetRoles] AS [a]
WHERE [a].[NormalizedName] = @__normalizedName_0
2024-06-27 09:46:17.4914|INFO|Microsoft.EntityFrameworkCore.Database.Command|Executed DbCommand (110ms) [Parameters=[@__normalizedName_0='?' (Size = 256)], CommandType='Text', CommandTimeout='30']
SELECT TOP(1) [a].[Id], [a].[ConcurrencyStamp], [a].[Name], [a].[NormalizedName]
FROM [AspNetRoles] AS [a]
WHERE [a].[NormalizedName] = @__normalizedName_0
2024-06-27 09:46:17.6101|DEBUG|Microsoft.EntityFrameworkCore.Database.Command|A data reader was disposed.
2024-06-27 09:46:17.6364|DEBUG|Microsoft.EntityFrameworkCore.Database.Command|Creating DbCommand for 'ExecuteReader'.
2024-06-27 09:46:17.6364|DEBUG|Microsoft.EntityFrameworkCore.Database.Command|Created DbCommand for 'ExecuteReader' (0ms).
2024-06-27 09:46:17.6364|DEBUG|Microsoft.EntityFrameworkCore.Database.Command|Executing DbCommand [Parameters=[@__normalizedName_0='?' (Size = 256)], CommandType='Text', CommandTimeout='30']
SELECT TOP(1) [a].[Id], [a].[ConcurrencyStamp], [a].[Name], [a].[NormalizedName]
FROM [AspNetRoles] AS [a]
WHERE [a].[NormalizedName] = @__normalizedName_0
2024-06-27 09:46:17.6498|INFO|Microsoft.EntityFrameworkCore.Database.Command|Executed DbCommand (6ms) [Parameters=[@__normalizedName_0='?' (Size = 256)], CommandType='Text', CommandTimeout='30']
SELECT TOP(1) [a].[Id], [a].[ConcurrencyStamp], [a].[Name], [a].[NormalizedName]
FROM [AspNetRoles] AS [a]
WHERE [a].[NormalizedName] = @__normalizedName_0
2024-06-27 09:46:17.6498|DEBUG|Microsoft.EntityFrameworkCore.Database.Command|A data reader was disposed.
2024-06-27 09:46:17.6675|DEBUG|Microsoft.EntityFrameworkCore.Database.Command|Creating DbCommand for 'ExecuteReader'.
2024-06-27 09:46:17.6675|DEBUG|Microsoft.EntityFrameworkCore.Database.Command|Created DbCommand for 'ExecuteReader' (0ms).
2024-06-27 09:46:17.6675|DEBUG|Microsoft.EntityFrameworkCore.Database.Command|Executing DbCommand [Parameters=[@__normalizedUserName_0='?' (Size = 256)], CommandType='Text', CommandTimeout='30']
SELECT TOP(1) [a].[Id], [a].[AccessFailedCount], [a].[Address], [a].[BookingID], [a].[CompanyName], [a].[ConcurrencyStamp], [a].[CreatedAt], [a].[DistanceInKM], [a].[Email], [a].[EmailConfirmed], [a].[FirstName], [a].[HomeService], [a].[ImageUrl], [a].[IsDeleted], [a].[LastLogin], [a].[LockoutEnabled], [a].[LockoutEnd], [a].[LoyaltyPoints], [a].[NormalizedEmail], [a].[NormalizedUserName], [a].[Password], [a].[PasswordHash], [a].[PasswordResetToken], [a].[PhoneNumber], [a].[PhoneNumberConfirmed], [a].[PromotionalOfferID], [a].[ResetTokenExpires], [a].[SecurityStamp], [a].[Street], [a].[StylePortfolioID], [a].[Town], [a].[TwoFactorEnabled], [a].[UserName]
FROM [AspNetUsers] AS [a]
WHERE [a].[NormalizedUserName] = @__normalizedUserName_0
2024-06-27 09:46:17.6675|INFO|Microsoft.EntityFrameworkCore.Database.Command|Executed DbCommand (6ms) [Parameters=[@__normalizedUserName_0='?' (Size = 256)], CommandType='Text', CommandTimeout='30']
SELECT TOP(1) [a].[Id], [a].[AccessFailedCount], [a].[Address], [a].[BookingID], [a].[CompanyName], [a].[ConcurrencyStamp], [a].[CreatedAt], [a].[DistanceInKM], [a].[Email], [a].[EmailConfirmed], [a].[FirstName], [a].[HomeService], [a].[ImageUrl], [a].[IsDeleted], [a].[LastLogin], [a].[LockoutEnabled], [a].[LockoutEnd], [a].[LoyaltyPoints], [a].[NormalizedEmail], [a].[NormalizedUserName], [a].[Password], [a].[PasswordHash], [a].[PasswordResetToken], [a].[PhoneNumber], [a].[PhoneNumberConfirmed], [a].[PromotionalOfferID], [a].[ResetTokenExpires], [a].[SecurityStamp], [a].[Street], [a].[StylePortfolioID], [a].[Town], [a].[TwoFactorEnabled], [a].[UserName]
FROM [AspNetUsers] AS [a]
WHERE [a].[NormalizedUserName] = @__normalizedUserName_0
2024-06-27 09:46:17.7944|DEBUG|Microsoft.EntityFrameworkCore.Database.Command|A data reader was disposed.
2024-06-27 09:57:06.2415|DEBUG|Microsoft.EntityFrameworkCore.Database.Command|Creating DbCommand for 'ExecuteReader'.
2024-06-27 09:57:06.3226|DEBUG|Microsoft.EntityFrameworkCore.Database.Command|Created DbCommand for 'ExecuteReader' (69ms).
2024-06-27 09:57:06.7164|DEBUG|Microsoft.EntityFrameworkCore.Database.Command|Executing DbCommand [Parameters=[@__normalizedName_0='?' (Size = 256)], CommandType='Text', CommandTimeout='30']
SELECT TOP(1) [a].[Id], [a].[ConcurrencyStamp], [a].[Name], [a].[NormalizedName]
FROM [AspNetRoles] AS [a]
WHERE [a].[NormalizedName] = @__normalizedName_0
2024-06-27 09:57:06.8305|INFO|Microsoft.EntityFrameworkCore.Database.Command|Executed DbCommand (121ms) [Parameters=[@__normalizedName_0='?' (Size = 256)], CommandType='Text', CommandTimeout='30']
SELECT TOP(1) [a].[Id], [a].[ConcurrencyStamp], [a].[Name], [a].[NormalizedName]
FROM [AspNetRoles] AS [a]
WHERE [a].[NormalizedName] = @__normalizedName_0
2024-06-27 09:57:06.9338|DEBUG|Microsoft.EntityFrameworkCore.Database.Command|A data reader was disposed.
2024-06-27 09:57:06.9613|DEBUG|Microsoft.EntityFrameworkCore.Database.Command|Creating DbCommand for 'ExecuteReader'.
2024-06-27 09:57:06.9613|DEBUG|Microsoft.EntityFrameworkCore.Database.Command|Created DbCommand for 'ExecuteReader' (0ms).
2024-06-27 09:57:06.9613|DEBUG|Microsoft.EntityFrameworkCore.Database.Command|Executing DbCommand [Parameters=[@__normalizedName_0='?' (Size = 256)], CommandType='Text', CommandTimeout='30']
SELECT TOP(1) [a].[Id], [a].[ConcurrencyStamp], [a].[Name], [a].[NormalizedName]
FROM [AspNetRoles] AS [a]
WHERE [a].[NormalizedName] = @__normalizedName_0
2024-06-27 09:57:06.9746|INFO|Microsoft.EntityFrameworkCore.Database.Command|Executed DbCommand (7ms) [Parameters=[@__normalizedName_0='?' (Size = 256)], CommandType='Text', CommandTimeout='30']
SELECT TOP(1) [a].[Id], [a].[ConcurrencyStamp], [a].[Name], [a].[NormalizedName]
FROM [AspNetRoles] AS [a]
WHERE [a].[NormalizedName] = @__normalizedName_0
2024-06-27 09:57:06.9746|DEBUG|Microsoft.EntityFrameworkCore.Database.Command|A data reader was disposed.
2024-06-27 09:57:07.0001|DEBUG|Microsoft.EntityFrameworkCore.Database.Command|Creating DbCommand for 'ExecuteReader'.
2024-06-27 09:57:07.0001|DEBUG|Microsoft.EntityFrameworkCore.Database.Command|Created DbCommand for 'ExecuteReader' (0ms).
2024-06-27 09:57:07.0001|DEBUG|Microsoft.EntityFrameworkCore.Database.Command|Executing DbCommand [Parameters=[@__normalizedUserName_0='?' (Size = 256)], CommandType='Text', CommandTimeout='30']
SELECT TOP(1) [a].[Id], [a].[AccessFailedCount], [a].[Address], [a].[BookingID], [a].[CompanyName], [a].[ConcurrencyStamp], [a].[CreatedAt], [a].[DistanceInKM], [a].[Email], [a].[EmailConfirmed], [a].[FirstName], [a].[HomeService], [a].[ImageUrl], [a].[IsDeleted], [a].[LastLogin], [a].[LockoutEnabled], [a].[LockoutEnd], [a].[LoyaltyPoints], [a].[NormalizedEmail], [a].[NormalizedUserName], [a].[Password], [a].[PasswordHash], [a].[PasswordResetToken], [a].[PhoneNumber], [a].[PhoneNumberConfirmed], [a].[PromotionalOfferID], [a].[ResetTokenExpires], [a].[SecurityStamp], [a].[Street], [a].[StylePortfolioID], [a].[Town], [a].[TwoFactorEnabled], [a].[UserName]
FROM [AspNetUsers] AS [a]
WHERE [a].[NormalizedUserName] = @__normalizedUserName_0
2024-06-27 09:57:07.0100|INFO|Microsoft.EntityFrameworkCore.Database.Command|Executed DbCommand (7ms) [Parameters=[@__normalizedUserName_0='?' (Size = 256)], CommandType='Text', CommandTimeout='30']
SELECT TOP(1) [a].[Id], [a].[AccessFailedCount], [a].[Address], [a].[BookingID], [a].[CompanyName], [a].[ConcurrencyStamp], [a].[CreatedAt], [a].[DistanceInKM], [a].[Email], [a].[EmailConfirmed], [a].[FirstName], [a].[HomeService], [a].[ImageUrl], [a].[IsDeleted], [a].[LastLogin], [a].[LockoutEnabled], [a].[LockoutEnd], [a].[LoyaltyPoints], [a].[NormalizedEmail], [a].[NormalizedUserName], [a].[Password], [a].[PasswordHash], [a].[PasswordResetToken], [a].[PhoneNumber], [a].[PhoneNumberConfirmed], [a].[PromotionalOfferID], [a].[ResetTokenExpires], [a].[SecurityStamp], [a].[Street], [a].[StylePortfolioID], [a].[Town], [a].[TwoFactorEnabled], [a].[UserName]
FROM [AspNetUsers] AS [a]
WHERE [a].[NormalizedUserName] = @__normalizedUserName_0
2024-06-27 09:57:07.1049|DEBUG|Microsoft.EntityFrameworkCore.Database.Command|A data reader was disposed.
2024-06-27 09:58:38.9447|DEBUG|Microsoft.EntityFrameworkCore.Database.Command|Creating DbCommand for 'ExecuteReader'.
2024-06-27 09:58:38.9447|DEBUG|Microsoft.EntityFrameworkCore.Database.Command|Created DbCommand for 'ExecuteReader' (7ms).
2024-06-27 09:58:38.9447|DEBUG|Microsoft.EntityFrameworkCore.Database.Command|Executing DbCommand [Parameters=[@__productDto_Id_0='?' (Size = 450)], CommandType='Text', CommandTimeout='30']
SELECT TOP(1) [h].[Id], [h].[Brand], [h].[CreatedAt], [h].[Description], [h].[ImageUrl], [h].[IsDeleted], [h].[ModifiedAt], [h].[Price], [h].[ProductName], [h].[StockQuantity]
FROM [HaircareProducts] AS [h]
WHERE [h].[Id] = @__productDto_Id_0
2024-06-27 09:58:38.9595|INFO|Microsoft.EntityFrameworkCore.Database.Command|Executed DbCommand (5ms) [Parameters=[@__productDto_Id_0='?' (Size = 450)], CommandType='Text', CommandTimeout='30']
SELECT TOP(1) [h].[Id], [h].[Brand], [h].[CreatedAt], [h].[Description], [h].[ImageUrl], [h].[IsDeleted], [h].[ModifiedAt], [h].[Price], [h].[ProductName], [h].[StockQuantity]
FROM [HaircareProducts] AS [h]
WHERE [h].[Id] = @__productDto_Id_0
2024-06-27 09:58:39.0284|DEBUG|Microsoft.EntityFrameworkCore.Database.Command|A data reader was disposed.
2024-06-27 09:58:39.2726|DEBUG|Microsoft.EntityFrameworkCore.Database.Command|Creating DbCommand for 'ExecuteReader'.
2024-06-27 09:58:39.2726|DEBUG|Microsoft.EntityFrameworkCore.Database.Command|Created DbCommand for 'ExecuteReader' (0ms).
2024-06-27 09:58:39.2823|DEBUG|Microsoft.EntityFrameworkCore.Database.Command|Executing DbCommand [Parameters=[@p9='?' (Size = 450), @p0='?' (Size = 4000), @p1='?' (DbType = DateTime2), @p2='?' (Size = 4000), @p3='?' (Size = 4000), @p4='?' (DbType = Boolean), @p5='?' (DbType = DateTime2), @p6='?' (Precision = 18) (Scale = 2) (DbType = Decimal), @p7='?' (Size = 4000), @p8='?' (DbType = Int32)], CommandType='Text', CommandTimeout='30']
SET NOCOUNT ON;
UPDATE [HaircareProducts] SET [Brand] = @p0, [CreatedAt] = @p1, [Description] = @p2, [ImageUrl] = @p3, [IsDeleted] = @p4, [ModifiedAt] = @p5, [Price] = @p6, [ProductName] = @p7, [StockQuantity] = @p8
WHERE [Id] = @p9;
SELECT @@ROWCOUNT;
2024-06-27 09:58:39.2994|INFO|Microsoft.EntityFrameworkCore.Database.Command|Executed DbCommand (19ms) [Parameters=[@p9='?' (Size = 450), @p0='?' (Size = 4000), @p1='?' (DbType = DateTime2), @p2='?' (Size = 4000), @p3='?' (Size = 4000), @p4='?' (DbType = Boolean), @p5='?' (DbType = DateTime2), @p6='?' (Precision = 18) (Scale = 2) (DbType = Decimal), @p7='?' (Size = 4000), @p8='?' (DbType = Int32)], CommandType='Text', CommandTimeout='30']
SET NOCOUNT ON;
UPDATE [HaircareProducts] SET [Brand] = @p0, [CreatedAt] = @p1, [Description] = @p2, [ImageUrl] = @p3, [IsDeleted] = @p4, [ModifiedAt] = @p5, [Price] = @p6, [ProductName] = @p7, [StockQuantity] = @p8
WHERE [Id] = @p9;
SELECT @@ROWCOUNT;
2024-06-27 09:58:39.3176|DEBUG|Microsoft.EntityFrameworkCore.Database.Command|A data reader was disposed.
2024-06-27 09:59:54.3913|DEBUG|Microsoft.EntityFrameworkCore.Database.Command|Creating DbCommand for 'ExecuteReader'.
2024-06-27 09:59:54.3913|DEBUG|Microsoft.EntityFrameworkCore.Database.Command|Created DbCommand for 'ExecuteReader' (0ms).
2024-06-27 09:59:54.3913|DEBUG|Microsoft.EntityFrameworkCore.Database.Command|Executing DbCommand [Parameters=[@__id_0='?' (Size = 450)], CommandType='Text', CommandTimeout='30']
SELECT [h].[Id], [h].[Brand], [h].[CreatedAt], [h].[Description], [h].[ImageUrl], [h].[IsDeleted], [h].[ModifiedAt], [h].[Price], [h].[ProductName], [h].[StockQuantity]
FROM [HaircareProducts] AS [h]
WHERE [h].[Id] = @__id_0
2024-06-27 09:59:54.3994|INFO|Microsoft.EntityFrameworkCore.Database.Command|Executed DbCommand (3ms) [Parameters=[@__id_0='?' (Size = 450)], CommandType='Text', CommandTimeout='30']
SELECT [h].[Id], [h].[Brand], [h].[CreatedAt], [h].[Description], [h].[ImageUrl], [h].[IsDeleted], [h].[ModifiedAt], [h].[Price], [h].[ProductName], [h].[StockQuantity]
FROM [HaircareProducts] AS [h]
WHERE [h].[Id] = @__id_0
2024-06-27 09:59:54.3994|DEBUG|Microsoft.EntityFrameworkCore.Database.Command|A data reader was disposed.
2024-06-27 10:01:03.4592|DEBUG|Microsoft.EntityFrameworkCore.Database.Command|Creating DbCommand for 'ExecuteReader'.
2024-06-27 10:01:03.5157|DEBUG|Microsoft.EntityFrameworkCore.Database.Command|Created DbCommand for 'ExecuteReader' (53ms).
2024-06-27 10:01:03.9647|DEBUG|Microsoft.EntityFrameworkCore.Database.Command|Executing DbCommand [Parameters=[@__normalizedName_0='?' (Size = 256)], CommandType='Text', CommandTimeout='30']
SELECT TOP(1) [a].[Id], [a].[ConcurrencyStamp], [a].[Name], [a].[NormalizedName]
FROM [AspNetRoles] AS [a]
WHERE [a].[NormalizedName] = @__normalizedName_0
2024-06-27 10:01:04.0905|INFO|Microsoft.EntityFrameworkCore.Database.Command|Executed DbCommand (148ms) [Parameters=[@__normalizedName_0='?' (Size = 256)], CommandType='Text', CommandTimeout='30']
SELECT TOP(1) [a].[Id], [a].[ConcurrencyStamp], [a].[Name], [a].[NormalizedName]
FROM [AspNetRoles] AS [a]
WHERE [a].[NormalizedName] = @__normalizedName_0
2024-06-27 10:01:04.1802|DEBUG|Microsoft.EntityFrameworkCore.Database.Command|A data reader was disposed.
2024-06-27 10:01:04.1994|DEBUG|Microsoft.EntityFrameworkCore.Database.Command|Creating DbCommand for 'ExecuteReader'.
2024-06-27 10:01:04.1994|DEBUG|Microsoft.EntityFrameworkCore.Database.Command|Created DbCommand for 'ExecuteReader' (0ms).
2024-06-27 10:01:04.1994|DEBUG|Microsoft.EntityFrameworkCore.Database.Command|Executing DbCommand [Parameters=[@__normalizedName_0='?' (Size = 256)], CommandType='Text', CommandTimeout='30']
SELECT TOP(1) [a].[Id], [a].[ConcurrencyStamp], [a].[Name], [a].[NormalizedName]
FROM [AspNetRoles] AS [a]
WHERE [a].[NormalizedName] = @__normalizedName_0
2024-06-27 10:01:04.2119|INFO|Microsoft.EntityFrameworkCore.Database.Command|Executed DbCommand (6ms) [Parameters=[@__normalizedName_0='?' (Size = 256)], CommandType='Text', CommandTimeout='30']
SELECT TOP(1) [a].[Id], [a].[ConcurrencyStamp], [a].[Name], [a].[NormalizedName]
FROM [AspNetRoles] AS [a]
WHERE [a].[NormalizedName] = @__normalizedName_0
2024-06-27 10:01:04.2119|DEBUG|Microsoft.EntityFrameworkCore.Database.Command|A data reader was disposed.
2024-06-27 10:01:04.2362|DEBUG|Microsoft.EntityFrameworkCore.Database.Command|Creating DbCommand for 'ExecuteReader'.
2024-06-27 10:01:04.2362|DEBUG|Microsoft.EntityFrameworkCore.Database.Command|Created DbCommand for 'ExecuteReader' (0ms).
2024-06-27 10:01:04.2362|DEBUG|Microsoft.EntityFrameworkCore.Database.Command|Executing DbCommand [Parameters=[@__normalizedUserName_0='?' (Size = 256)], CommandType='Text', CommandTimeout='30']
SELECT TOP(1) [a].[Id], [a].[AccessFailedCount], [a].[Address], [a].[BookingID], [a].[CompanyName], [a].[ConcurrencyStamp], [a].[CreatedAt], [a].[DistanceInKM], [a].[Email], [a].[EmailConfirmed], [a].[FirstName], [a].[HomeService], [a].[ImageUrl], [a].[IsDeleted], [a].[LastLogin], [a].[LockoutEnabled], [a].[LockoutEnd], [a].[LoyaltyPoints], [a].[NormalizedEmail], [a].[NormalizedUserName], [a].[Password], [a].[PasswordHash], [a].[PasswordResetToken], [a].[PhoneNumber], [a].[PhoneNumberConfirmed], [a].[PromotionalOfferID], [a].[ResetTokenExpires], [a].[SecurityStamp], [a].[Street], [a].[StylePortfolioID], [a].[Town], [a].[TwoFactorEnabled], [a].[UserName]
FROM [AspNetUsers] AS [a]
WHERE [a].[NormalizedUserName] = @__normalizedUserName_0
2024-06-27 10:01:04.2447|INFO|Microsoft.EntityFrameworkCore.Database.Command|Executed DbCommand (5ms) [Parameters=[@__normalizedUserName_0='?' (Size = 256)], CommandType='Text', CommandTimeout='30']
SELECT TOP(1) [a].[Id], [a].[AccessFailedCount], [a].[Address], [a].[BookingID], [a].[CompanyName], [a].[ConcurrencyStamp], [a].[CreatedAt], [a].[DistanceInKM], [a].[Email], [a].[EmailConfirmed], [a].[FirstName], [a].[HomeService], [a].[ImageUrl], [a].[IsDeleted], [a].[LastLogin], [a].[LockoutEnabled], [a].[LockoutEnd], [a].[LoyaltyPoints], [a].[NormalizedEmail], [a].[NormalizedUserName], [a].[Password], [a].[PasswordHash], [a].[PasswordResetToken], [a].[PhoneNumber], [a].[PhoneNumberConfirmed], [a].[PromotionalOfferID], [a].[ResetTokenExpires], [a].[SecurityStamp], [a].[Street], [a].[StylePortfolioID], [a].[Town], [a].[TwoFactorEnabled], [a].[UserName]
FROM [AspNetUsers] AS [a]
WHERE [a].[NormalizedUserName] = @__normalizedUserName_0
2024-06-27 10:01:04.3407|DEBUG|Microsoft.EntityFrameworkCore.Database.Command|A data reader was disposed.
2024-06-27 10:01:30.1038|DEBUG|Microsoft.EntityFrameworkCore.Database.Command|Creating DbCommand for 'ExecuteReader'.
2024-06-27 10:01:30.1219|DEBUG|Microsoft.EntityFrameworkCore.Database.Command|Created DbCommand for 'ExecuteReader' (4ms).
2024-06-27 10:01:30.1219|DEBUG|Microsoft.EntityFrameworkCore.Database.Command|Executing DbCommand [Parameters=[@__id_0='?' (Size = 450)], CommandType='Text', CommandTimeout='30']
SELECT [h].[Id], [h].[Brand], [h].[CreatedAt], [h].[Description], [h].[ImageUrl], [h].[IsDeleted], [h].[ModifiedAt], [h].[Price], [h].[ProductName], [h].[StockQuantity]
FROM [HaircareProducts] AS [h]
WHERE [h].[Id] = @__id_0
2024-06-27 10:01:30.1219|INFO|Microsoft.EntityFrameworkCore.Database.Command|Executed DbCommand (3ms) [Parameters=[@__id_0='?' (Size = 450)], CommandType='Text', CommandTimeout='30']
SELECT [h].[Id], [h].[Brand], [h].[CreatedAt], [h].[Description], [h].[ImageUrl], [h].[IsDeleted], [h].[ModifiedAt], [h].[Price], [h].[ProductName], [h].[StockQuantity]
FROM [HaircareProducts] AS [h]
WHERE [h].[Id] = @__id_0
2024-06-27 10:01:30.1601|DEBUG|Microsoft.EntityFrameworkCore.Database.Command|A data reader was disposed.
2024-06-27 10:33:52.2688|DEBUG|Microsoft.EntityFrameworkCore.Database.Command|Creating DbCommand for 'ExecuteReader'.
2024-06-27 10:33:52.4093|DEBUG|Microsoft.EntityFrameworkCore.Database.Command|Created DbCommand for 'ExecuteReader' (129ms).
2024-06-27 10:33:53.3890|DEBUG|Microsoft.EntityFrameworkCore.Database.Command|Executing DbCommand [Parameters=[@__normalizedName_0='?' (Size = 256)], CommandType='Text', CommandTimeout='30']
SELECT TOP(1) [a].[Id], [a].[ConcurrencyStamp], [a].[Name], [a].[NormalizedName]
FROM [AspNetRoles] AS [a]
WHERE [a].[NormalizedName] = @__normalizedName_0
2024-06-27 10:33:53.6488|INFO|Microsoft.EntityFrameworkCore.Database.Command|Executed DbCommand (280ms) [Parameters=[@__normalizedName_0='?' (Size = 256)], CommandType='Text', CommandTimeout='30']
SELECT TOP(1) [a].[Id], [a].[ConcurrencyStamp], [a].[Name], [a].[NormalizedName]
FROM [AspNetRoles] AS [a]
WHERE [a].[NormalizedName] = @__normalizedName_0
2024-06-27 10:33:53.8941|DEBUG|Microsoft.EntityFrameworkCore.Database.Command|A data reader was disposed.
2024-06-27 10:33:53.9666|DEBUG|Microsoft.EntityFrameworkCore.Database.Command|Creating DbCommand for 'ExecuteReader'.
2024-06-27 10:33:53.9666|DEBUG|Microsoft.EntityFrameworkCore.Database.Command|Created DbCommand for 'ExecuteReader' (0ms).
2024-06-27 10:33:53.9666|DEBUG|Microsoft.EntityFrameworkCore.Database.Command|Executing DbCommand [Parameters=[@__normalizedName_0='?' (Size = 256)], CommandType='Text', CommandTimeout='30']
SELECT TOP(1) [a].[Id], [a].[ConcurrencyStamp], [a].[Name], [a].[NormalizedName]
FROM [AspNetRoles] AS [a]
WHERE [a].[NormalizedName] = @__normalizedName_0
2024-06-27 10:33:53.9815|INFO|Microsoft.EntityFrameworkCore.Database.Command|Executed DbCommand (9ms) [Parameters=[@__normalizedName_0='?' (Size = 256)], CommandType='Text', CommandTimeout='30']
SELECT TOP(1) [a].[Id], [a].[ConcurrencyStamp], [a].[Name], [a].[NormalizedName]
FROM [AspNetRoles] AS [a]
WHERE [a].[NormalizedName] = @__normalizedName_0
2024-06-27 10:33:53.9815|DEBUG|Microsoft.EntityFrameworkCore.Database.Command|A data reader was disposed.
2024-06-27 10:33:54.0166|DEBUG|Microsoft.EntityFrameworkCore.Database.Command|Creating DbCommand for 'ExecuteReader'.
2024-06-27 10:33:54.0166|DEBUG|Microsoft.EntityFrameworkCore.Database.Command|Created DbCommand for 'ExecuteReader' (0ms).
2024-06-27 10:33:54.0166|DEBUG|Microsoft.EntityFrameworkCore.Database.Command|Executing DbCommand [Parameters=[@__normalizedUserName_0='?' (Size = 256)], CommandType='Text', CommandTimeout='30']
SELECT TOP(1) [a].[Id], [a].[AccessFailedCount], [a].[Address], [a].[BookingID], [a].[CompanyName], [a].[ConcurrencyStamp], [a].[CreatedAt], [a].[DistanceInKM], [a].[Email], [a].[EmailConfirmed], [a].[FirstName], [a].[HomeService], [a].[ImageUrl], [a].[IsDeleted], [a].[LastLogin], [a].[LockoutEnabled], [a].[LockoutEnd], [a].[LoyaltyPoints], [a].[NormalizedEmail], [a].[NormalizedUserName], [a].[Password], [a].[PasswordHash], [a].[PasswordResetToken], [a].[PhoneNumber], [a].[PhoneNumberConfirmed], [a].[PromotionalOfferID], [a].[ResetTokenExpires], [a].[SecurityStamp], [a].[Street], [a].[StylePortfolioID], [a].[Town], [a].[TwoFactorEnabled], [a].[UserName]
FROM [AspNetUsers] AS [a]
WHERE [a].[NormalizedUserName] = @__normalizedUserName_0
2024-06-27 10:33:54.0804|INFO|Microsoft.EntityFrameworkCore.Database.Command|Executed DbCommand (58ms) [Parameters=[@__normalizedUserName_0='?' (Size = 256)], CommandType='Text', CommandTimeout='30']
SELECT TOP(1) [a].[Id], [a].[AccessFailedCount], [a].[Address], [a].[BookingID], [a].[CompanyName], [a].[ConcurrencyStamp], [a].[CreatedAt], [a].[DistanceInKM], [a].[Email], [a].[EmailConfirmed], [a].[FirstName], [a].[HomeService], [a].[ImageUrl], [a].[IsDeleted], [a].[LastLogin], [a].[LockoutEnabled], [a].[LockoutEnd], [a].[LoyaltyPoints], [a].[NormalizedEmail], [a].[NormalizedUserName], [a].[Password], [a].[PasswordHash], [a].[PasswordResetToken], [a].[PhoneNumber], [a].[PhoneNumberConfirmed], [a].[PromotionalOfferID], [a].[ResetTokenExpires], [a].[SecurityStamp], [a].[Street], [a].[StylePortfolioID], [a].[Town], [a].[TwoFactorEnabled], [a].[UserName]
FROM [AspNetUsers] AS [a]
WHERE [a].[NormalizedUserName] = @__normalizedUserName_0
2024-06-27 10:33:54.3370|DEBUG|Microsoft.EntityFrameworkCore.Database.Command|A data reader was disposed.
2024-06-27 10:36:44.6364|DEBUG|Microsoft.EntityFrameworkCore.Database.Command|Creating DbCommand for 'ExecuteReader'.
2024-06-27 10:36:44.6364|DEBUG|Microsoft.EntityFrameworkCore.Database.Command|Created DbCommand for 'ExecuteReader' (1ms).
2024-06-27 10:36:44.6364|DEBUG|Microsoft.EntityFrameworkCore.Database.Command|Executing DbCommand [Parameters=[@__p_0='?' (Size = 450)], CommandType='Text', CommandTimeout='30']
SELECT TOP(1) [a].[Id], [a].[AccessFailedCount], [a].[Address], [a].[BookingID], [a].[CompanyName], [a].[ConcurrencyStamp], [a].[CreatedAt], [a].[DistanceInKM], [a].[Email], [a].[EmailConfirmed], [a].[FirstName], [a].[HomeService], [a].[ImageUrl], [a].[IsDeleted], [a].[LastLogin], [a].[LockoutEnabled], [a].[LockoutEnd], [a].[LoyaltyPoints], [a].[NormalizedEmail], [a].[NormalizedUserName], [a].[Password], [a].[PasswordHash], [a].[PasswordResetToken], [a].[PhoneNumber], [a].[PhoneNumberConfirmed], [a].[PromotionalOfferID], [a].[ResetTokenExpires], [a].[SecurityStamp], [a].[Street], [a].[StylePortfolioID], [a].[Town], [a].[TwoFactorEnabled], [a].[UserName]
FROM [AspNetUsers] AS [a]
WHERE [a].[Id] = @__p_0
2024-06-27 10:36:44.6540|INFO|Microsoft.EntityFrameworkCore.Database.Command|Executed DbCommand (9ms) [Parameters=[@__p_0='?' (Size = 450)], CommandType='Text', CommandTimeout='30']
SELECT TOP(1) [a].[Id], [a].[AccessFailedCount], [a].[Address], [a].[BookingID], [a].[CompanyName], [a].[ConcurrencyStamp], [a].[CreatedAt], [a].[DistanceInKM], [a].[Email], [a].[EmailConfirmed], [a].[FirstName], [a].[HomeService], [a].[ImageUrl], [a].[IsDeleted], [a].[LastLogin], [a].[LockoutEnabled], [a].[LockoutEnd], [a].[LoyaltyPoints], [a].[NormalizedEmail], [a].[NormalizedUserName], [a].[Password], [a].[PasswordHash], [a].[PasswordResetToken], [a].[PhoneNumber], [a].[PhoneNumberConfirmed], [a].[PromotionalOfferID], [a].[ResetTokenExpires], [a].[SecurityStamp], [a].[Street], [a].[StylePortfolioID], [a].[Town], [a].[TwoFactorEnabled], [a].[UserName]
FROM [AspNetUsers] AS [a]
WHERE [a].[Id] = @__p_0
2024-06-27 10:36:44.6540|DEBUG|Microsoft.EntityFrameworkCore.Database.Command|A data reader was disposed.
