2024-05-20 01:19:06.0990|DEBUG|Microsoft.EntityFrameworkCore.Query|Compiling query expression: 
'DbSet<IdentityRole>()
    .FirstOrDefault(r => r.NormalizedName == __normalizedName_0)'
2024-05-20 01:19:07.3016|DEBUG|Microsoft.EntityFrameworkCore.Query|Generated query execution expression: 
'queryContext => ShapedQueryCompilingExpressionVisitor.SingleOrDefaultAsync<IdentityRole>(
    asyncEnumerable: new SingleQueryingEnumerable<IdentityRole>(
        (RelationalQueryContext)queryContext, 
        RelationalCommandCache.SelectExpression(
            Projection Mapping:
                EmptyProjectionMember -> Dictionary<IProperty, int> { [Property: IdentityRole.Id (string) Required PK AfterSave:Throw, 0], [Property: IdentityRole.ConcurrencyStamp (string) Concurrency, 1], [Property: IdentityRole.Name (string) MaxLength(256), 2], [Property: IdentityRole.NormalizedName (string) Index MaxLength(256), 3] }
            SELECT TOP(1) a.Id, a.ConcurrencyStamp, a.Name, a.NormalizedName
            FROM AspNetRoles AS a
            WHERE a.NormalizedName == @__normalizedName_0), 
        Func<QueryContext, DbDataReader, ResultContext, SingleQueryResultCoordinator, IdentityRole>, 
        MiHairCareApp.Persistence.Context.StylistsDBContext, 
        False, 
        False, 
        True
    ), 
    cancellationToken: queryContext.CancellationToken)'
2024-05-20 01:19:10.1344|DEBUG|Microsoft.EntityFrameworkCore.Query|Compiling query expression: 
'DbSet<AppUser>()
    .FirstOrDefault(u => u.NormalizedUserName == __normalizedUserName_0)'
2024-05-20 01:19:10.2089|DEBUG|Microsoft.EntityFrameworkCore.Query|Generated query execution expression: 
'queryContext => ShapedQueryCompilingExpressionVisitor.SingleOrDefaultAsync<AppUser>(
    asyncEnumerable: new SingleQueryingEnumerable<AppUser>(
        (RelationalQueryContext)queryContext, 
        RelationalCommandCache.SelectExpression(
            Projection Mapping:
                EmptyProjectionMember -> Dictionary<IProperty, int> { [Property: IdentityUser.Id (string) Required PK AfterSave:Throw ValueGenerated.OnAdd, 0], [Property: IdentityUser.AccessFailedCount (int) Required, 1], [Property: IdentityUser.ConcurrencyStamp (string) Concurrency, 2], [Property: IdentityUser.Email (string) MaxLength(256), 3], [Property: IdentityUser.EmailConfirmed (bool) Required, 4], [Property: IdentityUser.LockoutEnabled (bool) Required, 5], [Property: IdentityUser.LockoutEnd (DateTimeOffset?), 6], [Property: IdentityUser.NormalizedEmail (string) Index MaxLength(256), 7], [Property: IdentityUser.NormalizedUserName (string) Index MaxLength(256), 8], [Property: IdentityUser.PasswordHash (string), 9], [Property: IdentityUser.PhoneNumber (string) MaxLength(20), 10], [Property: IdentityUser.PhoneNumberConfirmed (bool) Required, 11], [Property: IdentityUser.SecurityStamp (string), 12], [Property: IdentityUser.TwoFactorEnabled (bool) Required, 13], [Property: IdentityUser.UserName (string) MaxLength(256), 14], [Property: IdentityUser.UserType (no field, string) Shadow Required AfterSave:Throw, 15], [Property: AppUser.Address (string) Required MaxLength(100), 16], [Property: AppUser.CreatedAt (DateTime) Required, 17], [Property: AppUser.FirstName (string) Required MaxLength(50), 18], [Property: AppUser.ImageUrl (string) Required MaxLength(255), 19], [Property: AppUser.IsDeleted (bool) Required, 20], [Property: AppUser.LastLogin (DateTime) Required, 21], [Property: AppUser.LoyaltyPoints (int) Required, 22], [Property: AppUser.Password (string) Required MaxLength(100), 23], [Property: AppUser.PasswordResetToken (string) Required MaxLength(100), 24], [Property: AppUser.ResetTokenExpires (DateTime?), 25] }
            SELECT TOP(1) a.Id, a.AccessFailedCount, a.ConcurrencyStamp, a.Email, a.EmailConfirmed, a.LockoutEnabled, a.LockoutEnd, a.NormalizedEmail, a.NormalizedUserName, a.PasswordHash, a.PhoneNumber, a.PhoneNumberConfirmed, a.SecurityStamp, a.TwoFactorEnabled, a.UserName, a.UserType, a.AppUser_Address, a.CreatedAt, a.FirstName, a.AppUser_ImageUrl, a.IsDeleted, a.AppUser_LastLogin, a.LoyaltyPoints, a.Password, a.AppUser_PasswordResetToken, a.ResetTokenExpires
            FROM AppUsers AS a
            WHERE (a.UserType == N'AppUser') && (a.NormalizedUserName == @__normalizedUserName_0)), 
        Func<QueryContext, DbDataReader, ResultContext, SingleQueryResultCoordinator, AppUser>, 
        MiHairCareApp.Persistence.Context.StylistsDBContext, 
        False, 
        False, 
        True
    ), 
    cancellationToken: queryContext.CancellationToken)'
2024-05-20 01:19:10.8097|DEBUG|Microsoft.EntityFrameworkCore.Query|Compiling query expression: 
'DbSet<IdentityRole>()
    .SingleOrDefault(r => r.NormalizedName == __normalizedRoleName_0)'
2024-05-20 01:19:10.8097|DEBUG|Microsoft.EntityFrameworkCore.Query|Generated query execution expression: 
'queryContext => ShapedQueryCompilingExpressionVisitor.SingleOrDefaultAsync<IdentityRole>(
    asyncEnumerable: new SingleQueryingEnumerable<IdentityRole>(
        (RelationalQueryContext)queryContext, 
        RelationalCommandCache.SelectExpression(
            Projection Mapping:
                EmptyProjectionMember -> Dictionary<IProperty, int> { [Property: IdentityRole.Id (string) Required PK AfterSave:Throw, 0], [Property: IdentityRole.ConcurrencyStamp (string) Concurrency, 1], [Property: IdentityRole.Name (string) MaxLength(256), 2], [Property: IdentityRole.NormalizedName (string) Index MaxLength(256), 3] }
            SELECT TOP(2) a.Id, a.ConcurrencyStamp, a.Name, a.NormalizedName
            FROM AspNetRoles AS a
            WHERE a.NormalizedName == @__normalizedRoleName_0), 
        Func<QueryContext, DbDataReader, ResultContext, SingleQueryResultCoordinator, IdentityRole>, 
        MiHairCareApp.Persistence.Context.StylistsDBContext, 
        False, 
        False, 
        True
    ), 
    cancellationToken: queryContext.CancellationToken)'
2024-05-20 01:19:10.8754|DEBUG|Microsoft.EntityFrameworkCore.Query|Compiling query expression: 
'DbSet<IdentityUserRole<string>>()
    .FirstOrDefault(e => EF.Property<string>(e, "UserId") == __p_0 && EF.Property<string>(e, "RoleId") == __p_1)'
2024-05-20 01:19:10.9024|DEBUG|Microsoft.EntityFrameworkCore.Query|Generated query execution expression: 
'queryContext => ShapedQueryCompilingExpressionVisitor.SingleOrDefaultAsync<IdentityUserRole<string>>(
    asyncEnumerable: new SingleQueryingEnumerable<IdentityUserRole<string>>(
        (RelationalQueryContext)queryContext, 
        RelationalCommandCache.SelectExpression(
            Projection Mapping:
                EmptyProjectionMember -> Dictionary<IProperty, int> { [Property: IdentityUserRole<string>.UserId (string) Required PK FK AfterSave:Throw, 0], [Property: IdentityUserRole<string>.RoleId (string) Required PK FK Index AfterSave:Throw, 1] }
            SELECT TOP(1) a.UserId, a.RoleId
            FROM AspNetUserRoles AS a
            WHERE (a.UserId == @__p_0) && (a.RoleId == @__p_1)), 
        Func<QueryContext, DbDataReader, ResultContext, SingleQueryResultCoordinator, IdentityUserRole<string>>, 
        MiHairCareApp.Persistence.Context.StylistsDBContext, 
        False, 
        False, 
        True
    ), 
    cancellationToken: queryContext.CancellationToken)'
2024-05-20 21:36:06.0520|DEBUG|Microsoft.EntityFrameworkCore.Query|Compiling query expression: 
'DbSet<IdentityRole>()
    .FirstOrDefault(r => r.NormalizedName == __normalizedName_0)'
2024-05-20 21:36:06.7957|DEBUG|Microsoft.EntityFrameworkCore.Query|Generated query execution expression: 
'queryContext => ShapedQueryCompilingExpressionVisitor.SingleOrDefaultAsync<IdentityRole>(
    asyncEnumerable: new SingleQueryingEnumerable<IdentityRole>(
        (RelationalQueryContext)queryContext, 
        RelationalCommandCache.SelectExpression(
            Projection Mapping:
                EmptyProjectionMember -> Dictionary<IProperty, int> { [Property: IdentityRole.Id (string) Required PK AfterSave:Throw, 0], [Property: IdentityRole.ConcurrencyStamp (string) Concurrency, 1], [Property: IdentityRole.Name (string) MaxLength(256), 2], [Property: IdentityRole.NormalizedName (string) Index MaxLength(256), 3] }
            SELECT TOP(1) a.Id, a.ConcurrencyStamp, a.Name, a.NormalizedName
            FROM AspNetRoles AS a
            WHERE a.NormalizedName == @__normalizedName_0), 
        Func<QueryContext, DbDataReader, ResultContext, SingleQueryResultCoordinator, IdentityRole>, 
        MiHairCareApp.Persistence.Context.StylistsDBContext, 
        False, 
        False, 
        True
    ), 
    cancellationToken: queryContext.CancellationToken)'
2024-05-20 21:36:08.2629|DEBUG|Microsoft.EntityFrameworkCore.Query|Compiling query expression: 
'DbSet<AppUser>()
    .FirstOrDefault(u => u.NormalizedUserName == __normalizedUserName_0)'
2024-05-20 21:36:08.2927|DEBUG|Microsoft.EntityFrameworkCore.Query|Generated query execution expression: 
'queryContext => ShapedQueryCompilingExpressionVisitor.SingleOrDefaultAsync<AppUser>(
    asyncEnumerable: new SingleQueryingEnumerable<AppUser>(
        (RelationalQueryContext)queryContext, 
        RelationalCommandCache.SelectExpression(
            Projection Mapping:
                EmptyProjectionMember -> Dictionary<IProperty, int> { [Property: IdentityUser.Id (string) Required PK AfterSave:Throw ValueGenerated.OnAdd, 0], [Property: IdentityUser.AccessFailedCount (int) Required, 1], [Property: IdentityUser.ConcurrencyStamp (string) Concurrency, 2], [Property: IdentityUser.Email (string) MaxLength(256), 3], [Property: IdentityUser.EmailConfirmed (bool) Required, 4], [Property: IdentityUser.LockoutEnabled (bool) Required, 5], [Property: IdentityUser.LockoutEnd (DateTimeOffset?), 6], [Property: IdentityUser.NormalizedEmail (string) Index MaxLength(256), 7], [Property: IdentityUser.NormalizedUserName (string) Index MaxLength(256), 8], [Property: IdentityUser.PasswordHash (string), 9], [Property: IdentityUser.PhoneNumber (string) MaxLength(20), 10], [Property: IdentityUser.PhoneNumberConfirmed (bool) Required, 11], [Property: IdentityUser.SecurityStamp (string), 12], [Property: IdentityUser.TwoFactorEnabled (bool) Required, 13], [Property: IdentityUser.UserName (string) MaxLength(256), 14], [Property: IdentityUser.UserType (no field, string) Shadow Required AfterSave:Throw, 15], [Property: AppUser.Address (string) Required MaxLength(100), 16], [Property: AppUser.CreatedAt (DateTime) Required, 17], [Property: AppUser.FirstName (string) Required MaxLength(50), 18], [Property: AppUser.ImageUrl (string) Required MaxLength(255), 19], [Property: AppUser.IsDeleted (bool) Required, 20], [Property: AppUser.LastLogin (DateTime) Required, 21], [Property: AppUser.LoyaltyPoints (int) Required, 22], [Property: AppUser.Password (string) Required MaxLength(100), 23], [Property: AppUser.PasswordResetToken (string) Required MaxLength(100), 24], [Property: AppUser.ResetTokenExpires (DateTime?), 25] }
            SELECT TOP(1) a.Id, a.AccessFailedCount, a.ConcurrencyStamp, a.Email, a.EmailConfirmed, a.LockoutEnabled, a.LockoutEnd, a.NormalizedEmail, a.NormalizedUserName, a.PasswordHash, a.PhoneNumber, a.PhoneNumberConfirmed, a.SecurityStamp, a.TwoFactorEnabled, a.UserName, a.UserType, a.AppUser_Address, a.CreatedAt, a.FirstName, a.AppUser_ImageUrl, a.IsDeleted, a.AppUser_LastLogin, a.LoyaltyPoints, a.Password, a.AppUser_PasswordResetToken, a.ResetTokenExpires
            FROM AppUsers AS a
            WHERE (a.UserType == N'AppUser') && (a.NormalizedUserName == @__normalizedUserName_0)), 
        Func<QueryContext, DbDataReader, ResultContext, SingleQueryResultCoordinator, AppUser>, 
        MiHairCareApp.Persistence.Context.StylistsDBContext, 
        False, 
        False, 
        True
    ), 
    cancellationToken: queryContext.CancellationToken)'
