2024-07-15 15:32:58.4856|DEBUG|Microsoft.EntityFrameworkCore.Query|Compiling query expression: 
'DbSet<IdentityRole>()
    .FirstOrDefault(r => r.NormalizedName == __normalizedName_0)'
2024-07-15 15:32:59.5822|DEBUG|Microsoft.EntityFrameworkCore.Query|Generated query execution expression: 
'queryContext => ShapedQueryCompilingExpressionVisitor.SingleOrDefaultAsync<IdentityRole>(
    asyncEnumerable: new SingleQueryingEnumerable<IdentityRole>(
        (RelationalQueryContext)queryContext, 
        RelationalCommandCache.SelectExpression(
            Projection Mapping:
                EmptyProjectionMember -> Dictionary<IProperty, int> { [Property: IdentityRole.Id (string) Required PK AfterSave:Throw, 0], [Property: IdentityRole.ConcurrencyStamp (string) Concurrency, 1], [Property: IdentityRole.Name (string) MaxLength(256), 2], [Property: IdentityRole.NormalizedName (string) Index MaxLength(256), 3] }
            SELECT TOP(1) a.Id, a.ConcurrencyStamp, a.Name, a.NormalizedName
            FROM AspNetRoles AS a
            WHERE a.NormalizedName == @__normalizedName_0), 
        Func<QueryContext, DbDataReader, ResultContext, SingleQueryResultCoordinator, IdentityRole>, 
        MiHairCareApp.Persistence.Context.StylistsDBContext, 
        False, 
        False, 
        True
    ), 
    cancellationToken: queryContext.CancellationToken)'
2024-07-15 15:33:02.4103|DEBUG|Microsoft.EntityFrameworkCore.Query|Compiling query expression: 
'DbSet<AppUser>()
    .FirstOrDefault(u => u.NormalizedUserName == __normalizedUserName_0)'
2024-07-15 15:33:02.4399|DEBUG|Microsoft.EntityFrameworkCore.Query|Generated query execution expression: 
'queryContext => ShapedQueryCompilingExpressionVisitor.SingleOrDefaultAsync<AppUser>(
    asyncEnumerable: new SingleQueryingEnumerable<AppUser>(
        (RelationalQueryContext)queryContext, 
        RelationalCommandCache.SelectExpression(
            Projection Mapping:
                EmptyProjectionMember -> Dictionary<IProperty, int> { [Property: AppUser.Id (string) Required PK AfterSave:Throw, 0], [Property: AppUser.AccessFailedCount (int) Required, 1], [Property: AppUser.Address (string) Required, 2], [Property: AppUser.BookingID (int) Required, 3], [Property: AppUser.CompanyName (string), 4], [Property: AppUser.ConcurrencyStamp (string) Concurrency, 5], [Property: AppUser.CreatedAt (DateTime) Required, 6], [Property: AppUser.DistanceInKM (double) Required, 7], [Property: AppUser.Email (string) MaxLength(256), 8], [Property: AppUser.EmailConfirmed (bool) Required, 9], [Property: AppUser.FirstName (string) Required, 10], [Property: AppUser.HomeService (bool) Required, 11], [Property: AppUser.ImageUrl (string) Required, 12], [Property: AppUser.IsDeleted (bool) Required, 13], [Property: AppUser.LastLogin (DateTime) Required, 14], [Property: AppUser.LockoutEnabled (bool) Required, 15], [Property: AppUser.LockoutEnd (DateTimeOffset?), 16], [Property: AppUser.LoyaltyPoints (int) Required, 17], [Property: AppUser.NormalizedEmail (string) Index MaxLength(256), 18], [Property: AppUser.NormalizedUserName (string) Index MaxLength(256), 19], [Property: AppUser.Password (string) Required, 20], [Property: AppUser.PasswordHash (string), 21], [Property: AppUser.PasswordResetToken (string), 22], [Property: AppUser.PhoneNumber (string), 23], [Property: AppUser.PhoneNumberConfirmed (bool) Required, 24], [Property: AppUser.PromotionalOfferID (int) Required, 25], [Property: AppUser.ResetTokenExpires (DateTime?), 26], [Property: AppUser.SecurityStamp (string), 27], [Property: AppUser.Street (string), 28], [Property: AppUser.StylePortfolioID (string) FK Index, 29], [Property: AppUser.Town (string), 30], [Property: AppUser.TwoFactorEnabled (bool) Required, 31], [Property: AppUser.UserName (string) MaxLength(256), 32] }
            SELECT TOP(1) a.Id, a.AccessFailedCount, a.Address, a.BookingID, a.CompanyName, a.ConcurrencyStamp, a.CreatedAt, a.DistanceInKM, a.Email, a.EmailConfirmed, a.FirstName, a.HomeService, a.ImageUrl, a.IsDeleted, a.LastLogin, a.LockoutEnabled, a.LockoutEnd, a.LoyaltyPoints, a.NormalizedEmail, a.NormalizedUserName, a.Password, a.PasswordHash, a.PasswordResetToken, a.PhoneNumber, a.PhoneNumberConfirmed, a.PromotionalOfferID, a.ResetTokenExpires, a.SecurityStamp, a.Street, a.StylePortfolioID, a.Town, a.TwoFactorEnabled, a.UserName
            FROM AspNetUsers AS a
            WHERE a.NormalizedUserName == @__normalizedUserName_0), 
        Func<QueryContext, DbDataReader, ResultContext, SingleQueryResultCoordinator, AppUser>, 
        MiHairCareApp.Persistence.Context.StylistsDBContext, 
        False, 
        False, 
        True
    ), 
    cancellationToken: queryContext.CancellationToken)'
2024-07-15 15:33:02.5731|DEBUG|Microsoft.EntityFrameworkCore.Query|Compiling query expression: 
'DbSet<AppUser>()
    .SingleOrDefault(u => u.NormalizedEmail == __normalizedEmail_0)'
2024-07-15 15:33:02.5858|DEBUG|Microsoft.EntityFrameworkCore.Query|Generated query execution expression: 
'queryContext => ShapedQueryCompilingExpressionVisitor.SingleOrDefaultAsync<AppUser>(
    asyncEnumerable: new SingleQueryingEnumerable<AppUser>(
        (RelationalQueryContext)queryContext, 
        RelationalCommandCache.SelectExpression(
            Projection Mapping:
                EmptyProjectionMember -> Dictionary<IProperty, int> { [Property: AppUser.Id (string) Required PK AfterSave:Throw, 0], [Property: AppUser.AccessFailedCount (int) Required, 1], [Property: AppUser.Address (string) Required, 2], [Property: AppUser.BookingID (int) Required, 3], [Property: AppUser.CompanyName (string), 4], [Property: AppUser.ConcurrencyStamp (string) Concurrency, 5], [Property: AppUser.CreatedAt (DateTime) Required, 6], [Property: AppUser.DistanceInKM (double) Required, 7], [Property: AppUser.Email (string) MaxLength(256), 8], [Property: AppUser.EmailConfirmed (bool) Required, 9], [Property: AppUser.FirstName (string) Required, 10], [Property: AppUser.HomeService (bool) Required, 11], [Property: AppUser.ImageUrl (string) Required, 12], [Property: AppUser.IsDeleted (bool) Required, 13], [Property: AppUser.LastLogin (DateTime) Required, 14], [Property: AppUser.LockoutEnabled (bool) Required, 15], [Property: AppUser.LockoutEnd (DateTimeOffset?), 16], [Property: AppUser.LoyaltyPoints (int) Required, 17], [Property: AppUser.NormalizedEmail (string) Index MaxLength(256), 18], [Property: AppUser.NormalizedUserName (string) Index MaxLength(256), 19], [Property: AppUser.Password (string) Required, 20], [Property: AppUser.PasswordHash (string), 21], [Property: AppUser.PasswordResetToken (string), 22], [Property: AppUser.PhoneNumber (string), 23], [Property: AppUser.PhoneNumberConfirmed (bool) Required, 24], [Property: AppUser.PromotionalOfferID (int) Required, 25], [Property: AppUser.ResetTokenExpires (DateTime?), 26], [Property: AppUser.SecurityStamp (string), 27], [Property: AppUser.Street (string), 28], [Property: AppUser.StylePortfolioID (string) FK Index, 29], [Property: AppUser.Town (string), 30], [Property: AppUser.TwoFactorEnabled (bool) Required, 31], [Property: AppUser.UserName (string) MaxLength(256), 32] }
            SELECT TOP(2) a.Id, a.AccessFailedCount, a.Address, a.BookingID, a.CompanyName, a.ConcurrencyStamp, a.CreatedAt, a.DistanceInKM, a.Email, a.EmailConfirmed, a.FirstName, a.HomeService, a.ImageUrl, a.IsDeleted, a.LastLogin, a.LockoutEnabled, a.LockoutEnd, a.LoyaltyPoints, a.NormalizedEmail, a.NormalizedUserName, a.Password, a.PasswordHash, a.PasswordResetToken, a.PhoneNumber, a.PhoneNumberConfirmed, a.PromotionalOfferID, a.ResetTokenExpires, a.SecurityStamp, a.Street, a.StylePortfolioID, a.Town, a.TwoFactorEnabled, a.UserName
            FROM AspNetUsers AS a
            WHERE a.NormalizedEmail == @__normalizedEmail_0), 
        Func<QueryContext, DbDataReader, ResultContext, SingleQueryResultCoordinator, AppUser>, 
        MiHairCareApp.Persistence.Context.StylistsDBContext, 
        False, 
        False, 
        True
    ), 
    cancellationToken: queryContext.CancellationToken)'
2024-07-15 15:33:03.0329|DEBUG|Microsoft.EntityFrameworkCore.Query|Compiling query expression: 
'DbSet<IdentityRole>()
    .SingleOrDefault(r => r.NormalizedName == __normalizedRoleName_0)'
2024-07-15 15:33:03.0406|DEBUG|Microsoft.EntityFrameworkCore.Query|Generated query execution expression: 
'queryContext => ShapedQueryCompilingExpressionVisitor.SingleOrDefaultAsync<IdentityRole>(
    asyncEnumerable: new SingleQueryingEnumerable<IdentityRole>(
        (RelationalQueryContext)queryContext, 
        RelationalCommandCache.SelectExpression(
            Projection Mapping:
                EmptyProjectionMember -> Dictionary<IProperty, int> { [Property: IdentityRole.Id (string) Required PK AfterSave:Throw, 0], [Property: IdentityRole.ConcurrencyStamp (string) Concurrency, 1], [Property: IdentityRole.Name (string) MaxLength(256), 2], [Property: IdentityRole.NormalizedName (string) Index MaxLength(256), 3] }
            SELECT TOP(2) a.Id, a.ConcurrencyStamp, a.Name, a.NormalizedName
            FROM AspNetRoles AS a
            WHERE a.NormalizedName == @__normalizedRoleName_0), 
        Func<QueryContext, DbDataReader, ResultContext, SingleQueryResultCoordinator, IdentityRole>, 
        MiHairCareApp.Persistence.Context.StylistsDBContext, 
        False, 
        False, 
        True
    ), 
    cancellationToken: queryContext.CancellationToken)'
2024-07-15 15:33:03.1189|DEBUG|Microsoft.EntityFrameworkCore.Query|Compiling query expression: 
'DbSet<IdentityUserRole<string>>()
    .FirstOrDefault(e => EF.Property<string>(e, "UserId") == __p_0 && EF.Property<string>(e, "RoleId") == __p_1)'
2024-07-15 15:33:03.1546|DEBUG|Microsoft.EntityFrameworkCore.Query|Generated query execution expression: 
'queryContext => ShapedQueryCompilingExpressionVisitor.SingleOrDefaultAsync<IdentityUserRole<string>>(
    asyncEnumerable: new SingleQueryingEnumerable<IdentityUserRole<string>>(
        (RelationalQueryContext)queryContext, 
        RelationalCommandCache.SelectExpression(
            Projection Mapping:
                EmptyProjectionMember -> Dictionary<IProperty, int> { [Property: IdentityUserRole<string>.UserId (string) Required PK FK AfterSave:Throw, 0], [Property: IdentityUserRole<string>.RoleId (string) Required PK FK Index AfterSave:Throw, 1] }
            SELECT TOP(1) a.UserId, a.RoleId
            FROM AspNetUserRoles AS a
            WHERE (a.UserId == @__p_0) && (a.RoleId == @__p_1)), 
        Func<QueryContext, DbDataReader, ResultContext, SingleQueryResultCoordinator, IdentityUserRole<string>>, 
        MiHairCareApp.Persistence.Context.StylistsDBContext, 
        False, 
        False, 
        True
    ), 
    cancellationToken: queryContext.CancellationToken)'
2024-07-15 15:38:34.8808|DEBUG|Microsoft.EntityFrameworkCore.Query|Compiling query expression: 
'DbSet<AppUser>()
    .Where(x => x.PhoneNumber == __createStylistsDto_PhoneNumber_0)'
2024-07-15 15:38:34.8949|DEBUG|Microsoft.EntityFrameworkCore.Query|Generated query execution expression: 
'queryContext => new SingleQueryingEnumerable<AppUser>(
    (RelationalQueryContext)queryContext, 
    RelationalCommandCache.SelectExpression(
        Projection Mapping:
            EmptyProjectionMember -> Dictionary<IProperty, int> { [Property: AppUser.Id (string) Required PK AfterSave:Throw, 0], [Property: AppUser.AccessFailedCount (int) Required, 1], [Property: AppUser.Address (string) Required, 2], [Property: AppUser.BookingID (int) Required, 3], [Property: AppUser.CompanyName (string), 4], [Property: AppUser.ConcurrencyStamp (string) Concurrency, 5], [Property: AppUser.CreatedAt (DateTime) Required, 6], [Property: AppUser.DistanceInKM (double) Required, 7], [Property: AppUser.Email (string) MaxLength(256), 8], [Property: AppUser.EmailConfirmed (bool) Required, 9], [Property: AppUser.FirstName (string) Required, 10], [Property: AppUser.HomeService (bool) Required, 11], [Property: AppUser.ImageUrl (string) Required, 12], [Property: AppUser.IsDeleted (bool) Required, 13], [Property: AppUser.LastLogin (DateTime) Required, 14], [Property: AppUser.LockoutEnabled (bool) Required, 15], [Property: AppUser.LockoutEnd (DateTimeOffset?), 16], [Property: AppUser.LoyaltyPoints (int) Required, 17], [Property: AppUser.NormalizedEmail (string) Index MaxLength(256), 18], [Property: AppUser.NormalizedUserName (string) Index MaxLength(256), 19], [Property: AppUser.Password (string) Required, 20], [Property: AppUser.PasswordHash (string), 21], [Property: AppUser.PasswordResetToken (string), 22], [Property: AppUser.PhoneNumber (string), 23], [Property: AppUser.PhoneNumberConfirmed (bool) Required, 24], [Property: AppUser.PromotionalOfferID (int) Required, 25], [Property: AppUser.ResetTokenExpires (DateTime?), 26], [Property: AppUser.SecurityStamp (string), 27], [Property: AppUser.Street (string), 28], [Property: AppUser.StylePortfolioID (string) FK Index, 29], [Property: AppUser.Town (string), 30], [Property: AppUser.TwoFactorEnabled (bool) Required, 31], [Property: AppUser.UserName (string) MaxLength(256), 32] }
        SELECT a.Id, a.AccessFailedCount, a.Address, a.BookingID, a.CompanyName, a.ConcurrencyStamp, a.CreatedAt, a.DistanceInKM, a.Email, a.EmailConfirmed, a.FirstName, a.HomeService, a.ImageUrl, a.IsDeleted, a.LastLogin, a.LockoutEnabled, a.LockoutEnd, a.LoyaltyPoints, a.NormalizedEmail, a.NormalizedUserName, a.Password, a.PasswordHash, a.PasswordResetToken, a.PhoneNumber, a.PhoneNumberConfirmed, a.PromotionalOfferID, a.ResetTokenExpires, a.SecurityStamp, a.Street, a.StylePortfolioID, a.Town, a.TwoFactorEnabled, a.UserName
        FROM AspNetUsers AS a
        WHERE a.PhoneNumber == @__createStylistsDto_PhoneNumber_0), 
    Func<QueryContext, DbDataReader, ResultContext, SingleQueryResultCoordinator, AppUser>, 
    MiHairCareApp.Persistence.Context.StylistsDBContext, 
    False, 
    False, 
    True
)'
2024-07-15 15:47:39.7745|DEBUG|Microsoft.EntityFrameworkCore.Query|Compiling query expression: 
'DbSet<IdentityRole>()
    .FirstOrDefault(r => r.NormalizedName == __normalizedName_0)'
2024-07-15 15:47:40.7660|DEBUG|Microsoft.EntityFrameworkCore.Query|Generated query execution expression: 
'queryContext => ShapedQueryCompilingExpressionVisitor.SingleOrDefaultAsync<IdentityRole>(
    asyncEnumerable: new SingleQueryingEnumerable<IdentityRole>(
        (RelationalQueryContext)queryContext, 
        RelationalCommandCache.SelectExpression(
            Projection Mapping:
                EmptyProjectionMember -> Dictionary<IProperty, int> { [Property: IdentityRole.Id (string) Required PK AfterSave:Throw, 0], [Property: IdentityRole.ConcurrencyStamp (string) Concurrency, 1], [Property: IdentityRole.Name (string) MaxLength(256), 2], [Property: IdentityRole.NormalizedName (string) Index MaxLength(256), 3] }
            SELECT TOP(1) a.Id, a.ConcurrencyStamp, a.Name, a.NormalizedName
            FROM AspNetRoles AS a
            WHERE a.NormalizedName == @__normalizedName_0), 
        Func<QueryContext, DbDataReader, ResultContext, SingleQueryResultCoordinator, IdentityRole>, 
        MiHairCareApp.Persistence.Context.StylistsDBContext, 
        False, 
        False, 
        True
    ), 
    cancellationToken: queryContext.CancellationToken)'
2024-07-15 15:47:42.7251|DEBUG|Microsoft.EntityFrameworkCore.Query|Compiling query expression: 
'DbSet<AppUser>()
    .FirstOrDefault(u => u.NormalizedUserName == __normalizedUserName_0)'
2024-07-15 15:47:42.7422|DEBUG|Microsoft.EntityFrameworkCore.Query|Generated query execution expression: 
'queryContext => ShapedQueryCompilingExpressionVisitor.SingleOrDefaultAsync<AppUser>(
    asyncEnumerable: new SingleQueryingEnumerable<AppUser>(
        (RelationalQueryContext)queryContext, 
        RelationalCommandCache.SelectExpression(
            Projection Mapping:
                EmptyProjectionMember -> Dictionary<IProperty, int> { [Property: AppUser.Id (string) Required PK AfterSave:Throw, 0], [Property: AppUser.AccessFailedCount (int) Required, 1], [Property: AppUser.Address (string) Required, 2], [Property: AppUser.BookingID (int) Required, 3], [Property: AppUser.CompanyName (string), 4], [Property: AppUser.ConcurrencyStamp (string) Concurrency, 5], [Property: AppUser.CreatedAt (DateTime) Required, 6], [Property: AppUser.DistanceInKM (double) Required, 7], [Property: AppUser.Email (string) MaxLength(256), 8], [Property: AppUser.EmailConfirmed (bool) Required, 9], [Property: AppUser.FirstName (string) Required, 10], [Property: AppUser.HomeService (bool) Required, 11], [Property: AppUser.ImageUrl (string) Required, 12], [Property: AppUser.IsDeleted (bool) Required, 13], [Property: AppUser.LastLogin (DateTime) Required, 14], [Property: AppUser.LockoutEnabled (bool) Required, 15], [Property: AppUser.LockoutEnd (DateTimeOffset?), 16], [Property: AppUser.LoyaltyPoints (int) Required, 17], [Property: AppUser.NormalizedEmail (string) Index MaxLength(256), 18], [Property: AppUser.NormalizedUserName (string) Index MaxLength(256), 19], [Property: AppUser.Password (string) Required, 20], [Property: AppUser.PasswordHash (string), 21], [Property: AppUser.PasswordResetToken (string), 22], [Property: AppUser.PhoneNumber (string), 23], [Property: AppUser.PhoneNumberConfirmed (bool) Required, 24], [Property: AppUser.PromotionalOfferID (int) Required, 25], [Property: AppUser.ResetTokenExpires (DateTime?), 26], [Property: AppUser.SecurityStamp (string), 27], [Property: AppUser.Street (string), 28], [Property: AppUser.StylePortfolioID (string) FK Index, 29], [Property: AppUser.Town (string), 30], [Property: AppUser.TwoFactorEnabled (bool) Required, 31], [Property: AppUser.UserName (string) MaxLength(256), 32] }
            SELECT TOP(1) a.Id, a.AccessFailedCount, a.Address, a.BookingID, a.CompanyName, a.ConcurrencyStamp, a.CreatedAt, a.DistanceInKM, a.Email, a.EmailConfirmed, a.FirstName, a.HomeService, a.ImageUrl, a.IsDeleted, a.LastLogin, a.LockoutEnabled, a.LockoutEnd, a.LoyaltyPoints, a.NormalizedEmail, a.NormalizedUserName, a.Password, a.PasswordHash, a.PasswordResetToken, a.PhoneNumber, a.PhoneNumberConfirmed, a.PromotionalOfferID, a.ResetTokenExpires, a.SecurityStamp, a.Street, a.StylePortfolioID, a.Town, a.TwoFactorEnabled, a.UserName
            FROM AspNetUsers AS a
            WHERE a.NormalizedUserName == @__normalizedUserName_0), 
        Func<QueryContext, DbDataReader, ResultContext, SingleQueryResultCoordinator, AppUser>, 
        MiHairCareApp.Persistence.Context.StylistsDBContext, 
        False, 
        False, 
        True
    ), 
    cancellationToken: queryContext.CancellationToken)'
2024-07-15 15:51:52.9765|DEBUG|Microsoft.EntityFrameworkCore.Query|Compiling query expression: 
'DbSet<AppUser>()
    .SingleOrDefault(u => u.NormalizedEmail == __normalizedEmail_0)'
2024-07-15 15:51:52.9962|DEBUG|Microsoft.EntityFrameworkCore.Query|Generated query execution expression: 
'queryContext => ShapedQueryCompilingExpressionVisitor.SingleOrDefaultAsync<AppUser>(
    asyncEnumerable: new SingleQueryingEnumerable<AppUser>(
        (RelationalQueryContext)queryContext, 
        RelationalCommandCache.SelectExpression(
            Projection Mapping:
                EmptyProjectionMember -> Dictionary<IProperty, int> { [Property: AppUser.Id (string) Required PK AfterSave:Throw, 0], [Property: AppUser.AccessFailedCount (int) Required, 1], [Property: AppUser.Address (string) Required, 2], [Property: AppUser.BookingID (int) Required, 3], [Property: AppUser.CompanyName (string), 4], [Property: AppUser.ConcurrencyStamp (string) Concurrency, 5], [Property: AppUser.CreatedAt (DateTime) Required, 6], [Property: AppUser.DistanceInKM (double) Required, 7], [Property: AppUser.Email (string) MaxLength(256), 8], [Property: AppUser.EmailConfirmed (bool) Required, 9], [Property: AppUser.FirstName (string) Required, 10], [Property: AppUser.HomeService (bool) Required, 11], [Property: AppUser.ImageUrl (string) Required, 12], [Property: AppUser.IsDeleted (bool) Required, 13], [Property: AppUser.LastLogin (DateTime) Required, 14], [Property: AppUser.LockoutEnabled (bool) Required, 15], [Property: AppUser.LockoutEnd (DateTimeOffset?), 16], [Property: AppUser.LoyaltyPoints (int) Required, 17], [Property: AppUser.NormalizedEmail (string) Index MaxLength(256), 18], [Property: AppUser.NormalizedUserName (string) Index MaxLength(256), 19], [Property: AppUser.Password (string) Required, 20], [Property: AppUser.PasswordHash (string), 21], [Property: AppUser.PasswordResetToken (string), 22], [Property: AppUser.PhoneNumber (string), 23], [Property: AppUser.PhoneNumberConfirmed (bool) Required, 24], [Property: AppUser.PromotionalOfferID (int) Required, 25], [Property: AppUser.ResetTokenExpires (DateTime?), 26], [Property: AppUser.SecurityStamp (string), 27], [Property: AppUser.Street (string), 28], [Property: AppUser.StylePortfolioID (string) FK Index, 29], [Property: AppUser.Town (string), 30], [Property: AppUser.TwoFactorEnabled (bool) Required, 31], [Property: AppUser.UserName (string) MaxLength(256), 32] }
            SELECT TOP(2) a.Id, a.AccessFailedCount, a.Address, a.BookingID, a.CompanyName, a.ConcurrencyStamp, a.CreatedAt, a.DistanceInKM, a.Email, a.EmailConfirmed, a.FirstName, a.HomeService, a.ImageUrl, a.IsDeleted, a.LastLogin, a.LockoutEnabled, a.LockoutEnd, a.LoyaltyPoints, a.NormalizedEmail, a.NormalizedUserName, a.Password, a.PasswordHash, a.PasswordResetToken, a.PhoneNumber, a.PhoneNumberConfirmed, a.PromotionalOfferID, a.ResetTokenExpires, a.SecurityStamp, a.Street, a.StylePortfolioID, a.Town, a.TwoFactorEnabled, a.UserName
            FROM AspNetUsers AS a
            WHERE a.NormalizedEmail == @__normalizedEmail_0), 
        Func<QueryContext, DbDataReader, ResultContext, SingleQueryResultCoordinator, AppUser>, 
        MiHairCareApp.Persistence.Context.StylistsDBContext, 
        False, 
        False, 
        True
    ), 
    cancellationToken: queryContext.CancellationToken)'
2024-07-15 15:51:53.0472|DEBUG|Microsoft.EntityFrameworkCore.Query|Compiling query expression: 
'DbSet<AppUser>()
    .Where(x => x.PhoneNumber == __createDto_PhoneNumber_0)'
2024-07-15 15:51:53.0659|DEBUG|Microsoft.EntityFrameworkCore.Query|Generated query execution expression: 
'queryContext => new SingleQueryingEnumerable<AppUser>(
    (RelationalQueryContext)queryContext, 
    RelationalCommandCache.SelectExpression(
        Projection Mapping:
            EmptyProjectionMember -> Dictionary<IProperty, int> { [Property: AppUser.Id (string) Required PK AfterSave:Throw, 0], [Property: AppUser.AccessFailedCount (int) Required, 1], [Property: AppUser.Address (string) Required, 2], [Property: AppUser.BookingID (int) Required, 3], [Property: AppUser.CompanyName (string), 4], [Property: AppUser.ConcurrencyStamp (string) Concurrency, 5], [Property: AppUser.CreatedAt (DateTime) Required, 6], [Property: AppUser.DistanceInKM (double) Required, 7], [Property: AppUser.Email (string) MaxLength(256), 8], [Property: AppUser.EmailConfirmed (bool) Required, 9], [Property: AppUser.FirstName (string) Required, 10], [Property: AppUser.HomeService (bool) Required, 11], [Property: AppUser.ImageUrl (string) Required, 12], [Property: AppUser.IsDeleted (bool) Required, 13], [Property: AppUser.LastLogin (DateTime) Required, 14], [Property: AppUser.LockoutEnabled (bool) Required, 15], [Property: AppUser.LockoutEnd (DateTimeOffset?), 16], [Property: AppUser.LoyaltyPoints (int) Required, 17], [Property: AppUser.NormalizedEmail (string) Index MaxLength(256), 18], [Property: AppUser.NormalizedUserName (string) Index MaxLength(256), 19], [Property: AppUser.Password (string) Required, 20], [Property: AppUser.PasswordHash (string), 21], [Property: AppUser.PasswordResetToken (string), 22], [Property: AppUser.PhoneNumber (string), 23], [Property: AppUser.PhoneNumberConfirmed (bool) Required, 24], [Property: AppUser.PromotionalOfferID (int) Required, 25], [Property: AppUser.ResetTokenExpires (DateTime?), 26], [Property: AppUser.SecurityStamp (string), 27], [Property: AppUser.Street (string), 28], [Property: AppUser.StylePortfolioID (string) FK Index, 29], [Property: AppUser.Town (string), 30], [Property: AppUser.TwoFactorEnabled (bool) Required, 31], [Property: AppUser.UserName (string) MaxLength(256), 32] }
        SELECT a.Id, a.AccessFailedCount, a.Address, a.BookingID, a.CompanyName, a.ConcurrencyStamp, a.CreatedAt, a.DistanceInKM, a.Email, a.EmailConfirmed, a.FirstName, a.HomeService, a.ImageUrl, a.IsDeleted, a.LastLogin, a.LockoutEnabled, a.LockoutEnd, a.LoyaltyPoints, a.NormalizedEmail, a.NormalizedUserName, a.Password, a.PasswordHash, a.PasswordResetToken, a.PhoneNumber, a.PhoneNumberConfirmed, a.PromotionalOfferID, a.ResetTokenExpires, a.SecurityStamp, a.Street, a.StylePortfolioID, a.Town, a.TwoFactorEnabled, a.UserName
        FROM AspNetUsers AS a
        WHERE a.PhoneNumber == @__createDto_PhoneNumber_0), 
    Func<QueryContext, DbDataReader, ResultContext, SingleQueryResultCoordinator, AppUser>, 
    MiHairCareApp.Persistence.Context.StylistsDBContext, 
    False, 
    False, 
    True
)'
2024-07-15 15:51:54.0113|DEBUG|Microsoft.EntityFrameworkCore.Query|Compiling query expression: 
'DbSet<IdentityRole>()
    .SingleOrDefault(r => r.NormalizedName == __normalizedRoleName_0)'
2024-07-15 15:51:54.0190|DEBUG|Microsoft.EntityFrameworkCore.Query|Generated query execution expression: 
'queryContext => ShapedQueryCompilingExpressionVisitor.SingleOrDefaultAsync<IdentityRole>(
    asyncEnumerable: new SingleQueryingEnumerable<IdentityRole>(
        (RelationalQueryContext)queryContext, 
        RelationalCommandCache.SelectExpression(
            Projection Mapping:
                EmptyProjectionMember -> Dictionary<IProperty, int> { [Property: IdentityRole.Id (string) Required PK AfterSave:Throw, 0], [Property: IdentityRole.ConcurrencyStamp (string) Concurrency, 1], [Property: IdentityRole.Name (string) MaxLength(256), 2], [Property: IdentityRole.NormalizedName (string) Index MaxLength(256), 3] }
            SELECT TOP(2) a.Id, a.ConcurrencyStamp, a.Name, a.NormalizedName
            FROM AspNetRoles AS a
            WHERE a.NormalizedName == @__normalizedRoleName_0), 
        Func<QueryContext, DbDataReader, ResultContext, SingleQueryResultCoordinator, IdentityRole>, 
        MiHairCareApp.Persistence.Context.StylistsDBContext, 
        False, 
        False, 
        True
    ), 
    cancellationToken: queryContext.CancellationToken)'
2024-07-15 15:51:54.0627|DEBUG|Microsoft.EntityFrameworkCore.Query|Compiling query expression: 
'DbSet<IdentityUserRole<string>>()
    .FirstOrDefault(e => EF.Property<string>(e, "UserId") == __p_0 && EF.Property<string>(e, "RoleId") == __p_1)'
2024-07-15 15:51:54.1083|DEBUG|Microsoft.EntityFrameworkCore.Query|Generated query execution expression: 
'queryContext => ShapedQueryCompilingExpressionVisitor.SingleOrDefaultAsync<IdentityUserRole<string>>(
    asyncEnumerable: new SingleQueryingEnumerable<IdentityUserRole<string>>(
        (RelationalQueryContext)queryContext, 
        RelationalCommandCache.SelectExpression(
            Projection Mapping:
                EmptyProjectionMember -> Dictionary<IProperty, int> { [Property: IdentityUserRole<string>.UserId (string) Required PK FK AfterSave:Throw, 0], [Property: IdentityUserRole<string>.RoleId (string) Required PK FK Index AfterSave:Throw, 1] }
            SELECT TOP(1) a.UserId, a.RoleId
            FROM AspNetUserRoles AS a
            WHERE (a.UserId == @__p_0) && (a.RoleId == @__p_1)), 
        Func<QueryContext, DbDataReader, ResultContext, SingleQueryResultCoordinator, IdentityUserRole<string>>, 
        MiHairCareApp.Persistence.Context.StylistsDBContext, 
        False, 
        False, 
        True
    ), 
    cancellationToken: queryContext.CancellationToken)'
2024-07-15 15:57:17.6864|DEBUG|Microsoft.EntityFrameworkCore.Query|Compiling query expression: 
'DbSet<Review>()
    .FirstOrDefault(e => EF.Property<string>(e, "Id") == __p_0)'
2024-07-15 15:57:17.7103|DEBUG|Microsoft.EntityFrameworkCore.Query|Generated query execution expression: 
'queryContext => ShapedQueryCompilingExpressionVisitor.SingleOrDefaultAsync<Review>(
    asyncEnumerable: new SingleQueryingEnumerable<Review>(
        (RelationalQueryContext)queryContext, 
        RelationalCommandCache.SelectExpression(
            Projection Mapping:
                EmptyProjectionMember -> Dictionary<IProperty, int> { [Property: Review.Id (string) Required PK AfterSave:Throw, 0], [Property: Review.CreatedAt (DateTime) Required, 1], [Property: Review.IsDeleted (bool) Required, 2], [Property: Review.ModifiedAt (DateTime) Required, 3], [Property: Review.ReviewText (string) Required, 4], [Property: Review.StylistID (string) Required FK Index, 5], [Property: Review.UserID (string) Required FK Index, 6] }
            SELECT TOP(1) r.Id, r.CreatedAt, r.IsDeleted, r.ModifiedAt, r.ReviewText, r.StylistID, r.UserID
            FROM Reviews AS r
            WHERE r.Id == @__p_0), 
        Func<QueryContext, DbDataReader, ResultContext, SingleQueryResultCoordinator, Review>, 
        MiHairCareApp.Persistence.Context.StylistsDBContext, 
        False, 
        False, 
        True
    ), 
    cancellationToken: queryContext.CancellationToken)'
2024-07-15 16:03:16.2322|DEBUG|Microsoft.EntityFrameworkCore.Query|Compiling query expression: 
'DbSet<IdentityRole>()
    .FirstOrDefault(r => r.NormalizedName == __normalizedName_0)'
2024-07-15 16:03:17.1982|DEBUG|Microsoft.EntityFrameworkCore.Query|Generated query execution expression: 
'queryContext => ShapedQueryCompilingExpressionVisitor.SingleOrDefaultAsync<IdentityRole>(
    asyncEnumerable: new SingleQueryingEnumerable<IdentityRole>(
        (RelationalQueryContext)queryContext, 
        RelationalCommandCache.SelectExpression(
            Projection Mapping:
                EmptyProjectionMember -> Dictionary<IProperty, int> { [Property: IdentityRole.Id (string) Required PK AfterSave:Throw, 0], [Property: IdentityRole.ConcurrencyStamp (string) Concurrency, 1], [Property: IdentityRole.Name (string) MaxLength(256), 2], [Property: IdentityRole.NormalizedName (string) Index MaxLength(256), 3] }
            SELECT TOP(1) a.Id, a.ConcurrencyStamp, a.Name, a.NormalizedName
            FROM AspNetRoles AS a
            WHERE a.NormalizedName == @__normalizedName_0), 
        Func<QueryContext, DbDataReader, ResultContext, SingleQueryResultCoordinator, IdentityRole>, 
        MiHairCareApp.Persistence.Context.StylistsDBContext, 
        False, 
        False, 
        True
    ), 
    cancellationToken: queryContext.CancellationToken)'
2024-07-15 16:03:19.0388|DEBUG|Microsoft.EntityFrameworkCore.Query|Compiling query expression: 
'DbSet<AppUser>()
    .FirstOrDefault(u => u.NormalizedUserName == __normalizedUserName_0)'
2024-07-15 16:03:19.0669|DEBUG|Microsoft.EntityFrameworkCore.Query|Generated query execution expression: 
'queryContext => ShapedQueryCompilingExpressionVisitor.SingleOrDefaultAsync<AppUser>(
    asyncEnumerable: new SingleQueryingEnumerable<AppUser>(
        (RelationalQueryContext)queryContext, 
        RelationalCommandCache.SelectExpression(
            Projection Mapping:
                EmptyProjectionMember -> Dictionary<IProperty, int> { [Property: AppUser.Id (string) Required PK AfterSave:Throw, 0], [Property: AppUser.AccessFailedCount (int) Required, 1], [Property: AppUser.Address (string) Required, 2], [Property: AppUser.BookingID (int) Required, 3], [Property: AppUser.CompanyName (string), 4], [Property: AppUser.ConcurrencyStamp (string) Concurrency, 5], [Property: AppUser.CreatedAt (DateTime) Required, 6], [Property: AppUser.DistanceInKM (double) Required, 7], [Property: AppUser.Email (string) MaxLength(256), 8], [Property: AppUser.EmailConfirmed (bool) Required, 9], [Property: AppUser.FirstName (string) Required, 10], [Property: AppUser.HomeService (bool) Required, 11], [Property: AppUser.ImageUrl (string) Required, 12], [Property: AppUser.IsDeleted (bool) Required, 13], [Property: AppUser.LastLogin (DateTime) Required, 14], [Property: AppUser.LockoutEnabled (bool) Required, 15], [Property: AppUser.LockoutEnd (DateTimeOffset?), 16], [Property: AppUser.LoyaltyPoints (int) Required, 17], [Property: AppUser.NormalizedEmail (string) Index MaxLength(256), 18], [Property: AppUser.NormalizedUserName (string) Index MaxLength(256), 19], [Property: AppUser.Password (string) Required, 20], [Property: AppUser.PasswordHash (string), 21], [Property: AppUser.PasswordResetToken (string), 22], [Property: AppUser.PhoneNumber (string), 23], [Property: AppUser.PhoneNumberConfirmed (bool) Required, 24], [Property: AppUser.PromotionalOfferID (int) Required, 25], [Property: AppUser.ResetTokenExpires (DateTime?), 26], [Property: AppUser.SecurityStamp (string), 27], [Property: AppUser.Street (string), 28], [Property: AppUser.StylePortfolioID (string) FK Index, 29], [Property: AppUser.Town (string), 30], [Property: AppUser.TwoFactorEnabled (bool) Required, 31], [Property: AppUser.UserName (string) MaxLength(256), 32] }
            SELECT TOP(1) a.Id, a.AccessFailedCount, a.Address, a.BookingID, a.CompanyName, a.ConcurrencyStamp, a.CreatedAt, a.DistanceInKM, a.Email, a.EmailConfirmed, a.FirstName, a.HomeService, a.ImageUrl, a.IsDeleted, a.LastLogin, a.LockoutEnabled, a.LockoutEnd, a.LoyaltyPoints, a.NormalizedEmail, a.NormalizedUserName, a.Password, a.PasswordHash, a.PasswordResetToken, a.PhoneNumber, a.PhoneNumberConfirmed, a.PromotionalOfferID, a.ResetTokenExpires, a.SecurityStamp, a.Street, a.StylePortfolioID, a.Town, a.TwoFactorEnabled, a.UserName
            FROM AspNetUsers AS a
            WHERE a.NormalizedUserName == @__normalizedUserName_0), 
        Func<QueryContext, DbDataReader, ResultContext, SingleQueryResultCoordinator, AppUser>, 
        MiHairCareApp.Persistence.Context.StylistsDBContext, 
        False, 
        False, 
        True
    ), 
    cancellationToken: queryContext.CancellationToken)'
2024-07-15 16:04:48.2269|DEBUG|Microsoft.EntityFrameworkCore.Query|Compiling query expression: 
'DbSet<Review>()
    .FirstOrDefault(e => EF.Property<string>(e, "Id") == __p_0)'
2024-07-15 16:04:48.2740|DEBUG|Microsoft.EntityFrameworkCore.Query|Generated query execution expression: 
'queryContext => ShapedQueryCompilingExpressionVisitor.SingleOrDefaultAsync<Review>(
    asyncEnumerable: new SingleQueryingEnumerable<Review>(
        (RelationalQueryContext)queryContext, 
        RelationalCommandCache.SelectExpression(
            Projection Mapping:
                EmptyProjectionMember -> Dictionary<IProperty, int> { [Property: Review.Id (string) Required PK AfterSave:Throw, 0], [Property: Review.CreatedAt (DateTime) Required, 1], [Property: Review.IsDeleted (bool) Required, 2], [Property: Review.ModifiedAt (DateTime) Required, 3], [Property: Review.ReviewText (string) Required, 4], [Property: Review.StylistID (string) Required FK Index, 5], [Property: Review.UserID (string) Required FK Index, 6] }
            SELECT TOP(1) r.Id, r.CreatedAt, r.IsDeleted, r.ModifiedAt, r.ReviewText, r.StylistID, r.UserID
            FROM Reviews AS r
            WHERE r.Id == @__p_0), 
        Func<QueryContext, DbDataReader, ResultContext, SingleQueryResultCoordinator, Review>, 
        MiHairCareApp.Persistence.Context.StylistsDBContext, 
        False, 
        False, 
        True
    ), 
    cancellationToken: queryContext.CancellationToken)'
